[0.017s] Invoking command in '/home/agx/cthree/slam/nav2fishbot/build/cartographer_ros': AMENT_PREFIX_PATH=/home/agx/cthree/slam/nav2fishbot/install/cartographer_ros_msgs:${AMENT_PREFIX_PATH} CMAKE_PREFIX_PATH=/home/agx/cthree/slam/nav2fishbot/install/cartographer_ros_msgs:/home/agx/cthree/slam/nav2fishbot/install/cartographer:/home/agx/cthree/slam/OVD-SLAM10/Examples/ros2/install/orbslam3:/home/agx/cthree/slam/cam_ws/install/realsense2_description:/home/agx/cthree/slam/cam_ws/install/realsense2_camera:/home/agx/cthree/slam/cam_ws/install/realsense2_camera_msgs:/opt/ros/humble LD_LIBRARY_PATH=/home/agx/cthree/slam/nav2fishbot/install/cartographer_ros_msgs/lib:/home/agx/cthree/slam/cam_ws/install/realsense2_camera/lib:/home/agx/cthree/slam/cam_ws/install/realsense2_camera_msgs/lib:/opt/ros/humble/opt/rviz_ogre_vendor/lib:/opt/ros/humble/lib/aarch64-linux-gnu:/opt/ros/humble/lib:/usr/local/lib PATH=/home/agx/cthree/slam/nav2fishbot/install/cartographer/bin:${PATH} PKG_CONFIG_PATH=/home/agx/cthree/slam/nav2fishbot/install/cartographer/lib/aarch64-linux-gnu/pkgconfig:/home/agx/cthree/slam/nav2fishbot/install/cartographer/lib/pkgconfig PYTHONPATH=/home/agx/cthree/slam/nav2fishbot/install/cartographer_ros_msgs/local/lib/python3.10/dist-packages:${PYTHONPATH} /usr/bin/cmake /home/agx/cthree/slam/nav2fishbot/src/fishbot/src/cartographer_code/cartographer_ros/cartographer_ros -DCMAKE_INSTALL_PREFIX=/home/agx/cthree/slam/nav2fishbot/install/cartographer_ros
[0.089s] -- The C compiler identification is GNU 9.5.0
[0.164s] -- The CXX compiler identification is GNU 9.5.0
[0.181s] -- Detecting C compiler ABI info
[0.277s] -- Detecting C compiler ABI info - done
[0.285s] -- Check for working C compiler: /usr/bin/cc - skipped
[0.286s] -- Detecting C compile features
[0.286s] -- Detecting C compile features - done
[0.290s] -- Detecting CXX compiler ABI info
[0.395s] -- Detecting CXX compiler ABI info - done
[0.404s] -- Check for working CXX compiler: /usr/bin/c++ - skipped
[0.404s] -- Detecting CXX compile features
[0.404s] -- Detecting CXX compile features - done
[0.409s] -- Found ament_cmake: 1.3.12 (/opt/ros/humble/share/ament_cmake/cmake)
[0.646s] -- Found Python3: /usr/bin/python3 (found version "3.10.12") found components: Interpreter 
[0.812s] -- Found builtin_interfaces: 1.2.2 (/opt/ros/humble/share/builtin_interfaces/cmake)
[0.872s] -- Found rosidl_generator_c: 3.1.7 (/opt/ros/humble/share/rosidl_generator_c/cmake)
[0.881s] -- Found rosidl_adapter: 3.1.7 (/opt/ros/humble/share/rosidl_adapter/cmake)
[0.898s] -- Found rosidl_generator_cpp: 3.1.7 (/opt/ros/humble/share/rosidl_generator_cpp/cmake)
[0.918s] -- Using all available rosidl_typesupport_c: rosidl_typesupport_fastrtps_c;rosidl_typesupport_introspection_c
[0.947s] -- Using all available rosidl_typesupport_cpp: rosidl_typesupport_fastrtps_cpp;rosidl_typesupport_introspection_cpp
[0.975s] -- Looking for pthread.h
[1.074s] -- Looking for pthread.h - found
[1.074s] -- Performing Test CMAKE_HAVE_LIBC_PTHREAD
[1.173s] -- Performing Test CMAKE_HAVE_LIBC_PTHREAD - Success
[1.174s] -- Found Threads: TRUE  
[1.186s] -- Found required Ceres dependency: Eigen version 3.4.0 in /usr/include/eigen3
[1.195s] -- Found required Ceres dependency: glog
[1.196s] -- Found required Ceres dependency: gflags
[1.196s] -- Found Ceres version: 2.0.0 installed in: /usr with components: [EigenSparse, SparseLinearAlgebraLibrary, LAPACK, SuiteSparse, CXSparse, SchurSpecializations, Multithreading]
[1.211s] -- Found cartographer_ros_msgs: 2.0.9000 (/home/agx/cthree/slam/nav2fishbot/install/cartographer_ros_msgs/share/cartographer_ros_msgs/cmake)
[1.301s] -- Checking for module 'eigen3'
[1.324s] --   Found eigen3, version 3.4.0
[1.378s] -- Found Eigen: /usr/include/eigen3 (Required is at least version "3.1") 
[1.378s] -- Eigen found (include: /usr/include/eigen3, version: 3.4.0)
[1.418s] -- Found Boost: /usr/lib/aarch64-linux-gnu/cmake/Boost-1.74.0/BoostConfig.cmake (found suitable version "1.74.0", minimum required is "1.65.0") found components: system filesystem date_time iostreams serialization 
[1.420s] -- looking for PCL_COMMON
[1.423s] -- Found PCL_COMMON: /usr/lib/aarch64-linux-gnu/libpcl_common.so  
[1.423s] -- Found PCL: pcl_common;Boost::system;Boost::filesystem;Boost::date_time;Boost::iostreams;Boost::serialization  
[1.428s] -- Found nav_msgs: 4.9.0 (/opt/ros/humble/share/nav_msgs/cmake)
[1.454s] -- Found pcl_conversions: 2.4.5 (/opt/ros/humble/share/pcl_conversions/cmake)
[1.536s] -- Found rmw_implementation_cmake: 6.1.2 (/opt/ros/humble/share/rmw_implementation_cmake/cmake)
[1.541s] -- Found rmw_fastrtps_cpp: 6.2.9 (/opt/ros/humble/share/rmw_fastrtps_cpp/cmake)
[1.710s] -- Found OpenSSL: /usr/lib/aarch64-linux-gnu/libcrypto.so (found version "3.0.2")  
[1.765s] -- Found FastRTPS: /opt/ros/humble/include  
[1.842s] -- Using RMW implementation 'rmw_fastrtps_cpp' as default
[1.994s] -- Found rosbag2_cpp: 0.15.15 (/opt/ros/humble/share/rosbag2_cpp/cmake)
[2.071s] -- Found tf2: 0.25.17 (/opt/ros/humble/share/tf2/cmake)
[2.080s] -- Found tf2_eigen: 0.25.17 (/opt/ros/humble/share/tf2_eigen/cmake)
[2.230s] -- Found urdf: 2.6.1 (/opt/ros/humble/share/urdf/cmake)
[2.252s] -- Found visualization_msgs: 4.9.0 (/opt/ros/humble/share/visualization_msgs/cmake)
[2.622s] -- Configuring done
[2.919s] -- Generating done
[2.980s] -- Build files have been written to: /home/agx/cthree/slam/nav2fishbot/build/cartographer_ros
[3.028s] Invoked command in '/home/agx/cthree/slam/nav2fishbot/build/cartographer_ros' returned '0': AMENT_PREFIX_PATH=/home/agx/cthree/slam/nav2fishbot/install/cartographer_ros_msgs:${AMENT_PREFIX_PATH} CMAKE_PREFIX_PATH=/home/agx/cthree/slam/nav2fishbot/install/cartographer_ros_msgs:/home/agx/cthree/slam/nav2fishbot/install/cartographer:/home/agx/cthree/slam/OVD-SLAM10/Examples/ros2/install/orbslam3:/home/agx/cthree/slam/cam_ws/install/realsense2_description:/home/agx/cthree/slam/cam_ws/install/realsense2_camera:/home/agx/cthree/slam/cam_ws/install/realsense2_camera_msgs:/opt/ros/humble LD_LIBRARY_PATH=/home/agx/cthree/slam/nav2fishbot/install/cartographer_ros_msgs/lib:/home/agx/cthree/slam/cam_ws/install/realsense2_camera/lib:/home/agx/cthree/slam/cam_ws/install/realsense2_camera_msgs/lib:/opt/ros/humble/opt/rviz_ogre_vendor/lib:/opt/ros/humble/lib/aarch64-linux-gnu:/opt/ros/humble/lib:/usr/local/lib PATH=/home/agx/cthree/slam/nav2fishbot/install/cartographer/bin:${PATH} PKG_CONFIG_PATH=/home/agx/cthree/slam/nav2fishbot/install/cartographer/lib/aarch64-linux-gnu/pkgconfig:/home/agx/cthree/slam/nav2fishbot/install/cartographer/lib/pkgconfig PYTHONPATH=/home/agx/cthree/slam/nav2fishbot/install/cartographer_ros_msgs/local/lib/python3.10/dist-packages:${PYTHONPATH} /usr/bin/cmake /home/agx/cthree/slam/nav2fishbot/src/fishbot/src/cartographer_code/cartographer_ros/cartographer_ros -DCMAKE_INSTALL_PREFIX=/home/agx/cthree/slam/nav2fishbot/install/cartographer_ros
[3.029s] Invoking command in '/home/agx/cthree/slam/nav2fishbot/build/cartographer_ros': AMENT_PREFIX_PATH=/home/agx/cthree/slam/nav2fishbot/install/cartographer_ros_msgs:${AMENT_PREFIX_PATH} CMAKE_PREFIX_PATH=/home/agx/cthree/slam/nav2fishbot/install/cartographer_ros_msgs:/home/agx/cthree/slam/nav2fishbot/install/cartographer:/home/agx/cthree/slam/OVD-SLAM10/Examples/ros2/install/orbslam3:/home/agx/cthree/slam/cam_ws/install/realsense2_description:/home/agx/cthree/slam/cam_ws/install/realsense2_camera:/home/agx/cthree/slam/cam_ws/install/realsense2_camera_msgs:/opt/ros/humble LD_LIBRARY_PATH=/home/agx/cthree/slam/nav2fishbot/install/cartographer_ros_msgs/lib:/home/agx/cthree/slam/cam_ws/install/realsense2_camera/lib:/home/agx/cthree/slam/cam_ws/install/realsense2_camera_msgs/lib:/opt/ros/humble/opt/rviz_ogre_vendor/lib:/opt/ros/humble/lib/aarch64-linux-gnu:/opt/ros/humble/lib:/usr/local/lib PATH=/home/agx/cthree/slam/nav2fishbot/install/cartographer/bin:${PATH} PKG_CONFIG_PATH=/home/agx/cthree/slam/nav2fishbot/install/cartographer/lib/aarch64-linux-gnu/pkgconfig:/home/agx/cthree/slam/nav2fishbot/install/cartographer/lib/pkgconfig PYTHONPATH=/home/agx/cthree/slam/nav2fishbot/install/cartographer_ros_msgs/local/lib/python3.10/dist-packages:${PYTHONPATH} /usr/bin/cmake --build /home/agx/cthree/slam/nav2fishbot/build/cartographer_ros -- -j12 -l12
[3.125s] [  2%] [32mBuilding CXX object CMakeFiles/cartographer_ros.dir/src/assets_writer.cpp.o[0m
[3.141s] [  5%] [32mBuilding CXX object CMakeFiles/cartographer_ros.dir/src/map_builder_bridge.cpp.o[0m
[3.159s] [  8%] [32mBuilding CXX object CMakeFiles/cartographer_ros.dir/src/node_constants.cpp.o[0m
[3.166s] [ 11%] [32mBuilding CXX object CMakeFiles/cartographer_ros.dir/src/msg_conversion.cpp.o[0m
[3.186s] [ 14%] [32mBuilding CXX object CMakeFiles/cartographer_ros.dir/src/node.cpp.o[0m
[4.239s] [ 17%] [32mBuilding CXX object CMakeFiles/cartographer_ros.dir/src/sensor_bridge.cpp.o[0m
[4.245s] [ 20%] [32mBuilding CXX object CMakeFiles/cartographer_ros.dir/src/ros_map_writing_points_processor.cpp.o[0m
[4.265s] [ 22%] [32mBuilding CXX object CMakeFiles/cartographer_ros.dir/src/ros_map.cpp.o[0m
[5.327s] [ 25%] [32mBuilding CXX object CMakeFiles/cartographer_ros.dir/src/submap.cpp.o[0m
[5.385s] [ 28%] [32mBuilding CXX object CMakeFiles/cartographer_ros.dir/src/ros_log_sink.cpp.o[0m
[5.410s] [ 31%] [32mBuilding CXX object CMakeFiles/cartographer_ros.dir/src/playable_bag.cpp.o[0m
[92.201s] [ 34%] [32mBuilding CXX object CMakeFiles/cartographer_ros.dir/src/metrics/internal/histogram.cpp.o[0m
[94.400s] [ 37%] [32mBuilding CXX object CMakeFiles/cartographer_ros.dir/src/metrics/internal/family.cpp.o[0m
[96.433s] [ 40%] [32mBuilding CXX object CMakeFiles/cartographer_ros.dir/src/metrics/family_factory.cpp.o[0m
[96.434s] [ 42%] [32mBuilding CXX object CMakeFiles/cartographer_ros.dir/src/urdf_reader.cpp.o[0m
[98.682s] [ 45%] [32mBuilding CXX object CMakeFiles/cartographer_ros.dir/src/trajectory_options.cpp.o[0m
[109.936s] [ 48%] [32mBuilding CXX object CMakeFiles/cartographer_ros.dir/src/time_conversion.cpp.o[0m
[116.495s] [ 54%] [32mBuilding CXX object CMakeFiles/cartographer_ros.dir/src/tf_bridge.cpp.o[0m
[116.495s] [ 54%] [32mBuilding CXX object CMakeFiles/cartographer_ros.dir/src/offline_node.cpp.o[0m
[116.495s] [ 57%] [32mBuilding CXX object CMakeFiles/cartographer_ros.dir/src/node_options.cpp.o[0m
[138.322s] [ 60%] [32m[1mLinking CXX static library libcartographer_ros.a[0m
[139.951s] [ 60%] Built target cartographer_ros
[140.085s] [ 62%] [32mBuilding CXX object CMakeFiles/cartographer_node.dir/src/node_main.cpp.o[0m
[140.128s] [ 65%] [32mBuilding CXX object CMakeFiles/cartographer_assets_writer.dir/src/assets_writer_main.cpp.o[0m
[140.142s] [ 68%] [32mBuilding CXX object CMakeFiles/cartographer_occupancy_grid_node.dir/src/occupancy_grid_node_main.cpp.o[0m
[140.145s] [ 71%] [32mBuilding CXX object CMakeFiles/cartographer_offline_node.dir/src/offline_node_main.cpp.o[0m
[140.156s] [ 74%] [32mBuilding CXX object CMakeFiles/cartographer_pbstream_map_publisher.dir/src/pbstream_map_publisher_main.cpp.o[0m
[140.157s] [ 77%] [32mBuilding CXX object CMakeFiles/cartographer_pbstream_to_ros_map.dir/src/pbstream_to_ros_map_main.cpp.o[0m
[140.266s] [ 80%] [32mBuilding CXX object CMakeFiles/cartographer_rosbag_validate.dir/src/rosbag_validate_main.cpp.o[0m
[156.834s] [ 82%] [32m[1mLinking CXX executable cartographer_offline_node[0m
[158.180s] [ 85%] [32m[1mLinking CXX executable cartographer_node[0m
[159.279s] [ 88%] [32m[1mLinking CXX executable cartographer_pbstream_to_ros_map[0m
[159.378s] [ 91%] [32m[1mLinking CXX executable cartographer_assets_writer[0m
[160.058s] [ 91%] Built target cartographer_pbstream_to_ros_map
[161.151s] [ 91%] Built target cartographer_assets_writer
[163.021s] [ 94%] [32m[1mLinking CXX executable cartographer_pbstream_map_publisher[0m
[163.648s] [ 97%] [32m[1mLinking CXX executable cartographer_rosbag_validate[0m
[164.097s] [ 97%] Built target cartographer_pbstream_map_publisher
[164.443s] [ 97%] Built target cartographer_rosbag_validate
[164.675s] [ 97%] Built target cartographer_offline_node
[164.880s] [ 97%] Built target cartographer_node
[170.133s] [100%] [32m[1mLinking CXX executable cartographer_occupancy_grid_node[0m
[171.874s] [100%] Built target cartographer_occupancy_grid_node
[171.899s] Invoked command in '/home/agx/cthree/slam/nav2fishbot/build/cartographer_ros' returned '0': AMENT_PREFIX_PATH=/home/agx/cthree/slam/nav2fishbot/install/cartographer_ros_msgs:${AMENT_PREFIX_PATH} CMAKE_PREFIX_PATH=/home/agx/cthree/slam/nav2fishbot/install/cartographer_ros_msgs:/home/agx/cthree/slam/nav2fishbot/install/cartographer:/home/agx/cthree/slam/OVD-SLAM10/Examples/ros2/install/orbslam3:/home/agx/cthree/slam/cam_ws/install/realsense2_description:/home/agx/cthree/slam/cam_ws/install/realsense2_camera:/home/agx/cthree/slam/cam_ws/install/realsense2_camera_msgs:/opt/ros/humble LD_LIBRARY_PATH=/home/agx/cthree/slam/nav2fishbot/install/cartographer_ros_msgs/lib:/home/agx/cthree/slam/cam_ws/install/realsense2_camera/lib:/home/agx/cthree/slam/cam_ws/install/realsense2_camera_msgs/lib:/opt/ros/humble/opt/rviz_ogre_vendor/lib:/opt/ros/humble/lib/aarch64-linux-gnu:/opt/ros/humble/lib:/usr/local/lib PATH=/home/agx/cthree/slam/nav2fishbot/install/cartographer/bin:${PATH} PKG_CONFIG_PATH=/home/agx/cthree/slam/nav2fishbot/install/cartographer/lib/aarch64-linux-gnu/pkgconfig:/home/agx/cthree/slam/nav2fishbot/install/cartographer/lib/pkgconfig PYTHONPATH=/home/agx/cthree/slam/nav2fishbot/install/cartographer_ros_msgs/local/lib/python3.10/dist-packages:${PYTHONPATH} /usr/bin/cmake --build /home/agx/cthree/slam/nav2fishbot/build/cartographer_ros -- -j12 -l12
[171.902s] Invoking command in '/home/agx/cthree/slam/nav2fishbot/build/cartographer_ros': AMENT_PREFIX_PATH=/home/agx/cthree/slam/nav2fishbot/install/cartographer_ros_msgs:${AMENT_PREFIX_PATH} CMAKE_PREFIX_PATH=/home/agx/cthree/slam/nav2fishbot/install/cartographer_ros_msgs:/home/agx/cthree/slam/nav2fishbot/install/cartographer:/home/agx/cthree/slam/OVD-SLAM10/Examples/ros2/install/orbslam3:/home/agx/cthree/slam/cam_ws/install/realsense2_description:/home/agx/cthree/slam/cam_ws/install/realsense2_camera:/home/agx/cthree/slam/cam_ws/install/realsense2_camera_msgs:/opt/ros/humble LD_LIBRARY_PATH=/home/agx/cthree/slam/nav2fishbot/install/cartographer_ros_msgs/lib:/home/agx/cthree/slam/cam_ws/install/realsense2_camera/lib:/home/agx/cthree/slam/cam_ws/install/realsense2_camera_msgs/lib:/opt/ros/humble/opt/rviz_ogre_vendor/lib:/opt/ros/humble/lib/aarch64-linux-gnu:/opt/ros/humble/lib:/usr/local/lib PATH=/home/agx/cthree/slam/nav2fishbot/install/cartographer/bin:${PATH} PKG_CONFIG_PATH=/home/agx/cthree/slam/nav2fishbot/install/cartographer/lib/aarch64-linux-gnu/pkgconfig:/home/agx/cthree/slam/nav2fishbot/install/cartographer/lib/pkgconfig PYTHONPATH=/home/agx/cthree/slam/nav2fishbot/install/cartographer_ros_msgs/local/lib/python3.10/dist-packages:${PYTHONPATH} /usr/bin/cmake --install /home/agx/cthree/slam/nav2fishbot/build/cartographer_ros
[171.915s] -- Install configuration: ""
[171.916s] -- Installing: /home/agx/cthree/slam/nav2fishbot/install/cartographer_ros/lib/libcartographer_ros.a
[172.025s] -- Installing: /home/agx/cthree/slam/nav2fishbot/install/cartographer_ros/lib/cartographer_ros/cartographer_node
[172.062s] -- Set runtime path of "/home/agx/cthree/slam/nav2fishbot/install/cartographer_ros/lib/cartographer_ros/cartographer_node" to ""
[172.062s] -- Installing: /home/agx/cthree/slam/nav2fishbot/install/cartographer_ros/lib/cartographer_ros/cartographer_occupancy_grid_node
[172.072s] -- Set runtime path of "/home/agx/cthree/slam/nav2fishbot/install/cartographer_ros/lib/cartographer_ros/cartographer_occupancy_grid_node" to ""
[172.072s] -- Installing: /home/agx/cthree/slam/nav2fishbot/install/cartographer_ros/lib/cartographer_ros/cartographer_offline_node
[172.111s] -- Set runtime path of "/home/agx/cthree/slam/nav2fishbot/install/cartographer_ros/lib/cartographer_ros/cartographer_offline_node" to ""
[172.111s] -- Installing: /home/agx/cthree/slam/nav2fishbot/install/cartographer_ros/lib/cartographer_ros/cartographer_assets_writer
[172.117s] -- Set runtime path of "/home/agx/cthree/slam/nav2fishbot/install/cartographer_ros/lib/cartographer_ros/cartographer_assets_writer" to ""
[172.117s] -- Installing: /home/agx/cthree/slam/nav2fishbot/install/cartographer_ros/lib/cartographer_ros/cartographer_pbstream_map_publisher
[172.122s] -- Set runtime path of "/home/agx/cthree/slam/nav2fishbot/install/cartographer_ros/lib/cartographer_ros/cartographer_pbstream_map_publisher" to ""
[172.122s] -- Installing: /home/agx/cthree/slam/nav2fishbot/install/cartographer_ros/lib/cartographer_ros/cartographer_pbstream_to_ros_map
[172.125s] -- Set runtime path of "/home/agx/cthree/slam/nav2fishbot/install/cartographer_ros/lib/cartographer_ros/cartographer_pbstream_to_ros_map" to ""
[172.125s] -- Installing: /home/agx/cthree/slam/nav2fishbot/install/cartographer_ros/lib/cartographer_ros/cartographer_rosbag_validate
[172.127s] -- Set runtime path of "/home/agx/cthree/slam/nav2fishbot/install/cartographer_ros/lib/cartographer_ros/cartographer_rosbag_validate" to ""
[172.128s] -- Installing: /home/agx/cthree/slam/nav2fishbot/install/cartographer_ros/include/
[172.128s] -- Installing: /home/agx/cthree/slam/nav2fishbot/install/cartographer_ros/include//cartographer_ros
[172.128s] -- Installing: /home/agx/cthree/slam/nav2fishbot/install/cartographer_ros/include//cartographer_ros/submap.h
[172.128s] -- Installing: /home/agx/cthree/slam/nav2fishbot/install/cartographer_ros/include//cartographer_ros/assets_writer.h
[172.128s] -- Installing: /home/agx/cthree/slam/nav2fishbot/install/cartographer_ros/include//cartographer_ros/trajectory_options.h
[172.128s] -- Installing: /home/agx/cthree/slam/nav2fishbot/install/cartographer_ros/include//cartographer_ros/node.h
[172.128s] -- Installing: /home/agx/cthree/slam/nav2fishbot/install/cartographer_ros/include//cartographer_ros/ros_map_writing_points_processor.h
[172.128s] -- Installing: /home/agx/cthree/slam/nav2fishbot/install/cartographer_ros/include//cartographer_ros/node_options.h
[172.129s] -- Installing: /home/agx/cthree/slam/nav2fishbot/install/cartographer_ros/include//cartographer_ros/node_constants.h
[172.129s] -- Installing: /home/agx/cthree/slam/nav2fishbot/install/cartographer_ros/include//cartographer_ros/sensor_bridge.h
[172.129s] -- Installing: /home/agx/cthree/slam/nav2fishbot/install/cartographer_ros/include//cartographer_ros/tf_bridge.h
[172.129s] -- Installing: /home/agx/cthree/slam/nav2fishbot/install/cartographer_ros/include//cartographer_ros/ros_log_sink.h
[172.129s] -- Installing: /home/agx/cthree/slam/nav2fishbot/install/cartographer_ros/include//cartographer_ros/metrics
[172.129s] -- Installing: /home/agx/cthree/slam/nav2fishbot/install/cartographer_ros/include//cartographer_ros/metrics/internal
[172.129s] -- Installing: /home/agx/cthree/slam/nav2fishbot/install/cartographer_ros/include//cartographer_ros/metrics/internal/histogram.h
[172.129s] -- Installing: /home/agx/cthree/slam/nav2fishbot/install/cartographer_ros/include//cartographer_ros/metrics/internal/gauge.h
[172.130s] -- Installing: /home/agx/cthree/slam/nav2fishbot/install/cartographer_ros/include//cartographer_ros/metrics/internal/counter.h
[172.130s] -- Installing: /home/agx/cthree/slam/nav2fishbot/install/cartographer_ros/include//cartographer_ros/metrics/internal/family.h
[172.130s] -- Installing: /home/agx/cthree/slam/nav2fishbot/install/cartographer_ros/include//cartographer_ros/metrics/family_factory.h
[172.130s] -- Installing: /home/agx/cthree/slam/nav2fishbot/install/cartographer_ros/include//cartographer_ros/map_builder_bridge.h
[172.130s] -- Installing: /home/agx/cthree/slam/nav2fishbot/install/cartographer_ros/include//cartographer_ros/playable_bag.h
[172.130s] -- Installing: /home/agx/cthree/slam/nav2fishbot/install/cartographer_ros/include//cartographer_ros/offline_node.h
[172.130s] -- Installing: /home/agx/cthree/slam/nav2fishbot/install/cartographer_ros/include//cartographer_ros/ros_map.h
[172.131s] -- Installing: /home/agx/cthree/slam/nav2fishbot/install/cartographer_ros/include//cartographer_ros/msg_conversion.h
[172.131s] -- Installing: /home/agx/cthree/slam/nav2fishbot/install/cartographer_ros/include//cartographer_ros/time_conversion.h
[172.131s] -- Installing: /home/agx/cthree/slam/nav2fishbot/install/cartographer_ros/include//cartographer_ros/urdf_reader.h
[172.131s] -- Installing: /home/agx/cthree/slam/nav2fishbot/install/cartographer_ros/share/cartographer_ros//configuration_files
[172.131s] -- Installing: /home/agx/cthree/slam/nav2fishbot/install/cartographer_ros/share/cartographer_ros//configuration_files/backpack_2d.lua
[172.131s] -- Installing: /home/agx/cthree/slam/nav2fishbot/install/cartographer_ros/share/cartographer_ros//configuration_files/assets_writer_backpack_3d.lua
[172.132s] -- Installing: /home/agx/cthree/slam/nav2fishbot/install/cartographer_ros/share/cartographer_ros//configuration_files/transform.lua
[172.132s] -- Installing: /home/agx/cthree/slam/nav2fishbot/install/cartographer_ros/share/cartographer_ros//configuration_files/assets_writer_ros_map.lua
[172.132s] -- Installing: /home/agx/cthree/slam/nav2fishbot/install/cartographer_ros/share/cartographer_ros//configuration_files/assets_writer_backpack_2d_ci.lua
[172.132s] -- Installing: /home/agx/cthree/slam/nav2fishbot/install/cartographer_ros/share/cartographer_ros//configuration_files/backpack_2d_localization_evaluation.lua
[172.132s] -- Installing: /home/agx/cthree/slam/nav2fishbot/install/cartographer_ros/share/cartographer_ros//configuration_files/demo_2d.rviz
[172.132s] -- Installing: /home/agx/cthree/slam/nav2fishbot/install/cartographer_ros/share/cartographer_ros//configuration_files/mir-100-mapping.lua
[172.132s] -- Installing: /home/agx/cthree/slam/nav2fishbot/install/cartographer_ros/share/cartographer_ros//configuration_files/revo_lds.lua
[172.133s] -- Installing: /home/agx/cthree/slam/nav2fishbot/install/cartographer_ros/share/cartographer_ros//configuration_files/demo_3d.rviz
[172.133s] -- Installing: /home/agx/cthree/slam/nav2fishbot/install/cartographer_ros/share/cartographer_ros//configuration_files/backpack_2d_localization.lua
[172.133s] -- Installing: /home/agx/cthree/slam/nav2fishbot/install/cartographer_ros/share/cartographer_ros//configuration_files/backpack_3d_localization.lua
[172.133s] -- Installing: /home/agx/cthree/slam/nav2fishbot/install/cartographer_ros/share/cartographer_ros//configuration_files/backpack_3d.lua
[172.133s] -- Installing: /home/agx/cthree/slam/nav2fishbot/install/cartographer_ros/share/cartographer_ros//configuration_files/assets_writer_backpack_2d.lua
[172.133s] -- Installing: /home/agx/cthree/slam/nav2fishbot/install/cartographer_ros/share/cartographer_ros//configuration_files/backpack_2d_server.lua
[172.133s] -- Installing: /home/agx/cthree/slam/nav2fishbot/install/cartographer_ros/share/cartographer_ros//configuration_files/taurob_tracker.lua
[172.134s] -- Installing: /home/agx/cthree/slam/nav2fishbot/install/cartographer_ros/share/cartographer_ros//configuration_files/pr2.lua
[172.134s] -- Installing: /home/agx/cthree/slam/nav2fishbot/install/cartographer_ros/share/cartographer_ros//configuration_files/visualize_pbstream.lua
[172.134s] -- Installing: /home/agx/cthree/slam/nav2fishbot/install/cartographer_ros/share/cartographer_ros//urdf
[172.134s] -- Installing: /home/agx/cthree/slam/nav2fishbot/install/cartographer_ros/share/cartographer_ros//urdf/backpack_3d.urdf
[172.134s] -- Installing: /home/agx/cthree/slam/nav2fishbot/install/cartographer_ros/share/cartographer_ros//urdf/mir-100.urdf
[172.134s] -- Installing: /home/agx/cthree/slam/nav2fishbot/install/cartographer_ros/share/cartographer_ros//urdf/backpack_2d.urdf
[172.134s] -- Installing: /home/agx/cthree/slam/nav2fishbot/install/cartographer_ros/share/cartographer_ros//launch
[172.134s] -- Installing: /home/agx/cthree/slam/nav2fishbot/install/cartographer_ros/share/cartographer_ros//launch/assets_writer_backpack_2d.launch.py
[172.135s] -- Installing: /home/agx/cthree/slam/nav2fishbot/install/cartographer_ros/share/cartographer_ros//launch/demo_backpack_3d_localization.launch.py
[172.135s] -- Installing: /home/agx/cthree/slam/nav2fishbot/install/cartographer_ros/share/cartographer_ros//launch/demo_revo_lds.launch.py
[172.135s] -- Installing: /home/agx/cthree/slam/nav2fishbot/install/cartographer_ros/share/cartographer_ros//launch/demo_backpack_2d.launch.py
[172.135s] -- Installing: /home/agx/cthree/slam/nav2fishbot/install/cartographer_ros/share/cartographer_ros//launch/assets_writer_ros_map.launch.py
[172.135s] -- Installing: /home/agx/cthree/slam/nav2fishbot/install/cartographer_ros/share/cartographer_ros//launch/offline_node.launch.py
[172.135s] -- Installing: /home/agx/cthree/slam/nav2fishbot/install/cartographer_ros/share/cartographer_ros//launch/visualize_pbstream.launch.py
[172.135s] -- Installing: /home/agx/cthree/slam/nav2fishbot/install/cartographer_ros/share/cartographer_ros//launch/taurob_tracker.launch.py
[172.136s] -- Installing: /home/agx/cthree/slam/nav2fishbot/install/cartographer_ros/share/cartographer_ros//launch/grpc_demo_backpack_2d_localization.launch
[172.136s] -- Installing: /home/agx/cthree/slam/nav2fishbot/install/cartographer_ros/share/cartographer_ros//launch/grpc_demo_backpack_2d.launch
[172.136s] -- Installing: /home/agx/cthree/slam/nav2fishbot/install/cartographer_ros/share/cartographer_ros//launch/offline_backpack_2d.launch.py
[172.136s] -- Installing: /home/agx/cthree/slam/nav2fishbot/install/cartographer_ros/share/cartographer_ros//launch/assets_writer_backpack_3d.launch.py
[172.136s] -- Installing: /home/agx/cthree/slam/nav2fishbot/install/cartographer_ros/share/cartographer_ros//launch/demo_pr2.launch
[172.136s] -- Installing: /home/agx/cthree/slam/nav2fishbot/install/cartographer_ros/share/cartographer_ros//launch/demo_taurob_tracker.launch.py
[172.136s] -- Installing: /home/agx/cthree/slam/nav2fishbot/install/cartographer_ros/share/cartographer_ros//launch/offline_mir_100_rviz.launch.py
[172.136s] -- Installing: /home/agx/cthree/slam/nav2fishbot/install/cartographer_ros/share/cartographer_ros//launch/backpack_3d.launch.py
[172.137s] -- Installing: /home/agx/cthree/slam/nav2fishbot/install/cartographer_ros/share/cartographer_ros//launch/demo_backpack_2d_localization.launch.py
[172.137s] -- Installing: /home/agx/cthree/slam/nav2fishbot/install/cartographer_ros/share/cartographer_ros//launch/backpack_2d.launch.py
[172.137s] -- Installing: /home/agx/cthree/slam/nav2fishbot/install/cartographer_ros/share/cartographer_ros//launch/offline_backpack_3d.launch.py
[172.137s] -- Installing: /home/agx/cthree/slam/nav2fishbot/install/cartographer_ros/share/cartographer_ros//launch/demo_backpack_3d.launch.py
[172.137s] -- Installing: /home/agx/cthree/slam/nav2fishbot/install/cartographer_ros/share/cartographer_ros/environment/library_path.sh
[172.137s] -- Installing: /home/agx/cthree/slam/nav2fishbot/install/cartographer_ros/share/cartographer_ros/environment/library_path.dsv
[172.138s] -- Installing: /home/agx/cthree/slam/nav2fishbot/install/cartographer_ros/share/ament_index/resource_index/package_run_dependencies/cartographer_ros
[172.138s] -- Installing: /home/agx/cthree/slam/nav2fishbot/install/cartographer_ros/share/ament_index/resource_index/parent_prefix_path/cartographer_ros
[172.138s] -- Installing: /home/agx/cthree/slam/nav2fishbot/install/cartographer_ros/share/cartographer_ros/environment/ament_prefix_path.sh
[172.138s] -- Installing: /home/agx/cthree/slam/nav2fishbot/install/cartographer_ros/share/cartographer_ros/environment/ament_prefix_path.dsv
[172.139s] -- Installing: /home/agx/cthree/slam/nav2fishbot/install/cartographer_ros/share/cartographer_ros/environment/path.sh
[172.139s] -- Installing: /home/agx/cthree/slam/nav2fishbot/install/cartographer_ros/share/cartographer_ros/environment/path.dsv
[172.139s] -- Installing: /home/agx/cthree/slam/nav2fishbot/install/cartographer_ros/share/cartographer_ros/local_setup.bash
[172.139s] -- Installing: /home/agx/cthree/slam/nav2fishbot/install/cartographer_ros/share/cartographer_ros/local_setup.sh
[172.139s] -- Installing: /home/agx/cthree/slam/nav2fishbot/install/cartographer_ros/share/cartographer_ros/local_setup.zsh
[172.139s] -- Installing: /home/agx/cthree/slam/nav2fishbot/install/cartographer_ros/share/cartographer_ros/local_setup.dsv
[172.140s] -- Installing: /home/agx/cthree/slam/nav2fishbot/install/cartographer_ros/share/cartographer_ros/package.dsv
[172.140s] -- Installing: /home/agx/cthree/slam/nav2fishbot/install/cartographer_ros/share/ament_index/resource_index/packages/cartographer_ros
[172.140s] -- Installing: /home/agx/cthree/slam/nav2fishbot/install/cartographer_ros/share/cartographer_ros/cmake/ament_cmake_export_include_directories-extras.cmake
[172.140s] -- Installing: /home/agx/cthree/slam/nav2fishbot/install/cartographer_ros/share/cartographer_ros/cmake/ament_cmake_export_libraries-extras.cmake
[172.140s] -- Installing: /home/agx/cthree/slam/nav2fishbot/install/cartographer_ros/share/cartographer_ros/cmake/ament_cmake_export_dependencies-extras.cmake
[172.141s] -- Installing: /home/agx/cthree/slam/nav2fishbot/install/cartographer_ros/share/cartographer_ros/cmake/cartographer_rosConfig.cmake
[172.141s] -- Installing: /home/agx/cthree/slam/nav2fishbot/install/cartographer_ros/share/cartographer_ros/cmake/cartographer_rosConfig-version.cmake
[172.141s] -- Installing: /home/agx/cthree/slam/nav2fishbot/install/cartographer_ros/share/cartographer_ros/package.xml
[172.145s] Invoked command in '/home/agx/cthree/slam/nav2fishbot/build/cartographer_ros' returned '0': AMENT_PREFIX_PATH=/home/agx/cthree/slam/nav2fishbot/install/cartographer_ros_msgs:${AMENT_PREFIX_PATH} CMAKE_PREFIX_PATH=/home/agx/cthree/slam/nav2fishbot/install/cartographer_ros_msgs:/home/agx/cthree/slam/nav2fishbot/install/cartographer:/home/agx/cthree/slam/OVD-SLAM10/Examples/ros2/install/orbslam3:/home/agx/cthree/slam/cam_ws/install/realsense2_description:/home/agx/cthree/slam/cam_ws/install/realsense2_camera:/home/agx/cthree/slam/cam_ws/install/realsense2_camera_msgs:/opt/ros/humble LD_LIBRARY_PATH=/home/agx/cthree/slam/nav2fishbot/install/cartographer_ros_msgs/lib:/home/agx/cthree/slam/cam_ws/install/realsense2_camera/lib:/home/agx/cthree/slam/cam_ws/install/realsense2_camera_msgs/lib:/opt/ros/humble/opt/rviz_ogre_vendor/lib:/opt/ros/humble/lib/aarch64-linux-gnu:/opt/ros/humble/lib:/usr/local/lib PATH=/home/agx/cthree/slam/nav2fishbot/install/cartographer/bin:${PATH} PKG_CONFIG_PATH=/home/agx/cthree/slam/nav2fishbot/install/cartographer/lib/aarch64-linux-gnu/pkgconfig:/home/agx/cthree/slam/nav2fishbot/install/cartographer/lib/pkgconfig PYTHONPATH=/home/agx/cthree/slam/nav2fishbot/install/cartographer_ros_msgs/local/lib/python3.10/dist-packages:${PYTHONPATH} /usr/bin/cmake --install /home/agx/cthree/slam/nav2fishbot/build/cartographer_ros
