-- The C compiler identification is GNU 9.5.0
-- The CXX compiler identification is GNU 9.5.0
-- Detecting C compiler ABI info
-- Detecting C compiler ABI info - done
-- Check for working C compiler: /usr/bin/cc - skipped
-- Detecting C compile features
-- Detecting C compile features - done
-- Detecting CXX compiler ABI info
-- Detecting CXX compiler ABI info - done
-- Check for working CXX compiler: /usr/bin/c++ - skipped
-- Detecting CXX compile features
-- Detecting CXX compile features - done
-- Found ament_cmake: 1.3.12 (/opt/ros/humble/share/ament_cmake/cmake)
-- Found Python3: /usr/bin/python3 (found version "3.10.12") found components: Interpreter 
-- Found rclcpp: 16.0.16 (/opt/ros/humble/share/rclcpp/cmake)
-- Found rosidl_generator_c: 3.1.7 (/opt/ros/humble/share/rosidl_generator_c/cmake)
-- Found rosidl_adapter: 3.1.7 (/opt/ros/humble/share/rosidl_adapter/cmake)
-- Found rosidl_generator_cpp: 3.1.7 (/opt/ros/humble/share/rosidl_generator_cpp/cmake)
-- Using all available rosidl_typesupport_c: rosidl_typesupport_fastrtps_c;rosidl_typesupport_introspection_c
-- Using all available rosidl_typesupport_cpp: rosidl_typesupport_fastrtps_cpp;rosidl_typesupport_introspection_cpp
-- Found rmw_implementation_cmake: 6.1.2 (/opt/ros/humble/share/rmw_implementation_cmake/cmake)
-- Found rmw_fastrtps_cpp: 6.2.9 (/opt/ros/humble/share/rmw_fastrtps_cpp/cmake)
-- Found OpenSSL: /usr/lib/aarch64-linux-gnu/libcrypto.so (found version "3.0.2")  
-- Found FastRTPS: /opt/ros/humble/include  
-- Using RMW implementation 'rmw_fastrtps_cpp' as default
-- Looking for pthread.h
-- Looking for pthread.h - found
-- Performing Test CMAKE_HAVE_LIBC_PTHREAD
-- Performing Test CMAKE_HAVE_LIBC_PTHREAD - Success
-- Found Threads: TRUE  
-- Found geometry_msgs: 4.9.0 (/opt/ros/humble/share/geometry_msgs/cmake)
-- Found sensor_msgs: 4.9.0 (/opt/ros/humble/share/sensor_msgs/cmake)
-- Configuring done
-- Generating done
-- Build files have been written to: /home/agx/cthree/slam/ros2esp/build/joystick_to_cmdvel
[ 50%] [32mBuilding CXX object CMakeFiles/joystick_to_cmdvel_node.dir/src/joystick_to_cmdvel_node.cpp.o[0m
[100%] [32m[1mLinking CXX executable joystick_to_cmdvel_node[0m
[100%] Built target joystick_to_cmdvel_node
-- Install configuration: ""
-- Installing: /home/agx/cthree/slam/ros2esp/install/joystick_to_cmdvel/lib/joystick_to_cmdvel/joystick_to_cmdvel_node
-- Set runtime path of "/home/agx/cthree/slam/ros2esp/install/joystick_to_cmdvel/lib/joystick_to_cmdvel/joystick_to_cmdvel_node" to ""
-- Installing: /home/agx/cthree/slam/ros2esp/install/joystick_to_cmdvel/share/joystick_to_cmdvel//launch
-- Installing: /home/agx/cthree/slam/ros2esp/install/joystick_to_cmdvel/share/joystick_to_cmdvel//launch/joystick_to_cmdvel.launch.py
-- Installing: /home/agx/cthree/slam/ros2esp/install/joystick_to_cmdvel/share/joystick_to_cmdvel//launch/joystick_to_cmdvel.launch
-- Installing: /home/agx/cthree/slam/ros2esp/install/joystick_to_cmdvel/share/ament_index/resource_index/package_run_dependencies/joystick_to_cmdvel
-- Installing: /home/agx/cthree/slam/ros2esp/install/joystick_to_cmdvel/share/ament_index/resource_index/parent_prefix_path/joystick_to_cmdvel
-- Installing: /home/agx/cthree/slam/ros2esp/install/joystick_to_cmdvel/share/joystick_to_cmdvel/environment/ament_prefix_path.sh
-- Installing: /home/agx/cthree/slam/ros2esp/install/joystick_to_cmdvel/share/joystick_to_cmdvel/environment/ament_prefix_path.dsv
-- Installing: /home/agx/cthree/slam/ros2esp/install/joystick_to_cmdvel/share/joystick_to_cmdvel/environment/path.sh
-- Installing: /home/agx/cthree/slam/ros2esp/install/joystick_to_cmdvel/share/joystick_to_cmdvel/environment/path.dsv
-- Installing: /home/agx/cthree/slam/ros2esp/install/joystick_to_cmdvel/share/joystick_to_cmdvel/local_setup.bash
-- Installing: /home/agx/cthree/slam/ros2esp/install/joystick_to_cmdvel/share/joystick_to_cmdvel/local_setup.sh
-- Installing: /home/agx/cthree/slam/ros2esp/install/joystick_to_cmdvel/share/joystick_to_cmdvel/local_setup.zsh
-- Installing: /home/agx/cthree/slam/ros2esp/install/joystick_to_cmdvel/share/joystick_to_cmdvel/local_setup.dsv
-- Installing: /home/agx/cthree/slam/ros2esp/install/joystick_to_cmdvel/share/joystick_to_cmdvel/package.dsv
-- Installing: /home/agx/cthree/slam/ros2esp/install/joystick_to_cmdvel/share/ament_index/resource_index/packages/joystick_to_cmdvel
-- Installing: /home/agx/cthree/slam/ros2esp/install/joystick_to_cmdvel/share/joystick_to_cmdvel/cmake/joystick_to_cmdvelConfig.cmake
-- Installing: /home/agx/cthree/slam/ros2esp/install/joystick_to_cmdvel/share/joystick_to_cmdvel/cmake/joystick_to_cmdvelConfig-version.cmake
-- Installing: /home/agx/cthree/slam/ros2esp/install/joystick_to_cmdvel/share/joystick_to_cmdvel/package.xml
