[0.020s] Invoking command in '/home/agx/cthree/slam/ros2esp/build/sllidar_ros2': CMAKE_PREFIX_PATH=${CMAKE_PREFIX_PATH}:/opt/ros/humble /usr/bin/cmake /home/agx/cthree/slam/ros2esp/src/sllidar_ros2 -DCMAKE_INSTALL_PREFIX=/home/agx/cthree/slam/ros2esp/install/sllidar_ros2
[0.098s] -- The C compiler identification is GNU 9.5.0
[0.193s] -- The CXX compiler identification is GNU 9.5.0
[0.215s] -- Detecting C compiler ABI info
[0.337s] -- Detecting C compiler ABI info - done
[0.360s] -- Check for working C compiler: /usr/bin/cc - skipped
[0.361s] -- Detecting C compile features
[0.362s] -- Detecting C compile features - done
[0.373s] -- Detecting CXX compiler ABI info
[0.511s] -- Detecting CXX compiler ABI info - done
[0.535s] -- Check for working CXX compiler: /usr/bin/c++ - skipped
[0.535s] -- Detecting CXX compile features
[0.536s] -- Detecting CXX compile features - done
[0.546s] -- Found ament_cmake: 1.3.12 (/opt/ros/humble/share/ament_cmake/cmake)
[0.826s] -- Found Python3: /usr/bin/python3 (found version "3.10.12") found components: Interpreter 
[1.026s] -- Found rclcpp: 16.0.16 (/opt/ros/humble/share/rclcpp/cmake)
[1.117s] -- Found rosidl_generator_c: 3.1.7 (/opt/ros/humble/share/rosidl_generator_c/cmake)
[1.126s] -- Found rosidl_adapter: 3.1.7 (/opt/ros/humble/share/rosidl_adapter/cmake)
[1.138s] -- Found rosidl_generator_cpp: 3.1.7 (/opt/ros/humble/share/rosidl_generator_cpp/cmake)
[1.155s] -- Using all available rosidl_typesupport_c: rosidl_typesupport_fastrtps_c;rosidl_typesupport_introspection_c
[1.179s] -- Using all available rosidl_typesupport_cpp: rosidl_typesupport_fastrtps_cpp;rosidl_typesupport_introspection_cpp
[1.246s] -- Found rmw_implementation_cmake: 6.1.2 (/opt/ros/humble/share/rmw_implementation_cmake/cmake)
[1.250s] -- Found rmw_fastrtps_cpp: 6.2.9 (/opt/ros/humble/share/rmw_fastrtps_cpp/cmake)
[1.387s] -- Found OpenSSL: /usr/lib/aarch64-linux-gnu/libcrypto.so (found version "3.0.2")  
[1.433s] -- Found FastRTPS: /opt/ros/humble/include  
[1.501s] -- Using RMW implementation 'rmw_fastrtps_cpp' as default
[1.519s] -- Looking for pthread.h
[1.627s] -- Looking for pthread.h - found
[1.628s] -- Performing Test CMAKE_HAVE_LIBC_PTHREAD
[1.737s] -- Performing Test CMAKE_HAVE_LIBC_PTHREAD - Success
[1.738s] -- Found Threads: TRUE  
[1.819s] -- Found sensor_msgs: 4.9.0 (/opt/ros/humble/share/sensor_msgs/cmake)
[1.861s] -- Found std_srvs: 4.9.0 (/opt/ros/humble/share/std_srvs/cmake)
[2.015s] -- Configuring done
[2.040s] -- Generating done
[2.049s] -- Build files have been written to: /home/agx/cthree/slam/ros2esp/build/sllidar_ros2
[2.150s] Invoked command in '/home/agx/cthree/slam/ros2esp/build/sllidar_ros2' returned '0': CMAKE_PREFIX_PATH=${CMAKE_PREFIX_PATH}:/opt/ros/humble /usr/bin/cmake /home/agx/cthree/slam/ros2esp/src/sllidar_ros2 -DCMAKE_INSTALL_PREFIX=/home/agx/cthree/slam/ros2esp/install/sllidar_ros2
[2.152s] Invoking command in '/home/agx/cthree/slam/ros2esp/build/sllidar_ros2': CMAKE_PREFIX_PATH=${CMAKE_PREFIX_PATH}:/opt/ros/humble /usr/bin/cmake --build /home/agx/cthree/slam/ros2esp/build/sllidar_ros2 -- -j12 -l12
[2.236s] [ 40%] [32mBuilding CXX object CMakeFiles/sllidar_node.dir/sdk/src/arch/linux/net_socket.cpp.o[0m
[2.236s] [ 40%] [32mBuilding CXX object CMakeFiles/sllidar_node.dir/sdk/src/arch/linux/net_serial.cpp.o[0m
[2.236s] [ 40%] [32mBuilding CXX object CMakeFiles/sllidar_node.dir/sdk/src/arch/linux/timer.cpp.o[0m
[2.236s] [ 40%] [32mBuilding CXX object CMakeFiles/sllidar_node.dir/sdk/src/dataunpacker/dataunpacker.cpp.o[0m
[2.236s] [ 40%] [32mBuilding CXX object CMakeFiles/sllidar_client.dir/src/sllidar_client.cpp.o[0m
[2.236s] [ 40%] [32mBuilding CXX object CMakeFiles/sllidar_node.dir/sdk/src/dataunpacker/unpacker/handler_hqnode.cpp.o[0m
[2.236s] [ 40%] [32mBuilding CXX object CMakeFiles/sllidar_node.dir/src/sllidar_node.cpp.o[0m
[2.238s] [ 40%] [32mBuilding CXX object CMakeFiles/sllidar_node.dir/sdk/src/dataunpacker/unpacker/handler_capsules.cpp.o[0m
[2.246s] [ 45%] [32mBuilding CXX object CMakeFiles/sllidar_node.dir/sdk/src/sl_async_transceiver.cpp.o[0m
[2.247s] [ 55%] [32mBuilding CXX object CMakeFiles/sllidar_node.dir/sdk/src/dataunpacker/unpacker/handler_normalnode.cpp.o[0m
[2.247s] [ 55%] [32mBuilding CXX object CMakeFiles/sllidar_node.dir/sdk/src/hal/thread.cpp.o[0m
[2.251s] [ 60%] [32mBuilding CXX object CMakeFiles/sllidar_node.dir/sdk/src/rplidar_driver.cpp.o[0m
[2.791s] In file included from [01m[K/home/agx/cthree/slam/ros2esp/src/sllidar_ros2/./sdk/include/rplidar_protocol.h:36[m[K,
[2.791s]                  from [01m[K/home/agx/cthree/slam/ros2esp/src/sllidar_ros2/./sdk/include/rplidar.h:39[m[K,
[2.791s]                  from [01m[K/home/agx/cthree/slam/ros2esp/src/sllidar_ros2/./sdk/src/sdkcommon.h:49[m[K,
[2.792s]                  from [01m[K/home/agx/cthree/slam/ros2esp/src/sllidar_ros2/sdk/src/dataunpacker/dataunnpacker_commondef.h:41[m[K,
[2.792s]                  from [01m[K/home/agx/cthree/slam/ros2esp/src/sllidar_ros2/sdk/src/dataunpacker/dataunpacker.cpp:39[m[K:
[2.792s] [01m[K/home/agx/cthree/slam/ros2esp/src/sllidar_ros2/./sdk/include/sl_lidar_protocol.h:66:16:[m[K [01;35m[Kwarning: [m[KISO C++ forbids zero-size array ‘[01m[Kdata[m[K’ [[01;35m[K-Wpedantic[m[K]
[2.792s]    66 |     sl_u8 data[[01;35m[K0[m[K];
[2.792s]       |                [01;35m[K^[m[K
[2.792s] In file included from [01m[K/home/agx/cthree/slam/ros2esp/src/sllidar_ros2/./sdk/include/rplidar_cmd.h:36[m[K,
[2.792s]                  from [01m[K/home/agx/cthree/slam/ros2esp/src/sllidar_ros2/./sdk/include/rplidar.h:40[m[K,
[2.792s]                  from [01m[K/home/agx/cthree/slam/ros2esp/src/sllidar_ros2/./sdk/src/sdkcommon.h:49[m[K,
[2.792s]                  from [01m[K/home/agx/cthree/slam/ros2esp/src/sllidar_ros2/sdk/src/dataunpacker/dataunnpacker_commondef.h:41[m[K,
[2.793s]                  from [01m[K/home/agx/cthree/slam/ros2esp/src/sllidar_ros2/sdk/src/dataunpacker/dataunpacker.cpp:39[m[K:
[2.793s] [01m[K/home/agx/cthree/slam/ros2esp/src/sllidar_ros2/./sdk/include/sl_lidar_cmd.h:324:20:[m[K [01;35m[Kwarning: [m[KISO C++ forbids zero-size array ‘[01m[Kpayload[m[K’ [[01;35m[K-Wpedantic[m[K]
[2.793s]   324 |     sl_u8  payload[[01;35m[K0[m[K];
[2.793s]       |                    [01;35m[K^[m[K
[2.800s] In file included from [01m[K/home/agx/cthree/slam/ros2esp/src/sllidar_ros2/./sdk/include/rplidar_protocol.h:36[m[K,
[2.804s]                  from [01m[K/home/agx/cthree/slam/ros2esp/src/sllidar_ros2/./sdk/include/rplidar.h:39[m[K,
[2.805s]                  from [01m[K/home/agx/cthree/slam/ros2esp/src/sllidar_ros2/./sdk/src/sdkcommon.h:49[m[K,
[2.805s]                  from [01m[K/home/agx/cthree/slam/ros2esp/src/sllidar_ros2/sdk/src/dataunpacker/unpacker/../dataunnpacker_commondef.h:41[m[K,
[2.805s]                  from [01m[K/home/agx/cthree/slam/ros2esp/src/sllidar_ros2/sdk/src/dataunpacker/unpacker/handler_hqnode.cpp:39[m[K:
[2.805s] [01m[K/home/agx/cthree/slam/ros2esp/src/sllidar_ros2/./sdk/include/sl_lidar_protocol.h:66:16:[m[K [01;35m[Kwarning: [m[KISO C++ forbids zero-size array ‘[01m[Kdata[m[K’ [[01;35m[K-Wpedantic[m[K]
[2.805s]    66 |     sl_u8 data[[01;35m[K0[m[K];
[2.805s]       |                [01;35m[K^[m[K
[2.805s] In file included from [01m[K/home/agx/cthree/slam/ros2esp/src/sllidar_ros2/./sdk/include/rplidar_cmd.h:36[m[K,
[2.805s]                  from [01m[K/home/agx/cthree/slam/ros2esp/src/sllidar_ros2/./sdk/include/rplidar.h:40[m[K,
[2.806s]                  from [01m[K/home/agx/cthree/slam/ros2esp/src/sllidar_ros2/./sdk/src/sdkcommon.h:49[m[K,
[2.806s]                  from [01m[K/home/agx/cthree/slam/ros2esp/src/sllidar_ros2/sdk/src/dataunpacker/unpacker/../dataunnpacker_commondef.h:41[m[K,
[2.806s]                  from [01m[K/home/agx/cthree/slam/ros2esp/src/sllidar_ros2/sdk/src/dataunpacker/unpacker/handler_hqnode.cpp:39[m[K:
[2.806s] [01m[K/home/agx/cthree/slam/ros2esp/src/sllidar_ros2/./sdk/include/sl_lidar_cmd.h:324:20:[m[K [01;35m[Kwarning: [m[KISO C++ forbids zero-size array ‘[01m[Kpayload[m[K’ [[01;35m[K-Wpedantic[m[K]
[2.806s]   324 |     sl_u8  payload[[01;35m[K0[m[K];
[2.806s]       |                    [01;35m[K^[m[K
[2.813s] In file included from [01m[K/home/agx/cthree/slam/ros2esp/src/sllidar_ros2/./sdk/include/rplidar_protocol.h:36[m[K,
[2.814s]                  from [01m[K/home/agx/cthree/slam/ros2esp/src/sllidar_ros2/./sdk/include/rplidar.h:39[m[K,
[2.814s]                  from [01m[K/home/agx/cthree/slam/ros2esp/src/sllidar_ros2/./sdk/src/sdkcommon.h:49[m[K,
[2.814s]                  from [01m[K/home/agx/cthree/slam/ros2esp/src/sllidar_ros2/sdk/src/arch/linux/net_socket.cpp:10[m[K:
[2.814s] [01m[K/home/agx/cthree/slam/ros2esp/src/sllidar_ros2/./sdk/include/sl_lidar_protocol.h:66:16:[m[K [01;35m[Kwarning: [m[KISO C++ forbids zero-size array ‘[01m[Kdata[m[K’ [[01;35m[K-Wpedantic[m[K]
[2.814s]    66 |     sl_u8 data[[01;35m[K0[m[K];
[2.814s]       |                [01;35m[K^[m[K
[2.814s] In file included from [01m[K/home/agx/cthree/slam/ros2esp/src/sllidar_ros2/./sdk/include/rplidar_cmd.h:36[m[K,
[2.814s]                  from [01m[K/home/agx/cthree/slam/ros2esp/src/sllidar_ros2/./sdk/include/rplidar.h:40[m[K,
[2.815s]                  from [01m[K/home/agx/cthree/slam/ros2esp/src/sllidar_ros2/./sdk/src/sdkcommon.h:49[m[K,
[2.815s]                  from [01m[K/home/agx/cthree/slam/ros2esp/src/sllidar_ros2/sdk/src/arch/linux/net_socket.cpp:10[m[K:
[2.815s] [01m[K/home/agx/cthree/slam/ros2esp/src/sllidar_ros2/./sdk/include/sl_lidar_cmd.h:324:20:[m[K [01;35m[Kwarning: [m[KISO C++ forbids zero-size array ‘[01m[Kpayload[m[K’ [[01;35m[K-Wpedantic[m[K]
[2.815s]   324 |     sl_u8  payload[[01;35m[K0[m[K];
[2.815s]       |                    [01;35m[K^[m[K
[2.858s] In file included from [01m[K/home/agx/cthree/slam/ros2esp/src/sllidar_ros2/./sdk/include/rplidar_protocol.h:36[m[K,
[2.858s]                  from [01m[K/home/agx/cthree/slam/ros2esp/src/sllidar_ros2/./sdk/include/rplidar.h:39[m[K,
[2.858s]                  from [01m[K/home/agx/cthree/slam/ros2esp/src/sllidar_ros2/sdk/src/sdkcommon.h:49[m[K,
[2.858s]                  from [01m[K/home/agx/cthree/slam/ros2esp/src/sllidar_ros2/sdk/src/rplidar_driver.cpp:33[m[K:
[2.859s] [01m[K/home/agx/cthree/slam/ros2esp/src/sllidar_ros2/./sdk/include/sl_lidar_protocol.h:66:16:[m[K [01;35m[Kwarning: [m[KISO C++ forbids zero-size array ‘[01m[Kdata[m[K’ [[01;35m[K-Wpedantic[m[K]
[2.859s]    66 |     sl_u8 data[[01;35m[K0[m[K];
[2.859s]       |                [01;35m[K^[m[K
[2.859s] In file included from [01m[K/home/agx/cthree/slam/ros2esp/src/sllidar_ros2/./sdk/include/rplidar_cmd.h:36[m[K,
[2.859s]                  from [01m[K/home/agx/cthree/slam/ros2esp/src/sllidar_ros2/./sdk/include/rplidar.h:40[m[K,
[2.859s]                  from [01m[K/home/agx/cthree/slam/ros2esp/src/sllidar_ros2/sdk/src/sdkcommon.h:49[m[K,
[2.859s]                  from [01m[K/home/agx/cthree/slam/ros2esp/src/sllidar_ros2/sdk/src/rplidar_driver.cpp:33[m[K:
[2.859s] [01m[K/home/agx/cthree/slam/ros2esp/src/sllidar_ros2/./sdk/include/sl_lidar_cmd.h:324:20:[m[K [01;35m[Kwarning: [m[KISO C++ forbids zero-size array ‘[01m[Kpayload[m[K’ [[01;35m[K-Wpedantic[m[K]
[2.859s]   324 |     sl_u8  payload[[01;35m[K0[m[K];
[2.859s]       |                    [01;35m[K^[m[K
[2.877s] In file included from [01m[K/home/agx/cthree/slam/ros2esp/src/sllidar_ros2/./sdk/include/rplidar_protocol.h:36[m[K,
[2.877s]                  from [01m[K/home/agx/cthree/slam/ros2esp/src/sllidar_ros2/./sdk/include/rplidar.h:39[m[K,
[2.877s]                  from [01m[K/home/agx/cthree/slam/ros2esp/src/sllidar_ros2/./sdk/src/sdkcommon.h:49[m[K,
[2.877s]                  from [01m[K/home/agx/cthree/slam/ros2esp/src/sllidar_ros2/sdk/src/hal/thread.cpp:35[m[K:
[2.877s] [01m[K/home/agx/cthree/slam/ros2esp/src/sllidar_ros2/./sdk/include/sl_lidar_protocol.h:66:16:[m[K [01;35m[Kwarning: [m[KISO C++ forbids zero-size array ‘[01m[Kdata[m[K’ [[01;35m[K-Wpedantic[m[K]
[2.877s]    66 |     sl_u8 data[[01;35m[K0[m[K];
[2.878s]       |                [01;35m[K^[m[K
[2.879s] In file included from [01m[K/home/agx/cthree/slam/ros2esp/src/sllidar_ros2/./sdk/include/rplidar_cmd.h:36[m[K,
[2.879s]                  from [01m[K/home/agx/cthree/slam/ros2esp/src/sllidar_ros2/./sdk/include/rplidar.h:40[m[K,
[2.879s]                  from [01m[K/home/agx/cthree/slam/ros2esp/src/sllidar_ros2/./sdk/src/sdkcommon.h:49[m[K,
[2.879s]                  from [01m[K/home/agx/cthree/slam/ros2esp/src/sllidar_ros2/sdk/src/hal/thread.cpp:35[m[K:
[2.879s] [01m[K/home/agx/cthree/slam/ros2esp/src/sllidar_ros2/./sdk/include/sl_lidar_cmd.h:324:20:[m[K [01;35m[Kwarning: [m[KISO C++ forbids zero-size array ‘[01m[Kpayload[m[K’ [[01;35m[K-Wpedantic[m[K]
[2.879s]   324 |     sl_u8  payload[[01;35m[K0[m[K];
[2.879s]       |                    [01;35m[K^[m[K
[2.900s] In file included from [01m[K/home/agx/cthree/slam/ros2esp/src/sllidar_ros2/./sdk/include/rplidar_protocol.h:36[m[K,
[2.901s]                  from [01m[K/home/agx/cthree/slam/ros2esp/src/sllidar_ros2/./sdk/include/rplidar.h:39[m[K,
[2.901s]                  from [01m[K/home/agx/cthree/slam/ros2esp/src/sllidar_ros2/sdk/src/sdkcommon.h:49[m[K,
[2.901s]                  from [01m[K/home/agx/cthree/slam/ros2esp/src/sllidar_ros2/sdk/src/sl_async_transceiver.cpp:35[m[K:
[2.901s] [01m[K/home/agx/cthree/slam/ros2esp/src/sllidar_ros2/./sdk/include/sl_lidar_protocol.h:66:16:[m[K [01;35m[Kwarning: [m[KISO C++ forbids zero-size array ‘[01m[Kdata[m[K’ [[01;35m[K-Wpedantic[m[K]
[2.901s]    66 |     sl_u8 data[[01;35m[K0[m[K];
[2.901s]       |                [01;35m[K^[m[K
[2.902s] In file included from [01m[K/home/agx/cthree/slam/ros2esp/src/sllidar_ros2/./sdk/include/rplidar_cmd.h:36[m[K,
[2.902s]                  from [01m[K/home/agx/cthree/slam/ros2esp/src/sllidar_ros2/./sdk/include/rplidar.h:40[m[K,
[2.902s]                  from [01m[K/home/agx/cthree/slam/ros2esp/src/sllidar_ros2/sdk/src/sdkcommon.h:49[m[K,
[2.902s]                  from [01m[K/home/agx/cthree/slam/ros2esp/src/sllidar_ros2/sdk/src/sl_async_transceiver.cpp:35[m[K:
[2.902s] [01m[K/home/agx/cthree/slam/ros2esp/src/sllidar_ros2/./sdk/include/sl_lidar_cmd.h:324:20:[m[K [01;35m[Kwarning: [m[KISO C++ forbids zero-size array ‘[01m[Kpayload[m[K’ [[01;35m[K-Wpedantic[m[K]
[2.902s]   324 |     sl_u8  payload[[01;35m[K0[m[K];
[2.902s]       |                    [01;35m[K^[m[K
[2.905s] In file included from [01m[K/home/agx/cthree/slam/ros2esp/src/sllidar_ros2/./sdk/include/rplidar_protocol.h:36[m[K,
[2.905s]                  from [01m[K/home/agx/cthree/slam/ros2esp/src/sllidar_ros2/./sdk/include/rplidar.h:39[m[K,
[2.905s]                  from [01m[K/home/agx/cthree/slam/ros2esp/src/sllidar_ros2/./sdk/src/sdkcommon.h:49[m[K,
[2.905s]                  from [01m[K/home/agx/cthree/slam/ros2esp/src/sllidar_ros2/sdk/src/dataunpacker/unpacker/../dataunnpacker_commondef.h:41[m[K,
[2.905s]                  from [01m[K/home/agx/cthree/slam/ros2esp/src/sllidar_ros2/sdk/src/dataunpacker/unpacker/handler_capsules.cpp:39[m[K:
[2.905s] [01m[K/home/agx/cthree/slam/ros2esp/src/sllidar_ros2/./sdk/include/sl_lidar_protocol.h:66:16:[m[K [01;35m[Kwarning: [m[KISO C++ forbids zero-size array ‘[01m[Kdata[m[K’ [[01;35m[K-Wpedantic[m[K]
[2.905s]    66 |     sl_u8 data[[01;35m[K0[m[K];
[2.905s]       |                [01;35m[K^[m[K
[2.906s] In file included from [01m[K/home/agx/cthree/slam/ros2esp/src/sllidar_ros2/./sdk/include/rplidar_cmd.h:36[m[K,
[2.906s]                  from [01m[K/home/agx/cthree/slam/ros2esp/src/sllidar_ros2/./sdk/include/rplidar.h:40[m[K,
[2.906s]                  from [01m[K/home/agx/cthree/slam/ros2esp/src/sllidar_ros2/./sdk/src/sdkcommon.h:49[m[K,
[2.906s]                  from [01m[K/home/agx/cthree/slam/ros2esp/src/sllidar_ros2/sdk/src/dataunpacker/unpacker/../dataunnpacker_commondef.h:41[m[K,
[2.906s]                  from [01m[K/home/agx/cthree/slam/ros2esp/src/sllidar_ros2/sdk/src/dataunpacker/unpacker/handler_capsules.cpp:39[m[K:
[2.906s] [01m[K/home/agx/cthree/slam/ros2esp/src/sllidar_ros2/./sdk/include/sl_lidar_cmd.h:324:20:[m[K [01;35m[Kwarning: [m[KISO C++ forbids zero-size array ‘[01m[Kpayload[m[K’ [[01;35m[K-Wpedantic[m[K]
[2.906s]   324 |     sl_u8  payload[[01;35m[K0[m[K];
[2.906s]       |                    [01;35m[K^[m[K
[2.913s] In file included from [01m[K/home/agx/cthree/slam/ros2esp/src/sllidar_ros2/./sdk/src/arch/linux/arch_linux.h:42[m[K,
[2.914s]                  from [01m[K/home/agx/cthree/slam/ros2esp/src/sllidar_ros2/./sdk/src/sdkcommon.h:41[m[K,
[2.914s]                  from [01m[K/home/agx/cthree/slam/ros2esp/src/sllidar_ros2/sdk/src/arch/linux/net_socket.cpp:10[m[K:
[2.914s] [01m[K/home/agx/cthree/slam/ros2esp/src/sllidar_ros2/sdk/src/arch/linux/net_socket.cpp:[m[K In member function ‘[01m[Kvirtual u_result rp::arch::net::DGramSocketImpl::sendTo(const rp::net::SocketAddress*, const void*, size_t)[m[K’:
[2.914s] [01m[K/home/agx/cthree/slam/ros2esp/src/sllidar_ros2/sdk/src/arch/linux/net_socket.cpp:733:24:[m[K [01;35m[Kwarning: [m[Kcomparison of integer expressions of different signedness: ‘[01m[Kint[m[K’ and ‘[01m[Ksize_t[m[K’ {aka ‘[01m[Klong unsigned int[m[K’} [[01;35m[K-Wsign-compare[m[K]
[2.914s]   733 |             assert([01;35m[Kans == len[m[K);
[2.914s]       |                    [01;35m[K~~~~^~~~~~[m[K
[2.978s] In file included from [01m[K/home/agx/cthree/slam/ros2esp/src/sllidar_ros2/./sdk/include/rplidar_protocol.h:36[m[K,
[2.978s]                  from [01m[K/home/agx/cthree/slam/ros2esp/src/sllidar_ros2/./sdk/include/rplidar.h:39[m[K,
[2.978s]                  from [01m[K/home/agx/cthree/slam/ros2esp/src/sllidar_ros2/./sdk/src/sdkcommon.h:49[m[K,
[2.978s]                  from [01m[K/home/agx/cthree/slam/ros2esp/src/sllidar_ros2/sdk/src/dataunpacker/unpacker/../dataunnpacker_commondef.h:41[m[K,
[2.978s]                  from [01m[K/home/agx/cthree/slam/ros2esp/src/sllidar_ros2/sdk/src/dataunpacker/unpacker/handler_normalnode.cpp:39[m[K:
[2.978s] [01m[K/home/agx/cthree/slam/ros2esp/src/sllidar_ros2/./sdk/include/sl_lidar_protocol.h:66:16:[m[K [01;35m[Kwarning: [m[KISO C++ forbids zero-size array ‘[01m[Kdata[m[K’ [[01;35m[K-Wpedantic[m[K]
[2.978s]    66 |     sl_u8 data[[01;35m[K0[m[K];
[2.978s]       |                [01;35m[K^[m[K
[2.979s] In file included from [01m[K/home/agx/cthree/slam/ros2esp/src/sllidar_ros2/./sdk/include/rplidar_cmd.h:36[m[K,
[2.979s]                  from [01m[K/home/agx/cthree/slam/ros2esp/src/sllidar_ros2/./sdk/include/rplidar.h:40[m[K,
[2.979s]                  from [01m[K/home/agx/cthree/slam/ros2esp/src/sllidar_ros2/./sdk/src/sdkcommon.h:49[m[K,
[2.979s]                  from [01m[K/home/agx/cthree/slam/ros2esp/src/sllidar_ros2/sdk/src/dataunpacker/unpacker/../dataunnpacker_commondef.h:41[m[K,
[2.979s]                  from [01m[K/home/agx/cthree/slam/ros2esp/src/sllidar_ros2/sdk/src/dataunpacker/unpacker/handler_normalnode.cpp:39[m[K:
[2.979s] [01m[K/home/agx/cthree/slam/ros2esp/src/sllidar_ros2/./sdk/include/sl_lidar_cmd.h:324:20:[m[K [01;35m[Kwarning: [m[KISO C++ forbids zero-size array ‘[01m[Kpayload[m[K’ [[01;35m[K-Wpedantic[m[K]
[2.979s]   324 |     sl_u8  payload[[01;35m[K0[m[K];
[2.979s]       |                    [01;35m[K^[m[K
[2.995s] [01m[K/home/agx/cthree/slam/ros2esp/src/sllidar_ros2/sdk/src/arch/linux/net_serial.cpp:[m[K In member function ‘[01m[Kbool rp::arch::net::raw_serial::open(const char*, uint32_t, uint32_t)[m[K’:
[2.995s] [01m[K/home/agx/cthree/slam/ros2esp/src/sllidar_ros2/sdk/src/arch/linux/net_serial.cpp:97:74:[m[K [01;35m[Kwarning: [m[Kunused parameter ‘[01m[Kflags[m[K’ [[01;35m[K-Wunused-parameter[m[K]
[2.995s]    97 | bool raw_serial::open(const char * portname, uint32_t baudrate, [01;35m[Kuint32_t flags[m[K)
[2.995s]       |                                                                 [01;35m[K~~~~~~~~~^~~~~[m[K
[2.996s] [01m[K/home/agx/cthree/slam/ros2esp/src/sllidar_ros2/sdk/src/arch/linux/net_serial.cpp:[m[K In member function ‘[01m[Kvirtual void rp::arch::net::raw_serial::flush(_u32)[m[K’:
[2.996s] [01m[K/home/agx/cthree/slam/ros2esp/src/sllidar_ros2/sdk/src/arch/linux/net_serial.cpp:281:30:[m[K [01;35m[Kwarning: [m[Kunused parameter ‘[01m[Kflags[m[K’ [[01;35m[K-Wunused-parameter[m[K]
[2.996s]   281 | void raw_serial::flush( [01;35m[K_u32 flags[m[K)
[2.996s]       |                         [01;35m[K~~~~~^~~~~[m[K
[2.996s] [01m[K/home/agx/cthree/slam/ros2esp/src/sllidar_ros2/sdk/src/arch/linux/net_serial.cpp:[m[K In member function ‘[01m[Kvirtual int rp::arch::net::raw_serial::waitforsent(_u32, size_t*)[m[K’:
[2.996s] [01m[K/home/agx/cthree/slam/ros2esp/src/sllidar_ros2/sdk/src/arch/linux/net_serial.cpp:286:34:[m[K [01;35m[Kwarning: [m[Kunused parameter ‘[01m[Ktimeout[m[K’ [[01;35m[K-Wunused-parameter[m[K]
[2.996s]   286 | int raw_serial::waitforsent([01;35m[K_u32 timeout[m[K, size_t * returned_size)
[2.996s]       |                             [01;35m[K~~~~~^~~~~~~[m[K
[2.996s] [01m[K/home/agx/cthree/slam/ros2esp/src/sllidar_ros2/sdk/src/arch/linux/net_serial.cpp:[m[K In member function ‘[01m[Kvirtual int rp::arch::net::raw_serial::waitforrecv(_u32, size_t*)[m[K’:
[2.997s] [01m[K/home/agx/cthree/slam/ros2esp/src/sllidar_ros2/sdk/src/arch/linux/net_serial.cpp:292:34:[m[K [01;35m[Kwarning: [m[Kunused parameter ‘[01m[Ktimeout[m[K’ [[01;35m[K-Wunused-parameter[m[K]
[2.997s]   292 | int raw_serial::waitforrecv([01;35m[K_u32 timeout[m[K, size_t * returned_size)
[2.997s]       |                             [01;35m[K~~~~~^~~~~~~[m[K
[2.999s] [01m[K/home/agx/cthree/slam/ros2esp/src/sllidar_ros2/sdk/src/arch/linux/net_serial.cpp:[m[K In member function ‘[01m[Kvirtual void rp::arch::net::raw_serial::cancelOperation()[m[K’:
[2.999s] [01m[K/home/agx/cthree/slam/ros2esp/src/sllidar_ros2/sdk/src/arch/linux/net_serial.cpp:427:5:[m[K [01;35m[Kwarning: [m[Kvalue computed is not used [[01;35m[K-Wunused-value[m[K]
[2.999s]   427 |     [01;35m[K(int)::write(_selfpipe[1], "x", 1)[m[K;
[2.999s]       |     [01;35m[K^~~~~~~~~~~~~~~~~~~~~~~~~~~~~~~~~~[m[K
[3.015s] In file included from [01m[K/home/agx/cthree/slam/ros2esp/src/sllidar_ros2/sdk/src/hal/thread.cpp:43[m[K:
[3.016s] [01m[K/home/agx/cthree/slam/ros2esp/src/sllidar_ros2/./sdk/src/arch/linux/thread.hpp:[m[K In static member function ‘[01m[Kstatic rp::hal::Thread rp::hal::Thread::create(thread_proc_t, void*)[m[K’:
[3.016s] [01m[K/home/agx/cthree/slam/ros2esp/src/sllidar_ros2/./sdk/src/arch/linux/thread.hpp:52:77:[m[K [01;35m[Kwarning: [m[Kcast between incompatible function types from ‘[01m[Kthread_proc_t[m[K’ {aka ‘[01m[Klong unsigned int (*)(void*)[m[K’} to ‘[01m[Kvoid* (*)(void*)[m[K’ [[01;35m[K-Wcast-function-type[m[K]
[3.016s]    52 |     pthread_create((pthread_t *)&newborn._handle, NULL, (void * (*)(void *))[01;35m[Kproc[m[K, data);
[3.016s]       |                                                                             [01;35m[K^~~~[m[K
[3.016s] [01m[K/home/agx/cthree/slam/ros2esp/src/sllidar_ros2/./sdk/src/arch/linux/thread.hpp:[m[K In member function ‘[01m[Ku_result rp::hal::Thread::join(long unsigned int)[m[K’:
[3.016s] [01m[K/home/agx/cthree/slam/ros2esp/src/sllidar_ros2/./sdk/src/arch/linux/thread.hpp:176:37:[m[K [01;35m[Kwarning: [m[Kunused parameter ‘[01m[Ktimeout[m[K’ [[01;35m[K-Wunused-parameter[m[K]
[3.017s]   176 | u_result Thread::join([01;35m[Kunsigned long timeout[m[K)
[3.017s]       |                       [01;35m[K~~~~~~~~~~~~~~^~~~~~~[m[K
[3.057s] In file included from [01m[K/home/agx/cthree/slam/ros2esp/src/sllidar_ros2/sdk/src/dataunpacker/dataunpacker.cpp:40[m[K:
[3.058s] [01m[K/home/agx/cthree/slam/ros2esp/src/sllidar_ros2/sdk/src/dataunpacker/dataunpacker.h:[m[K In member function ‘[01m[Kvirtual void sl::internal::LIDARSampleDataListener::onCustomSampleDataDecoded(_u8, _u32, const void*, size_t)[m[K’:
[3.058s] [01m[K/home/agx/cthree/slam/ros2esp/src/sllidar_ros2/sdk/src/dataunpacker/dataunpacker.h:54:45:[m[K [01;35m[Kwarning: [m[Kunused parameter ‘[01m[KansType[m[K’ [[01;35m[K-Wunused-parameter[m[K]
[3.058s]    54 |  virtual void onCustomSampleDataDecoded([01;35m[K_u8 ansType[m[K, _u32 customCode, const void* data, size_t size) {}
[3.058s]       |                                         [01;35m[K~~~~^~~~~~~[m[K
[3.058s] [01m[K/home/agx/cthree/slam/ros2esp/src/sllidar_ros2/sdk/src/dataunpacker/dataunpacker.h:54:59:[m[K [01;35m[Kwarning: [m[Kunused parameter ‘[01m[KcustomCode[m[K’ [[01;35m[K-Wunused-parameter[m[K]
[3.058s]    54 |  virtual void onCustomSampleDataDecoded(_u8 ansType, [01;35m[K_u32 customCode[m[K, const void* data, size_t size) {}
[3.058s]       |                                                      [01;35m[K~~~~~^~~~~~~~~~[m[K
[3.058s] [01m[K/home/agx/cthree/slam/ros2esp/src/sllidar_ros2/sdk/src/dataunpacker/dataunpacker.h:54:83:[m[K [01;35m[Kwarning: [m[Kunused parameter ‘[01m[Kdata[m[K’ [[01;35m[K-Wunused-parameter[m[K]
[3.058s]    54 |  virtual void onCustomSampleDataDecoded(_u8 ansType, _u32 customCode, [01;35m[Kconst void* data[m[K, size_t size) {}
[3.058s]       |                                                                       [01;35m[K~~~~~~~~~~~~^~~~[m[K
[3.059s] [01m[K/home/agx/cthree/slam/ros2esp/src/sllidar_ros2/sdk/src/dataunpacker/dataunpacker.h:54:96:[m[K [01;35m[Kwarning: [m[Kunused parameter ‘[01m[Ksize[m[K’ [[01;35m[K-Wunused-parameter[m[K]
[3.059s]    54 |  virtual void onCustomSampleDataDecoded(_u8 ansType, _u32 customCode, const void* data, [01;35m[Ksize_t size[m[K) {}
[3.059s]       |                                                                                         [01;35m[K~~~~~~~^~~~[m[K
[3.059s] [01m[K/home/agx/cthree/slam/ros2esp/src/sllidar_ros2/sdk/src/dataunpacker/dataunpacker.h:[m[K In member function ‘[01m[Kvirtual void sl::internal::LIDARSampleDataListener::onDecodingError(int, _u8, const void*, size_t)[m[K’:
[3.059s] [01m[K/home/agx/cthree/slam/ros2esp/src/sllidar_ros2/sdk/src/dataunpacker/dataunpacker.h:56:35:[m[K [01;35m[Kwarning: [m[Kunused parameter ‘[01m[KerrMsg[m[K’ [[01;35m[K-Wunused-parameter[m[K]
[3.059s]    56 |  virtual void onDecodingError([01;35m[Kint errMsg[m[K, _u8 ansType, const void* payload, size_t size) {}
[3.059s]       |                               [01;35m[K~~~~^~~~~~[m[K
[3.059s] [01m[K/home/agx/cthree/slam/ros2esp/src/sllidar_ros2/sdk/src/dataunpacker/dataunpacker.h:56:47:[m[K [01;35m[Kwarning: [m[Kunused parameter ‘[01m[KansType[m[K’ [[01;35m[K-Wunused-parameter[m[K]
[3.059s]    56 |  virtual void onDecodingError(int errMsg, [01;35m[K_u8 ansType[m[K, const void* payload, size_t size) {}
[3.059s]       |                                           [01;35m[K~~~~^~~~~~~[m[K
[3.059s] [01m[K/home/agx/cthree/slam/ros2esp/src/sllidar_ros2/sdk/src/dataunpacker/dataunpacker.h:56:68:[m[K [01;35m[Kwarning: [m[Kunused parameter ‘[01m[Kpayload[m[K’ [[01;35m[K-Wunused-parameter[m[K]
[3.059s]    56 |  virtual void onDecodingError(int errMsg, _u8 ansType, [01;35m[Kconst void* payload[m[K, size_t size) {}
[3.060s]       |                                                        [01;35m[K~~~~~~~~~~~~^~~~~~~[m[K
[3.060s] [01m[K/home/agx/cthree/slam/ros2esp/src/sllidar_ros2/sdk/src/dataunpacker/dataunpacker.h:56:84:[m[K [01;35m[Kwarning: [m[Kunused parameter ‘[01m[Ksize[m[K’ [[01;35m[K-Wunused-parameter[m[K]
[3.060s]    56 |  virtual void onDecodingError(int errMsg, _u8 ansType, const void* payload, [01;35m[Ksize_t size[m[K) {}
[3.060s]       |                                                                             [01;35m[K~~~~~~~^~~~[m[K
[3.074s] [01m[K/home/agx/cthree/slam/ros2esp/src/sllidar_ros2/sdk/src/rplidar_driver.cpp:[m[K In member function ‘[01m[Ku_result rp::standalone::rplidar::RPlidarDriver::connect(const char*, _u32, _u32)[m[K’:
[3.075s] [01m[K/home/agx/cthree/slam/ros2esp/src/sllidar_ros2/sdk/src/rplidar_driver.cpp:67:77:[m[K [01;35m[Kwarning: [m[Kunused parameter ‘[01m[Kflag[m[K’ [[01;35m[K-Wunused-parameter[m[K]
[3.075s]    67 |     u_result RPlidarDriver::connect(const char *path, _u32 portOrBaud, [01;35m[K_u32 flag[m[K)
[3.075s]       |                                                                        [01;35m[K~~~~~^~~~[m[K
[3.075s] [01m[K/home/agx/cthree/slam/ros2esp/src/sllidar_ros2/sdk/src/rplidar_driver.cpp:[m[K In member function ‘[01m[Ku_result rp::standalone::rplidar::RPlidarDriver::reset(_u32)[m[K’:
[3.075s] [01m[K/home/agx/cthree/slam/ros2esp/src/sllidar_ros2/sdk/src/rplidar_driver.cpp:101:40:[m[K [01;35m[Kwarning: [m[Kunused parameter ‘[01m[Ktimeout[m[K’ [[01;35m[K-Wunused-parameter[m[K]
[3.075s]   101 |     u_result RPlidarDriver::reset([01;35m[K_u32 timeout[m[K)
[3.075s]       |                                   [01;35m[K~~~~~^~~~~~~[m[K
[3.076s] [01m[K/home/agx/cthree/slam/ros2esp/src/sllidar_ros2/sdk/src/rplidar_driver.cpp:[m[K In member function ‘[01m[Ku_result rp::standalone::rplidar::RPlidarDriver::getScanDataWithInterval(rplidar_response_measurement_node_t*, size_t&)[m[K’:
[3.076s] [01m[K/home/agx/cthree/slam/ros2esp/src/sllidar_ros2/sdk/src/rplidar_driver.cpp:180:91:[m[K [01;35m[Kwarning: [m[Kunused parameter ‘[01m[Knodebuffer[m[K’ [[01;35m[K-Wunused-parameter[m[K]
[3.076s]   180 |     u_result RPlidarDriver::getScanDataWithInterval([01;35m[Krplidar_response_measurement_node_t * nodebuffer[m[K, size_t & count)
[3.076s]       |                                                     [01;35m[K~~~~~~~~~~~~~~~~~~~~~~~~~~~~~~~~~~~~~~^~~~~~~~~~[m[K
[3.076s] [01m[K/home/agx/cthree/slam/ros2esp/src/sllidar_ros2/sdk/src/rplidar_driver.cpp:180:112:[m[K [01;35m[Kwarning: [m[Kunused parameter ‘[01m[Kcount[m[K’ [[01;35m[K-Wunused-parameter[m[K]
[3.076s]   180 |     u_result RPlidarDriver::getScanDataWithInterval(rplidar_response_measurement_node_t * nodebuffer, [01;35m[Ksize_t & count[m[K)
[3.076s]       |                                                                                                       [01;35m[K~~~~~~~~~^~~~~[m[K
[3.103s] In file included from [01m[K/home/agx/cthree/slam/ros2esp/src/sllidar_ros2/sdk/src/dataunpacker/unpacker/handler_hqnode.cpp:40[m[K:
[3.103s] [01m[K/home/agx/cthree/slam/ros2esp/src/sllidar_ros2/sdk/src/dataunpacker/unpacker/../dataunpacker.h:[m[K In member function ‘[01m[Kvirtual void sl::internal::LIDARSampleDataListener::onCustomSampleDataDecoded(_u8, _u32, const void*, size_t)[m[K’:
[3.103s] [01m[K/home/agx/cthree/slam/ros2esp/src/sllidar_ros2/sdk/src/dataunpacker/unpacker/../dataunpacker.h:54:45:[m[K [01;35m[Kwarning: [m[Kunused parameter ‘[01m[KansType[m[K’ [[01;35m[K-Wunused-parameter[m[K]
[3.103s]    54 |  virtual void onCustomSampleDataDecoded([01;35m[K_u8 ansType[m[K, _u32 customCode, const void* data, size_t size) {}
[3.103s]       |                                         [01;35m[K~~~~^~~~~~~[m[K
[3.103s] [01m[K/home/agx/cthree/slam/ros2esp/src/sllidar_ros2/sdk/src/dataunpacker/unpacker/../dataunpacker.h:54:59:[m[K [01;35m[Kwarning: [m[Kunused parameter ‘[01m[KcustomCode[m[K’ [[01;35m[K-Wunused-parameter[m[K]
[3.103s]    54 |  virtual void onCustomSampleDataDecoded(_u8 ansType, [01;35m[K_u32 customCode[m[K, const void* data, size_t size) {}
[3.104s]       |                                                      [01;35m[K~~~~~^~~~~~~~~~[m[K
[3.104s] [01m[K/home/agx/cthree/slam/ros2esp/src/sllidar_ros2/sdk/src/dataunpacker/unpacker/../dataunpacker.h:54:83:[m[K [01;35m[Kwarning: [m[Kunused parameter ‘[01m[Kdata[m[K’ [[01;35m[K-Wunused-parameter[m[K]
[3.104s]    54 |  virtual void onCustomSampleDataDecoded(_u8 ansType, _u32 customCode, [01;35m[Kconst void* data[m[K, size_t size) {}
[3.104s]       |                                                                       [01;35m[K~~~~~~~~~~~~^~~~[m[K
[3.104s] [01m[K/home/agx/cthree/slam/ros2esp/src/sllidar_ros2/sdk/src/dataunpacker/unpacker/../dataunpacker.h:54:96:[m[K [01;35m[Kwarning: [m[Kunused parameter ‘[01m[Ksize[m[K’ [[01;35m[K-Wunused-parameter[m[K]
[3.104s]    54 |  virtual void onCustomSampleDataDecoded(_u8 ansType, _u32 customCode, const void* data, [01;35m[Ksize_t size[m[K) {}
[3.104s]       |                                                                                         [01;35m[K~~~~~~~^~~~[m[K
[3.104s] [01m[K/home/agx/cthree/slam/ros2esp/src/sllidar_ros2/sdk/src/dataunpacker/unpacker/../dataunpacker.h:[m[K In member function ‘[01m[Kvirtual void sl::internal::LIDARSampleDataListener::onDecodingError(int, _u8, const void*, size_t)[m[K’:
[3.104s] [01m[K/home/agx/cthree/slam/ros2esp/src/sllidar_ros2/sdk/src/dataunpacker/unpacker/../dataunpacker.h:56:35:[m[K [01;35m[Kwarning: [m[Kunused parameter ‘[01m[KerrMsg[m[K’ [[01;35m[K-Wunused-parameter[m[K]
[3.104s]    56 |  virtual void onDecodingError([01;35m[Kint errMsg[m[K, _u8 ansType, const void* payload, size_t size) {}
[3.104s]       |                               [01;35m[K~~~~^~~~~~[m[K
[3.104s] [01m[K/home/agx/cthree/slam/ros2esp/src/sllidar_ros2/sdk/src/dataunpacker/unpacker/../dataunpacker.h:56:47:[m[K [01;35m[Kwarning: [m[Kunused parameter ‘[01m[KansType[m[K’ [[01;35m[K-Wunused-parameter[m[K]
[3.105s]    56 |  virtual void onDecodingError(int errMsg, [01;35m[K_u8 ansType[m[K, const void* payload, size_t size) {}
[3.105s]       |                                           [01;35m[K~~~~^~~~~~~[m[K
[3.105s] [01m[K/home/agx/cthree/slam/ros2esp/src/sllidar_ros2/sdk/src/dataunpacker/unpacker/../dataunpacker.h:56:68:[m[K [01;35m[Kwarning: [m[Kunused parameter ‘[01m[Kpayload[m[K’ [[01;35m[K-Wunused-parameter[m[K]
[3.105s]    56 |  virtual void onDecodingError(int errMsg, _u8 ansType, [01;35m[Kconst void* payload[m[K, size_t size) {}
[3.105s]       |                                                        [01;35m[K~~~~~~~~~~~~^~~~~~~[m[K
[3.105s] [01m[K/home/agx/cthree/slam/ros2esp/src/sllidar_ros2/sdk/src/dataunpacker/unpacker/../dataunpacker.h:56:84:[m[K [01;35m[Kwarning: [m[Kunused parameter ‘[01m[Ksize[m[K’ [[01;35m[K-Wunused-parameter[m[K]
[3.105s]    56 |  virtual void onDecodingError(int errMsg, _u8 ansType, const void* payload, [01;35m[Ksize_t size[m[K) {}
[3.105s]       |                                                                             [01;35m[K~~~~~~~^~~~[m[K
[3.109s] [ 65%] [32mBuilding CXX object CMakeFiles/sllidar_node.dir/sdk/src/sl_crc.cpp.o[0m
[3.112s] In file included from [01m[K/home/agx/cthree/slam/ros2esp/src/sllidar_ros2/sdk/src/sl_async_transceiver.cpp:44[m[K:
[3.112s] [01m[K/home/agx/cthree/slam/ros2esp/src/sllidar_ros2/sdk/src/sl_async_transceiver.h:[m[K In member function ‘[01m[Kvirtual void sl::internal::IAsyncProtocolCodec::onChannelError(u_result)[m[K’:
[3.113s] [01m[K/home/agx/cthree/slam/ros2esp/src/sllidar_ros2/sdk/src/sl_async_transceiver.h:90:41:[m[K [01;35m[Kwarning: [m[Kunused parameter ‘[01m[KerrCode[m[K’ [[01;35m[K-Wunused-parameter[m[K]
[3.113s]    90 |  virtual void   onChannelError([01;35m[Ku_result errCode[m[K) {}
[3.113s]       |                                [01;35m[K~~~~~~~~~^~~~~~~[m[K
[3.166s] In file included from [01m[K/home/agx/cthree/slam/ros2esp/src/sllidar_ros2/sdk/src/dataunpacker/unpacker/handler_capsules.cpp:40[m[K:
[3.166s] [01m[K/home/agx/cthree/slam/ros2esp/src/sllidar_ros2/sdk/src/dataunpacker/unpacker/../dataunpacker.h:[m[K In member function ‘[01m[Kvirtual void sl::internal::LIDARSampleDataListener::onCustomSampleDataDecoded(_u8, _u32, const void*, size_t)[m[K’:
[3.166s] [01m[K/home/agx/cthree/slam/ros2esp/src/sllidar_ros2/sdk/src/dataunpacker/unpacker/../dataunpacker.h:54:45:[m[K [01;35m[Kwarning: [m[Kunused parameter ‘[01m[KansType[m[K’ [[01;35m[K-Wunused-parameter[m[K]
[3.166s]    54 |  virtual void onCustomSampleDataDecoded([01;35m[K_u8 ansType[m[K, _u32 customCode, const void* data, size_t size) {}
[3.166s]       |                                         [01;35m[K~~~~^~~~~~~[m[K
[3.167s] [01m[K/home/agx/cthree/slam/ros2esp/src/sllidar_ros2/sdk/src/dataunpacker/unpacker/../dataunpacker.h:54:59:[m[K [01;35m[Kwarning: [m[Kunused parameter ‘[01m[KcustomCode[m[K’ [[01;35m[K-Wunused-parameter[m[K]
[3.167s]    54 |  virtual void onCustomSampleDataDecoded(_u8 ansType, [01;35m[K_u32 customCode[m[K, const void* data, size_t size) {}
[3.167s]       |                                                      [01;35m[K~~~~~^~~~~~~~~~[m[K
[3.167s] [01m[K/home/agx/cthree/slam/ros2esp/src/sllidar_ros2/sdk/src/dataunpacker/unpacker/../dataunpacker.h:54:83:[m[K [01;35m[Kwarning: [m[Kunused parameter ‘[01m[Kdata[m[K’ [[01;35m[K-Wunused-parameter[m[K]
[3.167s]    54 |  virtual void onCustomSampleDataDecoded(_u8 ansType, _u32 customCode, [01;35m[Kconst void* data[m[K, size_t size) {}
[3.167s]       |                                                                       [01;35m[K~~~~~~~~~~~~^~~~[m[K
[3.167s] [01m[K/home/agx/cthree/slam/ros2esp/src/sllidar_ros2/sdk/src/dataunpacker/unpacker/../dataunpacker.h:54:96:[m[K [01;35m[Kwarning: [m[Kunused parameter ‘[01m[Ksize[m[K’ [[01;35m[K-Wunused-parameter[m[K]
[3.167s]    54 |  virtual void onCustomSampleDataDecoded(_u8 ansType, _u32 customCode, const void* data, [01;35m[Ksize_t size[m[K) {}
[3.167s]       |                                                                                         [01;35m[K~~~~~~~^~~~[m[K
[3.167s] [01m[K/home/agx/cthree/slam/ros2esp/src/sllidar_ros2/sdk/src/dataunpacker/unpacker/../dataunpacker.h:[m[K In member function ‘[01m[Kvirtual void sl::internal::LIDARSampleDataListener::onDecodingError(int, _u8, const void*, size_t)[m[K’:
[3.167s] [01m[K/home/agx/cthree/slam/ros2esp/src/sllidar_ros2/sdk/src/dataunpacker/unpacker/../dataunpacker.h:56:35:[m[K [01;35m[Kwarning: [m[Kunused parameter ‘[01m[KerrMsg[m[K’ [[01;35m[K-Wunused-parameter[m[K]
[3.167s]    56 |  virtual void onDecodingError([01;35m[Kint errMsg[m[K, _u8 ansType, const void* payload, size_t size) {}
[3.168s]       |                               [01;35m[K~~~~^~~~~~[m[K
[3.168s] [01m[K/home/agx/cthree/slam/ros2esp/src/sllidar_ros2/sdk/src/dataunpacker/unpacker/../dataunpacker.h:56:47:[m[K [01;35m[Kwarning: [m[Kunused parameter ‘[01m[KansType[m[K’ [[01;35m[K-Wunused-parameter[m[K]
[3.168s]    56 |  virtual void onDecodingError(int errMsg, [01;35m[K_u8 ansType[m[K, const void* payload, size_t size) {}
[3.168s]       |                                           [01;35m[K~~~~^~~~~~~[m[K
[3.168s] [01m[K/home/agx/cthree/slam/ros2esp/src/sllidar_ros2/sdk/src/dataunpacker/unpacker/../dataunpacker.h:56:68:[m[K [01;35m[Kwarning: [m[Kunused parameter ‘[01m[Kpayload[m[K’ [[01;35m[K-Wunused-parameter[m[K]
[3.168s]    56 |  virtual void onDecodingError(int errMsg, _u8 ansType, [01;35m[Kconst void* payload[m[K, size_t size) {}
[3.168s]       |                                                        [01;35m[K~~~~~~~~~~~~^~~~~~~[m[K
[3.168s] [01m[K/home/agx/cthree/slam/ros2esp/src/sllidar_ros2/sdk/src/dataunpacker/unpacker/../dataunpacker.h:56:84:[m[K [01;35m[Kwarning: [m[Kunused parameter ‘[01m[Ksize[m[K’ [[01;35m[K-Wunused-parameter[m[K]
[3.168s]    56 |  virtual void onDecodingError(int errMsg, _u8 ansType, const void* payload, [01;35m[Ksize_t size[m[K) {}
[3.169s]       |                                                                             [01;35m[K~~~~~~~^~~~[m[K
[3.169s] In file included from [01m[K/home/agx/cthree/slam/ros2esp/src/sllidar_ros2/./sdk/include/sl_lidar_cmd.h:41[m[K,
[3.169s]                  from [01m[K/home/agx/cthree/slam/ros2esp/src/sllidar_ros2/./sdk/include/sl_crc.h:36[m[K,
[3.169s]                  from [01m[K/home/agx/cthree/slam/ros2esp/src/sllidar_ros2/sdk/src/sl_crc.cpp:33[m[K:
[3.169s] [01m[K/home/agx/cthree/slam/ros2esp/src/sllidar_ros2/./sdk/include/sl_lidar_protocol.h:66:16:[m[K [01;35m[Kwarning: [m[KISO C++ forbids zero-size array ‘[01m[Kdata[m[K’ [[01;35m[K-Wpedantic[m[K]
[3.169s]    66 |     sl_u8 data[[01;35m[K0[m[K];
[3.169s]       |                [01;35m[K^[m[K
[3.169s] In file included from [01m[K/home/agx/cthree/slam/ros2esp/src/sllidar_ros2/./sdk/include/sl_crc.h:36[m[K,
[3.169s]                  from [01m[K/home/agx/cthree/slam/ros2esp/src/sllidar_ros2/sdk/src/sl_crc.cpp:33[m[K:
[3.170s] [01m[K/home/agx/cthree/slam/ros2esp/src/sllidar_ros2/./sdk/include/sl_lidar_cmd.h:324:20:[m[K [01;35m[Kwarning: [m[KISO C++ forbids zero-size array ‘[01m[Kpayload[m[K’ [[01;35m[K-Wpedantic[m[K]
[3.170s]   324 |     sl_u8  payload[[01;35m[K0[m[K];
[3.170s]       |                    [01;35m[K^[m[K
[3.183s] [01m[K/home/agx/cthree/slam/ros2esp/src/sllidar_ros2/sdk/src/dataunpacker/unpacker/handler_capsules.cpp:[m[K In member function ‘[01m[Kvoid sl::internal::unpacker::UnpackerHandler_DenseCapsuleNode::_onScanNodeDenseCapsuleData(rplidar_response_dense_capsule_measurement_nodes_t&, sl::internal::LIDARSampleDataUnpackerInner*)[m[K’:
[3.183s] [01m[K/home/agx/cthree/slam/ros2esp/src/sllidar_ros2/sdk/src/dataunpacker/unpacker/handler_capsules.cpp:763:108:[m[K [01;35m[Kwarning: [m[Ktype qualifiers ignored on cast result type [[01;35m[K-Wignored-qualifiers[m[K]
[3.184s]   763 |             const int dist = static_cast<const int>(_cached_previous_dense_capsuledata.cabins[pos].distance[01;35m[K)[m[K;
[3.184s]       |                                                                                                            [01;35m[K^[m[K
[3.195s] [ 70%] [32mBuilding CXX object CMakeFiles/sllidar_node.dir/sdk/src/sl_lidar_driver.cpp.o[0m
[3.226s] [ 75%] [32mBuilding CXX object CMakeFiles/sllidar_node.dir/sdk/src/sl_lidarprotocol_codec.cpp.o[0m
[3.243s] [ 80%] [32mBuilding CXX object CMakeFiles/sllidar_node.dir/sdk/src/sl_serial_channel.cpp.o[0m
[3.253s] [ 85%] [32mBuilding CXX object CMakeFiles/sllidar_node.dir/sdk/src/sl_tcp_channel.cpp.o[0m
[3.278s] In file included from [01m[K/home/agx/cthree/slam/ros2esp/src/sllidar_ros2/sdk/src/dataunpacker/unpacker/handler_normalnode.cpp:40[m[K:
[3.278s] [01m[K/home/agx/cthree/slam/ros2esp/src/sllidar_ros2/sdk/src/dataunpacker/unpacker/../dataunpacker.h:[m[K In member function ‘[01m[Kvirtual void sl::internal::LIDARSampleDataListener::onCustomSampleDataDecoded(_u8, _u32, const void*, size_t)[m[K’:
[3.278s] [01m[K/home/agx/cthree/slam/ros2esp/src/sllidar_ros2/sdk/src/dataunpacker/unpacker/../dataunpacker.h:54:45:[m[K [01;35m[Kwarning: [m[Kunused parameter ‘[01m[KansType[m[K’ [[01;35m[K-Wunused-parameter[m[K]
[3.278s]    54 |  virtual void onCustomSampleDataDecoded([01;35m[K_u8 ansType[m[K, _u32 customCode, const void* data, size_t size) {}
[3.279s]       |                                         [01;35m[K~~~~^~~~~~~[m[K
[3.279s] [01m[K/home/agx/cthree/slam/ros2esp/src/sllidar_ros2/sdk/src/dataunpacker/unpacker/../dataunpacker.h:54:59:[m[K [01;35m[Kwarning: [m[Kunused parameter ‘[01m[KcustomCode[m[K’ [[01;35m[K-Wunused-parameter[m[K]
[3.279s]    54 |  virtual void onCustomSampleDataDecoded(_u8 ansType, [01;35m[K_u32 customCode[m[K, const void* data, size_t size) {}
[3.279s]       |                                                      [01;35m[K~~~~~^~~~~~~~~~[m[K
[3.279s] [01m[K/home/agx/cthree/slam/ros2esp/src/sllidar_ros2/sdk/src/dataunpacker/unpacker/../dataunpacker.h:54:83:[m[K [01;35m[Kwarning: [m[Kunused parameter ‘[01m[Kdata[m[K’ [[01;35m[K-Wunused-parameter[m[K]
[3.279s]    54 |  virtual void onCustomSampleDataDecoded(_u8 ansType, _u32 customCode, [01;35m[Kconst void* data[m[K, size_t size) {}
[3.279s]       |                                                                       [01;35m[K~~~~~~~~~~~~^~~~[m[K
[3.279s] [01m[K/home/agx/cthree/slam/ros2esp/src/sllidar_ros2/sdk/src/dataunpacker/unpacker/../dataunpacker.h:54:96:[m[K [01;35m[Kwarning: [m[Kunused parameter ‘[01m[Ksize[m[K’ [[01;35m[K-Wunused-parameter[m[K]
[3.279s]    54 |  virtual void onCustomSampleDataDecoded(_u8 ansType, _u32 customCode, const void* data, [01;35m[Ksize_t size[m[K) {}
[3.279s]       |                                                                                         [01;35m[K~~~~~~~^~~~[m[K
[3.279s] [01m[K/home/agx/cthree/slam/ros2esp/src/sllidar_ros2/sdk/src/dataunpacker/unpacker/../dataunpacker.h:[m[K In member function ‘[01m[Kvirtual void sl::internal::LIDARSampleDataListener::onDecodingError(int, _u8, const void*, size_t)[m[K’:
[3.279s] [01m[K/home/agx/cthree/slam/ros2esp/src/sllidar_ros2/sdk/src/dataunpacker/unpacker/../dataunpacker.h:56:35:[m[K [01;35m[Kwarning: [m[Kunused parameter ‘[01m[KerrMsg[m[K’ [[01;35m[K-Wunused-parameter[m[K]
[3.280s]    56 |  virtual void onDecodingError([01;35m[Kint errMsg[m[K, _u8 ansType, const void* payload, size_t size) {}
[3.280s]       |                               [01;35m[K~~~~^~~~~~[m[K
[3.280s] [01m[K/home/agx/cthree/slam/ros2esp/src/sllidar_ros2/sdk/src/dataunpacker/unpacker/../dataunpacker.h:56:47:[m[K [01;35m[Kwarning: [m[Kunused parameter ‘[01m[KansType[m[K’ [[01;35m[K-Wunused-parameter[m[K]
[3.280s]    56 |  virtual void onDecodingError(int errMsg, [01;35m[K_u8 ansType[m[K, const void* payload, size_t size) {}
[3.280s]       |                                           [01;35m[K~~~~^~~~~~~[m[K
[3.280s] [01m[K/home/agx/cthree/slam/ros2esp/src/sllidar_ros2/sdk/src/dataunpacker/unpacker/../dataunpacker.h:56:68:[m[K [01;35m[Kwarning: [m[Kunused parameter ‘[01m[Kpayload[m[K’ [[01;35m[K-Wunused-parameter[m[K]
[3.280s]    56 |  virtual void onDecodingError(int errMsg, _u8 ansType, [01;35m[Kconst void* payload[m[K, size_t size) {}
[3.280s]       |                                                        [01;35m[K~~~~~~~~~~~~^~~~~~~[m[K
[3.280s] [01m[K/home/agx/cthree/slam/ros2esp/src/sllidar_ros2/sdk/src/dataunpacker/unpacker/../dataunpacker.h:56:84:[m[K [01;35m[Kwarning: [m[Kunused parameter ‘[01m[Ksize[m[K’ [[01;35m[K-Wunused-parameter[m[K]
[3.280s]    56 |  virtual void onDecodingError(int errMsg, _u8 ansType, const void* payload, [01;35m[Ksize_t size[m[K) {}
[3.280s]       |                                                                             [01;35m[K~~~~~~~^~~~[m[K
[3.311s] [ 90%] [32mBuilding CXX object CMakeFiles/sllidar_node.dir/sdk/src/sl_udp_channel.cpp.o[0m
[3.638s] In file included from [01m[K/home/agx/cthree/slam/ros2esp/src/sllidar_ros2/./sdk/include/sl_lidar_cmd.h:41[m[K,
[3.638s]                  from [01m[K/home/agx/cthree/slam/ros2esp/src/sllidar_ros2/./sdk/include/sl_lidar_driver.h:54[m[K,
[3.638s]                  from [01m[K/home/agx/cthree/slam/ros2esp/src/sllidar_ros2/sdk/src/sl_serial_channel.cpp:33[m[K:
[3.638s] [01m[K/home/agx/cthree/slam/ros2esp/src/sllidar_ros2/./sdk/include/sl_lidar_protocol.h:66:16:[m[K [01;35m[Kwarning: [m[KISO C++ forbids zero-size array ‘[01m[Kdata[m[K’ [[01;35m[K-Wpedantic[m[K]
[3.638s]    66 |     sl_u8 data[[01;35m[K0[m[K];
[3.638s]       |                [01;35m[K^[m[K
[3.638s] In file included from [01m[K/home/agx/cthree/slam/ros2esp/src/sllidar_ros2/./sdk/include/sl_lidar_driver.h:54[m[K,
[3.638s]                  from [01m[K/home/agx/cthree/slam/ros2esp/src/sllidar_ros2/sdk/src/sl_serial_channel.cpp:33[m[K:
[3.639s] [01m[K/home/agx/cthree/slam/ros2esp/src/sllidar_ros2/./sdk/include/sl_lidar_cmd.h:324:20:[m[K [01;35m[Kwarning: [m[KISO C++ forbids zero-size array ‘[01m[Kpayload[m[K’ [[01;35m[K-Wpedantic[m[K]
[3.639s]   324 |     sl_u8  payload[[01;35m[K0[m[K];
[3.639s]       |                    [01;35m[K^[m[K
[3.668s] In file included from [01m[K/home/agx/cthree/slam/ros2esp/src/sllidar_ros2/./sdk/include/sl_lidar_cmd.h:41[m[K,
[3.668s]                  from [01m[K/home/agx/cthree/slam/ros2esp/src/sllidar_ros2/./sdk/include/sl_lidar_driver.h:54[m[K,
[3.668s]                  from [01m[K/home/agx/cthree/slam/ros2esp/src/sllidar_ros2/sdk/src/sl_tcp_channel.cpp:33[m[K:
[3.668s] [01m[K/home/agx/cthree/slam/ros2esp/src/sllidar_ros2/./sdk/include/sl_lidar_protocol.h:66:16:[m[K [01;35m[Kwarning: [m[KISO C++ forbids zero-size array ‘[01m[Kdata[m[K’ [[01;35m[K-Wpedantic[m[K]
[3.668s]    66 |     sl_u8 data[[01;35m[K0[m[K];
[3.668s]       |                [01;35m[K^[m[K
[3.669s] In file included from [01m[K/home/agx/cthree/slam/ros2esp/src/sllidar_ros2/./sdk/include/sl_lidar_driver.h:54[m[K,
[3.669s]                  from [01m[K/home/agx/cthree/slam/ros2esp/src/sllidar_ros2/sdk/src/sl_tcp_channel.cpp:33[m[K:
[3.669s] [01m[K/home/agx/cthree/slam/ros2esp/src/sllidar_ros2/./sdk/include/sl_lidar_cmd.h:324:20:[m[K [01;35m[Kwarning: [m[KISO C++ forbids zero-size array ‘[01m[Kpayload[m[K’ [[01;35m[K-Wpedantic[m[K]
[3.669s]   324 |     sl_u8  payload[[01;35m[K0[m[K];
[3.670s]       |                    [01;35m[K^[m[K
[3.676s] [01m[K/home/agx/cthree/slam/ros2esp/src/sllidar_ros2/sdk/src/sl_tcp_channel.cpp:[m[K In member function ‘[01m[Kvoid sl::TcpChannel::setStatus(_u32)[m[K’:
[3.676s] [01m[K/home/agx/cthree/slam/ros2esp/src/sllidar_ros2/sdk/src/sl_tcp_channel.cpp:109:29:[m[K [01;35m[Kwarning: [m[Kunused parameter ‘[01m[Kflag[m[K’ [[01;35m[K-Wunused-parameter[m[K]
[3.676s]   109 |         void setStatus([01;35m[K_u32 flag[m[K){}
[3.676s]       |                        [01;35m[K~~~~~^~~~[m[K
[3.721s] In file included from [01m[K/home/agx/cthree/slam/ros2esp/src/sllidar_ros2/./sdk/include/sl_lidar_cmd.h:41[m[K,
[3.721s]                  from [01m[K/home/agx/cthree/slam/ros2esp/src/sllidar_ros2/./sdk/include/sl_lidar_driver.h:54[m[K,
[3.721s]                  from [01m[K/home/agx/cthree/slam/ros2esp/src/sllidar_ros2/sdk/src/sl_udp_channel.cpp:33[m[K:
[3.721s] [01m[K/home/agx/cthree/slam/ros2esp/src/sllidar_ros2/./sdk/include/sl_lidar_protocol.h:66:16:[m[K [01;35m[Kwarning: [m[KISO C++ forbids zero-size array ‘[01m[Kdata[m[K’ [[01;35m[K-Wpedantic[m[K]
[3.721s]    66 |     sl_u8 data[[01;35m[K0[m[K];
[3.721s]       |                [01;35m[K^[m[K
[3.722s] In file included from [01m[K/home/agx/cthree/slam/ros2esp/src/sllidar_ros2/./sdk/include/sl_lidar_driver.h:54[m[K,
[3.722s]                  from [01m[K/home/agx/cthree/slam/ros2esp/src/sllidar_ros2/sdk/src/sl_udp_channel.cpp:33[m[K:
[3.722s] [01m[K/home/agx/cthree/slam/ros2esp/src/sllidar_ros2/./sdk/include/sl_lidar_cmd.h:324:20:[m[K [01;35m[Kwarning: [m[KISO C++ forbids zero-size array ‘[01m[Kpayload[m[K’ [[01;35m[K-Wpedantic[m[K]
[3.722s]   324 |     sl_u8  payload[[01;35m[K0[m[K];
[3.722s]       |                    [01;35m[K^[m[K
[3.729s] [01m[K/home/agx/cthree/slam/ros2esp/src/sllidar_ros2/sdk/src/sl_udp_channel.cpp:[m[K In member function ‘[01m[Kvoid sl::UdpChannel::setStatus(_u32)[m[K’:
[3.729s] [01m[K/home/agx/cthree/slam/ros2esp/src/sllidar_ros2/sdk/src/sl_udp_channel.cpp:112:29:[m[K [01;35m[Kwarning: [m[Kunused parameter ‘[01m[Kflag[m[K’ [[01;35m[K-Wunused-parameter[m[K]
[3.729s]   112 |         void setStatus([01;35m[K_u32 flag[m[K){}
[3.729s]       |                        [01;35m[K~~~~~^~~~[m[K
[3.783s] In file included from [01m[K/home/agx/cthree/slam/ros2esp/src/sllidar_ros2/./sdk/include/rplidar_protocol.h:36[m[K,
[3.783s]                  from [01m[K/home/agx/cthree/slam/ros2esp/src/sllidar_ros2/./sdk/include/rplidar.h:39[m[K,
[3.784s]                  from [01m[K/home/agx/cthree/slam/ros2esp/src/sllidar_ros2/sdk/src/sdkcommon.h:49[m[K,
[3.784s]                  from [01m[K/home/agx/cthree/slam/ros2esp/src/sllidar_ros2/sdk/src/sl_lidarprotocol_codec.cpp:35[m[K:
[3.784s] [01m[K/home/agx/cthree/slam/ros2esp/src/sllidar_ros2/./sdk/include/sl_lidar_protocol.h:66:16:[m[K [01;35m[Kwarning: [m[KISO C++ forbids zero-size array ‘[01m[Kdata[m[K’ [[01;35m[K-Wpedantic[m[K]
[3.784s]    66 |     sl_u8 data[[01;35m[K0[m[K];
[3.784s]       |                [01;35m[K^[m[K
[3.784s] In file included from [01m[K/home/agx/cthree/slam/ros2esp/src/sllidar_ros2/./sdk/include/rplidar_cmd.h:36[m[K,
[3.784s]                  from [01m[K/home/agx/cthree/slam/ros2esp/src/sllidar_ros2/./sdk/include/rplidar.h:40[m[K,
[3.784s]                  from [01m[K/home/agx/cthree/slam/ros2esp/src/sllidar_ros2/sdk/src/sdkcommon.h:49[m[K,
[3.784s]                  from [01m[K/home/agx/cthree/slam/ros2esp/src/sllidar_ros2/sdk/src/sl_lidarprotocol_codec.cpp:35[m[K:
[3.784s] [01m[K/home/agx/cthree/slam/ros2esp/src/sllidar_ros2/./sdk/include/sl_lidar_cmd.h:324:20:[m[K [01;35m[Kwarning: [m[KISO C++ forbids zero-size array ‘[01m[Kpayload[m[K’ [[01;35m[K-Wpedantic[m[K]
[3.785s]   324 |     sl_u8  payload[[01;35m[K0[m[K];
[3.785s]       |                    [01;35m[K^[m[K
[3.796s] In file included from [01m[K/home/agx/cthree/slam/ros2esp/src/sllidar_ros2/./sdk/include/rplidar_protocol.h:36[m[K,
[3.797s]                  from [01m[K/home/agx/cthree/slam/ros2esp/src/sllidar_ros2/./sdk/include/rplidar.h:39[m[K,
[3.797s]                  from [01m[K/home/agx/cthree/slam/ros2esp/src/sllidar_ros2/sdk/src/sdkcommon.h:49[m[K,
[3.797s]                  from [01m[K/home/agx/cthree/slam/ros2esp/src/sllidar_ros2/sdk/src/sl_lidar_driver.cpp:33[m[K:
[3.797s] [01m[K/home/agx/cthree/slam/ros2esp/src/sllidar_ros2/./sdk/include/sl_lidar_protocol.h:66:16:[m[K [01;35m[Kwarning: [m[KISO C++ forbids zero-size array ‘[01m[Kdata[m[K’ [[01;35m[K-Wpedantic[m[K]
[3.797s]    66 |     sl_u8 data[[01;35m[K0[m[K];
[3.797s]       |                [01;35m[K^[m[K
[3.797s] In file included from [01m[K/home/agx/cthree/slam/ros2esp/src/sllidar_ros2/./sdk/include/rplidar_cmd.h:36[m[K,
[3.797s]                  from [01m[K/home/agx/cthree/slam/ros2esp/src/sllidar_ros2/./sdk/include/rplidar.h:40[m[K,
[3.797s]                  from [01m[K/home/agx/cthree/slam/ros2esp/src/sllidar_ros2/sdk/src/sdkcommon.h:49[m[K,
[3.797s]                  from [01m[K/home/agx/cthree/slam/ros2esp/src/sllidar_ros2/sdk/src/sl_lidar_driver.cpp:33[m[K:
[3.798s] [01m[K/home/agx/cthree/slam/ros2esp/src/sllidar_ros2/./sdk/include/sl_lidar_cmd.h:324:20:[m[K [01;35m[Kwarning: [m[KISO C++ forbids zero-size array ‘[01m[Kpayload[m[K’ [[01;35m[K-Wpedantic[m[K]
[3.798s]   324 |     sl_u8  payload[[01;35m[K0[m[K];
[3.798s]       |                    [01;35m[K^[m[K
[4.039s] In file included from [01m[K/home/agx/cthree/slam/ros2esp/src/sllidar_ros2/sdk/src/sl_lidarprotocol_codec.cpp:49[m[K:
[4.039s] [01m[K/home/agx/cthree/slam/ros2esp/src/sllidar_ros2/sdk/src/sl_async_transceiver.h:[m[K In member function ‘[01m[Kvirtual void sl::internal::IAsyncProtocolCodec::onChannelError(u_result)[m[K’:
[4.039s] [01m[K/home/agx/cthree/slam/ros2esp/src/sllidar_ros2/sdk/src/sl_async_transceiver.h:90:41:[m[K [01;35m[Kwarning: [m[Kunused parameter ‘[01m[KerrCode[m[K’ [[01;35m[K-Wunused-parameter[m[K]
[4.039s]    90 |  virtual void   onChannelError([01;35m[Ku_result errCode[m[K) {}
[4.039s]       |                                [01;35m[K~~~~~~~~~^~~~~~~[m[K
[4.083s] In file included from [01m[K/home/agx/cthree/slam/ros2esp/src/sllidar_ros2/sdk/src/sl_lidar_driver.cpp:50[m[K:
[4.083s] [01m[K/home/agx/cthree/slam/ros2esp/src/sllidar_ros2/sdk/src/dataunpacker/dataunpacker.h:[m[K In member function ‘[01m[Kvirtual void sl::internal::LIDARSampleDataListener::onCustomSampleDataDecoded(_u8, _u32, const void*, size_t)[m[K’:
[4.083s] [01m[K/home/agx/cthree/slam/ros2esp/src/sllidar_ros2/sdk/src/dataunpacker/dataunpacker.h:54:45:[m[K [01;35m[Kwarning: [m[Kunused parameter ‘[01m[KansType[m[K’ [[01;35m[K-Wunused-parameter[m[K]
[4.083s]    54 |  virtual void onCustomSampleDataDecoded([01;35m[K_u8 ansType[m[K, _u32 customCode, const void* data, size_t size) {}
[4.083s]       |                                         [01;35m[K~~~~^~~~~~~[m[K
[4.084s] [01m[K/home/agx/cthree/slam/ros2esp/src/sllidar_ros2/sdk/src/dataunpacker/dataunpacker.h:54:59:[m[K [01;35m[Kwarning: [m[Kunused parameter ‘[01m[KcustomCode[m[K’ [[01;35m[K-Wunused-parameter[m[K]
[4.084s]    54 |  virtual void onCustomSampleDataDecoded(_u8 ansType, [01;35m[K_u32 customCode[m[K, const void* data, size_t size) {}
[4.084s]       |                                                      [01;35m[K~~~~~^~~~~~~~~~[m[K
[4.084s] [01m[K/home/agx/cthree/slam/ros2esp/src/sllidar_ros2/sdk/src/dataunpacker/dataunpacker.h:54:83:[m[K [01;35m[Kwarning: [m[Kunused parameter ‘[01m[Kdata[m[K’ [[01;35m[K-Wunused-parameter[m[K]
[4.084s]    54 |  virtual void onCustomSampleDataDecoded(_u8 ansType, _u32 customCode, [01;35m[Kconst void* data[m[K, size_t size) {}
[4.084s]       |                                                                       [01;35m[K~~~~~~~~~~~~^~~~[m[K
[4.084s] [01m[K/home/agx/cthree/slam/ros2esp/src/sllidar_ros2/sdk/src/dataunpacker/dataunpacker.h:54:96:[m[K [01;35m[Kwarning: [m[Kunused parameter ‘[01m[Ksize[m[K’ [[01;35m[K-Wunused-parameter[m[K]
[4.084s]    54 |  virtual void onCustomSampleDataDecoded(_u8 ansType, _u32 customCode, const void* data, [01;35m[Ksize_t size[m[K) {}
[4.084s]       |                                                                                         [01;35m[K~~~~~~~^~~~[m[K
[4.084s] [01m[K/home/agx/cthree/slam/ros2esp/src/sllidar_ros2/sdk/src/dataunpacker/dataunpacker.h:[m[K In member function ‘[01m[Kvirtual void sl::internal::LIDARSampleDataListener::onDecodingError(int, _u8, const void*, size_t)[m[K’:
[4.084s] [01m[K/home/agx/cthree/slam/ros2esp/src/sllidar_ros2/sdk/src/dataunpacker/dataunpacker.h:56:35:[m[K [01;35m[Kwarning: [m[Kunused parameter ‘[01m[KerrMsg[m[K’ [[01;35m[K-Wunused-parameter[m[K]
[4.084s]    56 |  virtual void onDecodingError([01;35m[Kint errMsg[m[K, _u8 ansType, const void* payload, size_t size) {}
[4.084s]       |                               [01;35m[K~~~~^~~~~~[m[K
[4.085s] [01m[K/home/agx/cthree/slam/ros2esp/src/sllidar_ros2/sdk/src/dataunpacker/dataunpacker.h:56:47:[m[K [01;35m[Kwarning: [m[Kunused parameter ‘[01m[KansType[m[K’ [[01;35m[K-Wunused-parameter[m[K]
[4.085s]    56 |  virtual void onDecodingError(int errMsg, [01;35m[K_u8 ansType[m[K, const void* payload, size_t size) {}
[4.085s]       |                                           [01;35m[K~~~~^~~~~~~[m[K
[4.085s] [01m[K/home/agx/cthree/slam/ros2esp/src/sllidar_ros2/sdk/src/dataunpacker/dataunpacker.h:56:68:[m[K [01;35m[Kwarning: [m[Kunused parameter ‘[01m[Kpayload[m[K’ [[01;35m[K-Wunused-parameter[m[K]
[4.085s]    56 |  virtual void onDecodingError(int errMsg, _u8 ansType, [01;35m[Kconst void* payload[m[K, size_t size) {}
[4.085s]       |                                                        [01;35m[K~~~~~~~~~~~~^~~~~~~[m[K
[4.085s] [01m[K/home/agx/cthree/slam/ros2esp/src/sllidar_ros2/sdk/src/dataunpacker/dataunpacker.h:56:84:[m[K [01;35m[Kwarning: [m[Kunused parameter ‘[01m[Ksize[m[K’ [[01;35m[K-Wunused-parameter[m[K]
[4.085s]    56 |  virtual void onDecodingError(int errMsg, _u8 ansType, const void* payload, [01;35m[Ksize_t size[m[K) {}
[4.085s]       |                                                                             [01;35m[K~~~~~~~^~~~[m[K
[4.096s] In file included from [01m[K/home/agx/cthree/slam/ros2esp/src/sllidar_ros2/sdk/src/sl_lidar_driver.cpp:51[m[K:
[4.096s] [01m[K/home/agx/cthree/slam/ros2esp/src/sllidar_ros2/sdk/src/sl_async_transceiver.h:[m[K In member function ‘[01m[Kvirtual void sl::internal::IAsyncProtocolCodec::onChannelError(u_result)[m[K’:
[4.096s] [01m[K/home/agx/cthree/slam/ros2esp/src/sllidar_ros2/sdk/src/sl_async_transceiver.h:90:41:[m[K [01;35m[Kwarning: [m[Kunused parameter ‘[01m[KerrCode[m[K’ [[01;35m[K-Wunused-parameter[m[K]
[4.096s]    90 |  virtual void   onChannelError([01;35m[Ku_result errCode[m[K) {}
[4.096s]       |                                [01;35m[K~~~~~~~~~^~~~~~~[m[K
[4.135s] [01m[K/home/agx/cthree/slam/ros2esp/src/sllidar_ros2/sdk/src/sl_lidar_driver.cpp:[m[K In member function ‘[01m[Kvirtual sl_result sl::SlamtecLidarDriver::reset(sl_u32)[m[K’:
[4.135s] [01m[K/home/agx/cthree/slam/ros2esp/src/sllidar_ros2/sdk/src/sl_lidar_driver.cpp:511:32:[m[K [01;35m[Kwarning: [m[Kunused parameter ‘[01m[KtimeoutInMs[m[K’ [[01;35m[K-Wunused-parameter[m[K]
[4.135s]   511 |         sl_result reset([01;35m[Ksl_u32 timeoutInMs = DEFAULT_TIMEOUT[m[K)
[4.135s]       |                         [01;35m[K~~~~~~~^~~~~~~~~~~~~~~~~~~~~~~~~~~~~[m[K
[4.140s] [01m[K/home/agx/cthree/slam/ros2esp/src/sllidar_ros2/sdk/src/sl_lidar_driver.cpp:[m[K In member function ‘[01m[Kvirtual sl_result sl::SlamtecLidarDriver::startScan(bool, bool, sl_u32, sl::LidarScanMode*)[m[K’:
[4.141s] [01m[K/home/agx/cthree/slam/ros2esp/src/sllidar_ros2/sdk/src/sl_lidar_driver.cpp:586:69:[m[K [01;35m[Kwarning: [m[Kunused parameter ‘[01m[Koptions[m[K’ [[01;35m[K-Wunused-parameter[m[K]
[4.141s]   586 |         sl_result startScan(bool force, bool useTypicalScan, [01;35m[Ksl_u32 options = 0[m[K, LidarScanMode* outUsedScanMode = nullptr)
[4.141s]       |                                                              [01;35m[K~~~~~~~^~~~~~~~~~~[m[K
[4.143s] [01m[K/home/agx/cthree/slam/ros2esp/src/sllidar_ros2/sdk/src/sl_lidar_driver.cpp:[m[K In member function ‘[01m[Kvirtual sl_result sl::SlamtecLidarDriver::stop(sl_u32)[m[K’:
[4.144s] [01m[K/home/agx/cthree/slam/ros2esp/src/sllidar_ros2/sdk/src/sl_lidar_driver.cpp:763:31:[m[K [01;35m[Kwarning: [m[Kunused parameter ‘[01m[Ktimeout[m[K’ [[01;35m[K-Wunused-parameter[m[K]
[4.144s]   763 |         sl_result stop([01;35m[Ksl_u32 timeout = DEFAULT_TIMEOUT[m[K)
[4.144s]       |                        [01;35m[K~~~~~~~^~~~~~~~~~~~~~~~~~~~~~~~~[m[K
[4.147s] [01m[K/home/agx/cthree/slam/ros2esp/src/sllidar_ros2/sdk/src/sl_lidar_driver.cpp:[m[K In member function ‘[01m[Kvirtual sl_result sl::SlamtecLidarDriver::getFrequency(const sl::LidarScanMode&, const sl_lidar_response_measurement_node_hq_t*, size_t, float&)[m[K’:
[4.147s] [01m[K/home/agx/cthree/slam/ros2esp/src/sllidar_ros2/sdk/src/sl_lidar_driver.cpp:880:110:[m[K [01;35m[Kwarning: [m[Kunused parameter ‘[01m[Knodes[m[K’ [[01;35m[K-Wunused-parameter[m[K]
[4.147s]   880 |         sl_result getFrequency(const LidarScanMode& scanMode, [01;35m[Kconst sl_lidar_response_measurement_node_hq_t* nodes[m[K, size_t count, float& frequency)
[4.147s]       |                                                               [01;35m[K~~~~~~~~~~~~~~~~~~~~~~~~~~~~~~~~~~~~~~~~~~~~~~~^~~~~[m[K
[4.150s] [01m[K/home/agx/cthree/slam/ros2esp/src/sllidar_ros2/sdk/src/sl_lidar_driver.cpp:[m[K In member function ‘[01m[Kvirtual sl_result sl::SlamtecLidarDriver::getMotorInfo(sl::LidarMotorInfo&, sl_u32)[m[K’:
[4.150s] [01m[K/home/agx/cthree/slam/ros2esp/src/sllidar_ros2/sdk/src/sl_lidar_driver.cpp:1023:66:[m[K [01;35m[Kwarning: [m[Kunused parameter ‘[01m[KtimeoutInMs[m[K’ [[01;35m[K-Wunused-parameter[m[K]
[4.150s]  1023 |         sl_result getMotorInfo(LidarMotorInfo &motorInfo, [01;35m[Ksl_u32 timeoutInMs[m[K)
[4.151s]       |                                                           [01;35m[K~~~~~~~^~~~~~~~~~~[m[K
[4.152s] [01m[K/home/agx/cthree/slam/ros2esp/src/sllidar_ros2/sdk/src/sl_lidar_driver.cpp:[m[K In member function ‘[01m[Ku_result sl::SlamtecLidarDriver::getScanModeCount(sl_u16&, sl_u32)[m[K’:
[4.152s] [01m[K/home/agx/cthree/slam/ros2esp/src/sllidar_ros2/sdk/src/sl_lidar_driver.cpp:1199:61:[m[K [01;35m[Kwarning: [m[Kunused parameter ‘[01m[KtimeoutInMs[m[K’ [[01;35m[K-Wunused-parameter[m[K]
[4.152s]  1199 |         u_result getScanModeCount(sl_u16& modeCount, [01;35m[Ksl_u32 timeoutInMs = DEFAULT_TIMEOUT[m[K)
[4.152s]       |                                                      [01;35m[K~~~~~~~^~~~~~~~~~~~~~~~~~~~~~~~~~~~~[m[K
[4.213s] /home/agx/cthree/slam/ros2esp/src/sllidar_ros2/sdk/src/sl_lidar_driver.cpp: In instantiation of ‘[01m[Kvoid sl::RawSampleNodeHolder<T>::pushNode(_u64, const T*) [with T = sl_lidar_response_measurement_node_hq_t; _u64 = long unsigned int][m[K’:
[4.213s] [01m[K/home/agx/cthree/slam/ros2esp/src/sllidar_ros2/sdk/src/sl_lidar_driver.cpp:1648:61:[m[K   required from here
[4.213s] [01m[K/home/agx/cthree/slam/ros2esp/src/sllidar_ros2/sdk/src/sl_lidar_driver.cpp:202:28:[m[K [01;35m[Kwarning: [m[Kunused parameter ‘[01m[Ktimestamp_uS[m[K’ [[01;35m[K-Wunused-parameter[m[K]
[4.213s]   202 |         void pushNode([01;35m[K_u64 timestamp_uS[m[K, const T* node)
[4.213s]       |                       [01;35m[K~~~~~^~~~~~~~~~~~[m[K
[4.398s] [01m[K/home/agx/cthree/slam/ros2esp/src/sllidar_ros2/sdk/src/sl_lidar_driver.cpp:[m[K At global scope:
[4.398s] [01m[K/home/agx/cthree/slam/ros2esp/src/sllidar_ros2/sdk/src/sl_lidar_driver.cpp:83:17:[m[K [01;35m[Kwarning: [m[K‘[01m[Kvoid sl::convert(const sl_lidar_response_measurement_node_hq_t&, sl_lidar_response_measurement_node_t&)[m[K’ defined but not used [[01;35m[K-Wunused-function[m[K]
[4.398s]    83 |     static void [01;35m[Kconvert[m[K(const sl_lidar_response_measurement_node_hq_t& from, sl_lidar_response_measurement_node_t& to)
[4.398s]       |                 [01;35m[K^~~~~~~[m[K
[4.398s] [01m[K/home/agx/cthree/slam/ros2esp/src/sllidar_ros2/sdk/src/sl_lidar_driver.cpp:75:17:[m[K [01;35m[Kwarning: [m[K‘[01m[Kvoid sl::convert(const sl_lidar_response_measurement_node_t&, sl_lidar_response_measurement_node_hq_t&)[m[K’ defined but not used [[01;35m[K-Wunused-function[m[K]
[4.398s]    75 |     static void [01;35m[Kconvert[m[K(const sl_lidar_response_measurement_node_t& from, sl_lidar_response_measurement_node_hq_t& to)
[4.398s]       |                 [01;35m[K^~~~~~~[m[K
[4.398s] [01m[K/home/agx/cthree/slam/ros2esp/src/sllidar_ros2/sdk/src/sl_lidar_driver.cpp:70:17:[m[K [01;35m[Kwarning: [m[K‘[01m[Kvoid sl::printDeprecationWarn(const char*, const char*)[m[K’ defined but not used [[01;35m[K-Wunused-function[m[K]
[4.398s]    70 |     static void [01;35m[KprintDeprecationWarn[m[K(const char* fn, const char* replacement)
[4.398s]       |                 [01;35m[K^~~~~~~~~~~~~~~~~~~~[m[K
[6.111s] In file included from [01m[K/home/agx/cthree/slam/ros2esp/src/sllidar_ros2/./sdk/include/sl_lidar_cmd.h:41[m[K,
[6.112s]                  from [01m[K/home/agx/cthree/slam/ros2esp/src/sllidar_ros2/./sdk/include/sl_lidar_driver.h:54[m[K,
[6.112s]                  from [01m[K/home/agx/cthree/slam/ros2esp/src/sllidar_ros2/./sdk/include/sl_lidar.h:36[m[K,
[6.112s]                  from [01m[K/home/agx/cthree/slam/ros2esp/src/sllidar_ros2/src/sllidar_node.cpp:38[m[K:
[6.112s] [01m[K/home/agx/cthree/slam/ros2esp/src/sllidar_ros2/./sdk/include/sl_lidar_protocol.h:66:16:[m[K [01;35m[Kwarning: [m[KISO C++ forbids zero-size array ‘[01m[Kdata[m[K’ [[01;35m[K-Wpedantic[m[K]
[6.112s]    66 |     sl_u8 data[[01;35m[K0[m[K];
[6.112s]       |                [01;35m[K^[m[K
[6.112s] In file included from [01m[K/home/agx/cthree/slam/ros2esp/src/sllidar_ros2/./sdk/include/sl_lidar_driver.h:54[m[K,
[6.113s]                  from [01m[K/home/agx/cthree/slam/ros2esp/src/sllidar_ros2/./sdk/include/sl_lidar.h:36[m[K,
[6.113s]                  from [01m[K/home/agx/cthree/slam/ros2esp/src/sllidar_ros2/src/sllidar_node.cpp:38[m[K:
[6.113s] [01m[K/home/agx/cthree/slam/ros2esp/src/sllidar_ros2/./sdk/include/sl_lidar_cmd.h:324:20:[m[K [01;35m[Kwarning: [m[KISO C++ forbids zero-size array ‘[01m[Kpayload[m[K’ [[01;35m[K-Wpedantic[m[K]
[6.113s]   324 |     sl_u8  payload[[01;35m[K0[m[K];
[6.113s]       |                    [01;35m[K^[m[K
[10.956s] [ 95%] [32m[1mLinking CXX executable sllidar_node[0m
[11.380s] [ 95%] Built target sllidar_node
[15.735s] [100%] [32m[1mLinking CXX executable sllidar_client[0m
[16.398s] [100%] Built target sllidar_client
[16.416s] Invoked command in '/home/agx/cthree/slam/ros2esp/build/sllidar_ros2' returned '0': CMAKE_PREFIX_PATH=${CMAKE_PREFIX_PATH}:/opt/ros/humble /usr/bin/cmake --build /home/agx/cthree/slam/ros2esp/build/sllidar_ros2 -- -j12 -l12
[16.419s] Invoking command in '/home/agx/cthree/slam/ros2esp/build/sllidar_ros2': CMAKE_PREFIX_PATH=${CMAKE_PREFIX_PATH}:/opt/ros/humble /usr/bin/cmake --install /home/agx/cthree/slam/ros2esp/build/sllidar_ros2
[16.431s] -- Install configuration: ""
[16.431s] -- Installing: /home/agx/cthree/slam/ros2esp/install/sllidar_ros2/share/sllidar_ros2/launch
[16.431s] -- Installing: /home/agx/cthree/slam/ros2esp/install/sllidar_ros2/share/sllidar_ros2/launch/view_sllidar_a2m12_launch.py
[16.431s] -- Installing: /home/agx/cthree/slam/ros2esp/install/sllidar_ros2/share/sllidar_ros2/launch/view_sllidar_s1_tcp_launch.py
[16.432s] -- Installing: /home/agx/cthree/slam/ros2esp/install/sllidar_ros2/share/sllidar_ros2/launch/sllidar_a1_launch.py
[16.432s] -- Installing: /home/agx/cthree/slam/ros2esp/install/sllidar_ros2/share/sllidar_ros2/launch/view_sllidar_s1_launch.py
[16.432s] -- Installing: /home/agx/cthree/slam/ros2esp/install/sllidar_ros2/share/sllidar_ros2/launch/view_sllidar_s2_launch.py
[16.432s] -- Installing: /home/agx/cthree/slam/ros2esp/install/sllidar_ros2/share/sllidar_ros2/launch/sllidar_t1_launch.py
[16.432s] -- Installing: /home/agx/cthree/slam/ros2esp/install/sllidar_ros2/share/sllidar_ros2/launch/view_sllidar_a2m8_launch.py
[16.433s] -- Installing: /home/agx/cthree/slam/ros2esp/install/sllidar_ros2/share/sllidar_ros2/launch/view_sllidar_a2m7_launch.py
[16.433s] -- Installing: /home/agx/cthree/slam/ros2esp/install/sllidar_ros2/share/sllidar_ros2/launch/sllidar_s1_tcp_launch.py
[16.433s] -- Installing: /home/agx/cthree/slam/ros2esp/install/sllidar_ros2/share/sllidar_ros2/launch/view_sllidar_s2e_launch.py
[16.433s] -- Installing: /home/agx/cthree/slam/ros2esp/install/sllidar_ros2/share/sllidar_ros2/launch/view_sllidar_c1_launch.py
[16.434s] -- Installing: /home/agx/cthree/slam/ros2esp/install/sllidar_ros2/share/sllidar_ros2/launch/sllidar_s2_launch.py
[16.434s] -- Installing: /home/agx/cthree/slam/ros2esp/install/sllidar_ros2/share/sllidar_ros2/launch/sllidar_s1_launch.py
[16.434s] -- Installing: /home/agx/cthree/slam/ros2esp/install/sllidar_ros2/share/sllidar_ros2/launch/sllidar_s3_launch.py
[16.434s] -- Installing: /home/agx/cthree/slam/ros2esp/install/sllidar_ros2/share/sllidar_ros2/launch/view_sllidar_t1_launch.py
[16.435s] -- Installing: /home/agx/cthree/slam/ros2esp/install/sllidar_ros2/share/sllidar_ros2/launch/sllidar_a2m12_launch .py
[16.435s] -- Installing: /home/agx/cthree/slam/ros2esp/install/sllidar_ros2/share/sllidar_ros2/launch/sllidar_c1_launch.py
[16.435s] -- Installing: /home/agx/cthree/slam/ros2esp/install/sllidar_ros2/share/sllidar_ros2/launch/view_sllidar_a3_launch.py
[16.435s] -- Installing: /home/agx/cthree/slam/ros2esp/install/sllidar_ros2/share/sllidar_ros2/launch/view_sllidar_s3_launch.py
[16.435s] -- Installing: /home/agx/cthree/slam/ros2esp/install/sllidar_ros2/share/sllidar_ros2/launch/sllidar_a2m8_launch.py
[16.436s] -- Installing: /home/agx/cthree/slam/ros2esp/install/sllidar_ros2/share/sllidar_ros2/launch/sllidar_a3_launch.py
[16.436s] -- Installing: /home/agx/cthree/slam/ros2esp/install/sllidar_ros2/share/sllidar_ros2/launch/view_sllidar_a1_launch.py
[16.436s] -- Installing: /home/agx/cthree/slam/ros2esp/install/sllidar_ros2/share/sllidar_ros2/launch/sllidar_s2e_launch.py
[16.436s] -- Installing: /home/agx/cthree/slam/ros2esp/install/sllidar_ros2/share/sllidar_ros2/launch/sllidar_a2m7_launch.py
[16.437s] -- Installing: /home/agx/cthree/slam/ros2esp/install/sllidar_ros2/share/sllidar_ros2/rviz
[16.437s] -- Installing: /home/agx/cthree/slam/ros2esp/install/sllidar_ros2/share/sllidar_ros2/rviz/sllidar_ros2.rviz
[16.437s] -- Installing: /home/agx/cthree/slam/ros2esp/install/sllidar_ros2/lib/sllidar_ros2/sllidar_node
[16.440s] -- Set runtime path of "/home/agx/cthree/slam/ros2esp/install/sllidar_ros2/lib/sllidar_ros2/sllidar_node" to ""
[16.440s] -- Installing: /home/agx/cthree/slam/ros2esp/install/sllidar_ros2/lib/sllidar_ros2/sllidar_client
[16.446s] -- Set runtime path of "/home/agx/cthree/slam/ros2esp/install/sllidar_ros2/lib/sllidar_ros2/sllidar_client" to ""
[16.447s] -- Installing: /home/agx/cthree/slam/ros2esp/install/sllidar_ros2/share/ament_index/resource_index/package_run_dependencies/sllidar_ros2
[16.447s] -- Installing: /home/agx/cthree/slam/ros2esp/install/sllidar_ros2/share/ament_index/resource_index/parent_prefix_path/sllidar_ros2
[16.447s] -- Installing: /home/agx/cthree/slam/ros2esp/install/sllidar_ros2/share/sllidar_ros2/environment/ament_prefix_path.sh
[16.447s] -- Installing: /home/agx/cthree/slam/ros2esp/install/sllidar_ros2/share/sllidar_ros2/environment/ament_prefix_path.dsv
[16.447s] -- Installing: /home/agx/cthree/slam/ros2esp/install/sllidar_ros2/share/sllidar_ros2/environment/path.sh
[16.447s] -- Installing: /home/agx/cthree/slam/ros2esp/install/sllidar_ros2/share/sllidar_ros2/environment/path.dsv
[16.447s] -- Installing: /home/agx/cthree/slam/ros2esp/install/sllidar_ros2/share/sllidar_ros2/local_setup.bash
[16.448s] -- Installing: /home/agx/cthree/slam/ros2esp/install/sllidar_ros2/share/sllidar_ros2/local_setup.sh
[16.448s] -- Installing: /home/agx/cthree/slam/ros2esp/install/sllidar_ros2/share/sllidar_ros2/local_setup.zsh
[16.448s] -- Installing: /home/agx/cthree/slam/ros2esp/install/sllidar_ros2/share/sllidar_ros2/local_setup.dsv
[16.448s] -- Installing: /home/agx/cthree/slam/ros2esp/install/sllidar_ros2/share/sllidar_ros2/package.dsv
[16.448s] -- Installing: /home/agx/cthree/slam/ros2esp/install/sllidar_ros2/share/ament_index/resource_index/packages/sllidar_ros2
[16.449s] -- Installing: /home/agx/cthree/slam/ros2esp/install/sllidar_ros2/share/sllidar_ros2/cmake/ament_cmake_export_dependencies-extras.cmake
[16.449s] -- Installing: /home/agx/cthree/slam/ros2esp/install/sllidar_ros2/share/sllidar_ros2/cmake/ament_cmake_export_include_directories-extras.cmake
[16.449s] -- Installing: /home/agx/cthree/slam/ros2esp/install/sllidar_ros2/share/sllidar_ros2/cmake/sllidar_ros2Config.cmake
[16.449s] -- Installing: /home/agx/cthree/slam/ros2esp/install/sllidar_ros2/share/sllidar_ros2/cmake/sllidar_ros2Config-version.cmake
[16.449s] -- Installing: /home/agx/cthree/slam/ros2esp/install/sllidar_ros2/share/sllidar_ros2/package.xml
[16.454s] Invoked command in '/home/agx/cthree/slam/ros2esp/build/sllidar_ros2' returned '0': CMAKE_PREFIX_PATH=${CMAKE_PREFIX_PATH}:/opt/ros/humble /usr/bin/cmake --install /home/agx/cthree/slam/ros2esp/build/sllidar_ros2
