[0.029s] Invoking command in '/home/agx/cthree/slam/nav2fishbot/build/nav2_costmap_2d': AMENT_PREFIX_PATH=/home/agx/cthree/slam/nav2fishbot/install/nav2_map_server:/home/agx/cthree/slam/nav2fishbot/install/nav2_lifecycle_manager:/home/agx/cthree/slam/nav2fishbot/install/nav2_util:/home/agx/cthree/slam/nav2fishbot/install/nav2_voxel_grid:/home/agx/cthree/slam/nav2fishbot/install/nav2_msgs:/home/agx/cthree/slam/nav2fishbot/install/nav2_common:${AMENT_PREFIX_PATH} CMAKE_PREFIX_PATH=/home/agx/cthree/slam/nav2fishbot/install/nav2_map_server:/home/agx/cthree/slam/nav2fishbot/install/nav2_lifecycle_manager:/home/agx/cthree/slam/nav2fishbot/install/nav2_util:/home/agx/cthree/slam/nav2fishbot/install/nav2_voxel_grid:/home/agx/cthree/slam/nav2fishbot/install/nav2_msgs:/home/agx/cthree/slam/nav2fishbot/install/nav2_common:/home/agx/cthree/slam/OVD-SLAM10/Examples/ros2/install/orbslam3:/home/agx/cthree/slam/cam_ws/install/realsense2_description:/home/agx/cthree/slam/cam_ws/install/realsense2_camera:/home/agx/cthree/slam/cam_ws/install/realsense2_camera_msgs:/opt/ros/humble LD_LIBRARY_PATH=/home/agx/cthree/slam/nav2fishbot/install/nav2_map_server/lib:/home/agx/cthree/slam/nav2fishbot/install/nav2_lifecycle_manager/lib:/home/agx/cthree/slam/nav2fishbot/install/nav2_util/lib:/home/agx/cthree/slam/nav2fishbot/install/nav2_voxel_grid/lib:/home/agx/cthree/slam/nav2fishbot/install/nav2_msgs/lib:/home/agx/cthree/slam/cam_ws/install/realsense2_camera/lib:/home/agx/cthree/slam/cam_ws/install/realsense2_camera_msgs/lib:/opt/ros/humble/opt/rviz_ogre_vendor/lib:/opt/ros/humble/lib/aarch64-linux-gnu:/opt/ros/humble/lib:/usr/local/lib PYTHONPATH=/home/agx/cthree/slam/nav2fishbot/install/nav2_msgs/local/lib/python3.10/dist-packages:/home/agx/cthree/slam/nav2fishbot/install/nav2_common/local/lib/python3.10/dist-packages:${PYTHONPATH} /usr/bin/cmake /home/agx/cthree/slam/nav2fishbot/src/fishbot/src/navigation/nav2_costmap_2d -DCMAKE_INSTALL_PREFIX=/home/agx/cthree/slam/nav2fishbot/install/nav2_costmap_2d
[0.113s] -- The C compiler identification is GNU 9.5.0
[0.194s] -- The CXX compiler identification is GNU 9.5.0
[0.205s] -- Detecting C compiler ABI info
[0.309s] -- Detecting C compiler ABI info - done
[0.318s] -- Check for working C compiler: /usr/bin/cc - skipped
[0.318s] -- Detecting C compile features
[0.319s] -- Detecting C compile features - done
[0.325s] -- Detecting CXX compiler ABI info
[0.442s] -- Detecting CXX compiler ABI info - done
[0.451s] -- Check for working CXX compiler: /usr/bin/c++ - skipped
[0.451s] -- Detecting CXX compile features
[0.452s] -- Detecting CXX compile features - done
[0.457s] -- Found ament_cmake: 1.3.12 (/opt/ros/humble/share/ament_cmake/cmake)
[0.752s] -- Found Python3: /usr/bin/python3 (found version "3.10.12") found components: Interpreter 
[0.958s] -- Found geometry_msgs: 4.9.0 (/opt/ros/humble/share/geometry_msgs/cmake)
[1.040s] -- Found rosidl_generator_c: 3.1.7 (/opt/ros/humble/share/rosidl_generator_c/cmake)
[1.054s] -- Found rosidl_adapter: 3.1.7 (/opt/ros/humble/share/rosidl_adapter/cmake)
[1.071s] -- Found rosidl_generator_cpp: 3.1.7 (/opt/ros/humble/share/rosidl_generator_cpp/cmake)
[1.097s] -- Using all available rosidl_typesupport_c: rosidl_typesupport_fastrtps_c;rosidl_typesupport_introspection_c
[1.131s] -- Using all available rosidl_typesupport_cpp: rosidl_typesupport_fastrtps_cpp;rosidl_typesupport_introspection_cpp
[1.202s] -- Found laser_geometry: 2.4.1 (/opt/ros/humble/share/laser_geometry/cmake)
[1.311s] -- Found rmw_implementation_cmake: 6.1.2 (/opt/ros/humble/share/rmw_implementation_cmake/cmake)
[1.318s] -- Found rmw_fastrtps_cpp: 6.2.9 (/opt/ros/humble/share/rmw_fastrtps_cpp/cmake)
[1.506s] -- Found OpenSSL: /usr/lib/aarch64-linux-gnu/libcrypto.so (found version "3.0.2")  
[1.564s] -- Found FastRTPS: /opt/ros/humble/include  
[1.647s] -- Using RMW implementation 'rmw_fastrtps_cpp' as default
[1.669s] -- Looking for pthread.h
[2.014s] -- Looking for pthread.h - found
[2.014s] -- Performing Test CMAKE_HAVE_LIBC_PTHREAD
[2.287s] -- Performing Test CMAKE_HAVE_LIBC_PTHREAD - Success
[2.288s] -- Found Threads: TRUE  
[2.449s] -- Found map_msgs: 2.1.0 (/opt/ros/humble/share/map_msgs/cmake)
[2.510s] -- Found message_filters: 4.3.11 (/opt/ros/humble/share/message_filters/cmake)
[2.515s] -- Found nav2_common: 1.1.0 (/home/agx/cthree/slam/nav2fishbot/install/nav2_common/share/nav2_common/cmake)
[2.517s] -- Found nav2_msgs: 1.1.0 (/home/agx/cthree/slam/nav2fishbot/install/nav2_msgs/share/nav2_msgs/cmake)
[2.604s] -- Found nav2_util: 1.1.0 (/home/agx/cthree/slam/nav2fishbot/install/nav2_util/share/nav2_util/cmake)
[2.735s] -- Found Eigen3: TRUE (found version "3.4.0") 
[2.735s] -- Ensuring Eigen3 include directory is part of orocos-kdl CMake target
[2.834s] -- Found nav2_voxel_grid: 1.1.0 (/home/agx/cthree/slam/nav2fishbot/install/nav2_voxel_grid/share/nav2_voxel_grid/cmake)
[2.841s] -- Found pluginlib: 5.1.2 (/opt/ros/humble/share/pluginlib/cmake)
[2.878s] -- Found tf2_sensor_msgs: 0.25.17 (/opt/ros/humble/share/tf2_sensor_msgs/cmake)
[2.895s] -- Found visualization_msgs: 4.9.0 (/opt/ros/humble/share/visualization_msgs/cmake)
[2.929s] -- Found angles: 1.15.0 (/opt/ros/humble/share/angles/cmake)
[2.934s] -- Setting build type to Release as none was specified.
[3.183s] -- Found ament_lint_auto: 0.12.14 (/opt/ros/humble/share/ament_lint_auto/cmake)
[3.565s] -- Found gtest sources under '/opt/ros/humble/src/gtest_vendor': C++ tests using 'Google Test' will be built
[3.594s] -- Found gtest sources under '/opt/ros/humble/src/gtest_vendor': C++ tests using 'Google Test' will be built
[4.063s] -- Found gtest sources under '/opt/ros/humble/src/gtest_vendor': C++ tests using 'Google Test' will be built
[4.113s] -- Added test 'cppcheck' to perform static code analysis on C / C++ code
[4.116s] -- Configured cppcheck include dirs: /home/agx/cthree/slam/nav2fishbot/src/fishbot/src/navigation/nav2_costmap_2d/include
[4.116s] -- Configured cppcheck exclude dirs and/or files: 
[4.119s] -- Added test 'flake8' to check Python code syntax and style conventions
[4.123s] -- Added test 'lint_cmake' to check CMake code style
[4.126s] -- Added test 'pep257' to check Python code against some of the docstring style conventions in PEP 257
[4.150s] -- Added test 'uncrustify' to check C / C++ code style
[4.150s] -- Configured uncrustify additional arguments: 
[4.153s] -- Added test 'xmllint' to check XML markup files
[4.165s] -- Configuring done
[5.345s] -- Generating done
[5.509s] -- Build files have been written to: /home/agx/cthree/slam/nav2fishbot/build/nav2_costmap_2d
[5.568s] Invoked command in '/home/agx/cthree/slam/nav2fishbot/build/nav2_costmap_2d' returned '0': AMENT_PREFIX_PATH=/home/agx/cthree/slam/nav2fishbot/install/nav2_map_server:/home/agx/cthree/slam/nav2fishbot/install/nav2_lifecycle_manager:/home/agx/cthree/slam/nav2fishbot/install/nav2_util:/home/agx/cthree/slam/nav2fishbot/install/nav2_voxel_grid:/home/agx/cthree/slam/nav2fishbot/install/nav2_msgs:/home/agx/cthree/slam/nav2fishbot/install/nav2_common:${AMENT_PREFIX_PATH} CMAKE_PREFIX_PATH=/home/agx/cthree/slam/nav2fishbot/install/nav2_map_server:/home/agx/cthree/slam/nav2fishbot/install/nav2_lifecycle_manager:/home/agx/cthree/slam/nav2fishbot/install/nav2_util:/home/agx/cthree/slam/nav2fishbot/install/nav2_voxel_grid:/home/agx/cthree/slam/nav2fishbot/install/nav2_msgs:/home/agx/cthree/slam/nav2fishbot/install/nav2_common:/home/agx/cthree/slam/OVD-SLAM10/Examples/ros2/install/orbslam3:/home/agx/cthree/slam/cam_ws/install/realsense2_description:/home/agx/cthree/slam/cam_ws/install/realsense2_camera:/home/agx/cthree/slam/cam_ws/install/realsense2_camera_msgs:/opt/ros/humble LD_LIBRARY_PATH=/home/agx/cthree/slam/nav2fishbot/install/nav2_map_server/lib:/home/agx/cthree/slam/nav2fishbot/install/nav2_lifecycle_manager/lib:/home/agx/cthree/slam/nav2fishbot/install/nav2_util/lib:/home/agx/cthree/slam/nav2fishbot/install/nav2_voxel_grid/lib:/home/agx/cthree/slam/nav2fishbot/install/nav2_msgs/lib:/home/agx/cthree/slam/cam_ws/install/realsense2_camera/lib:/home/agx/cthree/slam/cam_ws/install/realsense2_camera_msgs/lib:/opt/ros/humble/opt/rviz_ogre_vendor/lib:/opt/ros/humble/lib/aarch64-linux-gnu:/opt/ros/humble/lib:/usr/local/lib PYTHONPATH=/home/agx/cthree/slam/nav2fishbot/install/nav2_msgs/local/lib/python3.10/dist-packages:/home/agx/cthree/slam/nav2fishbot/install/nav2_common/local/lib/python3.10/dist-packages:${PYTHONPATH} /usr/bin/cmake /home/agx/cthree/slam/nav2fishbot/src/fishbot/src/navigation/nav2_costmap_2d -DCMAKE_INSTALL_PREFIX=/home/agx/cthree/slam/nav2fishbot/install/nav2_costmap_2d
[5.569s] Invoking command in '/home/agx/cthree/slam/nav2fishbot/build/nav2_costmap_2d': AMENT_PREFIX_PATH=/home/agx/cthree/slam/nav2fishbot/install/nav2_map_server:/home/agx/cthree/slam/nav2fishbot/install/nav2_lifecycle_manager:/home/agx/cthree/slam/nav2fishbot/install/nav2_util:/home/agx/cthree/slam/nav2fishbot/install/nav2_voxel_grid:/home/agx/cthree/slam/nav2fishbot/install/nav2_msgs:/home/agx/cthree/slam/nav2fishbot/install/nav2_common:${AMENT_PREFIX_PATH} CMAKE_PREFIX_PATH=/home/agx/cthree/slam/nav2fishbot/install/nav2_map_server:/home/agx/cthree/slam/nav2fishbot/install/nav2_lifecycle_manager:/home/agx/cthree/slam/nav2fishbot/install/nav2_util:/home/agx/cthree/slam/nav2fishbot/install/nav2_voxel_grid:/home/agx/cthree/slam/nav2fishbot/install/nav2_msgs:/home/agx/cthree/slam/nav2fishbot/install/nav2_common:/home/agx/cthree/slam/OVD-SLAM10/Examples/ros2/install/orbslam3:/home/agx/cthree/slam/cam_ws/install/realsense2_description:/home/agx/cthree/slam/cam_ws/install/realsense2_camera:/home/agx/cthree/slam/cam_ws/install/realsense2_camera_msgs:/opt/ros/humble LD_LIBRARY_PATH=/home/agx/cthree/slam/nav2fishbot/install/nav2_map_server/lib:/home/agx/cthree/slam/nav2fishbot/install/nav2_lifecycle_manager/lib:/home/agx/cthree/slam/nav2fishbot/install/nav2_util/lib:/home/agx/cthree/slam/nav2fishbot/install/nav2_voxel_grid/lib:/home/agx/cthree/slam/nav2fishbot/install/nav2_msgs/lib:/home/agx/cthree/slam/cam_ws/install/realsense2_camera/lib:/home/agx/cthree/slam/cam_ws/install/realsense2_camera_msgs/lib:/opt/ros/humble/opt/rviz_ogre_vendor/lib:/opt/ros/humble/lib/aarch64-linux-gnu:/opt/ros/humble/lib:/usr/local/lib PYTHONPATH=/home/agx/cthree/slam/nav2fishbot/install/nav2_msgs/local/lib/python3.10/dist-packages:/home/agx/cthree/slam/nav2fishbot/install/nav2_common/local/lib/python3.10/dist-packages:${PYTHONPATH} /usr/bin/cmake --build /home/agx/cthree/slam/nav2fishbot/build/nav2_costmap_2d -- -j12 -l12
[5.852s] [  1%] [32mBuilding CXX object CMakeFiles/nav2_costmap_2d_core.dir/src/array_parser.cpp.o[0m
[7.239s] [  3%] [32mBuilding CXX object CMakeFiles/nav2_costmap_2d_core.dir/src/observation_buffer.cpp.o[0m
[19.899s] [  4%] [32mBuilding CXX object CMakeFiles/nav2_costmap_2d_core.dir/src/clear_costmap_service.cpp.o[0m
[20.916s] [  6%] [32mBuilding CXX object CMakeFiles/nav2_costmap_2d_core.dir/src/footprint_collision_checker.cpp.o[0m
[21.934s] [  7%] [32mBuilding CXX object CMakeFiles/nav2_costmap_2d_core.dir/src/costmap_layer.cpp.o[0m
[22.951s] [  9%] [32mBuilding CXX object CMakeFiles/nav2_costmap_2d_core.dir/src/footprint.cpp.o[0m
[23.968s] [ 10%] [32mBuilding CXX object CMakeFiles/nav2_costmap_2d_core.dir/src/costmap_math.cpp.o[0m
[24.987s] [ 12%] [32mBuilding CXX object CMakeFiles/nav2_costmap_2d_core.dir/src/costmap_2d_publisher.cpp.o[0m
[25.081s] [ 15%] [32mBuilding CXX object CMakeFiles/nav2_costmap_2d_core.dir/src/layered_costmap.cpp.o[0m
[25.081s] [ 15%] [32mBuilding CXX object CMakeFiles/nav2_costmap_2d_core.dir/src/costmap_2d_ros.cpp.o[0m
[27.030s] [ 16%] [32mBuilding CXX object CMakeFiles/nav2_costmap_2d_core.dir/plugins/costmap_filters/costmap_filter.cpp.o[0m
[27.030s] [ 18%] [32mBuilding CXX object CMakeFiles/nav2_costmap_2d_core.dir/src/layer.cpp.o[0m
[27.711s] [ 19%] [32mBuilding CXX object CMakeFiles/nav2_costmap_2d_core.dir/src/costmap_2d.cpp.o[0m
[70.291s] [ 21%] [32m[1mLinking CXX shared library libnav2_costmap_2d_core.so[0m
[70.825s] [ 21%] Built target nav2_costmap_2d_core
[70.858s] [ 22%] [32mBuilding CXX object gtest/CMakeFiles/gtest.dir/src/gtest-all.cc.o[0m
[82.143s] [ 24%] [32m[1mLinking CXX static library libgtest.a[0m
[82.218s] [ 24%] Built target gtest
[82.252s] [ 27%] [32mBuilding CXX object CMakeFiles/nav2_costmap_2d_client.dir/src/footprint_subscriber.cpp.o[0m
[82.252s] [ 30%] [32mBuilding CXX object CMakeFiles/nav2_costmap_2d_markers.dir/src/costmap_2d_markers.cpp.o[0m
[82.252s] [ 30%] [32mBuilding CXX object CMakeFiles/nav2_costmap_2d_client.dir/src/costmap_topic_collision_checker.cpp.o[0m
[82.252s] [ 30%] [32mBuilding CXX object CMakeFiles/nav2_costmap_2d_cloud.dir/src/costmap_2d_cloud.cpp.o[0m
[82.255s] [ 31%] [32mBuilding CXX object CMakeFiles/nav2_costmap_2d_client.dir/src/costmap_subscriber.cpp.o[0m
[106.391s] [ 33%] [32m[1mLinking CXX shared library libnav2_costmap_2d_client.so[0m
[106.699s] [ 34%] [32m[1mLinking CXX executable nav2_costmap_2d_markers[0m
[106.989s] [ 34%] Built target nav2_costmap_2d_client
[107.103s] [ 34%] Built target nav2_costmap_2d_markers
[107.936s] [ 36%] [32m[1mLinking CXX executable nav2_costmap_2d_cloud[0m
[108.285s] [ 36%] Built target nav2_costmap_2d_cloud
[108.323s] [ 37%] [32mBuilding CXX object CMakeFiles/filters.dir/plugins/costmap_filters/keepout_filter.cpp.o[0m
[138.434s] [ 39%] [32mBuilding CXX object CMakeFiles/filters.dir/plugins/costmap_filters/speed_filter.cpp.o[0m
[167.170s] [ 40%] [32m[1mLinking CXX shared library libfilters.so[0m
[167.785s] [ 40%] Built target filters
[167.821s] [ 48%] [32mBuilding CXX object CMakeFiles/layers.dir/plugins/inflation_layer.cpp.o[0m
[167.821s] [ 48%] [32mBuilding CXX object CMakeFiles/layers.dir/plugins/range_sensor_layer.cpp.o[0m
[167.821s] [ 51%] [32mBuilding CXX object CMakeFiles/layers.dir/plugins/voxel_layer.cpp.o[0m
[167.821s] [ 51%] [32mBuilding CXX object CMakeFiles/layers.dir/src/observation_buffer.cpp.o[0m
[167.821s] [ 51%] [32mBuilding CXX object CMakeFiles/layers.dir/plugins/static_layer.cpp.o[0m
[167.822s] [ 51%] [32mBuilding CXX object gtest/CMakeFiles/gtest_main.dir/src/gtest_main.cc.o[0m
[167.822s] [ 51%] [32mBuilding CXX object CMakeFiles/layers.dir/plugins/obstacle_layer.cpp.o[0m
[169.310s] [ 53%] [32m[1mLinking CXX static library libgtest_main.a[0m
[169.368s] [ 53%] Built target gtest_main
[169.404s] [ 54%] [32mBuilding CXX object test/unit/CMakeFiles/collision_footprint_test.dir/footprint_collision_checker_test.cpp.o[0m
[169.410s] [ 56%] [32mBuilding CXX object test/unit/CMakeFiles/array_parser_test.dir/array_parser_test.cpp.o[0m
[169.418s] [ 59%] [32mBuilding CXX object test/unit/CMakeFiles/costmap_convesion_test.dir/costmap_conversion_test.cpp.o[0m
[169.419s] [ 59%] [32mBuilding CXX object test/unit/CMakeFiles/keepout_filter_test.dir/keepout_filter_test.cpp.o[0m
[169.429s] [ 60%] [32mBuilding CXX object test/unit/CMakeFiles/declare_parameter_test.dir/declare_parameter_test.cpp.o[0m
[169.432s] [ 62%] [32mBuilding CXX object test/unit/CMakeFiles/speed_filter_test.dir/speed_filter_test.cpp.o[0m
[172.525s] [ 63%] [32m[1mLinking CXX executable array_parser_test[0m
[173.232s] [ 63%] Built target array_parser_test
[173.357s] [ 65%] [32mBuilding CXX object test/unit/CMakeFiles/copy_window_test.dir/copy_window_test.cpp.o[0m
[178.887s] [ 66%] [32m[1mLinking CXX executable costmap_convesion_test[0m
[178.900s] [ 68%] [32mBuilding CXX object test/integration/CMakeFiles/dyn_params_tests.dir/dyn_params_tests.cpp.o[0m
[179.900s] [ 68%] Built target costmap_convesion_test
[180.036s] [ 69%] [32mBuilding CXX object test/regression/CMakeFiles/costmap_bresenham_2d.dir/costmap_bresenham_2d.cpp.o[0m
[182.837s] [ 71%] [32m[1mLinking CXX executable collision_footprint_test[0m
[182.972s] [ 72%] [32m[1mLinking CXX executable declare_parameter_test[0m
[183.392s] [ 74%] [32m[1mLinking CXX executable copy_window_test[0m
[183.672s] [ 74%] Built target declare_parameter_test
[183.739s] [ 74%] Built target collision_footprint_test
[184.156s] [ 74%] Built target copy_window_test
[184.927s] [ 75%] [32m[1mLinking CXX executable costmap_bresenham_2d[0m
[185.552s] [ 75%] Built target costmap_bresenham_2d
[190.895s] [ 77%] [32m[1mLinking CXX executable keepout_filter_test[0m
[191.779s] [ 77%] Built target keepout_filter_test
[195.745s] [ 78%] [32m[1mLinking CXX executable dyn_params_tests[0m
[196.409s] [ 78%] Built target dyn_params_tests
[203.229s] [ 80%] [32m[1mLinking CXX executable speed_filter_test[0m
[203.789s] [ 80%] Built target speed_filter_test
[210.341s] [ 81%] [32m[1mLinking CXX shared library liblayers.so[0m
[211.201s] [ 81%] Built target layers
[211.238s] [ 90%] [32mBuilding CXX object test/integration/CMakeFiles/footprint_tests_exec.dir/footprint_tests.cpp.o[0m
[211.239s] [ 90%] [32mBuilding CXX object test/integration/CMakeFiles/inflation_tests_exec.dir/inflation_tests.cpp.o[0m
[211.239s] [ 90%] [32mBuilding CXX object test/integration/CMakeFiles/obstacle_tests_exec.dir/obstacle_tests.cpp.o[0m
[211.239s] [ 90%] [32mBuilding CXX object CMakeFiles/nav2_costmap_2d.dir/src/costmap_2d_node.cpp.o[0m
[211.239s] [ 90%] [32mBuilding CXX object test/integration/CMakeFiles/range_tests_exec.dir/range_tests.cpp.o[0m
[211.239s] [ 90%] [32mBuilding CXX object test/integration/CMakeFiles/test_collision_checker_exec.dir/test_costmap_topic_collision_checker.cpp.o[0m
[219.623s] [ 92%] [32m[1mLinking CXX executable footprint_tests_exec[0m
[220.066s] [ 93%] [32m[1mLinking CXX executable nav2_costmap_2d[0m
[220.221s] [ 93%] Built target footprint_tests_exec
[220.594s] [ 93%] Built target nav2_costmap_2d
[225.612s] [ 95%] [32m[1mLinking CXX executable range_tests_exec[0m
[226.390s] [ 95%] Built target range_tests_exec
[228.357s] [ 96%] [32m[1mLinking CXX executable obstacle_tests_exec[0m
[229.109s] [ 98%] [32m[1mLinking CXX executable test_collision_checker_exec[0m
[229.133s] [100%] [32m[1mLinking CXX executable inflation_tests_exec[0m
[229.157s] [100%] Built target obstacle_tests_exec
[229.942s] [100%] Built target inflation_tests_exec
[229.992s] [100%] Built target test_collision_checker_exec
[230.012s] Invoked command in '/home/agx/cthree/slam/nav2fishbot/build/nav2_costmap_2d' returned '0': AMENT_PREFIX_PATH=/home/agx/cthree/slam/nav2fishbot/install/nav2_map_server:/home/agx/cthree/slam/nav2fishbot/install/nav2_lifecycle_manager:/home/agx/cthree/slam/nav2fishbot/install/nav2_util:/home/agx/cthree/slam/nav2fishbot/install/nav2_voxel_grid:/home/agx/cthree/slam/nav2fishbot/install/nav2_msgs:/home/agx/cthree/slam/nav2fishbot/install/nav2_common:${AMENT_PREFIX_PATH} CMAKE_PREFIX_PATH=/home/agx/cthree/slam/nav2fishbot/install/nav2_map_server:/home/agx/cthree/slam/nav2fishbot/install/nav2_lifecycle_manager:/home/agx/cthree/slam/nav2fishbot/install/nav2_util:/home/agx/cthree/slam/nav2fishbot/install/nav2_voxel_grid:/home/agx/cthree/slam/nav2fishbot/install/nav2_msgs:/home/agx/cthree/slam/nav2fishbot/install/nav2_common:/home/agx/cthree/slam/OVD-SLAM10/Examples/ros2/install/orbslam3:/home/agx/cthree/slam/cam_ws/install/realsense2_description:/home/agx/cthree/slam/cam_ws/install/realsense2_camera:/home/agx/cthree/slam/cam_ws/install/realsense2_camera_msgs:/opt/ros/humble LD_LIBRARY_PATH=/home/agx/cthree/slam/nav2fishbot/install/nav2_map_server/lib:/home/agx/cthree/slam/nav2fishbot/install/nav2_lifecycle_manager/lib:/home/agx/cthree/slam/nav2fishbot/install/nav2_util/lib:/home/agx/cthree/slam/nav2fishbot/install/nav2_voxel_grid/lib:/home/agx/cthree/slam/nav2fishbot/install/nav2_msgs/lib:/home/agx/cthree/slam/cam_ws/install/realsense2_camera/lib:/home/agx/cthree/slam/cam_ws/install/realsense2_camera_msgs/lib:/opt/ros/humble/opt/rviz_ogre_vendor/lib:/opt/ros/humble/lib/aarch64-linux-gnu:/opt/ros/humble/lib:/usr/local/lib PYTHONPATH=/home/agx/cthree/slam/nav2fishbot/install/nav2_msgs/local/lib/python3.10/dist-packages:/home/agx/cthree/slam/nav2fishbot/install/nav2_common/local/lib/python3.10/dist-packages:${PYTHONPATH} /usr/bin/cmake --build /home/agx/cthree/slam/nav2fishbot/build/nav2_costmap_2d -- -j12 -l12
[230.014s] Invoking command in '/home/agx/cthree/slam/nav2fishbot/build/nav2_costmap_2d': AMENT_PREFIX_PATH=/home/agx/cthree/slam/nav2fishbot/install/nav2_map_server:/home/agx/cthree/slam/nav2fishbot/install/nav2_lifecycle_manager:/home/agx/cthree/slam/nav2fishbot/install/nav2_util:/home/agx/cthree/slam/nav2fishbot/install/nav2_voxel_grid:/home/agx/cthree/slam/nav2fishbot/install/nav2_msgs:/home/agx/cthree/slam/nav2fishbot/install/nav2_common:${AMENT_PREFIX_PATH} CMAKE_PREFIX_PATH=/home/agx/cthree/slam/nav2fishbot/install/nav2_map_server:/home/agx/cthree/slam/nav2fishbot/install/nav2_lifecycle_manager:/home/agx/cthree/slam/nav2fishbot/install/nav2_util:/home/agx/cthree/slam/nav2fishbot/install/nav2_voxel_grid:/home/agx/cthree/slam/nav2fishbot/install/nav2_msgs:/home/agx/cthree/slam/nav2fishbot/install/nav2_common:/home/agx/cthree/slam/OVD-SLAM10/Examples/ros2/install/orbslam3:/home/agx/cthree/slam/cam_ws/install/realsense2_description:/home/agx/cthree/slam/cam_ws/install/realsense2_camera:/home/agx/cthree/slam/cam_ws/install/realsense2_camera_msgs:/opt/ros/humble LD_LIBRARY_PATH=/home/agx/cthree/slam/nav2fishbot/install/nav2_map_server/lib:/home/agx/cthree/slam/nav2fishbot/install/nav2_lifecycle_manager/lib:/home/agx/cthree/slam/nav2fishbot/install/nav2_util/lib:/home/agx/cthree/slam/nav2fishbot/install/nav2_voxel_grid/lib:/home/agx/cthree/slam/nav2fishbot/install/nav2_msgs/lib:/home/agx/cthree/slam/cam_ws/install/realsense2_camera/lib:/home/agx/cthree/slam/cam_ws/install/realsense2_camera_msgs/lib:/opt/ros/humble/opt/rviz_ogre_vendor/lib:/opt/ros/humble/lib/aarch64-linux-gnu:/opt/ros/humble/lib:/usr/local/lib PYTHONPATH=/home/agx/cthree/slam/nav2fishbot/install/nav2_msgs/local/lib/python3.10/dist-packages:/home/agx/cthree/slam/nav2fishbot/install/nav2_common/local/lib/python3.10/dist-packages:${PYTHONPATH} /usr/bin/cmake --install /home/agx/cthree/slam/nav2fishbot/build/nav2_costmap_2d
[230.026s] -- Install configuration: "Release"
[230.026s] -- Installing: /home/agx/cthree/slam/nav2fishbot/install/nav2_costmap_2d/lib/libnav2_costmap_2d_core.so
[230.031s] -- Set runtime path of "/home/agx/cthree/slam/nav2fishbot/install/nav2_costmap_2d/lib/libnav2_costmap_2d_core.so" to ""
[230.031s] -- Installing: /home/agx/cthree/slam/nav2fishbot/install/nav2_costmap_2d/lib/liblayers.so
[230.037s] -- Set runtime path of "/home/agx/cthree/slam/nav2fishbot/install/nav2_costmap_2d/lib/liblayers.so" to ""
[230.037s] -- Installing: /home/agx/cthree/slam/nav2fishbot/install/nav2_costmap_2d/lib/libfilters.so
[230.041s] -- Set runtime path of "/home/agx/cthree/slam/nav2fishbot/install/nav2_costmap_2d/lib/libfilters.so" to ""
[230.041s] -- Installing: /home/agx/cthree/slam/nav2fishbot/install/nav2_costmap_2d/lib/libnav2_costmap_2d_client.so
[230.044s] -- Set runtime path of "/home/agx/cthree/slam/nav2fishbot/install/nav2_costmap_2d/lib/libnav2_costmap_2d_client.so" to ""
[230.044s] -- Installing: /home/agx/cthree/slam/nav2fishbot/install/nav2_costmap_2d/lib/nav2_costmap_2d/nav2_costmap_2d
[230.044s] -- Set runtime path of "/home/agx/cthree/slam/nav2fishbot/install/nav2_costmap_2d/lib/nav2_costmap_2d/nav2_costmap_2d" to ""
[230.044s] -- Installing: /home/agx/cthree/slam/nav2fishbot/install/nav2_costmap_2d/lib/nav2_costmap_2d/nav2_costmap_2d_markers
[230.046s] -- Set runtime path of "/home/agx/cthree/slam/nav2fishbot/install/nav2_costmap_2d/lib/nav2_costmap_2d/nav2_costmap_2d_markers" to ""
[230.046s] -- Installing: /home/agx/cthree/slam/nav2fishbot/install/nav2_costmap_2d/lib/nav2_costmap_2d/nav2_costmap_2d_cloud
[230.048s] -- Set runtime path of "/home/agx/cthree/slam/nav2fishbot/install/nav2_costmap_2d/lib/nav2_costmap_2d/nav2_costmap_2d_cloud" to ""
[230.048s] -- Installing: /home/agx/cthree/slam/nav2fishbot/install/nav2_costmap_2d/share/nav2_costmap_2d/costmap_plugins.xml
[230.048s] -- Installing: /home/agx/cthree/slam/nav2fishbot/install/nav2_costmap_2d/include/
[230.048s] -- Installing: /home/agx/cthree/slam/nav2fishbot/install/nav2_costmap_2d/include//nav2_costmap_2d
[230.048s] -- Installing: /home/agx/cthree/slam/nav2fishbot/install/nav2_costmap_2d/include//nav2_costmap_2d/costmap_layer.hpp
[230.048s] -- Installing: /home/agx/cthree/slam/nav2fishbot/install/nav2_costmap_2d/include//nav2_costmap_2d/footprint.hpp
[230.049s] -- Installing: /home/agx/cthree/slam/nav2fishbot/install/nav2_costmap_2d/include//nav2_costmap_2d/observation.hpp
[230.049s] -- Installing: /home/agx/cthree/slam/nav2fishbot/install/nav2_costmap_2d/include//nav2_costmap_2d/costmap_2d.hpp
[230.049s] -- Installing: /home/agx/cthree/slam/nav2fishbot/install/nav2_costmap_2d/include//nav2_costmap_2d/costmap_filters
[230.049s] -- Installing: /home/agx/cthree/slam/nav2fishbot/install/nav2_costmap_2d/include//nav2_costmap_2d/costmap_filters/filter_values.hpp
[230.049s] -- Installing: /home/agx/cthree/slam/nav2fishbot/install/nav2_costmap_2d/include//nav2_costmap_2d/costmap_filters/speed_filter.hpp
[230.049s] -- Installing: /home/agx/cthree/slam/nav2fishbot/install/nav2_costmap_2d/include//nav2_costmap_2d/costmap_filters/keepout_filter.hpp
[230.050s] -- Installing: /home/agx/cthree/slam/nav2fishbot/install/nav2_costmap_2d/include//nav2_costmap_2d/costmap_filters/costmap_filter.hpp
[230.050s] -- Installing: /home/agx/cthree/slam/nav2fishbot/install/nav2_costmap_2d/include//nav2_costmap_2d/costmap_math.hpp
[230.050s] -- Installing: /home/agx/cthree/slam/nav2fishbot/install/nav2_costmap_2d/include//nav2_costmap_2d/footprint_collision_checker.hpp
[230.050s] -- Installing: /home/agx/cthree/slam/nav2fishbot/install/nav2_costmap_2d/include//nav2_costmap_2d/array_parser.hpp
[230.050s] -- Installing: /home/agx/cthree/slam/nav2fishbot/install/nav2_costmap_2d/include//nav2_costmap_2d/exceptions.hpp
[230.050s] -- Installing: /home/agx/cthree/slam/nav2fishbot/install/nav2_costmap_2d/include//nav2_costmap_2d/voxel_layer.hpp
[230.050s] -- Installing: /home/agx/cthree/slam/nav2fishbot/install/nav2_costmap_2d/include//nav2_costmap_2d/costmap_subscriber.hpp
[230.050s] -- Installing: /home/agx/cthree/slam/nav2fishbot/install/nav2_costmap_2d/include//nav2_costmap_2d/observation_buffer.hpp
[230.051s] -- Installing: /home/agx/cthree/slam/nav2fishbot/install/nav2_costmap_2d/include//nav2_costmap_2d/range_sensor_layer.hpp
[230.051s] -- Installing: /home/agx/cthree/slam/nav2fishbot/install/nav2_costmap_2d/include//nav2_costmap_2d/layer.hpp
[230.051s] -- Installing: /home/agx/cthree/slam/nav2fishbot/install/nav2_costmap_2d/include//nav2_costmap_2d/cost_values.hpp
[230.051s] -- Installing: /home/agx/cthree/slam/nav2fishbot/install/nav2_costmap_2d/include//nav2_costmap_2d/static_layer.hpp
[230.052s] -- Installing: /home/agx/cthree/slam/nav2fishbot/install/nav2_costmap_2d/include//nav2_costmap_2d/costmap_topic_collision_checker.hpp
[230.052s] -- Installing: /home/agx/cthree/slam/nav2fishbot/install/nav2_costmap_2d/include//nav2_costmap_2d/costmap_2d_ros.hpp
[230.052s] -- Installing: /home/agx/cthree/slam/nav2fishbot/install/nav2_costmap_2d/include//nav2_costmap_2d/obstacle_layer.hpp
[230.052s] -- Installing: /home/agx/cthree/slam/nav2fishbot/install/nav2_costmap_2d/include//nav2_costmap_2d/costmap_2d_publisher.hpp
[230.052s] -- Installing: /home/agx/cthree/slam/nav2fishbot/install/nav2_costmap_2d/include//nav2_costmap_2d/clear_costmap_service.hpp
[230.052s] -- Installing: /home/agx/cthree/slam/nav2fishbot/install/nav2_costmap_2d/include//nav2_costmap_2d/layered_costmap.hpp
[230.053s] -- Installing: /home/agx/cthree/slam/nav2fishbot/install/nav2_costmap_2d/include//nav2_costmap_2d/inflation_layer.hpp
[230.053s] -- Installing: /home/agx/cthree/slam/nav2fishbot/install/nav2_costmap_2d/include//nav2_costmap_2d/footprint_subscriber.hpp
[230.053s] -- Installing: /home/agx/cthree/slam/nav2fishbot/install/nav2_costmap_2d/share/nav2_costmap_2d/environment/library_path.sh
[230.053s] -- Installing: /home/agx/cthree/slam/nav2fishbot/install/nav2_costmap_2d/share/nav2_costmap_2d/environment/library_path.dsv
[230.053s] -- Up-to-date: /home/agx/cthree/slam/nav2fishbot/install/nav2_costmap_2d/share/nav2_costmap_2d/costmap_plugins.xml
[230.054s] -- Installing: /home/agx/cthree/slam/nav2fishbot/install/nav2_costmap_2d/share/ament_index/resource_index/package_run_dependencies/nav2_costmap_2d
[230.054s] -- Installing: /home/agx/cthree/slam/nav2fishbot/install/nav2_costmap_2d/share/ament_index/resource_index/parent_prefix_path/nav2_costmap_2d
[230.054s] -- Installing: /home/agx/cthree/slam/nav2fishbot/install/nav2_costmap_2d/share/nav2_costmap_2d/environment/ament_prefix_path.sh
[230.054s] -- Installing: /home/agx/cthree/slam/nav2fishbot/install/nav2_costmap_2d/share/nav2_costmap_2d/environment/ament_prefix_path.dsv
[230.054s] -- Installing: /home/agx/cthree/slam/nav2fishbot/install/nav2_costmap_2d/share/nav2_costmap_2d/environment/path.sh
[230.054s] -- Installing: /home/agx/cthree/slam/nav2fishbot/install/nav2_costmap_2d/share/nav2_costmap_2d/environment/path.dsv
[230.055s] -- Installing: /home/agx/cthree/slam/nav2fishbot/install/nav2_costmap_2d/share/nav2_costmap_2d/local_setup.bash
[230.055s] -- Installing: /home/agx/cthree/slam/nav2fishbot/install/nav2_costmap_2d/share/nav2_costmap_2d/local_setup.sh
[230.055s] -- Installing: /home/agx/cthree/slam/nav2fishbot/install/nav2_costmap_2d/share/nav2_costmap_2d/local_setup.zsh
[230.055s] -- Installing: /home/agx/cthree/slam/nav2fishbot/install/nav2_costmap_2d/share/nav2_costmap_2d/local_setup.dsv
[230.055s] -- Installing: /home/agx/cthree/slam/nav2fishbot/install/nav2_costmap_2d/share/nav2_costmap_2d/package.dsv
[230.056s] -- Installing: /home/agx/cthree/slam/nav2fishbot/install/nav2_costmap_2d/share/ament_index/resource_index/packages/nav2_costmap_2d
[230.056s] -- Installing: /home/agx/cthree/slam/nav2fishbot/install/nav2_costmap_2d/share/ament_index/resource_index/nav2_costmap_2d__pluginlib__plugin/nav2_costmap_2d
[230.056s] -- Installing: /home/agx/cthree/slam/nav2fishbot/install/nav2_costmap_2d/share/nav2_costmap_2d/cmake/ament_cmake_export_include_directories-extras.cmake
[230.056s] -- Installing: /home/agx/cthree/slam/nav2fishbot/install/nav2_costmap_2d/share/nav2_costmap_2d/cmake/ament_cmake_export_libraries-extras.cmake
[230.057s] -- Installing: /home/agx/cthree/slam/nav2fishbot/install/nav2_costmap_2d/share/nav2_costmap_2d/cmake/ament_cmake_export_dependencies-extras.cmake
[230.057s] -- Installing: /home/agx/cthree/slam/nav2fishbot/install/nav2_costmap_2d/share/nav2_costmap_2d/cmake/nav2_costmap_2dConfig.cmake
[230.057s] -- Installing: /home/agx/cthree/slam/nav2fishbot/install/nav2_costmap_2d/share/nav2_costmap_2d/cmake/nav2_costmap_2dConfig-version.cmake
[230.057s] -- Installing: /home/agx/cthree/slam/nav2fishbot/install/nav2_costmap_2d/share/nav2_costmap_2d/package.xml
[230.062s] Invoked command in '/home/agx/cthree/slam/nav2fishbot/build/nav2_costmap_2d' returned '0': AMENT_PREFIX_PATH=/home/agx/cthree/slam/nav2fishbot/install/nav2_map_server:/home/agx/cthree/slam/nav2fishbot/install/nav2_lifecycle_manager:/home/agx/cthree/slam/nav2fishbot/install/nav2_util:/home/agx/cthree/slam/nav2fishbot/install/nav2_voxel_grid:/home/agx/cthree/slam/nav2fishbot/install/nav2_msgs:/home/agx/cthree/slam/nav2fishbot/install/nav2_common:${AMENT_PREFIX_PATH} CMAKE_PREFIX_PATH=/home/agx/cthree/slam/nav2fishbot/install/nav2_map_server:/home/agx/cthree/slam/nav2fishbot/install/nav2_lifecycle_manager:/home/agx/cthree/slam/nav2fishbot/install/nav2_util:/home/agx/cthree/slam/nav2fishbot/install/nav2_voxel_grid:/home/agx/cthree/slam/nav2fishbot/install/nav2_msgs:/home/agx/cthree/slam/nav2fishbot/install/nav2_common:/home/agx/cthree/slam/OVD-SLAM10/Examples/ros2/install/orbslam3:/home/agx/cthree/slam/cam_ws/install/realsense2_description:/home/agx/cthree/slam/cam_ws/install/realsense2_camera:/home/agx/cthree/slam/cam_ws/install/realsense2_camera_msgs:/opt/ros/humble LD_LIBRARY_PATH=/home/agx/cthree/slam/nav2fishbot/install/nav2_map_server/lib:/home/agx/cthree/slam/nav2fishbot/install/nav2_lifecycle_manager/lib:/home/agx/cthree/slam/nav2fishbot/install/nav2_util/lib:/home/agx/cthree/slam/nav2fishbot/install/nav2_voxel_grid/lib:/home/agx/cthree/slam/nav2fishbot/install/nav2_msgs/lib:/home/agx/cthree/slam/cam_ws/install/realsense2_camera/lib:/home/agx/cthree/slam/cam_ws/install/realsense2_camera_msgs/lib:/opt/ros/humble/opt/rviz_ogre_vendor/lib:/opt/ros/humble/lib/aarch64-linux-gnu:/opt/ros/humble/lib:/usr/local/lib PYTHONPATH=/home/agx/cthree/slam/nav2fishbot/install/nav2_msgs/local/lib/python3.10/dist-packages:/home/agx/cthree/slam/nav2fishbot/install/nav2_common/local/lib/python3.10/dist-packages:${PYTHONPATH} /usr/bin/cmake --install /home/agx/cthree/slam/nav2fishbot/build/nav2_costmap_2d
