[0.474s] Invoking command in '/home/agx/cthree/slam/nav2fishbot/build/nav2_rotation_shim_controller': AMENT_PREFIX_PATH=/home/agx/cthree/slam/nav2fishbot/install/nav2_regulated_pure_pursuit_controller:/home/agx/cthree/slam/nav2fishbot/install/nav2_controller:/home/agx/cthree/slam/nav2fishbot/install/nav2_core:/home/agx/cthree/slam/nav2fishbot/install/nav2_costmap_2d:/home/agx/cthree/slam/nav2fishbot/install/nav_2d_utils:/home/agx/cthree/slam/nav2fishbot/install/nav2_map_server:/home/agx/cthree/slam/nav2fishbot/install/nav2_lifecycle_manager:/home/agx/cthree/slam/nav2fishbot/install/nav2_util:/home/agx/cthree/slam/nav2fishbot/install/nav2_voxel_grid:/home/agx/cthree/slam/nav2fishbot/install/nav2_msgs:/home/agx/cthree/slam/nav2fishbot/install/nav_2d_msgs:/home/agx/cthree/slam/nav2fishbot/install/nav2_common:${AMENT_PREFIX_PATH} CMAKE_PREFIX_PATH=/home/agx/cthree/slam/nav2fishbot/install/nav2_regulated_pure_pursuit_controller:/home/agx/cthree/slam/nav2fishbot/install/nav2_controller:/home/agx/cthree/slam/nav2fishbot/install/nav2_core:/home/agx/cthree/slam/nav2fishbot/install/nav2_costmap_2d:/home/agx/cthree/slam/nav2fishbot/install/nav_2d_utils:/home/agx/cthree/slam/nav2fishbot/install/nav2_map_server:/home/agx/cthree/slam/nav2fishbot/install/nav2_lifecycle_manager:/home/agx/cthree/slam/nav2fishbot/install/nav2_util:/home/agx/cthree/slam/nav2fishbot/install/nav2_voxel_grid:/home/agx/cthree/slam/nav2fishbot/install/nav2_msgs:/home/agx/cthree/slam/nav2fishbot/install/nav_2d_msgs:/home/agx/cthree/slam/nav2fishbot/install/nav2_common:/home/agx/cthree/slam/OVD-SLAM10/Examples/ros2/install/orbslam3:/home/agx/cthree/slam/cam_ws/install/realsense2_description:/home/agx/cthree/slam/cam_ws/install/realsense2_camera:/home/agx/cthree/slam/cam_ws/install/realsense2_camera_msgs:/opt/ros/humble LD_LIBRARY_PATH=/home/agx/cthree/slam/nav2fishbot/install/nav2_regulated_pure_pursuit_controller/lib:/home/agx/cthree/slam/nav2fishbot/install/nav2_controller/lib:/home/agx/cthree/slam/nav2fishbot/install/nav2_costmap_2d/lib:/home/agx/cthree/slam/nav2fishbot/install/nav_2d_utils/lib:/home/agx/cthree/slam/nav2fishbot/install/nav2_map_server/lib:/home/agx/cthree/slam/nav2fishbot/install/nav2_lifecycle_manager/lib:/home/agx/cthree/slam/nav2fishbot/install/nav2_util/lib:/home/agx/cthree/slam/nav2fishbot/install/nav2_voxel_grid/lib:/home/agx/cthree/slam/nav2fishbot/install/nav2_msgs/lib:/home/agx/cthree/slam/nav2fishbot/install/nav_2d_msgs/lib:/home/agx/cthree/slam/cam_ws/install/realsense2_camera/lib:/home/agx/cthree/slam/cam_ws/install/realsense2_camera_msgs/lib:/opt/ros/humble/opt/rviz_ogre_vendor/lib:/opt/ros/humble/lib/aarch64-linux-gnu:/opt/ros/humble/lib:/usr/local/lib PYTHONPATH=/home/agx/cthree/slam/nav2fishbot/install/nav2_msgs/local/lib/python3.10/dist-packages:/home/agx/cthree/slam/nav2fishbot/install/nav_2d_msgs/local/lib/python3.10/dist-packages:/home/agx/cthree/slam/nav2fishbot/install/nav2_common/local/lib/python3.10/dist-packages:${PYTHONPATH} /usr/bin/cmake /home/agx/cthree/slam/nav2fishbot/src/fishbot/src/navigation/nav2_rotation_shim_controller -DCMAKE_INSTALL_PREFIX=/home/agx/cthree/slam/nav2fishbot/install/nav2_rotation_shim_controller
[0.762s] -- The C compiler identification is GNU 9.5.0
[1.003s] -- The CXX compiler identification is GNU 9.5.0
[1.028s] -- Detecting C compiler ABI info
[1.384s] -- Detecting C compiler ABI info - done
[1.393s] -- Check for working C compiler: /usr/bin/cc - skipped
[1.393s] -- Detecting C compile features
[1.394s] -- Detecting C compile features - done
[1.398s] -- Detecting CXX compiler ABI info
[1.843s] -- Detecting CXX compiler ABI info - done
[1.853s] -- Check for working CXX compiler: /usr/bin/c++ - skipped
[1.853s] -- Detecting CXX compile features
[1.853s] -- Detecting CXX compile features - done
[1.876s] -- Found ament_cmake: 1.3.12 (/opt/ros/humble/share/ament_cmake/cmake)
[2.566s] -- Found Python3: /usr/bin/python3 (found version "3.10.12") found components: Interpreter 
[2.989s] -- Found nav2_common: 1.1.0 (/home/agx/cthree/slam/nav2fishbot/install/nav2_common/share/nav2_common/cmake)
[2.990s] -- Found nav2_core: 1.1.0 (/home/agx/cthree/slam/nav2fishbot/install/nav2_core/share/nav2_core/cmake)
[3.096s] -- Found rosidl_generator_c: 3.1.7 (/opt/ros/humble/share/rosidl_generator_c/cmake)
[3.109s] -- Found rosidl_adapter: 3.1.7 (/opt/ros/humble/share/rosidl_adapter/cmake)
[3.130s] -- Found rosidl_generator_cpp: 3.1.7 (/opt/ros/humble/share/rosidl_generator_cpp/cmake)
[3.156s] -- Using all available rosidl_typesupport_c: rosidl_typesupport_fastrtps_c;rosidl_typesupport_introspection_c
[3.190s] -- Using all available rosidl_typesupport_cpp: rosidl_typesupport_fastrtps_cpp;rosidl_typesupport_introspection_cpp
[3.288s] -- Found rmw_implementation_cmake: 6.1.2 (/opt/ros/humble/share/rmw_implementation_cmake/cmake)
[3.311s] -- Found rmw_fastrtps_cpp: 6.2.9 (/opt/ros/humble/share/rmw_fastrtps_cpp/cmake)
[3.828s] -- Found OpenSSL: /usr/lib/aarch64-linux-gnu/libcrypto.so (found version "3.0.2")  
[3.935s] -- Found FastRTPS: /opt/ros/humble/include  
[4.091s] -- Using RMW implementation 'rmw_fastrtps_cpp' as default
[4.113s] -- Looking for pthread.h
[4.475s] -- Looking for pthread.h - found
[4.475s] -- Performing Test CMAKE_HAVE_LIBC_PTHREAD
[4.849s] -- Performing Test CMAKE_HAVE_LIBC_PTHREAD - Success
[4.852s] -- Found Threads: TRUE  
[5.581s] -- Found Eigen3: TRUE (found version "3.4.0") 
[5.581s] -- Ensuring Eigen3 include directory is part of orocos-kdl CMake target
[5.799s] -- Setting build type to Release as none was specified.
[6.259s] -- Found ament_lint_auto: 0.12.14 (/opt/ros/humble/share/ament_lint_auto/cmake)
[6.590s] -- Found gtest sources under '/opt/ros/humble/src/gtest_vendor': C++ tests using 'Google Test' will be built
[7.797s] -- Added test 'cppcheck' to perform static code analysis on C / C++ code
[7.798s] -- Configured cppcheck include dirs: /home/agx/cthree/slam/nav2fishbot/src/fishbot/src/navigation/nav2_rotation_shim_controller/include
[7.798s] -- Configured cppcheck exclude dirs and/or files: 
[7.801s] -- Added test 'cpplint' to check C / C++ code against the Google style
[7.801s] -- Configured cpplint exclude dirs and/or files: 
[7.804s] -- Added test 'lint_cmake' to check CMake code style
[7.807s] -- Added test 'uncrustify' to check C / C++ code style
[7.807s] -- Configured uncrustify additional arguments: 
[7.809s] -- Added test 'xmllint' to check XML markup files
[7.816s] -- Configuring done
[8.096s] -- Generating done
[8.150s] -- Build files have been written to: /home/agx/cthree/slam/nav2fishbot/build/nav2_rotation_shim_controller
[8.219s] Invoked command in '/home/agx/cthree/slam/nav2fishbot/build/nav2_rotation_shim_controller' returned '0': AMENT_PREFIX_PATH=/home/agx/cthree/slam/nav2fishbot/install/nav2_regulated_pure_pursuit_controller:/home/agx/cthree/slam/nav2fishbot/install/nav2_controller:/home/agx/cthree/slam/nav2fishbot/install/nav2_core:/home/agx/cthree/slam/nav2fishbot/install/nav2_costmap_2d:/home/agx/cthree/slam/nav2fishbot/install/nav_2d_utils:/home/agx/cthree/slam/nav2fishbot/install/nav2_map_server:/home/agx/cthree/slam/nav2fishbot/install/nav2_lifecycle_manager:/home/agx/cthree/slam/nav2fishbot/install/nav2_util:/home/agx/cthree/slam/nav2fishbot/install/nav2_voxel_grid:/home/agx/cthree/slam/nav2fishbot/install/nav2_msgs:/home/agx/cthree/slam/nav2fishbot/install/nav_2d_msgs:/home/agx/cthree/slam/nav2fishbot/install/nav2_common:${AMENT_PREFIX_PATH} CMAKE_PREFIX_PATH=/home/agx/cthree/slam/nav2fishbot/install/nav2_regulated_pure_pursuit_controller:/home/agx/cthree/slam/nav2fishbot/install/nav2_controller:/home/agx/cthree/slam/nav2fishbot/install/nav2_core:/home/agx/cthree/slam/nav2fishbot/install/nav2_costmap_2d:/home/agx/cthree/slam/nav2fishbot/install/nav_2d_utils:/home/agx/cthree/slam/nav2fishbot/install/nav2_map_server:/home/agx/cthree/slam/nav2fishbot/install/nav2_lifecycle_manager:/home/agx/cthree/slam/nav2fishbot/install/nav2_util:/home/agx/cthree/slam/nav2fishbot/install/nav2_voxel_grid:/home/agx/cthree/slam/nav2fishbot/install/nav2_msgs:/home/agx/cthree/slam/nav2fishbot/install/nav_2d_msgs:/home/agx/cthree/slam/nav2fishbot/install/nav2_common:/home/agx/cthree/slam/OVD-SLAM10/Examples/ros2/install/orbslam3:/home/agx/cthree/slam/cam_ws/install/realsense2_description:/home/agx/cthree/slam/cam_ws/install/realsense2_camera:/home/agx/cthree/slam/cam_ws/install/realsense2_camera_msgs:/opt/ros/humble LD_LIBRARY_PATH=/home/agx/cthree/slam/nav2fishbot/install/nav2_regulated_pure_pursuit_controller/lib:/home/agx/cthree/slam/nav2fishbot/install/nav2_controller/lib:/home/agx/cthree/slam/nav2fishbot/install/nav2_costmap_2d/lib:/home/agx/cthree/slam/nav2fishbot/install/nav_2d_utils/lib:/home/agx/cthree/slam/nav2fishbot/install/nav2_map_server/lib:/home/agx/cthree/slam/nav2fishbot/install/nav2_lifecycle_manager/lib:/home/agx/cthree/slam/nav2fishbot/install/nav2_util/lib:/home/agx/cthree/slam/nav2fishbot/install/nav2_voxel_grid/lib:/home/agx/cthree/slam/nav2fishbot/install/nav2_msgs/lib:/home/agx/cthree/slam/nav2fishbot/install/nav_2d_msgs/lib:/home/agx/cthree/slam/cam_ws/install/realsense2_camera/lib:/home/agx/cthree/slam/cam_ws/install/realsense2_camera_msgs/lib:/opt/ros/humble/opt/rviz_ogre_vendor/lib:/opt/ros/humble/lib/aarch64-linux-gnu:/opt/ros/humble/lib:/usr/local/lib PYTHONPATH=/home/agx/cthree/slam/nav2fishbot/install/nav2_msgs/local/lib/python3.10/dist-packages:/home/agx/cthree/slam/nav2fishbot/install/nav_2d_msgs/local/lib/python3.10/dist-packages:/home/agx/cthree/slam/nav2fishbot/install/nav2_common/local/lib/python3.10/dist-packages:${PYTHONPATH} /usr/bin/cmake /home/agx/cthree/slam/nav2fishbot/src/fishbot/src/navigation/nav2_rotation_shim_controller -DCMAKE_INSTALL_PREFIX=/home/agx/cthree/slam/nav2fishbot/install/nav2_rotation_shim_controller
[8.238s] Invoking command in '/home/agx/cthree/slam/nav2fishbot/build/nav2_rotation_shim_controller': AMENT_PREFIX_PATH=/home/agx/cthree/slam/nav2fishbot/install/nav2_regulated_pure_pursuit_controller:/home/agx/cthree/slam/nav2fishbot/install/nav2_controller:/home/agx/cthree/slam/nav2fishbot/install/nav2_core:/home/agx/cthree/slam/nav2fishbot/install/nav2_costmap_2d:/home/agx/cthree/slam/nav2fishbot/install/nav_2d_utils:/home/agx/cthree/slam/nav2fishbot/install/nav2_map_server:/home/agx/cthree/slam/nav2fishbot/install/nav2_lifecycle_manager:/home/agx/cthree/slam/nav2fishbot/install/nav2_util:/home/agx/cthree/slam/nav2fishbot/install/nav2_voxel_grid:/home/agx/cthree/slam/nav2fishbot/install/nav2_msgs:/home/agx/cthree/slam/nav2fishbot/install/nav_2d_msgs:/home/agx/cthree/slam/nav2fishbot/install/nav2_common:${AMENT_PREFIX_PATH} CMAKE_PREFIX_PATH=/home/agx/cthree/slam/nav2fishbot/install/nav2_regulated_pure_pursuit_controller:/home/agx/cthree/slam/nav2fishbot/install/nav2_controller:/home/agx/cthree/slam/nav2fishbot/install/nav2_core:/home/agx/cthree/slam/nav2fishbot/install/nav2_costmap_2d:/home/agx/cthree/slam/nav2fishbot/install/nav_2d_utils:/home/agx/cthree/slam/nav2fishbot/install/nav2_map_server:/home/agx/cthree/slam/nav2fishbot/install/nav2_lifecycle_manager:/home/agx/cthree/slam/nav2fishbot/install/nav2_util:/home/agx/cthree/slam/nav2fishbot/install/nav2_voxel_grid:/home/agx/cthree/slam/nav2fishbot/install/nav2_msgs:/home/agx/cthree/slam/nav2fishbot/install/nav_2d_msgs:/home/agx/cthree/slam/nav2fishbot/install/nav2_common:/home/agx/cthree/slam/OVD-SLAM10/Examples/ros2/install/orbslam3:/home/agx/cthree/slam/cam_ws/install/realsense2_description:/home/agx/cthree/slam/cam_ws/install/realsense2_camera:/home/agx/cthree/slam/cam_ws/install/realsense2_camera_msgs:/opt/ros/humble LD_LIBRARY_PATH=/home/agx/cthree/slam/nav2fishbot/install/nav2_regulated_pure_pursuit_controller/lib:/home/agx/cthree/slam/nav2fishbot/install/nav2_controller/lib:/home/agx/cthree/slam/nav2fishbot/install/nav2_costmap_2d/lib:/home/agx/cthree/slam/nav2fishbot/install/nav_2d_utils/lib:/home/agx/cthree/slam/nav2fishbot/install/nav2_map_server/lib:/home/agx/cthree/slam/nav2fishbot/install/nav2_lifecycle_manager/lib:/home/agx/cthree/slam/nav2fishbot/install/nav2_util/lib:/home/agx/cthree/slam/nav2fishbot/install/nav2_voxel_grid/lib:/home/agx/cthree/slam/nav2fishbot/install/nav2_msgs/lib:/home/agx/cthree/slam/nav2fishbot/install/nav_2d_msgs/lib:/home/agx/cthree/slam/cam_ws/install/realsense2_camera/lib:/home/agx/cthree/slam/cam_ws/install/realsense2_camera_msgs/lib:/opt/ros/humble/opt/rviz_ogre_vendor/lib:/opt/ros/humble/lib/aarch64-linux-gnu:/opt/ros/humble/lib:/usr/local/lib PYTHONPATH=/home/agx/cthree/slam/nav2fishbot/install/nav2_msgs/local/lib/python3.10/dist-packages:/home/agx/cthree/slam/nav2fishbot/install/nav_2d_msgs/local/lib/python3.10/dist-packages:/home/agx/cthree/slam/nav2fishbot/install/nav2_common/local/lib/python3.10/dist-packages:${PYTHONPATH} /usr/bin/cmake --build /home/agx/cthree/slam/nav2fishbot/build/nav2_rotation_shim_controller -- -j12 -l12
[8.468s] [ 12%] [32mBuilding CXX object CMakeFiles/nav2_rotation_shim_controller.dir/src/nav2_rotation_shim_controller.cpp.o[0m
[28.153s] [ 25%] [32m[1mLinking CXX shared library libnav2_rotation_shim_controller.so[0m
[28.698s] [ 25%] Built target nav2_rotation_shim_controller
[28.821s] [ 37%] [32mBuilding CXX object gtest/CMakeFiles/gtest.dir/src/gtest-all.cc.o[0m
[41.372s] [ 50%] [32m[1mLinking CXX static library libgtest.a[0m
[41.436s] [ 50%] Built target gtest
[41.469s] [ 62%] [32mBuilding CXX object gtest/CMakeFiles/gtest_main.dir/src/gtest_main.cc.o[0m
[43.013s] [ 75%] [32m[1mLinking CXX static library libgtest_main.a[0m
[43.074s] [ 75%] Built target gtest_main
[43.115s] [ 87%] [32mBuilding CXX object test/CMakeFiles/test_shim_controller.dir/test_shim_controller.cpp.o[0m
[75.023s] [100%] [32m[1mLinking CXX executable test_shim_controller[0m
[75.763s] [100%] Built target test_shim_controller
[75.789s] Invoked command in '/home/agx/cthree/slam/nav2fishbot/build/nav2_rotation_shim_controller' returned '0': AMENT_PREFIX_PATH=/home/agx/cthree/slam/nav2fishbot/install/nav2_regulated_pure_pursuit_controller:/home/agx/cthree/slam/nav2fishbot/install/nav2_controller:/home/agx/cthree/slam/nav2fishbot/install/nav2_core:/home/agx/cthree/slam/nav2fishbot/install/nav2_costmap_2d:/home/agx/cthree/slam/nav2fishbot/install/nav_2d_utils:/home/agx/cthree/slam/nav2fishbot/install/nav2_map_server:/home/agx/cthree/slam/nav2fishbot/install/nav2_lifecycle_manager:/home/agx/cthree/slam/nav2fishbot/install/nav2_util:/home/agx/cthree/slam/nav2fishbot/install/nav2_voxel_grid:/home/agx/cthree/slam/nav2fishbot/install/nav2_msgs:/home/agx/cthree/slam/nav2fishbot/install/nav_2d_msgs:/home/agx/cthree/slam/nav2fishbot/install/nav2_common:${AMENT_PREFIX_PATH} CMAKE_PREFIX_PATH=/home/agx/cthree/slam/nav2fishbot/install/nav2_regulated_pure_pursuit_controller:/home/agx/cthree/slam/nav2fishbot/install/nav2_controller:/home/agx/cthree/slam/nav2fishbot/install/nav2_core:/home/agx/cthree/slam/nav2fishbot/install/nav2_costmap_2d:/home/agx/cthree/slam/nav2fishbot/install/nav_2d_utils:/home/agx/cthree/slam/nav2fishbot/install/nav2_map_server:/home/agx/cthree/slam/nav2fishbot/install/nav2_lifecycle_manager:/home/agx/cthree/slam/nav2fishbot/install/nav2_util:/home/agx/cthree/slam/nav2fishbot/install/nav2_voxel_grid:/home/agx/cthree/slam/nav2fishbot/install/nav2_msgs:/home/agx/cthree/slam/nav2fishbot/install/nav_2d_msgs:/home/agx/cthree/slam/nav2fishbot/install/nav2_common:/home/agx/cthree/slam/OVD-SLAM10/Examples/ros2/install/orbslam3:/home/agx/cthree/slam/cam_ws/install/realsense2_description:/home/agx/cthree/slam/cam_ws/install/realsense2_camera:/home/agx/cthree/slam/cam_ws/install/realsense2_camera_msgs:/opt/ros/humble LD_LIBRARY_PATH=/home/agx/cthree/slam/nav2fishbot/install/nav2_regulated_pure_pursuit_controller/lib:/home/agx/cthree/slam/nav2fishbot/install/nav2_controller/lib:/home/agx/cthree/slam/nav2fishbot/install/nav2_costmap_2d/lib:/home/agx/cthree/slam/nav2fishbot/install/nav_2d_utils/lib:/home/agx/cthree/slam/nav2fishbot/install/nav2_map_server/lib:/home/agx/cthree/slam/nav2fishbot/install/nav2_lifecycle_manager/lib:/home/agx/cthree/slam/nav2fishbot/install/nav2_util/lib:/home/agx/cthree/slam/nav2fishbot/install/nav2_voxel_grid/lib:/home/agx/cthree/slam/nav2fishbot/install/nav2_msgs/lib:/home/agx/cthree/slam/nav2fishbot/install/nav_2d_msgs/lib:/home/agx/cthree/slam/cam_ws/install/realsense2_camera/lib:/home/agx/cthree/slam/cam_ws/install/realsense2_camera_msgs/lib:/opt/ros/humble/opt/rviz_ogre_vendor/lib:/opt/ros/humble/lib/aarch64-linux-gnu:/opt/ros/humble/lib:/usr/local/lib PYTHONPATH=/home/agx/cthree/slam/nav2fishbot/install/nav2_msgs/local/lib/python3.10/dist-packages:/home/agx/cthree/slam/nav2fishbot/install/nav_2d_msgs/local/lib/python3.10/dist-packages:/home/agx/cthree/slam/nav2fishbot/install/nav2_common/local/lib/python3.10/dist-packages:${PYTHONPATH} /usr/bin/cmake --build /home/agx/cthree/slam/nav2fishbot/build/nav2_rotation_shim_controller -- -j12 -l12
[75.795s] Invoking command in '/home/agx/cthree/slam/nav2fishbot/build/nav2_rotation_shim_controller': AMENT_PREFIX_PATH=/home/agx/cthree/slam/nav2fishbot/install/nav2_regulated_pure_pursuit_controller:/home/agx/cthree/slam/nav2fishbot/install/nav2_controller:/home/agx/cthree/slam/nav2fishbot/install/nav2_core:/home/agx/cthree/slam/nav2fishbot/install/nav2_costmap_2d:/home/agx/cthree/slam/nav2fishbot/install/nav_2d_utils:/home/agx/cthree/slam/nav2fishbot/install/nav2_map_server:/home/agx/cthree/slam/nav2fishbot/install/nav2_lifecycle_manager:/home/agx/cthree/slam/nav2fishbot/install/nav2_util:/home/agx/cthree/slam/nav2fishbot/install/nav2_voxel_grid:/home/agx/cthree/slam/nav2fishbot/install/nav2_msgs:/home/agx/cthree/slam/nav2fishbot/install/nav_2d_msgs:/home/agx/cthree/slam/nav2fishbot/install/nav2_common:${AMENT_PREFIX_PATH} CMAKE_PREFIX_PATH=/home/agx/cthree/slam/nav2fishbot/install/nav2_regulated_pure_pursuit_controller:/home/agx/cthree/slam/nav2fishbot/install/nav2_controller:/home/agx/cthree/slam/nav2fishbot/install/nav2_core:/home/agx/cthree/slam/nav2fishbot/install/nav2_costmap_2d:/home/agx/cthree/slam/nav2fishbot/install/nav_2d_utils:/home/agx/cthree/slam/nav2fishbot/install/nav2_map_server:/home/agx/cthree/slam/nav2fishbot/install/nav2_lifecycle_manager:/home/agx/cthree/slam/nav2fishbot/install/nav2_util:/home/agx/cthree/slam/nav2fishbot/install/nav2_voxel_grid:/home/agx/cthree/slam/nav2fishbot/install/nav2_msgs:/home/agx/cthree/slam/nav2fishbot/install/nav_2d_msgs:/home/agx/cthree/slam/nav2fishbot/install/nav2_common:/home/agx/cthree/slam/OVD-SLAM10/Examples/ros2/install/orbslam3:/home/agx/cthree/slam/cam_ws/install/realsense2_description:/home/agx/cthree/slam/cam_ws/install/realsense2_camera:/home/agx/cthree/slam/cam_ws/install/realsense2_camera_msgs:/opt/ros/humble LD_LIBRARY_PATH=/home/agx/cthree/slam/nav2fishbot/install/nav2_regulated_pure_pursuit_controller/lib:/home/agx/cthree/slam/nav2fishbot/install/nav2_controller/lib:/home/agx/cthree/slam/nav2fishbot/install/nav2_costmap_2d/lib:/home/agx/cthree/slam/nav2fishbot/install/nav_2d_utils/lib:/home/agx/cthree/slam/nav2fishbot/install/nav2_map_server/lib:/home/agx/cthree/slam/nav2fishbot/install/nav2_lifecycle_manager/lib:/home/agx/cthree/slam/nav2fishbot/install/nav2_util/lib:/home/agx/cthree/slam/nav2fishbot/install/nav2_voxel_grid/lib:/home/agx/cthree/slam/nav2fishbot/install/nav2_msgs/lib:/home/agx/cthree/slam/nav2fishbot/install/nav_2d_msgs/lib:/home/agx/cthree/slam/cam_ws/install/realsense2_camera/lib:/home/agx/cthree/slam/cam_ws/install/realsense2_camera_msgs/lib:/opt/ros/humble/opt/rviz_ogre_vendor/lib:/opt/ros/humble/lib/aarch64-linux-gnu:/opt/ros/humble/lib:/usr/local/lib PYTHONPATH=/home/agx/cthree/slam/nav2fishbot/install/nav2_msgs/local/lib/python3.10/dist-packages:/home/agx/cthree/slam/nav2fishbot/install/nav_2d_msgs/local/lib/python3.10/dist-packages:/home/agx/cthree/slam/nav2fishbot/install/nav2_common/local/lib/python3.10/dist-packages:${PYTHONPATH} /usr/bin/cmake --install /home/agx/cthree/slam/nav2fishbot/build/nav2_rotation_shim_controller
[75.811s] -- Install configuration: "Release"
[75.812s] -- Installing: /home/agx/cthree/slam/nav2fishbot/install/nav2_rotation_shim_controller/lib/libnav2_rotation_shim_controller.so
[75.813s] -- Set runtime path of "/home/agx/cthree/slam/nav2fishbot/install/nav2_rotation_shim_controller/lib/libnav2_rotation_shim_controller.so" to ""
[75.814s] -- Installing: /home/agx/cthree/slam/nav2fishbot/install/nav2_rotation_shim_controller/include/
[75.814s] -- Installing: /home/agx/cthree/slam/nav2fishbot/install/nav2_rotation_shim_controller/include//nav2_rotation_shim_controller
[75.814s] -- Installing: /home/agx/cthree/slam/nav2fishbot/install/nav2_rotation_shim_controller/include//nav2_rotation_shim_controller/nav2_rotation_shim_controller.hpp
[75.814s] -- Installing: /home/agx/cthree/slam/nav2fishbot/install/nav2_rotation_shim_controller/share/nav2_rotation_shim_controller/environment/library_path.sh
[75.814s] -- Installing: /home/agx/cthree/slam/nav2fishbot/install/nav2_rotation_shim_controller/share/nav2_rotation_shim_controller/environment/library_path.dsv
[75.814s] -- Installing: /home/agx/cthree/slam/nav2fishbot/install/nav2_rotation_shim_controller/share/nav2_rotation_shim_controller/nav2_rotation_shim_controller.xml
[75.815s] -- Installing: /home/agx/cthree/slam/nav2fishbot/install/nav2_rotation_shim_controller/share/ament_index/resource_index/package_run_dependencies/nav2_rotation_shim_controller
[75.815s] -- Installing: /home/agx/cthree/slam/nav2fishbot/install/nav2_rotation_shim_controller/share/ament_index/resource_index/parent_prefix_path/nav2_rotation_shim_controller
[75.816s] -- Installing: /home/agx/cthree/slam/nav2fishbot/install/nav2_rotation_shim_controller/share/nav2_rotation_shim_controller/environment/ament_prefix_path.sh
[75.816s] -- Installing: /home/agx/cthree/slam/nav2fishbot/install/nav2_rotation_shim_controller/share/nav2_rotation_shim_controller/environment/ament_prefix_path.dsv
[75.816s] -- Installing: /home/agx/cthree/slam/nav2fishbot/install/nav2_rotation_shim_controller/share/nav2_rotation_shim_controller/environment/path.sh
[75.817s] -- Installing: /home/agx/cthree/slam/nav2fishbot/install/nav2_rotation_shim_controller/share/nav2_rotation_shim_controller/environment/path.dsv
[75.817s] -- Installing: /home/agx/cthree/slam/nav2fishbot/install/nav2_rotation_shim_controller/share/nav2_rotation_shim_controller/local_setup.bash
[75.817s] -- Installing: /home/agx/cthree/slam/nav2fishbot/install/nav2_rotation_shim_controller/share/nav2_rotation_shim_controller/local_setup.sh
[75.817s] -- Installing: /home/agx/cthree/slam/nav2fishbot/install/nav2_rotation_shim_controller/share/nav2_rotation_shim_controller/local_setup.zsh
[75.818s] -- Installing: /home/agx/cthree/slam/nav2fishbot/install/nav2_rotation_shim_controller/share/nav2_rotation_shim_controller/local_setup.dsv
[75.818s] -- Installing: /home/agx/cthree/slam/nav2fishbot/install/nav2_rotation_shim_controller/share/nav2_rotation_shim_controller/package.dsv
[75.818s] -- Installing: /home/agx/cthree/slam/nav2fishbot/install/nav2_rotation_shim_controller/share/ament_index/resource_index/packages/nav2_rotation_shim_controller
[75.818s] -- Installing: /home/agx/cthree/slam/nav2fishbot/install/nav2_rotation_shim_controller/share/ament_index/resource_index/nav2_core__pluginlib__plugin/nav2_rotation_shim_controller
[75.819s] -- Installing: /home/agx/cthree/slam/nav2fishbot/install/nav2_rotation_shim_controller/share/nav2_rotation_shim_controller/cmake/ament_cmake_export_include_directories-extras.cmake
[75.819s] -- Installing: /home/agx/cthree/slam/nav2fishbot/install/nav2_rotation_shim_controller/share/nav2_rotation_shim_controller/cmake/ament_cmake_export_libraries-extras.cmake
[75.819s] -- Installing: /home/agx/cthree/slam/nav2fishbot/install/nav2_rotation_shim_controller/share/nav2_rotation_shim_controller/cmake/ament_cmake_export_dependencies-extras.cmake
[75.819s] -- Installing: /home/agx/cthree/slam/nav2fishbot/install/nav2_rotation_shim_controller/share/nav2_rotation_shim_controller/cmake/nav2_rotation_shim_controllerConfig.cmake
[75.820s] -- Installing: /home/agx/cthree/slam/nav2fishbot/install/nav2_rotation_shim_controller/share/nav2_rotation_shim_controller/cmake/nav2_rotation_shim_controllerConfig-version.cmake
[75.820s] -- Installing: /home/agx/cthree/slam/nav2fishbot/install/nav2_rotation_shim_controller/share/nav2_rotation_shim_controller/package.xml
[75.826s] Invoked command in '/home/agx/cthree/slam/nav2fishbot/build/nav2_rotation_shim_controller' returned '0': AMENT_PREFIX_PATH=/home/agx/cthree/slam/nav2fishbot/install/nav2_regulated_pure_pursuit_controller:/home/agx/cthree/slam/nav2fishbot/install/nav2_controller:/home/agx/cthree/slam/nav2fishbot/install/nav2_core:/home/agx/cthree/slam/nav2fishbot/install/nav2_costmap_2d:/home/agx/cthree/slam/nav2fishbot/install/nav_2d_utils:/home/agx/cthree/slam/nav2fishbot/install/nav2_map_server:/home/agx/cthree/slam/nav2fishbot/install/nav2_lifecycle_manager:/home/agx/cthree/slam/nav2fishbot/install/nav2_util:/home/agx/cthree/slam/nav2fishbot/install/nav2_voxel_grid:/home/agx/cthree/slam/nav2fishbot/install/nav2_msgs:/home/agx/cthree/slam/nav2fishbot/install/nav_2d_msgs:/home/agx/cthree/slam/nav2fishbot/install/nav2_common:${AMENT_PREFIX_PATH} CMAKE_PREFIX_PATH=/home/agx/cthree/slam/nav2fishbot/install/nav2_regulated_pure_pursuit_controller:/home/agx/cthree/slam/nav2fishbot/install/nav2_controller:/home/agx/cthree/slam/nav2fishbot/install/nav2_core:/home/agx/cthree/slam/nav2fishbot/install/nav2_costmap_2d:/home/agx/cthree/slam/nav2fishbot/install/nav_2d_utils:/home/agx/cthree/slam/nav2fishbot/install/nav2_map_server:/home/agx/cthree/slam/nav2fishbot/install/nav2_lifecycle_manager:/home/agx/cthree/slam/nav2fishbot/install/nav2_util:/home/agx/cthree/slam/nav2fishbot/install/nav2_voxel_grid:/home/agx/cthree/slam/nav2fishbot/install/nav2_msgs:/home/agx/cthree/slam/nav2fishbot/install/nav_2d_msgs:/home/agx/cthree/slam/nav2fishbot/install/nav2_common:/home/agx/cthree/slam/OVD-SLAM10/Examples/ros2/install/orbslam3:/home/agx/cthree/slam/cam_ws/install/realsense2_description:/home/agx/cthree/slam/cam_ws/install/realsense2_camera:/home/agx/cthree/slam/cam_ws/install/realsense2_camera_msgs:/opt/ros/humble LD_LIBRARY_PATH=/home/agx/cthree/slam/nav2fishbot/install/nav2_regulated_pure_pursuit_controller/lib:/home/agx/cthree/slam/nav2fishbot/install/nav2_controller/lib:/home/agx/cthree/slam/nav2fishbot/install/nav2_costmap_2d/lib:/home/agx/cthree/slam/nav2fishbot/install/nav_2d_utils/lib:/home/agx/cthree/slam/nav2fishbot/install/nav2_map_server/lib:/home/agx/cthree/slam/nav2fishbot/install/nav2_lifecycle_manager/lib:/home/agx/cthree/slam/nav2fishbot/install/nav2_util/lib:/home/agx/cthree/slam/nav2fishbot/install/nav2_voxel_grid/lib:/home/agx/cthree/slam/nav2fishbot/install/nav2_msgs/lib:/home/agx/cthree/slam/nav2fishbot/install/nav_2d_msgs/lib:/home/agx/cthree/slam/cam_ws/install/realsense2_camera/lib:/home/agx/cthree/slam/cam_ws/install/realsense2_camera_msgs/lib:/opt/ros/humble/opt/rviz_ogre_vendor/lib:/opt/ros/humble/lib/aarch64-linux-gnu:/opt/ros/humble/lib:/usr/local/lib PYTHONPATH=/home/agx/cthree/slam/nav2fishbot/install/nav2_msgs/local/lib/python3.10/dist-packages:/home/agx/cthree/slam/nav2fishbot/install/nav_2d_msgs/local/lib/python3.10/dist-packages:/home/agx/cthree/slam/nav2fishbot/install/nav2_common/local/lib/python3.10/dist-packages:${PYTHONPATH} /usr/bin/cmake --install /home/agx/cthree/slam/nav2fishbot/build/nav2_rotation_shim_controller
