[0.030s] Invoking command in '/home/agx/cthree/slam/ros2esp/build/serial2esp': CMAKE_PREFIX_PATH=/home/agx/cthree/slam/ros2esp/install/serial:/home/agx/cthree/slam/ros2esp/install/sllidar_ros2:/home/agx/cthree/slam/ros2esp/install/serial2esp:/home/agx/cthree/slam/ros2esp/install/pointcloud_to_grid:/home/agx/cthree/slam/ros2esp/install/octomap_mapping:/home/agx/cthree/slam/ros2esp/install/octomap_server:/home/agx/cthree/slam/ros2esp/install/octomap_ros:/home/agx/cthree/slam/ros2esp/install/octomap_msgs:/home/agx/cthree/slam/OVD-SLAM10/Examples/ros2/install/orbslam3:/home/agx/cthree/slam/cam_ws/install/realsense2_description:/home/agx/cthree/slam/cam_ws/install/realsense2_camera:/home/agx/cthree/slam/cam_ws/install/realsense2_camera_msgs:/opt/ros/humble LD_LIBRARY_PATH=/home/agx/cthree/slam/ros2esp/install/serial/lib:/home/agx/cthree/slam/ros2esp/install/octomap_server/lib:/home/agx/cthree/slam/ros2esp/install/octomap_ros/lib:/home/agx/cthree/slam/ros2esp/install/octomap_msgs/lib:/home/agx/cthree/slam/cam_ws/install/realsense2_camera/lib:/home/agx/cthree/slam/cam_ws/install/realsense2_camera_msgs/lib:/opt/ros/humble/opt/rviz_ogre_vendor/lib:/opt/ros/humble/lib/aarch64-linux-gnu:/opt/ros/humble/lib:/usr/local/lib /usr/bin/cmake --build /home/agx/cthree/slam/ros2esp/build/serial2esp -- -j12 -l12
[0.114s] [35m[1mConsolidate compiler generated dependencies of target pubcmd_node[0m
[0.115s] [35m[1mConsolidate compiler generated dependencies of target serial_odom_node[0m
[0.146s] [ 50%] Built target pubcmd_node
[0.165s] [100%] Built target serial_odom_node
[0.185s] Invoked command in '/home/agx/cthree/slam/ros2esp/build/serial2esp' returned '0': CMAKE_PREFIX_PATH=/home/agx/cthree/slam/ros2esp/install/serial:/home/agx/cthree/slam/ros2esp/install/sllidar_ros2:/home/agx/cthree/slam/ros2esp/install/serial2esp:/home/agx/cthree/slam/ros2esp/install/pointcloud_to_grid:/home/agx/cthree/slam/ros2esp/install/octomap_mapping:/home/agx/cthree/slam/ros2esp/install/octomap_server:/home/agx/cthree/slam/ros2esp/install/octomap_ros:/home/agx/cthree/slam/ros2esp/install/octomap_msgs:/home/agx/cthree/slam/OVD-SLAM10/Examples/ros2/install/orbslam3:/home/agx/cthree/slam/cam_ws/install/realsense2_description:/home/agx/cthree/slam/cam_ws/install/realsense2_camera:/home/agx/cthree/slam/cam_ws/install/realsense2_camera_msgs:/opt/ros/humble LD_LIBRARY_PATH=/home/agx/cthree/slam/ros2esp/install/serial/lib:/home/agx/cthree/slam/ros2esp/install/octomap_server/lib:/home/agx/cthree/slam/ros2esp/install/octomap_ros/lib:/home/agx/cthree/slam/ros2esp/install/octomap_msgs/lib:/home/agx/cthree/slam/cam_ws/install/realsense2_camera/lib:/home/agx/cthree/slam/cam_ws/install/realsense2_camera_msgs/lib:/opt/ros/humble/opt/rviz_ogre_vendor/lib:/opt/ros/humble/lib/aarch64-linux-gnu:/opt/ros/humble/lib:/usr/local/lib /usr/bin/cmake --build /home/agx/cthree/slam/ros2esp/build/serial2esp -- -j12 -l12
[0.187s] Invoking command in '/home/agx/cthree/slam/ros2esp/build/serial2esp': CMAKE_PREFIX_PATH=/home/agx/cthree/slam/ros2esp/install/serial:/home/agx/cthree/slam/ros2esp/install/sllidar_ros2:/home/agx/cthree/slam/ros2esp/install/serial2esp:/home/agx/cthree/slam/ros2esp/install/pointcloud_to_grid:/home/agx/cthree/slam/ros2esp/install/octomap_mapping:/home/agx/cthree/slam/ros2esp/install/octomap_server:/home/agx/cthree/slam/ros2esp/install/octomap_ros:/home/agx/cthree/slam/ros2esp/install/octomap_msgs:/home/agx/cthree/slam/OVD-SLAM10/Examples/ros2/install/orbslam3:/home/agx/cthree/slam/cam_ws/install/realsense2_description:/home/agx/cthree/slam/cam_ws/install/realsense2_camera:/home/agx/cthree/slam/cam_ws/install/realsense2_camera_msgs:/opt/ros/humble LD_LIBRARY_PATH=/home/agx/cthree/slam/ros2esp/install/serial/lib:/home/agx/cthree/slam/ros2esp/install/octomap_server/lib:/home/agx/cthree/slam/ros2esp/install/octomap_ros/lib:/home/agx/cthree/slam/ros2esp/install/octomap_msgs/lib:/home/agx/cthree/slam/cam_ws/install/realsense2_camera/lib:/home/agx/cthree/slam/cam_ws/install/realsense2_camera_msgs/lib:/opt/ros/humble/opt/rviz_ogre_vendor/lib:/opt/ros/humble/lib/aarch64-linux-gnu:/opt/ros/humble/lib:/usr/local/lib /usr/bin/cmake --install /home/agx/cthree/slam/ros2esp/build/serial2esp
[0.203s] -- Install configuration: ""
[0.203s] -- Up-to-date: /home/agx/cthree/slam/ros2esp/install/serial2esp/lib/serial2esp/serial_odom_node
[0.204s] -- Up-to-date: /home/agx/cthree/slam/ros2esp/install/serial2esp/lib/serial2esp/pubcmd_node
[0.204s] -- Up-to-date: /home/agx/cthree/slam/ros2esp/install/serial2esp/share/serial2esp//launch
[0.205s] -- Up-to-date: /home/agx/cthree/slam/ros2esp/install/serial2esp/share/serial2esp//launch/ex.launch.py
[0.205s] -- Up-to-date: /home/agx/cthree/slam/ros2esp/install/serial2esp/share/serial2esp//launch/use.launch.py
[0.205s] -- Up-to-date: /home/agx/cthree/slam/ros2esp/install/serial2esp/share/ament_index/resource_index/package_run_dependencies/serial2esp
[0.205s] -- Up-to-date: /home/agx/cthree/slam/ros2esp/install/serial2esp/share/ament_index/resource_index/parent_prefix_path/serial2esp
[0.206s] -- Up-to-date: /home/agx/cthree/slam/ros2esp/install/serial2esp/share/serial2esp/environment/ament_prefix_path.sh
[0.206s] -- Up-to-date: /home/agx/cthree/slam/ros2esp/install/serial2esp/share/serial2esp/environment/ament_prefix_path.dsv
[0.206s] -- Up-to-date: /home/agx/cthree/slam/ros2esp/install/serial2esp/share/serial2esp/environment/path.sh
[0.206s] -- Up-to-date: /home/agx/cthree/slam/ros2esp/install/serial2esp/share/serial2esp/environment/path.dsv
[0.207s] -- Up-to-date: /home/agx/cthree/slam/ros2esp/install/serial2esp/share/serial2esp/local_setup.bash
[0.207s] -- Up-to-date: /home/agx/cthree/slam/ros2esp/install/serial2esp/share/serial2esp/local_setup.sh
[0.207s] -- Up-to-date: /home/agx/cthree/slam/ros2esp/install/serial2esp/share/serial2esp/local_setup.zsh
[0.208s] -- Up-to-date: /home/agx/cthree/slam/ros2esp/install/serial2esp/share/serial2esp/local_setup.dsv
[0.209s] -- Installing: /home/agx/cthree/slam/ros2esp/install/serial2esp/share/serial2esp/package.dsv
[0.211s] -- Up-to-date: /home/agx/cthree/slam/ros2esp/install/serial2esp/share/ament_index/resource_index/packages/serial2esp
[0.211s] -- Up-to-date: /home/agx/cthree/slam/ros2esp/install/serial2esp/share/serial2esp/cmake/serial2espConfig.cmake
[0.212s] -- Up-to-date: /home/agx/cthree/slam/ros2esp/install/serial2esp/share/serial2esp/cmake/serial2espConfig-version.cmake
[0.212s] -- Up-to-date: /home/agx/cthree/slam/ros2esp/install/serial2esp/share/serial2esp/package.xml
[0.213s] Invoked command in '/home/agx/cthree/slam/ros2esp/build/serial2esp' returned '0': CMAKE_PREFIX_PATH=/home/agx/cthree/slam/ros2esp/install/serial:/home/agx/cthree/slam/ros2esp/install/sllidar_ros2:/home/agx/cthree/slam/ros2esp/install/serial2esp:/home/agx/cthree/slam/ros2esp/install/pointcloud_to_grid:/home/agx/cthree/slam/ros2esp/install/octomap_mapping:/home/agx/cthree/slam/ros2esp/install/octomap_server:/home/agx/cthree/slam/ros2esp/install/octomap_ros:/home/agx/cthree/slam/ros2esp/install/octomap_msgs:/home/agx/cthree/slam/OVD-SLAM10/Examples/ros2/install/orbslam3:/home/agx/cthree/slam/cam_ws/install/realsense2_description:/home/agx/cthree/slam/cam_ws/install/realsense2_camera:/home/agx/cthree/slam/cam_ws/install/realsense2_camera_msgs:/opt/ros/humble LD_LIBRARY_PATH=/home/agx/cthree/slam/ros2esp/install/serial/lib:/home/agx/cthree/slam/ros2esp/install/octomap_server/lib:/home/agx/cthree/slam/ros2esp/install/octomap_ros/lib:/home/agx/cthree/slam/ros2esp/install/octomap_msgs/lib:/home/agx/cthree/slam/cam_ws/install/realsense2_camera/lib:/home/agx/cthree/slam/cam_ws/install/realsense2_camera_msgs/lib:/opt/ros/humble/opt/rviz_ogre_vendor/lib:/opt/ros/humble/lib/aarch64-linux-gnu:/opt/ros/humble/lib:/usr/local/lib /usr/bin/cmake --install /home/agx/cthree/slam/ros2esp/build/serial2esp
