[0.025s] Invoking command in '/home/agx/cthree/slam/cam_ws/build/realsense2_camera': AMENT_PREFIX_PATH=/home/agx/cthree/slam/cam_ws/install/realsense2_camera_msgs:${AMENT_PREFIX_PATH} CMAKE_PREFIX_PATH=/home/agx/cthree/slam/cam_ws/install/realsense2_camera_msgs:/opt/ros/humble LD_LIBRARY_PATH=/home/agx/cthree/slam/cam_ws/install/realsense2_camera_msgs/lib:${LD_LIBRARY_PATH} PYTHONPATH=/home/agx/cthree/slam/cam_ws/install/realsense2_camera_msgs/local/lib/python3.10/dist-packages:${PYTHONPATH} /usr/bin/cmake /home/agx/cthree/slam/cam_ws/src/realsense-ros/realsense2_camera -DAMENT_CMAKE_SYMLINK_INSTALL=1 -DCMAKE_INSTALL_PREFIX=/home/agx/cthree/slam/cam_ws/install/realsense2_camera
[0.109s] -- The C compiler identification is GNU 9.5.0
[0.202s] -- The CXX compiler identification is GNU 9.5.0
[0.223s] -- Detecting C compiler ABI info
[0.342s] -- Detecting C compiler ABI info - done
[0.365s] -- Check for working C compiler: /usr/bin/cc - skipped
[0.367s] -- Detecting C compile features
[0.368s] -- Detecting C compile features - done
[0.378s] -- Detecting CXX compiler ABI info
[0.503s] -- Detecting CXX compiler ABI info - done
[0.527s] -- Check for working CXX compiler: /usr/bin/c++ - skipped
[0.528s] -- Detecting CXX compile features
[0.529s] -- Detecting CXX compile features - done
[0.532s] -- Create Release Build.
[0.537s] -- Found ament_cmake: 1.3.12 (/opt/ros/humble/share/ament_cmake/cmake)
[0.824s] -- Found Python3: /usr/bin/python3 (found version "3.10.12") found components: Interpreter 
[0.929s] -- Override CMake install command with custom implementation using symlinks instead of copying resources
[0.973s] -- Found builtin_interfaces: 1.2.2 (/opt/ros/humble/share/builtin_interfaces/cmake)
[1.030s] -- Found rosidl_generator_c: 3.1.7 (/opt/ros/humble/share/rosidl_generator_c/cmake)
[1.036s] -- Found rosidl_adapter: 3.1.7 (/opt/ros/humble/share/rosidl_adapter/cmake)
[1.046s] -- Found rosidl_generator_cpp: 3.1.7 (/opt/ros/humble/share/rosidl_generator_cpp/cmake)
[1.061s] -- Using all available rosidl_typesupport_c: rosidl_typesupport_fastrtps_c;rosidl_typesupport_introspection_c
[1.080s] -- Using all available rosidl_typesupport_cpp: rosidl_typesupport_fastrtps_cpp;rosidl_typesupport_introspection_cpp
[1.099s] -- Found cv_bridge: 3.2.1 (/usr/local/share/cv_bridge/cmake)
[1.105s] [33mCMake Warning (dev) at /usr/share/cmake-3.22/Modules/FindCUDA.cmake:723 (option):
[1.105s]   Policy CMP0077 is not set: option() honors normal variables.  Run "cmake
[1.106s]   --help-policy CMP0077" for policy details.  Use the cmake_policy command to
[1.106s]   set the policy and suppress this warning.
[1.106s] 
[1.106s]   For compatibility with older versions of CMake, option is clearing the
[1.106s]   normal variable 'CUDA_PROPAGATE_HOST_FLAGS'.
[1.107s] Call Stack (most recent call first):
[1.107s]   /usr/lib/aarch64-linux-gnu/cmake/opencv4/OpenCVConfig.cmake:86 (find_package)
[1.107s]   /usr/lib/aarch64-linux-gnu/cmake/opencv4/OpenCVConfig.cmake:108 (find_host_package)
[1.107s]   /usr/local/share/cv_bridge/cmake/ament_cmake_export_dependencies-extras.cmake:21 (find_package)
[1.108s]   /usr/local/share/cv_bridge/cmake/cv_bridgeConfig.cmake:41 (include)
[1.108s]   CMakeLists.txt:107 (find_package)
[1.108s] This warning is for project developers.  Use -Wno-dev to suppress it.
[1.108s] [0m
[1.129s] -- Looking for pthread.h
[1.251s] -- Looking for pthread.h - found
[1.251s] -- Performing Test CMAKE_HAVE_LIBC_PTHREAD
[1.371s] -- Performing Test CMAKE_HAVE_LIBC_PTHREAD - Success
[1.374s] -- Found Threads: TRUE  
[1.406s] -- Found CUDA: /usr/local/cuda-12.6 (found suitable exact version "12.6") 
[1.510s] -- Found image_transport: 3.1.12 (/opt/ros/humble/share/image_transport/cmake)
[1.561s] -- Found rmw_implementation_cmake: 6.1.2 (/opt/ros/humble/share/rmw_implementation_cmake/cmake)
[1.564s] -- Found rmw_fastrtps_cpp: 6.2.9 (/opt/ros/humble/share/rmw_fastrtps_cpp/cmake)
[1.711s] -- Found OpenSSL: /usr/lib/aarch64-linux-gnu/libcrypto.so (found version "3.0.2")  
[1.765s] -- Found FastRTPS: /opt/ros/humble/include  
[1.832s] -- Using RMW implementation 'rmw_fastrtps_cpp' as default
[1.927s] -- Found rclcpp_components: 16.0.16 (/opt/ros/humble/share/rclcpp_components/cmake)
[1.949s] -- Found realsense2_camera_msgs: 4.54.1 (/home/agx/cthree/slam/cam_ws/install/realsense2_camera_msgs/share/realsense2_camera_msgs/cmake)
[1.970s] -- Found nav_msgs: 4.9.0 (/opt/ros/humble/share/nav_msgs/cmake)
[1.991s] -- Found tf2_ros: 0.25.17 (/opt/ros/humble/share/tf2_ros/cmake)
[2.074s] -- Found diagnostic_updater: 4.0.6 (/opt/ros/humble/share/diagnostic_updater/cmake)
[2.099s] -- Build for ROS2 Humble
[2.248s] -- Configuring done
[2.279s] -- Generating done
[2.288s] -- Build files have been written to: /home/agx/cthree/slam/cam_ws/build/realsense2_camera
[2.309s] Invoked command in '/home/agx/cthree/slam/cam_ws/build/realsense2_camera' returned '0': AMENT_PREFIX_PATH=/home/agx/cthree/slam/cam_ws/install/realsense2_camera_msgs:${AMENT_PREFIX_PATH} CMAKE_PREFIX_PATH=/home/agx/cthree/slam/cam_ws/install/realsense2_camera_msgs:/opt/ros/humble LD_LIBRARY_PATH=/home/agx/cthree/slam/cam_ws/install/realsense2_camera_msgs/lib:${LD_LIBRARY_PATH} PYTHONPATH=/home/agx/cthree/slam/cam_ws/install/realsense2_camera_msgs/local/lib/python3.10/dist-packages:${PYTHONPATH} /usr/bin/cmake /home/agx/cthree/slam/cam_ws/src/realsense-ros/realsense2_camera -DAMENT_CMAKE_SYMLINK_INSTALL=1 -DCMAKE_INSTALL_PREFIX=/home/agx/cthree/slam/cam_ws/install/realsense2_camera
[2.312s] Invoking command in '/home/agx/cthree/slam/cam_ws/build/realsense2_camera': AMENT_PREFIX_PATH=/home/agx/cthree/slam/cam_ws/install/realsense2_camera_msgs:${AMENT_PREFIX_PATH} CMAKE_PREFIX_PATH=/home/agx/cthree/slam/cam_ws/install/realsense2_camera_msgs:/opt/ros/humble LD_LIBRARY_PATH=/home/agx/cthree/slam/cam_ws/install/realsense2_camera_msgs/lib:${LD_LIBRARY_PATH} PYTHONPATH=/home/agx/cthree/slam/cam_ws/install/realsense2_camera_msgs/local/lib/python3.10/dist-packages:${PYTHONPATH} /usr/bin/cmake --build /home/agx/cthree/slam/cam_ws/build/realsense2_camera -- -j12 -l12
[2.395s] [  6%] [32mBuilding CXX object CMakeFiles/realsense2_camera_node.dir/rclcpp_components/node_main_realsense2_camera_node.cpp.o[0m
[2.396s] [ 12%] [32mBuilding CXX object CMakeFiles/realsense2_camera.dir/src/base_realsense_node.cpp.o[0m
[2.396s] [ 18%] [32mBuilding CXX object CMakeFiles/realsense2_camera.dir/src/realsense_node_factory.cpp.o[0m
[2.396s] [ 25%] [32mBuilding CXX object CMakeFiles/realsense2_camera.dir/src/ros_sensor.cpp.o[0m
[2.397s] [ 37%] [32mBuilding CXX object CMakeFiles/realsense2_camera.dir/src/ros_utils.cpp.o[0m
[2.397s] [ 37%] [32mBuilding CXX object CMakeFiles/realsense2_camera.dir/src/parameters.cpp.o[0m
[2.397s] [ 50%] [32mBuilding CXX object CMakeFiles/realsense2_camera.dir/src/rs_node_setup.cpp.o[0m
[2.397s] [ 56%] [32mBuilding CXX object CMakeFiles/realsense2_camera.dir/src/sensor_params.cpp.o[0m
[2.397s] [ 56%] [32mBuilding CXX object CMakeFiles/realsense2_camera.dir/src/dynamic_params.cpp.o[0m
[2.399s] [ 68%] [32mBuilding CXX object CMakeFiles/realsense2_camera.dir/src/named_filter.cpp.o[0m
[2.399s] [ 68%] [32mBuilding CXX object CMakeFiles/realsense2_camera.dir/src/profile_manager.cpp.o[0m
[2.407s] [ 75%] [32mBuilding CXX object CMakeFiles/realsense2_camera.dir/src/image_publisher.cpp.o[0m
[8.552s] [ 81%] [32m[1mLinking CXX executable realsense2_camera_node[0m
[8.566s] [ 87%] [32mBuilding CXX object CMakeFiles/realsense2_camera.dir/src/tfs.cpp.o[0m
[8.754s] [ 87%] Built target realsense2_camera_node
[8.769s] [ 93%] [32mBuilding CXX object CMakeFiles/realsense2_camera.dir/src/ros_param_backend_foxy.cpp.o[0m
[25.513s] [100%] [32m[1mLinking CXX shared library librealsense2_camera.so[0m
[26.173s] [100%] Built target realsense2_camera
[26.196s] Invoked command in '/home/agx/cthree/slam/cam_ws/build/realsense2_camera' returned '0': AMENT_PREFIX_PATH=/home/agx/cthree/slam/cam_ws/install/realsense2_camera_msgs:${AMENT_PREFIX_PATH} CMAKE_PREFIX_PATH=/home/agx/cthree/slam/cam_ws/install/realsense2_camera_msgs:/opt/ros/humble LD_LIBRARY_PATH=/home/agx/cthree/slam/cam_ws/install/realsense2_camera_msgs/lib:${LD_LIBRARY_PATH} PYTHONPATH=/home/agx/cthree/slam/cam_ws/install/realsense2_camera_msgs/local/lib/python3.10/dist-packages:${PYTHONPATH} /usr/bin/cmake --build /home/agx/cthree/slam/cam_ws/build/realsense2_camera -- -j12 -l12
[26.201s] Invoking command in '/home/agx/cthree/slam/cam_ws/build/realsense2_camera': AMENT_PREFIX_PATH=/home/agx/cthree/slam/cam_ws/install/realsense2_camera_msgs:${AMENT_PREFIX_PATH} CMAKE_PREFIX_PATH=/home/agx/cthree/slam/cam_ws/install/realsense2_camera_msgs:/opt/ros/humble LD_LIBRARY_PATH=/home/agx/cthree/slam/cam_ws/install/realsense2_camera_msgs/lib:${LD_LIBRARY_PATH} PYTHONPATH=/home/agx/cthree/slam/cam_ws/install/realsense2_camera_msgs/local/lib/python3.10/dist-packages:${PYTHONPATH} /usr/bin/cmake --install /home/agx/cthree/slam/cam_ws/build/realsense2_camera
[26.215s] -- Install configuration: "Release"
[26.216s] -- Execute custom install script
[26.217s] -- Symlinking: /home/agx/cthree/slam/cam_ws/install/realsense2_camera/lib/realsense2_camera/realsense2_camera_node
[26.233s] -- Symlinking: /home/agx/cthree/slam/cam_ws/install/realsense2_camera/lib/librealsense2_camera.so
[26.248s] -- Symlinking: /home/agx/cthree/slam/cam_ws/install/realsense2_camera/include/base_realsense_node.h
[26.262s] -- Symlinking: /home/agx/cthree/slam/cam_ws/install/realsense2_camera/include/constants.h
[26.277s] -- Symlinking: /home/agx/cthree/slam/cam_ws/install/realsense2_camera/include/dynamic_params.h
[26.292s] -- Symlinking: /home/agx/cthree/slam/cam_ws/install/realsense2_camera/include/image_publisher.h
[26.309s] -- Symlinking: /home/agx/cthree/slam/cam_ws/install/realsense2_camera/include/named_filter.h
[26.325s] -- Symlinking: /home/agx/cthree/slam/cam_ws/install/realsense2_camera/include/profile_manager.h
[26.340s] -- Symlinking: /home/agx/cthree/slam/cam_ws/install/realsense2_camera/include/realsense_node_factory.h
[26.355s] -- Symlinking: /home/agx/cthree/slam/cam_ws/install/realsense2_camera/include/ros_param_backend.h
[26.369s] -- Symlinking: /home/agx/cthree/slam/cam_ws/install/realsense2_camera/include/ros_sensor.h
[26.384s] -- Symlinking: /home/agx/cthree/slam/cam_ws/install/realsense2_camera/include/ros_utils.h
[26.400s] -- Symlinking: /home/agx/cthree/slam/cam_ws/install/realsense2_camera/include/sensor_params.h
[26.415s] -- Symlinking: /home/agx/cthree/slam/cam_ws/install/realsense2_camera/share/realsense2_camera/launch/default.rviz
[26.429s] -- Symlinking: /home/agx/cthree/slam/cam_ws/install/realsense2_camera/share/realsense2_camera/launch/rs_intra_process_demo_launch.py
[26.445s] -- Symlinking: /home/agx/cthree/slam/cam_ws/install/realsense2_camera/share/realsense2_camera/launch/rs_launch.py
[26.460s] -- Symlinking: /home/agx/cthree/slam/cam_ws/install/realsense2_camera/share/realsense2_camera/launch/rs_multi_camera_launch.py
[26.475s] -- Symlinking: /home/agx/cthree/slam/cam_ws/install/realsense2_camera/share/realsense2_camera/environment/library_path.sh
[26.489s] -- Symlinking: /home/agx/cthree/slam/cam_ws/install/realsense2_camera/share/realsense2_camera/environment/library_path.dsv
[26.505s] -- Symlinking: /home/agx/cthree/slam/cam_ws/install/realsense2_camera/share/ament_index/resource_index/package_run_dependencies/realsense2_camera
[26.522s] -- Symlinking: /home/agx/cthree/slam/cam_ws/install/realsense2_camera/share/ament_index/resource_index/parent_prefix_path/realsense2_camera
[26.537s] -- Symlinking: /home/agx/cthree/slam/cam_ws/install/realsense2_camera/share/realsense2_camera/environment/ament_prefix_path.sh
[26.553s] -- Symlinking: /home/agx/cthree/slam/cam_ws/install/realsense2_camera/share/realsense2_camera/environment/ament_prefix_path.dsv
[26.569s] -- Symlinking: /home/agx/cthree/slam/cam_ws/install/realsense2_camera/share/realsense2_camera/environment/path.sh
[26.585s] -- Symlinking: /home/agx/cthree/slam/cam_ws/install/realsense2_camera/share/realsense2_camera/environment/path.dsv
[26.601s] -- Symlinking: /home/agx/cthree/slam/cam_ws/install/realsense2_camera/share/realsense2_camera/local_setup.bash
[26.617s] -- Symlinking: /home/agx/cthree/slam/cam_ws/install/realsense2_camera/share/realsense2_camera/local_setup.sh
[26.633s] -- Symlinking: /home/agx/cthree/slam/cam_ws/install/realsense2_camera/share/realsense2_camera/local_setup.zsh
[26.649s] -- Symlinking: /home/agx/cthree/slam/cam_ws/install/realsense2_camera/share/realsense2_camera/local_setup.dsv
[26.665s] -- Symlinking: /home/agx/cthree/slam/cam_ws/install/realsense2_camera/share/realsense2_camera/package.dsv
[26.681s] -- Symlinking: /home/agx/cthree/slam/cam_ws/install/realsense2_camera/share/ament_index/resource_index/packages/realsense2_camera
[26.696s] -- Symlinking: /home/agx/cthree/slam/cam_ws/install/realsense2_camera/share/ament_index/resource_index/rclcpp_components/realsense2_camera
[26.712s] -- Symlinking: /home/agx/cthree/slam/cam_ws/install/realsense2_camera/share/realsense2_camera/cmake/ament_cmake_export_include_directories-extras.cmake
[26.726s] -- Symlinking: /home/agx/cthree/slam/cam_ws/install/realsense2_camera/share/realsense2_camera/cmake/ament_cmake_export_libraries-extras.cmake
[26.741s] -- Symlinking: /home/agx/cthree/slam/cam_ws/install/realsense2_camera/share/realsense2_camera/cmake/ament_cmake_export_dependencies-extras.cmake
[26.758s] -- Symlinking: /home/agx/cthree/slam/cam_ws/install/realsense2_camera/share/realsense2_camera/cmake/realsense2_cameraConfig.cmake
[26.773s] -- Symlinking: /home/agx/cthree/slam/cam_ws/install/realsense2_camera/share/realsense2_camera/cmake/realsense2_cameraConfig-version.cmake
[26.788s] -- Symlinking: /home/agx/cthree/slam/cam_ws/install/realsense2_camera/share/realsense2_camera/package.xml
[26.809s] Invoked command in '/home/agx/cthree/slam/cam_ws/build/realsense2_camera' returned '0': AMENT_PREFIX_PATH=/home/agx/cthree/slam/cam_ws/install/realsense2_camera_msgs:${AMENT_PREFIX_PATH} CMAKE_PREFIX_PATH=/home/agx/cthree/slam/cam_ws/install/realsense2_camera_msgs:/opt/ros/humble LD_LIBRARY_PATH=/home/agx/cthree/slam/cam_ws/install/realsense2_camera_msgs/lib:${LD_LIBRARY_PATH} PYTHONPATH=/home/agx/cthree/slam/cam_ws/install/realsense2_camera_msgs/local/lib/python3.10/dist-packages:${PYTHONPATH} /usr/bin/cmake --install /home/agx/cthree/slam/cam_ws/build/realsense2_camera
