[0.024s] Invoking command in '/home/agx/cthree/slam/ros2esp/build/pointcloud_to_grid': CMAKE_PREFIX_PATH=${CMAKE_PREFIX_PATH}:/opt/ros/humble /usr/bin/cmake --build /home/agx/cthree/slam/ros2esp/build/pointcloud_to_grid -- -j12 -l12
[0.098s] [35m[1mConsolidate compiler generated dependencies of target pointcloud_to_grid_node[0m
[0.098s] [35m[1mConsolidate compiler generated dependencies of target grid_trajectory[0m
[0.142s] [ 50%] Built target grid_trajectory
[0.143s] [100%] Built target pointcloud_to_grid_node
[0.241s] Invoked command in '/home/agx/cthree/slam/ros2esp/build/pointcloud_to_grid' returned '0': CMAKE_PREFIX_PATH=${CMAKE_PREFIX_PATH}:/opt/ros/humble /usr/bin/cmake --build /home/agx/cthree/slam/ros2esp/build/pointcloud_to_grid -- -j12 -l12
[0.245s] Invoking command in '/home/agx/cthree/slam/ros2esp/build/pointcloud_to_grid': CMAKE_PREFIX_PATH=${CMAKE_PREFIX_PATH}:/opt/ros/humble /usr/bin/cmake --install /home/agx/cthree/slam/ros2esp/build/pointcloud_to_grid
[0.278s] -- Install configuration: ""
[0.278s] -- Up-to-date: /home/agx/cthree/slam/ros2esp/install/pointcloud_to_grid/share/pointcloud_to_grid/launch
[0.278s] -- Up-to-date: /home/agx/cthree/slam/ros2esp/install/pointcloud_to_grid/share/pointcloud_to_grid/launch/dual_output_example.launch.py
[0.279s] -- Up-to-date: /home/agx/cthree/slam/ros2esp/install/pointcloud_to_grid/share/pointcloud_to_grid/launch/rviz.launch.py
[0.279s] -- Up-to-date: /home/agx/cthree/slam/ros2esp/install/pointcloud_to_grid/share/pointcloud_to_grid/launch/grid_trajectory.launch.py
[0.280s] -- Up-to-date: /home/agx/cthree/slam/ros2esp/install/pointcloud_to_grid/share/pointcloud_to_grid/launch/demo.launch.py
[0.280s] -- Up-to-date: /home/agx/cthree/slam/ros2esp/install/pointcloud_to_grid/share/pointcloud_to_grid/doc
[0.280s] -- Up-to-date: /home/agx/cthree/slam/ros2esp/install/pointcloud_to_grid/share/pointcloud_to_grid/doc/default.rviz
[0.280s] -- Up-to-date: /home/agx/cthree/slam/ros2esp/install/pointcloud_to_grid/share/pointcloud_to_grid/doc/grid_map01.gif
[0.281s] -- Up-to-date: /home/agx/cthree/slam/ros2esp/install/pointcloud_to_grid/share/pointcloud_to_grid/doc/grid_map_conventions.pdf
[0.281s] -- Up-to-date: /home/agx/cthree/slam/ros2esp/install/pointcloud_to_grid/share/pointcloud_to_grid/doc/grid_map_conventions.svg
[0.281s] -- Up-to-date: /home/agx/cthree/slam/ros2esp/install/pointcloud_to_grid/share/pointcloud_to_grid/doc/grid_map_conventions.png
[0.282s] -- Up-to-date: /home/agx/cthree/slam/ros2esp/install/pointcloud_to_grid/lib/pointcloud_to_grid/pointcloud_to_grid_node
[0.284s] -- Up-to-date: /home/agx/cthree/slam/ros2esp/install/pointcloud_to_grid/lib/pointcloud_to_grid/grid_trajectory
[0.284s] -- Up-to-date: /home/agx/cthree/slam/ros2esp/install/pointcloud_to_grid/share/ament_index/resource_index/package_run_dependencies/pointcloud_to_grid
[0.284s] -- Up-to-date: /home/agx/cthree/slam/ros2esp/install/pointcloud_to_grid/share/ament_index/resource_index/parent_prefix_path/pointcloud_to_grid
[0.285s] -- Up-to-date: /home/agx/cthree/slam/ros2esp/install/pointcloud_to_grid/share/pointcloud_to_grid/environment/ament_prefix_path.sh
[0.286s] -- Up-to-date: /home/agx/cthree/slam/ros2esp/install/pointcloud_to_grid/share/pointcloud_to_grid/environment/ament_prefix_path.dsv
[0.287s] -- Up-to-date: /home/agx/cthree/slam/ros2esp/install/pointcloud_to_grid/share/pointcloud_to_grid/environment/path.sh
[0.287s] -- Up-to-date: /home/agx/cthree/slam/ros2esp/install/pointcloud_to_grid/share/pointcloud_to_grid/environment/path.dsv
[0.287s] -- Up-to-date: /home/agx/cthree/slam/ros2esp/install/pointcloud_to_grid/share/pointcloud_to_grid/local_setup.bash
[0.287s] -- Up-to-date: /home/agx/cthree/slam/ros2esp/install/pointcloud_to_grid/share/pointcloud_to_grid/local_setup.sh
[0.288s] -- Up-to-date: /home/agx/cthree/slam/ros2esp/install/pointcloud_to_grid/share/pointcloud_to_grid/local_setup.zsh
[0.288s] -- Up-to-date: /home/agx/cthree/slam/ros2esp/install/pointcloud_to_grid/share/pointcloud_to_grid/local_setup.dsv
[0.288s] -- Installing: /home/agx/cthree/slam/ros2esp/install/pointcloud_to_grid/share/pointcloud_to_grid/package.dsv
[0.289s] -- Up-to-date: /home/agx/cthree/slam/ros2esp/install/pointcloud_to_grid/share/ament_index/resource_index/packages/pointcloud_to_grid
[0.289s] -- Up-to-date: /home/agx/cthree/slam/ros2esp/install/pointcloud_to_grid/share/pointcloud_to_grid/cmake/pointcloud_to_gridConfig.cmake
[0.289s] -- Up-to-date: /home/agx/cthree/slam/ros2esp/install/pointcloud_to_grid/share/pointcloud_to_grid/cmake/pointcloud_to_gridConfig-version.cmake
[0.290s] -- Up-to-date: /home/agx/cthree/slam/ros2esp/install/pointcloud_to_grid/share/pointcloud_to_grid/package.xml
[0.293s] Invoked command in '/home/agx/cthree/slam/ros2esp/build/pointcloud_to_grid' returned '0': CMAKE_PREFIX_PATH=${CMAKE_PREFIX_PATH}:/opt/ros/humble /usr/bin/cmake --install /home/agx/cthree/slam/ros2esp/build/pointcloud_to_grid
