[0.036s] Invoking command in '/home/agx/cthree/slam/ros2esp/build/serial': CMAKE_PREFIX_PATH=${CMAKE_PREFIX_PATH}:/opt/ros/humble /usr/bin/cmake --build /home/agx/cthree/slam/ros2esp/build/serial -- -j12 -l12
[0.137s] [100%] Built target serial
[0.169s] Invoked command in '/home/agx/cthree/slam/ros2esp/build/serial' returned '0': CMAKE_PREFIX_PATH=${CMAKE_PREFIX_PATH}:/opt/ros/humble /usr/bin/cmake --build /home/agx/cthree/slam/ros2esp/build/serial -- -j12 -l12
[0.185s] Invoking command in '/home/agx/cthree/slam/ros2esp/build/serial': CMAKE_PREFIX_PATH=${CMAKE_PREFIX_PATH}:/opt/ros/humble /usr/bin/cmake --install /home/agx/cthree/slam/ros2esp/build/serial
[0.201s] -- Install configuration: ""
[0.201s] -- Up-to-date: /home/agx/cthree/slam/ros2esp/install/serial/share/serial/environment/library_path.sh
[0.202s] -- Up-to-date: /home/agx/cthree/slam/ros2esp/install/serial/share/serial/environment/library_path.dsv
[0.202s] -- Up-to-date: /home/agx/cthree/slam/ros2esp/install/serial/lib/libserial.so
[0.202s] -- Up-to-date: /home/agx/cthree/slam/ros2esp/install/serial/include/serial/serial.h
[0.202s] -- Up-to-date: /home/agx/cthree/slam/ros2esp/install/serial/include/serial/v8stdint.h
[0.202s] -- Up-to-date: /home/agx/cthree/slam/ros2esp/install/serial/share/ament_index/resource_index/package_run_dependencies/serial
[0.202s] -- Up-to-date: /home/agx/cthree/slam/ros2esp/install/serial/share/ament_index/resource_index/parent_prefix_path/serial
[0.203s] -- Up-to-date: /home/agx/cthree/slam/ros2esp/install/serial/share/serial/environment/ament_prefix_path.sh
[0.203s] -- Up-to-date: /home/agx/cthree/slam/ros2esp/install/serial/share/serial/environment/ament_prefix_path.dsv
[0.203s] -- Up-to-date: /home/agx/cthree/slam/ros2esp/install/serial/share/serial/environment/path.sh
[0.203s] -- Up-to-date: /home/agx/cthree/slam/ros2esp/install/serial/share/serial/environment/path.dsv
[0.203s] -- Up-to-date: /home/agx/cthree/slam/ros2esp/install/serial/share/serial/local_setup.bash
[0.203s] -- Up-to-date: /home/agx/cthree/slam/ros2esp/install/serial/share/serial/local_setup.sh
[0.205s] -- Up-to-date: /home/agx/cthree/slam/ros2esp/install/serial/share/serial/local_setup.zsh
[0.210s] -- Up-to-date: /home/agx/cthree/slam/ros2esp/install/serial/share/serial/local_setup.dsv
[0.210s] -- Installing: /home/agx/cthree/slam/ros2esp/install/serial/share/serial/package.dsv
[0.210s] -- Up-to-date: /home/agx/cthree/slam/ros2esp/install/serial/share/ament_index/resource_index/packages/serial
[0.217s] -- Up-to-date: /home/agx/cthree/slam/ros2esp/install/serial/share/serial/cmake/ament_cmake_export_include_directories-extras.cmake
[0.217s] -- Up-to-date: /home/agx/cthree/slam/ros2esp/install/serial/share/serial/cmake/ament_cmake_export_libraries-extras.cmake
[0.217s] -- Up-to-date: /home/agx/cthree/slam/ros2esp/install/serial/share/serial/cmake/serialConfig.cmake
[0.217s] -- Up-to-date: /home/agx/cthree/slam/ros2esp/install/serial/share/serial/cmake/serialConfig-version.cmake
[0.218s] -- Up-to-date: /home/agx/cthree/slam/ros2esp/install/serial/share/serial/package.xml
[0.218s] Invoked command in '/home/agx/cthree/slam/ros2esp/build/serial' returned '0': CMAKE_PREFIX_PATH=${CMAKE_PREFIX_PATH}:/opt/ros/humble /usr/bin/cmake --install /home/agx/cthree/slam/ros2esp/build/serial
