[0.027s] Invoking command in '/home/agx/cthree/slam/nav/build/agx_navigation2': CMAKE_PREFIX_PATH=${CMAKE_PREFIX_PATH}:/home/agx/cthree/slam/nav2fishbot/install/fishbot_description:/home/agx/cthree/slam/nav2fishbot/install/nav2_simple_commander:/opt/ros/humble /usr/bin/cmake --build /home/agx/cthree/slam/nav/build/agx_navigation2 -- -j12 -l12
[0.122s] Invoked command in '/home/agx/cthree/slam/nav/build/agx_navigation2' returned '0': CMAKE_PREFIX_PATH=${CMAKE_PREFIX_PATH}:/home/agx/cthree/slam/nav2fishbot/install/fishbot_description:/home/agx/cthree/slam/nav2fishbot/install/nav2_simple_commander:/opt/ros/humble /usr/bin/cmake --build /home/agx/cthree/slam/nav/build/agx_navigation2 -- -j12 -l12
[0.148s] Invoking command in '/home/agx/cthree/slam/nav/build/agx_navigation2': CMAKE_PREFIX_PATH=${CMAKE_PREFIX_PATH}:/home/agx/cthree/slam/nav2fishbot/install/fishbot_description:/home/agx/cthree/slam/nav2fishbot/install/nav2_simple_commander:/opt/ros/humble /usr/bin/cmake --install /home/agx/cthree/slam/nav/build/agx_navigation2
[0.170s] -- Install configuration: ""
[0.170s] -- Up-to-date: /home/agx/cthree/slam/nav/install/agx_navigation2/share/agx_navigation2/launch
[0.171s] -- Up-to-date: /home/agx/cthree/slam/nav/install/agx_navigation2/share/agx_navigation2/launch/navigation2.launch.py
[0.171s] -- Installing: /home/agx/cthree/slam/nav/install/agx_navigation2/share/agx_navigation2/launch/bringup_launch.py
[0.172s] -- Up-to-date: /home/agx/cthree/slam/nav/install/agx_navigation2/share/agx_navigation2/maps
[0.172s] -- Up-to-date: /home/agx/cthree/slam/nav/install/agx_navigation2/share/agx_navigation2/maps/room.pgm
[0.172s] -- Up-to-date: /home/agx/cthree/slam/nav/install/agx_navigation2/share/agx_navigation2/maps/room.yaml
[0.173s] -- Up-to-date: /home/agx/cthree/slam/nav/install/agx_navigation2/share/agx_navigation2/config
[0.173s] -- Up-to-date: /home/agx/cthree/slam/nav/install/agx_navigation2/share/agx_navigation2/config/nav2_params.yaml
[0.173s] -- Up-to-date: /home/agx/cthree/slam/nav/install/agx_navigation2/share/ament_index/resource_index/package_run_dependencies/agx_navigation2
[0.173s] -- Up-to-date: /home/agx/cthree/slam/nav/install/agx_navigation2/share/ament_index/resource_index/parent_prefix_path/agx_navigation2
[0.174s] -- Up-to-date: /home/agx/cthree/slam/nav/install/agx_navigation2/share/agx_navigation2/environment/ament_prefix_path.sh
[0.175s] -- Up-to-date: /home/agx/cthree/slam/nav/install/agx_navigation2/share/agx_navigation2/environment/ament_prefix_path.dsv
[0.177s] -- Up-to-date: /home/agx/cthree/slam/nav/install/agx_navigation2/share/agx_navigation2/environment/path.sh
[0.177s] -- Up-to-date: /home/agx/cthree/slam/nav/install/agx_navigation2/share/agx_navigation2/environment/path.dsv
[0.178s] -- Up-to-date: /home/agx/cthree/slam/nav/install/agx_navigation2/share/agx_navigation2/local_setup.bash
[0.178s] -- Up-to-date: /home/agx/cthree/slam/nav/install/agx_navigation2/share/agx_navigation2/local_setup.sh
[0.179s] -- Up-to-date: /home/agx/cthree/slam/nav/install/agx_navigation2/share/agx_navigation2/local_setup.zsh
[0.180s] -- Up-to-date: /home/agx/cthree/slam/nav/install/agx_navigation2/share/agx_navigation2/local_setup.dsv
[0.180s] -- Up-to-date: /home/agx/cthree/slam/nav/install/agx_navigation2/share/agx_navigation2/package.dsv
[0.181s] -- Up-to-date: /home/agx/cthree/slam/nav/install/agx_navigation2/share/ament_index/resource_index/packages/agx_navigation2
[0.181s] -- Up-to-date: /home/agx/cthree/slam/nav/install/agx_navigation2/share/agx_navigation2/cmake/agx_navigation2Config.cmake
[0.182s] -- Up-to-date: /home/agx/cthree/slam/nav/install/agx_navigation2/share/agx_navigation2/cmake/agx_navigation2Config-version.cmake
[0.182s] -- Up-to-date: /home/agx/cthree/slam/nav/install/agx_navigation2/share/agx_navigation2/package.xml
[0.183s] Invoked command in '/home/agx/cthree/slam/nav/build/agx_navigation2' returned '0': CMAKE_PREFIX_PATH=${CMAKE_PREFIX_PATH}:/home/agx/cthree/slam/nav2fishbot/install/fishbot_description:/home/agx/cthree/slam/nav2fishbot/install/nav2_simple_commander:/opt/ros/humble /usr/bin/cmake --install /home/agx/cthree/slam/nav/build/agx_navigation2
