[0.199s] Invoking command in '/home/agx/cthree/slam/nav2fishbot/build/nav2_velocity_smoother': AMENT_PREFIX_PATH=/home/agx/cthree/slam/nav2fishbot/install/nav2_util:/home/agx/cthree/slam/nav2fishbot/install/nav2_msgs:/home/agx/cthree/slam/nav2fishbot/install/nav2_common:${AMENT_PREFIX_PATH} CMAKE_PREFIX_PATH=/home/agx/cthree/slam/nav2fishbot/install/nav2_util:/home/agx/cthree/slam/nav2fishbot/install/nav2_msgs:/home/agx/cthree/slam/nav2fishbot/install/nav2_common:/home/agx/cthree/slam/OVD-SLAM10/Examples/ros2/install/orbslam3:/home/agx/cthree/slam/cam_ws/install/realsense2_description:/home/agx/cthree/slam/cam_ws/install/realsense2_camera:/home/agx/cthree/slam/cam_ws/install/realsense2_camera_msgs:/opt/ros/humble LD_LIBRARY_PATH=/home/agx/cthree/slam/nav2fishbot/install/nav2_util/lib:/home/agx/cthree/slam/nav2fishbot/install/nav2_msgs/lib:/home/agx/cthree/slam/cam_ws/install/realsense2_camera/lib:/home/agx/cthree/slam/cam_ws/install/realsense2_camera_msgs/lib:/opt/ros/humble/opt/rviz_ogre_vendor/lib:/opt/ros/humble/lib/aarch64-linux-gnu:/opt/ros/humble/lib:/usr/local/lib PYTHONPATH=/home/agx/cthree/slam/nav2fishbot/install/nav2_msgs/local/lib/python3.10/dist-packages:/home/agx/cthree/slam/nav2fishbot/install/nav2_common/local/lib/python3.10/dist-packages:${PYTHONPATH} /usr/bin/cmake /home/agx/cthree/slam/nav2fishbot/src/fishbot/src/navigation/nav2_velocity_smoother -DCMAKE_INSTALL_PREFIX=/home/agx/cthree/slam/nav2fishbot/install/nav2_velocity_smoother
[0.493s] -- The C compiler identification is GNU 9.5.0
[0.613s] -- The CXX compiler identification is GNU 9.5.0
[0.633s] -- Detecting C compiler ABI info
[1.026s] -- Detecting C compiler ABI info - done
[1.035s] -- Check for working C compiler: /usr/bin/cc - skipped
[1.035s] -- Detecting C compile features
[1.036s] -- Detecting C compile features - done
[1.040s] -- Detecting CXX compiler ABI info
[1.481s] -- Detecting CXX compiler ABI info - done
[1.491s] -- Check for working CXX compiler: /usr/bin/c++ - skipped
[1.491s] -- Detecting CXX compile features
[1.492s] -- Detecting CXX compile features - done
[1.513s] -- Found ament_cmake: 1.3.12 (/opt/ros/humble/share/ament_cmake/cmake)
[2.184s] -- Found Python3: /usr/bin/python3 (found version "3.10.12") found components: Interpreter 
[2.532s] -- Found nav2_common: 1.1.0 (/home/agx/cthree/slam/nav2fishbot/install/nav2_common/share/nav2_common/cmake)
[2.535s] -- Found rclcpp: 16.0.16 (/opt/ros/humble/share/rclcpp/cmake)
[2.696s] -- Found rosidl_generator_c: 3.1.7 (/opt/ros/humble/share/rosidl_generator_c/cmake)
[2.705s] -- Found rosidl_adapter: 3.1.7 (/opt/ros/humble/share/rosidl_adapter/cmake)
[2.735s] -- Found rosidl_generator_cpp: 3.1.7 (/opt/ros/humble/share/rosidl_generator_cpp/cmake)
[2.764s] -- Using all available rosidl_typesupport_c: rosidl_typesupport_fastrtps_c;rosidl_typesupport_introspection_c
[2.841s] -- Using all available rosidl_typesupport_cpp: rosidl_typesupport_fastrtps_cpp;rosidl_typesupport_introspection_cpp
[2.945s] -- Found rmw_implementation_cmake: 6.1.2 (/opt/ros/humble/share/rmw_implementation_cmake/cmake)
[2.951s] -- Found rmw_fastrtps_cpp: 6.2.9 (/opt/ros/humble/share/rmw_fastrtps_cpp/cmake)
[3.283s] -- Found OpenSSL: /usr/lib/aarch64-linux-gnu/libcrypto.so (found version "3.0.2")  
[3.366s] -- Found FastRTPS: /opt/ros/humble/include  
[3.498s] -- Using RMW implementation 'rmw_fastrtps_cpp' as default
[3.536s] -- Looking for pthread.h
[3.816s] -- Looking for pthread.h - found
[3.817s] -- Performing Test CMAKE_HAVE_LIBC_PTHREAD
[4.243s] -- Performing Test CMAKE_HAVE_LIBC_PTHREAD - Success
[4.245s] -- Found Threads: TRUE  
[4.353s] -- Found rclcpp_components: 16.0.16 (/opt/ros/humble/share/rclcpp_components/cmake)
[4.400s] -- Found geometry_msgs: 4.9.0 (/opt/ros/humble/share/geometry_msgs/cmake)
[4.419s] -- Found nav2_util: 1.1.0 (/home/agx/cthree/slam/nav2fishbot/install/nav2_util/share/nav2_util/cmake)
[4.643s] -- Found eigen3_cmake_module: 0.1.1 (/opt/ros/humble/share/eigen3_cmake_module/cmake)
[4.645s] -- Found Eigen3: TRUE (found version "3.4.0") 
[4.646s] -- Ensuring Eigen3 include directory is part of orocos-kdl CMake target
[4.756s] -- Setting build type to Release as none was specified.
[4.811s] -- Found ament_lint_auto: 0.12.14 (/opt/ros/humble/share/ament_lint_auto/cmake)
[5.043s] -- Found gtest sources under '/opt/ros/humble/src/gtest_vendor': C++ tests using 'Google Test' will be built
[5.084s] -- Added test 'cppcheck' to perform static code analysis on C / C++ code
[5.085s] -- Configured cppcheck include dirs: /home/agx/cthree/slam/nav2fishbot/src/fishbot/src/navigation/nav2_velocity_smoother/include
[5.085s] -- Configured cppcheck exclude dirs and/or files: 
[5.088s] -- Added test 'cpplint' to check C / C++ code against the Google style
[5.088s] -- Configured cpplint exclude dirs and/or files: 
[5.090s] -- Added test 'lint_cmake' to check CMake code style
[5.093s] -- Added test 'uncrustify' to check C / C++ code style
[5.093s] -- Configured uncrustify additional arguments: 
[5.095s] -- Added test 'xmllint' to check XML markup files
[5.103s] -- Configuring done
[5.252s] -- Generating done
[5.278s] -- Build files have been written to: /home/agx/cthree/slam/nav2fishbot/build/nav2_velocity_smoother
[5.313s] Invoked command in '/home/agx/cthree/slam/nav2fishbot/build/nav2_velocity_smoother' returned '0': AMENT_PREFIX_PATH=/home/agx/cthree/slam/nav2fishbot/install/nav2_util:/home/agx/cthree/slam/nav2fishbot/install/nav2_msgs:/home/agx/cthree/slam/nav2fishbot/install/nav2_common:${AMENT_PREFIX_PATH} CMAKE_PREFIX_PATH=/home/agx/cthree/slam/nav2fishbot/install/nav2_util:/home/agx/cthree/slam/nav2fishbot/install/nav2_msgs:/home/agx/cthree/slam/nav2fishbot/install/nav2_common:/home/agx/cthree/slam/OVD-SLAM10/Examples/ros2/install/orbslam3:/home/agx/cthree/slam/cam_ws/install/realsense2_description:/home/agx/cthree/slam/cam_ws/install/realsense2_camera:/home/agx/cthree/slam/cam_ws/install/realsense2_camera_msgs:/opt/ros/humble LD_LIBRARY_PATH=/home/agx/cthree/slam/nav2fishbot/install/nav2_util/lib:/home/agx/cthree/slam/nav2fishbot/install/nav2_msgs/lib:/home/agx/cthree/slam/cam_ws/install/realsense2_camera/lib:/home/agx/cthree/slam/cam_ws/install/realsense2_camera_msgs/lib:/opt/ros/humble/opt/rviz_ogre_vendor/lib:/opt/ros/humble/lib/aarch64-linux-gnu:/opt/ros/humble/lib:/usr/local/lib PYTHONPATH=/home/agx/cthree/slam/nav2fishbot/install/nav2_msgs/local/lib/python3.10/dist-packages:/home/agx/cthree/slam/nav2fishbot/install/nav2_common/local/lib/python3.10/dist-packages:${PYTHONPATH} /usr/bin/cmake /home/agx/cthree/slam/nav2fishbot/src/fishbot/src/navigation/nav2_velocity_smoother -DCMAKE_INSTALL_PREFIX=/home/agx/cthree/slam/nav2fishbot/install/nav2_velocity_smoother
[5.316s] Invoking command in '/home/agx/cthree/slam/nav2fishbot/build/nav2_velocity_smoother': AMENT_PREFIX_PATH=/home/agx/cthree/slam/nav2fishbot/install/nav2_util:/home/agx/cthree/slam/nav2fishbot/install/nav2_msgs:/home/agx/cthree/slam/nav2fishbot/install/nav2_common:${AMENT_PREFIX_PATH} CMAKE_PREFIX_PATH=/home/agx/cthree/slam/nav2fishbot/install/nav2_util:/home/agx/cthree/slam/nav2fishbot/install/nav2_msgs:/home/agx/cthree/slam/nav2fishbot/install/nav2_common:/home/agx/cthree/slam/OVD-SLAM10/Examples/ros2/install/orbslam3:/home/agx/cthree/slam/cam_ws/install/realsense2_description:/home/agx/cthree/slam/cam_ws/install/realsense2_camera:/home/agx/cthree/slam/cam_ws/install/realsense2_camera_msgs:/opt/ros/humble LD_LIBRARY_PATH=/home/agx/cthree/slam/nav2fishbot/install/nav2_util/lib:/home/agx/cthree/slam/nav2fishbot/install/nav2_msgs/lib:/home/agx/cthree/slam/cam_ws/install/realsense2_camera/lib:/home/agx/cthree/slam/cam_ws/install/realsense2_camera_msgs/lib:/opt/ros/humble/opt/rviz_ogre_vendor/lib:/opt/ros/humble/lib/aarch64-linux-gnu:/opt/ros/humble/lib:/usr/local/lib PYTHONPATH=/home/agx/cthree/slam/nav2fishbot/install/nav2_msgs/local/lib/python3.10/dist-packages:/home/agx/cthree/slam/nav2fishbot/install/nav2_common/local/lib/python3.10/dist-packages:${PYTHONPATH} /usr/bin/cmake --build /home/agx/cthree/slam/nav2fishbot/build/nav2_velocity_smoother -- -j12 -l12
[5.404s] [ 10%] [32mBuilding CXX object CMakeFiles/velocity_smoother_core.dir/src/velocity_smoother.cpp.o[0m
[34.544s] [ 20%] [32m[1mLinking CXX shared library libvelocity_smoother_core.so[0m
[34.884s] [ 20%] Built target velocity_smoother_core
[34.914s] [ 30%] [32mBuilding CXX object gtest/CMakeFiles/gtest.dir/src/gtest-all.cc.o[0m
[46.728s] [ 40%] [32m[1mLinking CXX static library libgtest.a[0m
[46.785s] [ 40%] Built target gtest
[46.817s] [ 50%] [32mBuilding CXX object CMakeFiles/velocity_smoother.dir/src/main.cpp.o[0m
[52.246s] [ 60%] [32m[1mLinking CXX executable velocity_smoother[0m
[52.643s] [ 60%] Built target velocity_smoother
[52.676s] [ 70%] [32mBuilding CXX object gtest/CMakeFiles/gtest_main.dir/src/gtest_main.cc.o[0m
[54.210s] [ 80%] [32m[1mLinking CXX static library libgtest_main.a[0m
[54.297s] [ 80%] Built target gtest_main
[54.345s] [ 90%] [32mBuilding CXX object test/CMakeFiles/velocity_smoother_tests.dir/test_velocity_smoother.cpp.o[0m
[85.492s] [100%] [32m[1mLinking CXX executable velocity_smoother_tests[0m
[86.836s] [100%] Built target velocity_smoother_tests
[86.884s] Invoked command in '/home/agx/cthree/slam/nav2fishbot/build/nav2_velocity_smoother' returned '0': AMENT_PREFIX_PATH=/home/agx/cthree/slam/nav2fishbot/install/nav2_util:/home/agx/cthree/slam/nav2fishbot/install/nav2_msgs:/home/agx/cthree/slam/nav2fishbot/install/nav2_common:${AMENT_PREFIX_PATH} CMAKE_PREFIX_PATH=/home/agx/cthree/slam/nav2fishbot/install/nav2_util:/home/agx/cthree/slam/nav2fishbot/install/nav2_msgs:/home/agx/cthree/slam/nav2fishbot/install/nav2_common:/home/agx/cthree/slam/OVD-SLAM10/Examples/ros2/install/orbslam3:/home/agx/cthree/slam/cam_ws/install/realsense2_description:/home/agx/cthree/slam/cam_ws/install/realsense2_camera:/home/agx/cthree/slam/cam_ws/install/realsense2_camera_msgs:/opt/ros/humble LD_LIBRARY_PATH=/home/agx/cthree/slam/nav2fishbot/install/nav2_util/lib:/home/agx/cthree/slam/nav2fishbot/install/nav2_msgs/lib:/home/agx/cthree/slam/cam_ws/install/realsense2_camera/lib:/home/agx/cthree/slam/cam_ws/install/realsense2_camera_msgs/lib:/opt/ros/humble/opt/rviz_ogre_vendor/lib:/opt/ros/humble/lib/aarch64-linux-gnu:/opt/ros/humble/lib:/usr/local/lib PYTHONPATH=/home/agx/cthree/slam/nav2fishbot/install/nav2_msgs/local/lib/python3.10/dist-packages:/home/agx/cthree/slam/nav2fishbot/install/nav2_common/local/lib/python3.10/dist-packages:${PYTHONPATH} /usr/bin/cmake --build /home/agx/cthree/slam/nav2fishbot/build/nav2_velocity_smoother -- -j12 -l12
[86.885s] Invoking command in '/home/agx/cthree/slam/nav2fishbot/build/nav2_velocity_smoother': AMENT_PREFIX_PATH=/home/agx/cthree/slam/nav2fishbot/install/nav2_util:/home/agx/cthree/slam/nav2fishbot/install/nav2_msgs:/home/agx/cthree/slam/nav2fishbot/install/nav2_common:${AMENT_PREFIX_PATH} CMAKE_PREFIX_PATH=/home/agx/cthree/slam/nav2fishbot/install/nav2_util:/home/agx/cthree/slam/nav2fishbot/install/nav2_msgs:/home/agx/cthree/slam/nav2fishbot/install/nav2_common:/home/agx/cthree/slam/OVD-SLAM10/Examples/ros2/install/orbslam3:/home/agx/cthree/slam/cam_ws/install/realsense2_description:/home/agx/cthree/slam/cam_ws/install/realsense2_camera:/home/agx/cthree/slam/cam_ws/install/realsense2_camera_msgs:/opt/ros/humble LD_LIBRARY_PATH=/home/agx/cthree/slam/nav2fishbot/install/nav2_util/lib:/home/agx/cthree/slam/nav2fishbot/install/nav2_msgs/lib:/home/agx/cthree/slam/cam_ws/install/realsense2_camera/lib:/home/agx/cthree/slam/cam_ws/install/realsense2_camera_msgs/lib:/opt/ros/humble/opt/rviz_ogre_vendor/lib:/opt/ros/humble/lib/aarch64-linux-gnu:/opt/ros/humble/lib:/usr/local/lib PYTHONPATH=/home/agx/cthree/slam/nav2fishbot/install/nav2_msgs/local/lib/python3.10/dist-packages:/home/agx/cthree/slam/nav2fishbot/install/nav2_common/local/lib/python3.10/dist-packages:${PYTHONPATH} /usr/bin/cmake --install /home/agx/cthree/slam/nav2fishbot/build/nav2_velocity_smoother
[86.913s] -- Install configuration: "Release"
[86.913s] -- Installing: /home/agx/cthree/slam/nav2fishbot/install/nav2_velocity_smoother/lib/libvelocity_smoother_core.so
[86.916s] -- Set runtime path of "/home/agx/cthree/slam/nav2fishbot/install/nav2_velocity_smoother/lib/libvelocity_smoother_core.so" to ""
[86.916s] -- Installing: /home/agx/cthree/slam/nav2fishbot/install/nav2_velocity_smoother/lib/nav2_velocity_smoother/velocity_smoother
[86.917s] -- Set runtime path of "/home/agx/cthree/slam/nav2fishbot/install/nav2_velocity_smoother/lib/nav2_velocity_smoother/velocity_smoother" to ""
[86.917s] -- Installing: /home/agx/cthree/slam/nav2fishbot/install/nav2_velocity_smoother/include/
[86.917s] -- Installing: /home/agx/cthree/slam/nav2fishbot/install/nav2_velocity_smoother/include//nav2_velocity_smoother
[86.918s] -- Installing: /home/agx/cthree/slam/nav2fishbot/install/nav2_velocity_smoother/include//nav2_velocity_smoother/velocity_smoother.hpp
[86.918s] -- Installing: /home/agx/cthree/slam/nav2fishbot/install/nav2_velocity_smoother/share/nav2_velocity_smoother/environment/library_path.sh
[86.918s] -- Installing: /home/agx/cthree/slam/nav2fishbot/install/nav2_velocity_smoother/share/nav2_velocity_smoother/environment/library_path.dsv
[86.919s] -- Installing: /home/agx/cthree/slam/nav2fishbot/install/nav2_velocity_smoother/share/ament_index/resource_index/package_run_dependencies/nav2_velocity_smoother
[86.936s] -- Installing: /home/agx/cthree/slam/nav2fishbot/install/nav2_velocity_smoother/share/ament_index/resource_index/parent_prefix_path/nav2_velocity_smoother
[86.937s] -- Installing: /home/agx/cthree/slam/nav2fishbot/install/nav2_velocity_smoother/share/nav2_velocity_smoother/environment/ament_prefix_path.sh
[86.937s] -- Installing: /home/agx/cthree/slam/nav2fishbot/install/nav2_velocity_smoother/share/nav2_velocity_smoother/environment/ament_prefix_path.dsv
[86.937s] -- Installing: /home/agx/cthree/slam/nav2fishbot/install/nav2_velocity_smoother/share/nav2_velocity_smoother/environment/path.sh
[86.937s] -- Installing: /home/agx/cthree/slam/nav2fishbot/install/nav2_velocity_smoother/share/nav2_velocity_smoother/environment/path.dsv
[86.938s] -- Installing: /home/agx/cthree/slam/nav2fishbot/install/nav2_velocity_smoother/share/nav2_velocity_smoother/local_setup.bash
[86.938s] -- Installing: /home/agx/cthree/slam/nav2fishbot/install/nav2_velocity_smoother/share/nav2_velocity_smoother/local_setup.sh
[86.939s] -- Installing: /home/agx/cthree/slam/nav2fishbot/install/nav2_velocity_smoother/share/nav2_velocity_smoother/local_setup.zsh
[86.939s] -- Installing: /home/agx/cthree/slam/nav2fishbot/install/nav2_velocity_smoother/share/nav2_velocity_smoother/local_setup.dsv
[86.939s] -- Installing: /home/agx/cthree/slam/nav2fishbot/install/nav2_velocity_smoother/share/nav2_velocity_smoother/package.dsv
[86.940s] -- Installing: /home/agx/cthree/slam/nav2fishbot/install/nav2_velocity_smoother/share/ament_index/resource_index/packages/nav2_velocity_smoother
[86.940s] -- Installing: /home/agx/cthree/slam/nav2fishbot/install/nav2_velocity_smoother/share/ament_index/resource_index/rclcpp_components/nav2_velocity_smoother
[86.941s] -- Installing: /home/agx/cthree/slam/nav2fishbot/install/nav2_velocity_smoother/share/nav2_velocity_smoother/cmake/ament_cmake_export_include_directories-extras.cmake
[86.941s] -- Installing: /home/agx/cthree/slam/nav2fishbot/install/nav2_velocity_smoother/share/nav2_velocity_smoother/cmake/ament_cmake_export_libraries-extras.cmake
[86.942s] -- Installing: /home/agx/cthree/slam/nav2fishbot/install/nav2_velocity_smoother/share/nav2_velocity_smoother/cmake/ament_cmake_export_dependencies-extras.cmake
[86.942s] -- Installing: /home/agx/cthree/slam/nav2fishbot/install/nav2_velocity_smoother/share/nav2_velocity_smoother/cmake/nav2_velocity_smootherConfig.cmake
[86.942s] -- Installing: /home/agx/cthree/slam/nav2fishbot/install/nav2_velocity_smoother/share/nav2_velocity_smoother/cmake/nav2_velocity_smootherConfig-version.cmake
[86.943s] -- Installing: /home/agx/cthree/slam/nav2fishbot/install/nav2_velocity_smoother/share/nav2_velocity_smoother/package.xml
[86.955s] Invoked command in '/home/agx/cthree/slam/nav2fishbot/build/nav2_velocity_smoother' returned '0': AMENT_PREFIX_PATH=/home/agx/cthree/slam/nav2fishbot/install/nav2_util:/home/agx/cthree/slam/nav2fishbot/install/nav2_msgs:/home/agx/cthree/slam/nav2fishbot/install/nav2_common:${AMENT_PREFIX_PATH} CMAKE_PREFIX_PATH=/home/agx/cthree/slam/nav2fishbot/install/nav2_util:/home/agx/cthree/slam/nav2fishbot/install/nav2_msgs:/home/agx/cthree/slam/nav2fishbot/install/nav2_common:/home/agx/cthree/slam/OVD-SLAM10/Examples/ros2/install/orbslam3:/home/agx/cthree/slam/cam_ws/install/realsense2_description:/home/agx/cthree/slam/cam_ws/install/realsense2_camera:/home/agx/cthree/slam/cam_ws/install/realsense2_camera_msgs:/opt/ros/humble LD_LIBRARY_PATH=/home/agx/cthree/slam/nav2fishbot/install/nav2_util/lib:/home/agx/cthree/slam/nav2fishbot/install/nav2_msgs/lib:/home/agx/cthree/slam/cam_ws/install/realsense2_camera/lib:/home/agx/cthree/slam/cam_ws/install/realsense2_camera_msgs/lib:/opt/ros/humble/opt/rviz_ogre_vendor/lib:/opt/ros/humble/lib/aarch64-linux-gnu:/opt/ros/humble/lib:/usr/local/lib PYTHONPATH=/home/agx/cthree/slam/nav2fishbot/install/nav2_msgs/local/lib/python3.10/dist-packages:/home/agx/cthree/slam/nav2fishbot/install/nav2_common/local/lib/python3.10/dist-packages:${PYTHONPATH} /usr/bin/cmake --install /home/agx/cthree/slam/nav2fishbot/build/nav2_velocity_smoother
