[0.029s] Invoking command in '/home/agx/cthree/slam/cam_ws/build/realsense2_camera': CMAKE_PREFIX_PATH=/home/agx/cthree/slam/cam_ws/install/realsense2_camera_msgs:/home/agx/cthree/slam/cam_ws/install/realsense2_description:/home/agx/cthree/slam/cam_ws/install/realsense2_camera:/opt/ros/humble LD_LIBRARY_PATH=/home/agx/cthree/slam/cam_ws/install/realsense2_camera_msgs/lib:/home/agx/cthree/slam/cam_ws/install/realsense2_camera/lib:/opt/ros/humble/opt/rviz_ogre_vendor/lib:/opt/ros/humble/lib/aarch64-linux-gnu:/opt/ros/humble/lib /usr/bin/cmake --build /home/agx/cthree/slam/cam_ws/build/realsense2_camera -- -j12 -l12
[0.116s] [ 12%] Built target realsense2_camera_node
[0.170s] [100%] Built target realsense2_camera
[0.191s] Invoked command in '/home/agx/cthree/slam/cam_ws/build/realsense2_camera' returned '0': CMAKE_PREFIX_PATH=/home/agx/cthree/slam/cam_ws/install/realsense2_camera_msgs:/home/agx/cthree/slam/cam_ws/install/realsense2_description:/home/agx/cthree/slam/cam_ws/install/realsense2_camera:/opt/ros/humble LD_LIBRARY_PATH=/home/agx/cthree/slam/cam_ws/install/realsense2_camera_msgs/lib:/home/agx/cthree/slam/cam_ws/install/realsense2_camera/lib:/opt/ros/humble/opt/rviz_ogre_vendor/lib:/opt/ros/humble/lib/aarch64-linux-gnu:/opt/ros/humble/lib /usr/bin/cmake --build /home/agx/cthree/slam/cam_ws/build/realsense2_camera -- -j12 -l12
[0.195s] Invoking command in '/home/agx/cthree/slam/cam_ws/build/realsense2_camera': CMAKE_PREFIX_PATH=/home/agx/cthree/slam/cam_ws/install/realsense2_camera_msgs:/home/agx/cthree/slam/cam_ws/install/realsense2_description:/home/agx/cthree/slam/cam_ws/install/realsense2_camera:/opt/ros/humble LD_LIBRARY_PATH=/home/agx/cthree/slam/cam_ws/install/realsense2_camera_msgs/lib:/home/agx/cthree/slam/cam_ws/install/realsense2_camera/lib:/opt/ros/humble/opt/rviz_ogre_vendor/lib:/opt/ros/humble/lib/aarch64-linux-gnu:/opt/ros/humble/lib /usr/bin/cmake --install /home/agx/cthree/slam/cam_ws/build/realsense2_camera
[0.208s] -- Install configuration: "Release"
[0.209s] -- Execute custom install script
[0.210s] -- Up-to-date symlink: /home/agx/cthree/slam/cam_ws/install/realsense2_camera/lib/realsense2_camera/realsense2_camera_node
[0.210s] -- Up-to-date symlink: /home/agx/cthree/slam/cam_ws/install/realsense2_camera/lib/librealsense2_camera.so
[0.211s] -- Up-to-date symlink: /home/agx/cthree/slam/cam_ws/install/realsense2_camera/include/base_realsense_node.h
[0.211s] -- Up-to-date symlink: /home/agx/cthree/slam/cam_ws/install/realsense2_camera/include/constants.h
[0.211s] -- Up-to-date symlink: /home/agx/cthree/slam/cam_ws/install/realsense2_camera/include/dynamic_params.h
[0.212s] -- Up-to-date symlink: /home/agx/cthree/slam/cam_ws/install/realsense2_camera/include/image_publisher.h
[0.212s] -- Up-to-date symlink: /home/agx/cthree/slam/cam_ws/install/realsense2_camera/include/named_filter.h
[0.212s] -- Up-to-date symlink: /home/agx/cthree/slam/cam_ws/install/realsense2_camera/include/profile_manager.h
[0.213s] -- Up-to-date symlink: /home/agx/cthree/slam/cam_ws/install/realsense2_camera/include/realsense_node_factory.h
[0.213s] -- Up-to-date symlink: /home/agx/cthree/slam/cam_ws/install/realsense2_camera/include/ros_param_backend.h
[0.213s] -- Up-to-date symlink: /home/agx/cthree/slam/cam_ws/install/realsense2_camera/include/ros_sensor.h
[0.214s] -- Up-to-date symlink: /home/agx/cthree/slam/cam_ws/install/realsense2_camera/include/ros_utils.h
[0.214s] -- Up-to-date symlink: /home/agx/cthree/slam/cam_ws/install/realsense2_camera/include/sensor_params.h
[0.214s] -- Up-to-date symlink: /home/agx/cthree/slam/cam_ws/install/realsense2_camera/share/realsense2_camera/launch/default.rviz
[0.214s] -- Up-to-date symlink: /home/agx/cthree/slam/cam_ws/install/realsense2_camera/share/realsense2_camera/launch/rs_intra_process_demo_launch.py
[0.215s] -- Up-to-date symlink: /home/agx/cthree/slam/cam_ws/install/realsense2_camera/share/realsense2_camera/launch/rs_launch.py
[0.215s] -- Up-to-date symlink: /home/agx/cthree/slam/cam_ws/install/realsense2_camera/share/realsense2_camera/launch/rs_multi_camera_launch.py
[0.215s] -- Up-to-date symlink: /home/agx/cthree/slam/cam_ws/install/realsense2_camera/share/realsense2_camera/environment/library_path.sh
[0.215s] -- Up-to-date symlink: /home/agx/cthree/slam/cam_ws/install/realsense2_camera/share/realsense2_camera/environment/library_path.dsv
[0.216s] -- Up-to-date symlink: /home/agx/cthree/slam/cam_ws/install/realsense2_camera/share/ament_index/resource_index/package_run_dependencies/realsense2_camera
[0.216s] -- Up-to-date symlink: /home/agx/cthree/slam/cam_ws/install/realsense2_camera/share/ament_index/resource_index/parent_prefix_path/realsense2_camera
[0.216s] -- Up-to-date symlink: /home/agx/cthree/slam/cam_ws/install/realsense2_camera/share/realsense2_camera/environment/ament_prefix_path.sh
[0.217s] -- Up-to-date symlink: /home/agx/cthree/slam/cam_ws/install/realsense2_camera/share/realsense2_camera/environment/ament_prefix_path.dsv
[0.217s] -- Up-to-date symlink: /home/agx/cthree/slam/cam_ws/install/realsense2_camera/share/realsense2_camera/environment/path.sh
[0.217s] -- Up-to-date symlink: /home/agx/cthree/slam/cam_ws/install/realsense2_camera/share/realsense2_camera/environment/path.dsv
[0.217s] -- Up-to-date symlink: /home/agx/cthree/slam/cam_ws/install/realsense2_camera/share/realsense2_camera/local_setup.bash
[0.218s] -- Up-to-date symlink: /home/agx/cthree/slam/cam_ws/install/realsense2_camera/share/realsense2_camera/local_setup.sh
[0.218s] -- Up-to-date symlink: /home/agx/cthree/slam/cam_ws/install/realsense2_camera/share/realsense2_camera/local_setup.zsh
[0.218s] -- Up-to-date symlink: /home/agx/cthree/slam/cam_ws/install/realsense2_camera/share/realsense2_camera/local_setup.dsv
[0.218s] -- Symlinking: /home/agx/cthree/slam/cam_ws/install/realsense2_camera/share/realsense2_camera/package.dsv
[0.234s] -- Up-to-date symlink: /home/agx/cthree/slam/cam_ws/install/realsense2_camera/share/ament_index/resource_index/packages/realsense2_camera
[0.235s] -- Up-to-date symlink: /home/agx/cthree/slam/cam_ws/install/realsense2_camera/share/ament_index/resource_index/rclcpp_components/realsense2_camera
[0.235s] -- Up-to-date symlink: /home/agx/cthree/slam/cam_ws/install/realsense2_camera/share/realsense2_camera/cmake/ament_cmake_export_include_directories-extras.cmake
[0.236s] -- Up-to-date symlink: /home/agx/cthree/slam/cam_ws/install/realsense2_camera/share/realsense2_camera/cmake/ament_cmake_export_libraries-extras.cmake
[0.236s] -- Up-to-date symlink: /home/agx/cthree/slam/cam_ws/install/realsense2_camera/share/realsense2_camera/cmake/ament_cmake_export_dependencies-extras.cmake
[0.236s] -- Up-to-date symlink: /home/agx/cthree/slam/cam_ws/install/realsense2_camera/share/realsense2_camera/cmake/realsense2_cameraConfig.cmake
[0.237s] -- Up-to-date symlink: /home/agx/cthree/slam/cam_ws/install/realsense2_camera/share/realsense2_camera/cmake/realsense2_cameraConfig-version.cmake
[0.237s] -- Up-to-date symlink: /home/agx/cthree/slam/cam_ws/install/realsense2_camera/share/realsense2_camera/package.xml
[0.243s] Invoked command in '/home/agx/cthree/slam/cam_ws/build/realsense2_camera' returned '0': CMAKE_PREFIX_PATH=/home/agx/cthree/slam/cam_ws/install/realsense2_camera_msgs:/home/agx/cthree/slam/cam_ws/install/realsense2_description:/home/agx/cthree/slam/cam_ws/install/realsense2_camera:/opt/ros/humble LD_LIBRARY_PATH=/home/agx/cthree/slam/cam_ws/install/realsense2_camera_msgs/lib:/home/agx/cthree/slam/cam_ws/install/realsense2_camera/lib:/opt/ros/humble/opt/rviz_ogre_vendor/lib:/opt/ros/humble/lib/aarch64-linux-gnu:/opt/ros/humble/lib /usr/bin/cmake --install /home/agx/cthree/slam/cam_ws/build/realsense2_camera
