[0.080s] Invoking command in '/home/agx/cthree/slam/nav2fishbot/build/nav2_navfn_planner': AMENT_PREFIX_PATH=/home/agx/cthree/slam/nav2fishbot/install/nav2_core:/home/agx/cthree/slam/nav2fishbot/install/nav2_costmap_2d:/home/agx/cthree/slam/nav2fishbot/install/nav2_map_server:/home/agx/cthree/slam/nav2fishbot/install/nav2_lifecycle_manager:/home/agx/cthree/slam/nav2fishbot/install/nav2_util:/home/agx/cthree/slam/nav2fishbot/install/nav2_voxel_grid:/home/agx/cthree/slam/nav2fishbot/install/nav2_msgs:/home/agx/cthree/slam/nav2fishbot/install/nav2_common:${AMENT_PREFIX_PATH} CMAKE_PREFIX_PATH=/home/agx/cthree/slam/nav2fishbot/install/nav2_core:/home/agx/cthree/slam/nav2fishbot/install/nav2_costmap_2d:/home/agx/cthree/slam/nav2fishbot/install/nav2_map_server:/home/agx/cthree/slam/nav2fishbot/install/nav2_lifecycle_manager:/home/agx/cthree/slam/nav2fishbot/install/nav2_util:/home/agx/cthree/slam/nav2fishbot/install/nav2_voxel_grid:/home/agx/cthree/slam/nav2fishbot/install/nav2_msgs:/home/agx/cthree/slam/nav2fishbot/install/nav2_common:/home/agx/cthree/slam/OVD-SLAM10/Examples/ros2/install/orbslam3:/home/agx/cthree/slam/cam_ws/install/realsense2_description:/home/agx/cthree/slam/cam_ws/install/realsense2_camera:/home/agx/cthree/slam/cam_ws/install/realsense2_camera_msgs:/opt/ros/humble LD_LIBRARY_PATH=/home/agx/cthree/slam/nav2fishbot/install/nav2_costmap_2d/lib:/home/agx/cthree/slam/nav2fishbot/install/nav2_map_server/lib:/home/agx/cthree/slam/nav2fishbot/install/nav2_lifecycle_manager/lib:/home/agx/cthree/slam/nav2fishbot/install/nav2_util/lib:/home/agx/cthree/slam/nav2fishbot/install/nav2_voxel_grid/lib:/home/agx/cthree/slam/nav2fishbot/install/nav2_msgs/lib:/home/agx/cthree/slam/cam_ws/install/realsense2_camera/lib:/home/agx/cthree/slam/cam_ws/install/realsense2_camera_msgs/lib:/opt/ros/humble/opt/rviz_ogre_vendor/lib:/opt/ros/humble/lib/aarch64-linux-gnu:/opt/ros/humble/lib:/usr/local/lib PYTHONPATH=/home/agx/cthree/slam/nav2fishbot/install/nav2_msgs/local/lib/python3.10/dist-packages:/home/agx/cthree/slam/nav2fishbot/install/nav2_common/local/lib/python3.10/dist-packages:${PYTHONPATH} /usr/bin/cmake /home/agx/cthree/slam/nav2fishbot/src/fishbot/src/navigation/nav2_navfn_planner -DCMAKE_INSTALL_PREFIX=/home/agx/cthree/slam/nav2fishbot/install/nav2_navfn_planner
[0.928s] -- The C compiler identification is GNU 9.5.0
[0.928s] -- The CXX compiler identification is GNU 9.5.0
[0.928s] -- Detecting C compiler ABI info
[0.929s] -- Detecting C compiler ABI info - done
[0.929s] -- Check for working C compiler: /usr/bin/cc - skipped
[0.929s] -- Detecting C compile features
[0.929s] -- Detecting C compile features - done
[0.929s] -- Detecting CXX compiler ABI info
[0.965s] -- Detecting CXX compiler ABI info - done
[0.965s] -- Check for working CXX compiler: /usr/bin/c++ - skipped
[0.966s] -- Detecting CXX compile features
[0.966s] -- Detecting CXX compile features - done
[0.972s] -- Found ament_cmake: 1.3.12 (/opt/ros/humble/share/ament_cmake/cmake)
[1.564s] -- Found Python3: /usr/bin/python3 (found version "3.10.12") found components: Interpreter 
[1.985s] -- Found nav2_common: 1.1.0 (/home/agx/cthree/slam/nav2fishbot/install/nav2_common/share/nav2_common/cmake)
[1.990s] -- Found rclcpp: 16.0.16 (/opt/ros/humble/share/rclcpp/cmake)
[2.160s] -- Found rosidl_generator_c: 3.1.7 (/opt/ros/humble/share/rosidl_generator_c/cmake)
[2.181s] -- Found rosidl_adapter: 3.1.7 (/opt/ros/humble/share/rosidl_adapter/cmake)
[2.217s] -- Found rosidl_generator_cpp: 3.1.7 (/opt/ros/humble/share/rosidl_generator_cpp/cmake)
[2.255s] -- Using all available rosidl_typesupport_c: rosidl_typesupport_fastrtps_c;rosidl_typesupport_introspection_c
[2.320s] -- Using all available rosidl_typesupport_cpp: rosidl_typesupport_fastrtps_cpp;rosidl_typesupport_introspection_cpp
[2.488s] -- Found rmw_implementation_cmake: 6.1.2 (/opt/ros/humble/share/rmw_implementation_cmake/cmake)
[2.500s] -- Found rmw_fastrtps_cpp: 6.2.9 (/opt/ros/humble/share/rmw_fastrtps_cpp/cmake)
[3.058s] -- Found OpenSSL: /usr/lib/aarch64-linux-gnu/libcrypto.so (found version "3.0.2")  
[3.188s] -- Found FastRTPS: /opt/ros/humble/include  
[3.362s] -- Using RMW implementation 'rmw_fastrtps_cpp' as default
[3.415s] -- Looking for pthread.h
[3.817s] -- Looking for pthread.h - found
[3.817s] -- Performing Test CMAKE_HAVE_LIBC_PTHREAD
[4.137s] -- Performing Test CMAKE_HAVE_LIBC_PTHREAD - Success
[4.139s] -- Found Threads: TRUE  
[4.327s] -- Found rclcpp_action: 16.0.16 (/opt/ros/humble/share/rclcpp_action/cmake)
[4.448s] -- Found rclcpp_lifecycle: 16.0.16 (/opt/ros/humble/share/rclcpp_lifecycle/cmake)
[4.525s] -- Found visualization_msgs: 4.9.0 (/opt/ros/humble/share/visualization_msgs/cmake)
[4.682s] -- Found nav2_util: 1.1.0 (/home/agx/cthree/slam/nav2fishbot/install/nav2_util/share/nav2_util/cmake)
[5.130s] -- Found eigen3_cmake_module: 0.1.1 (/opt/ros/humble/share/eigen3_cmake_module/cmake)
[5.132s] -- Found Eigen3: TRUE (found version "3.4.0") 
[5.132s] -- Ensuring Eigen3 include directory is part of orocos-kdl CMake target
[5.235s] -- Found nav2_core: 1.1.0 (/home/agx/cthree/slam/nav2fishbot/install/nav2_core/share/nav2_core/cmake)
[5.524s] -- Setting build type to Release as none was specified.
[5.985s] -- Found ament_lint_auto: 0.12.14 (/opt/ros/humble/share/ament_lint_auto/cmake)
[5.992s] -- Found ament_cmake_gtest: 1.3.12 (/opt/ros/humble/share/ament_cmake_gtest/cmake)
[6.303s] -- Found gtest sources under '/opt/ros/humble/src/gtest_vendor': C++ tests using 'Google Test' will be built
[6.589s] -- Added test 'copyright' to check source files copyright and LICENSE
[6.593s] -- Added test 'cppcheck' to perform static code analysis on C / C++ code
[6.594s] -- Configured cppcheck include dirs: /home/agx/cthree/slam/nav2fishbot/src/fishbot/src/navigation/nav2_navfn_planner/include
[6.595s] -- Configured cppcheck exclude dirs and/or files: 
[6.598s] -- Added test 'cpplint' to check C / C++ code against the Google style
[6.605s] -- Configured cpplint exclude dirs and/or files: 
[6.608s] -- Added test 'lint_cmake' to check CMake code style
[6.611s] -- Added test 'uncrustify' to check C / C++ code style
[6.612s] -- Configured uncrustify additional arguments: 
[6.614s] -- Added test 'xmllint' to check XML markup files
[6.637s] -- Configuring done
[6.876s] -- Generating done
[6.942s] -- Build files have been written to: /home/agx/cthree/slam/nav2fishbot/build/nav2_navfn_planner
[7.003s] Invoked command in '/home/agx/cthree/slam/nav2fishbot/build/nav2_navfn_planner' returned '0': AMENT_PREFIX_PATH=/home/agx/cthree/slam/nav2fishbot/install/nav2_core:/home/agx/cthree/slam/nav2fishbot/install/nav2_costmap_2d:/home/agx/cthree/slam/nav2fishbot/install/nav2_map_server:/home/agx/cthree/slam/nav2fishbot/install/nav2_lifecycle_manager:/home/agx/cthree/slam/nav2fishbot/install/nav2_util:/home/agx/cthree/slam/nav2fishbot/install/nav2_voxel_grid:/home/agx/cthree/slam/nav2fishbot/install/nav2_msgs:/home/agx/cthree/slam/nav2fishbot/install/nav2_common:${AMENT_PREFIX_PATH} CMAKE_PREFIX_PATH=/home/agx/cthree/slam/nav2fishbot/install/nav2_core:/home/agx/cthree/slam/nav2fishbot/install/nav2_costmap_2d:/home/agx/cthree/slam/nav2fishbot/install/nav2_map_server:/home/agx/cthree/slam/nav2fishbot/install/nav2_lifecycle_manager:/home/agx/cthree/slam/nav2fishbot/install/nav2_util:/home/agx/cthree/slam/nav2fishbot/install/nav2_voxel_grid:/home/agx/cthree/slam/nav2fishbot/install/nav2_msgs:/home/agx/cthree/slam/nav2fishbot/install/nav2_common:/home/agx/cthree/slam/OVD-SLAM10/Examples/ros2/install/orbslam3:/home/agx/cthree/slam/cam_ws/install/realsense2_description:/home/agx/cthree/slam/cam_ws/install/realsense2_camera:/home/agx/cthree/slam/cam_ws/install/realsense2_camera_msgs:/opt/ros/humble LD_LIBRARY_PATH=/home/agx/cthree/slam/nav2fishbot/install/nav2_costmap_2d/lib:/home/agx/cthree/slam/nav2fishbot/install/nav2_map_server/lib:/home/agx/cthree/slam/nav2fishbot/install/nav2_lifecycle_manager/lib:/home/agx/cthree/slam/nav2fishbot/install/nav2_util/lib:/home/agx/cthree/slam/nav2fishbot/install/nav2_voxel_grid/lib:/home/agx/cthree/slam/nav2fishbot/install/nav2_msgs/lib:/home/agx/cthree/slam/cam_ws/install/realsense2_camera/lib:/home/agx/cthree/slam/cam_ws/install/realsense2_camera_msgs/lib:/opt/ros/humble/opt/rviz_ogre_vendor/lib:/opt/ros/humble/lib/aarch64-linux-gnu:/opt/ros/humble/lib:/usr/local/lib PYTHONPATH=/home/agx/cthree/slam/nav2fishbot/install/nav2_msgs/local/lib/python3.10/dist-packages:/home/agx/cthree/slam/nav2fishbot/install/nav2_common/local/lib/python3.10/dist-packages:${PYTHONPATH} /usr/bin/cmake /home/agx/cthree/slam/nav2fishbot/src/fishbot/src/navigation/nav2_navfn_planner -DCMAKE_INSTALL_PREFIX=/home/agx/cthree/slam/nav2fishbot/install/nav2_navfn_planner
[7.017s] Invoking command in '/home/agx/cthree/slam/nav2fishbot/build/nav2_navfn_planner': AMENT_PREFIX_PATH=/home/agx/cthree/slam/nav2fishbot/install/nav2_core:/home/agx/cthree/slam/nav2fishbot/install/nav2_costmap_2d:/home/agx/cthree/slam/nav2fishbot/install/nav2_map_server:/home/agx/cthree/slam/nav2fishbot/install/nav2_lifecycle_manager:/home/agx/cthree/slam/nav2fishbot/install/nav2_util:/home/agx/cthree/slam/nav2fishbot/install/nav2_voxel_grid:/home/agx/cthree/slam/nav2fishbot/install/nav2_msgs:/home/agx/cthree/slam/nav2fishbot/install/nav2_common:${AMENT_PREFIX_PATH} CMAKE_PREFIX_PATH=/home/agx/cthree/slam/nav2fishbot/install/nav2_core:/home/agx/cthree/slam/nav2fishbot/install/nav2_costmap_2d:/home/agx/cthree/slam/nav2fishbot/install/nav2_map_server:/home/agx/cthree/slam/nav2fishbot/install/nav2_lifecycle_manager:/home/agx/cthree/slam/nav2fishbot/install/nav2_util:/home/agx/cthree/slam/nav2fishbot/install/nav2_voxel_grid:/home/agx/cthree/slam/nav2fishbot/install/nav2_msgs:/home/agx/cthree/slam/nav2fishbot/install/nav2_common:/home/agx/cthree/slam/OVD-SLAM10/Examples/ros2/install/orbslam3:/home/agx/cthree/slam/cam_ws/install/realsense2_description:/home/agx/cthree/slam/cam_ws/install/realsense2_camera:/home/agx/cthree/slam/cam_ws/install/realsense2_camera_msgs:/opt/ros/humble LD_LIBRARY_PATH=/home/agx/cthree/slam/nav2fishbot/install/nav2_costmap_2d/lib:/home/agx/cthree/slam/nav2fishbot/install/nav2_map_server/lib:/home/agx/cthree/slam/nav2fishbot/install/nav2_lifecycle_manager/lib:/home/agx/cthree/slam/nav2fishbot/install/nav2_util/lib:/home/agx/cthree/slam/nav2fishbot/install/nav2_voxel_grid/lib:/home/agx/cthree/slam/nav2fishbot/install/nav2_msgs/lib:/home/agx/cthree/slam/cam_ws/install/realsense2_camera/lib:/home/agx/cthree/slam/cam_ws/install/realsense2_camera_msgs/lib:/opt/ros/humble/opt/rviz_ogre_vendor/lib:/opt/ros/humble/lib/aarch64-linux-gnu:/opt/ros/humble/lib:/usr/local/lib PYTHONPATH=/home/agx/cthree/slam/nav2fishbot/install/nav2_msgs/local/lib/python3.10/dist-packages:/home/agx/cthree/slam/nav2fishbot/install/nav2_common/local/lib/python3.10/dist-packages:${PYTHONPATH} /usr/bin/cmake --build /home/agx/cthree/slam/nav2fishbot/build/nav2_navfn_planner -- -j12 -l12
[8.987s] [ 11%] [32mBuilding CXX object gtest/CMakeFiles/gtest_main.dir/src/gtest_main.cc.o[0m
[8.987s] [ 22%] [32mBuilding CXX object CMakeFiles/nav2_navfn_planner.dir/src/navfn_planner.cpp.o[0m
[8.987s] [ 33%] [32mBuilding CXX object CMakeFiles/nav2_navfn_planner.dir/src/navfn.cpp.o[0m
[8.987s] [ 44%] [32mBuilding CXX object gtest/CMakeFiles/gtest.dir/src/gtest-all.cc.o[0m
[11.786s] [ 55%] [32m[1mLinking CXX static library libgtest_main.a[0m
[12.011s] [ 55%] Built target gtest_main
[31.780s] [ 66%] [32m[1mLinking CXX shared library libnav2_navfn_planner.so[0m
[32.752s] [ 66%] Built target nav2_navfn_planner
[34.958s] [ 77%] [32m[1mLinking CXX static library libgtest.a[0m
[35.182s] [ 77%] Built target gtest
[35.324s] [ 88%] [32mBuilding CXX object test/CMakeFiles/test_dynamic_parameters.dir/test_dynamic_parameters.cpp.o[0m
[48.311s] [100%] [32m[1mLinking CXX executable test_dynamic_parameters[0m
[49.095s] [100%] Built target test_dynamic_parameters
[49.118s] Invoked command in '/home/agx/cthree/slam/nav2fishbot/build/nav2_navfn_planner' returned '0': AMENT_PREFIX_PATH=/home/agx/cthree/slam/nav2fishbot/install/nav2_core:/home/agx/cthree/slam/nav2fishbot/install/nav2_costmap_2d:/home/agx/cthree/slam/nav2fishbot/install/nav2_map_server:/home/agx/cthree/slam/nav2fishbot/install/nav2_lifecycle_manager:/home/agx/cthree/slam/nav2fishbot/install/nav2_util:/home/agx/cthree/slam/nav2fishbot/install/nav2_voxel_grid:/home/agx/cthree/slam/nav2fishbot/install/nav2_msgs:/home/agx/cthree/slam/nav2fishbot/install/nav2_common:${AMENT_PREFIX_PATH} CMAKE_PREFIX_PATH=/home/agx/cthree/slam/nav2fishbot/install/nav2_core:/home/agx/cthree/slam/nav2fishbot/install/nav2_costmap_2d:/home/agx/cthree/slam/nav2fishbot/install/nav2_map_server:/home/agx/cthree/slam/nav2fishbot/install/nav2_lifecycle_manager:/home/agx/cthree/slam/nav2fishbot/install/nav2_util:/home/agx/cthree/slam/nav2fishbot/install/nav2_voxel_grid:/home/agx/cthree/slam/nav2fishbot/install/nav2_msgs:/home/agx/cthree/slam/nav2fishbot/install/nav2_common:/home/agx/cthree/slam/OVD-SLAM10/Examples/ros2/install/orbslam3:/home/agx/cthree/slam/cam_ws/install/realsense2_description:/home/agx/cthree/slam/cam_ws/install/realsense2_camera:/home/agx/cthree/slam/cam_ws/install/realsense2_camera_msgs:/opt/ros/humble LD_LIBRARY_PATH=/home/agx/cthree/slam/nav2fishbot/install/nav2_costmap_2d/lib:/home/agx/cthree/slam/nav2fishbot/install/nav2_map_server/lib:/home/agx/cthree/slam/nav2fishbot/install/nav2_lifecycle_manager/lib:/home/agx/cthree/slam/nav2fishbot/install/nav2_util/lib:/home/agx/cthree/slam/nav2fishbot/install/nav2_voxel_grid/lib:/home/agx/cthree/slam/nav2fishbot/install/nav2_msgs/lib:/home/agx/cthree/slam/cam_ws/install/realsense2_camera/lib:/home/agx/cthree/slam/cam_ws/install/realsense2_camera_msgs/lib:/opt/ros/humble/opt/rviz_ogre_vendor/lib:/opt/ros/humble/lib/aarch64-linux-gnu:/opt/ros/humble/lib:/usr/local/lib PYTHONPATH=/home/agx/cthree/slam/nav2fishbot/install/nav2_msgs/local/lib/python3.10/dist-packages:/home/agx/cthree/slam/nav2fishbot/install/nav2_common/local/lib/python3.10/dist-packages:${PYTHONPATH} /usr/bin/cmake --build /home/agx/cthree/slam/nav2fishbot/build/nav2_navfn_planner -- -j12 -l12
[49.121s] Invoking command in '/home/agx/cthree/slam/nav2fishbot/build/nav2_navfn_planner': AMENT_PREFIX_PATH=/home/agx/cthree/slam/nav2fishbot/install/nav2_core:/home/agx/cthree/slam/nav2fishbot/install/nav2_costmap_2d:/home/agx/cthree/slam/nav2fishbot/install/nav2_map_server:/home/agx/cthree/slam/nav2fishbot/install/nav2_lifecycle_manager:/home/agx/cthree/slam/nav2fishbot/install/nav2_util:/home/agx/cthree/slam/nav2fishbot/install/nav2_voxel_grid:/home/agx/cthree/slam/nav2fishbot/install/nav2_msgs:/home/agx/cthree/slam/nav2fishbot/install/nav2_common:${AMENT_PREFIX_PATH} CMAKE_PREFIX_PATH=/home/agx/cthree/slam/nav2fishbot/install/nav2_core:/home/agx/cthree/slam/nav2fishbot/install/nav2_costmap_2d:/home/agx/cthree/slam/nav2fishbot/install/nav2_map_server:/home/agx/cthree/slam/nav2fishbot/install/nav2_lifecycle_manager:/home/agx/cthree/slam/nav2fishbot/install/nav2_util:/home/agx/cthree/slam/nav2fishbot/install/nav2_voxel_grid:/home/agx/cthree/slam/nav2fishbot/install/nav2_msgs:/home/agx/cthree/slam/nav2fishbot/install/nav2_common:/home/agx/cthree/slam/OVD-SLAM10/Examples/ros2/install/orbslam3:/home/agx/cthree/slam/cam_ws/install/realsense2_description:/home/agx/cthree/slam/cam_ws/install/realsense2_camera:/home/agx/cthree/slam/cam_ws/install/realsense2_camera_msgs:/opt/ros/humble LD_LIBRARY_PATH=/home/agx/cthree/slam/nav2fishbot/install/nav2_costmap_2d/lib:/home/agx/cthree/slam/nav2fishbot/install/nav2_map_server/lib:/home/agx/cthree/slam/nav2fishbot/install/nav2_lifecycle_manager/lib:/home/agx/cthree/slam/nav2fishbot/install/nav2_util/lib:/home/agx/cthree/slam/nav2fishbot/install/nav2_voxel_grid/lib:/home/agx/cthree/slam/nav2fishbot/install/nav2_msgs/lib:/home/agx/cthree/slam/cam_ws/install/realsense2_camera/lib:/home/agx/cthree/slam/cam_ws/install/realsense2_camera_msgs/lib:/opt/ros/humble/opt/rviz_ogre_vendor/lib:/opt/ros/humble/lib/aarch64-linux-gnu:/opt/ros/humble/lib:/usr/local/lib PYTHONPATH=/home/agx/cthree/slam/nav2fishbot/install/nav2_msgs/local/lib/python3.10/dist-packages:/home/agx/cthree/slam/nav2fishbot/install/nav2_common/local/lib/python3.10/dist-packages:${PYTHONPATH} /usr/bin/cmake --install /home/agx/cthree/slam/nav2fishbot/build/nav2_navfn_planner
[74.438s] -- Install configuration: "Release"
[74.439s] -- Installing: /home/agx/cthree/slam/nav2fishbot/install/nav2_navfn_planner/share/nav2_navfn_planner/global_planner_plugin.xml
[74.439s] -- Installing: /home/agx/cthree/slam/nav2fishbot/install/nav2_navfn_planner/lib/libnav2_navfn_planner.so
[74.439s] -- Set runtime path of "/home/agx/cthree/slam/nav2fishbot/install/nav2_navfn_planner/lib/libnav2_navfn_planner.so" to ""
[74.440s] -- Installing: /home/agx/cthree/slam/nav2fishbot/install/nav2_navfn_planner/include/
[74.440s] -- Installing: /home/agx/cthree/slam/nav2fishbot/install/nav2_navfn_planner/include//nav2_navfn_planner
[74.441s] -- Installing: /home/agx/cthree/slam/nav2fishbot/install/nav2_navfn_planner/include//nav2_navfn_planner/navfn.hpp
[74.443s] -- Installing: /home/agx/cthree/slam/nav2fishbot/install/nav2_navfn_planner/include//nav2_navfn_planner/navfn_planner.hpp
[74.445s] -- Up-to-date: /home/agx/cthree/slam/nav2fishbot/install/nav2_navfn_planner/share/nav2_navfn_planner/global_planner_plugin.xml
[74.446s] -- Installing: /home/agx/cthree/slam/nav2fishbot/install/nav2_navfn_planner/share/nav2_navfn_planner/environment/library_path.sh
[74.446s] -- Installing: /home/agx/cthree/slam/nav2fishbot/install/nav2_navfn_planner/share/nav2_navfn_planner/environment/library_path.dsv
[74.447s] -- Installing: /home/agx/cthree/slam/nav2fishbot/install/nav2_navfn_planner/share/ament_index/resource_index/package_run_dependencies/nav2_navfn_planner
[74.447s] -- Installing: /home/agx/cthree/slam/nav2fishbot/install/nav2_navfn_planner/share/ament_index/resource_index/parent_prefix_path/nav2_navfn_planner
[74.448s] -- Installing: /home/agx/cthree/slam/nav2fishbot/install/nav2_navfn_planner/share/nav2_navfn_planner/environment/ament_prefix_path.sh
[74.448s] -- Installing: /home/agx/cthree/slam/nav2fishbot/install/nav2_navfn_planner/share/nav2_navfn_planner/environment/ament_prefix_path.dsv
[74.449s] -- Installing: /home/agx/cthree/slam/nav2fishbot/install/nav2_navfn_planner/share/nav2_navfn_planner/environment/path.sh
[74.449s] -- Installing: /home/agx/cthree/slam/nav2fishbot/install/nav2_navfn_planner/share/nav2_navfn_planner/environment/path.dsv
[74.449s] -- Installing: /home/agx/cthree/slam/nav2fishbot/install/nav2_navfn_planner/share/nav2_navfn_planner/local_setup.bash
[74.450s] -- Installing: /home/agx/cthree/slam/nav2fishbot/install/nav2_navfn_planner/share/nav2_navfn_planner/local_setup.sh
[74.451s] -- Installing: /home/agx/cthree/slam/nav2fishbot/install/nav2_navfn_planner/share/nav2_navfn_planner/local_setup.zsh
[74.451s] -- Installing: /home/agx/cthree/slam/nav2fishbot/install/nav2_navfn_planner/share/nav2_navfn_planner/local_setup.dsv
[74.451s] -- Installing: /home/agx/cthree/slam/nav2fishbot/install/nav2_navfn_planner/share/nav2_navfn_planner/package.dsv
[74.452s] -- Installing: /home/agx/cthree/slam/nav2fishbot/install/nav2_navfn_planner/share/ament_index/resource_index/packages/nav2_navfn_planner
[74.452s] -- Installing: /home/agx/cthree/slam/nav2fishbot/install/nav2_navfn_planner/share/ament_index/resource_index/nav2_core__pluginlib__plugin/nav2_navfn_planner
[74.453s] -- Installing: /home/agx/cthree/slam/nav2fishbot/install/nav2_navfn_planner/share/nav2_navfn_planner/cmake/ament_cmake_export_include_directories-extras.cmake
[74.454s] -- Installing: /home/agx/cthree/slam/nav2fishbot/install/nav2_navfn_planner/share/nav2_navfn_planner/cmake/ament_cmake_export_libraries-extras.cmake
[74.454s] -- Installing: /home/agx/cthree/slam/nav2fishbot/install/nav2_navfn_planner/share/nav2_navfn_planner/cmake/ament_cmake_export_dependencies-extras.cmake
[74.454s] -- Installing: /home/agx/cthree/slam/nav2fishbot/install/nav2_navfn_planner/share/nav2_navfn_planner/cmake/nav2_navfn_plannerConfig.cmake
[74.454s] -- Installing: /home/agx/cthree/slam/nav2fishbot/install/nav2_navfn_planner/share/nav2_navfn_planner/cmake/nav2_navfn_plannerConfig-version.cmake
[74.455s] -- Installing: /home/agx/cthree/slam/nav2fishbot/install/nav2_navfn_planner/share/nav2_navfn_planner/package.xml
[74.528s] Invoked command in '/home/agx/cthree/slam/nav2fishbot/build/nav2_navfn_planner' returned '0': AMENT_PREFIX_PATH=/home/agx/cthree/slam/nav2fishbot/install/nav2_core:/home/agx/cthree/slam/nav2fishbot/install/nav2_costmap_2d:/home/agx/cthree/slam/nav2fishbot/install/nav2_map_server:/home/agx/cthree/slam/nav2fishbot/install/nav2_lifecycle_manager:/home/agx/cthree/slam/nav2fishbot/install/nav2_util:/home/agx/cthree/slam/nav2fishbot/install/nav2_voxel_grid:/home/agx/cthree/slam/nav2fishbot/install/nav2_msgs:/home/agx/cthree/slam/nav2fishbot/install/nav2_common:${AMENT_PREFIX_PATH} CMAKE_PREFIX_PATH=/home/agx/cthree/slam/nav2fishbot/install/nav2_core:/home/agx/cthree/slam/nav2fishbot/install/nav2_costmap_2d:/home/agx/cthree/slam/nav2fishbot/install/nav2_map_server:/home/agx/cthree/slam/nav2fishbot/install/nav2_lifecycle_manager:/home/agx/cthree/slam/nav2fishbot/install/nav2_util:/home/agx/cthree/slam/nav2fishbot/install/nav2_voxel_grid:/home/agx/cthree/slam/nav2fishbot/install/nav2_msgs:/home/agx/cthree/slam/nav2fishbot/install/nav2_common:/home/agx/cthree/slam/OVD-SLAM10/Examples/ros2/install/orbslam3:/home/agx/cthree/slam/cam_ws/install/realsense2_description:/home/agx/cthree/slam/cam_ws/install/realsense2_camera:/home/agx/cthree/slam/cam_ws/install/realsense2_camera_msgs:/opt/ros/humble LD_LIBRARY_PATH=/home/agx/cthree/slam/nav2fishbot/install/nav2_costmap_2d/lib:/home/agx/cthree/slam/nav2fishbot/install/nav2_map_server/lib:/home/agx/cthree/slam/nav2fishbot/install/nav2_lifecycle_manager/lib:/home/agx/cthree/slam/nav2fishbot/install/nav2_util/lib:/home/agx/cthree/slam/nav2fishbot/install/nav2_voxel_grid/lib:/home/agx/cthree/slam/nav2fishbot/install/nav2_msgs/lib:/home/agx/cthree/slam/cam_ws/install/realsense2_camera/lib:/home/agx/cthree/slam/cam_ws/install/realsense2_camera_msgs/lib:/opt/ros/humble/opt/rviz_ogre_vendor/lib:/opt/ros/humble/lib/aarch64-linux-gnu:/opt/ros/humble/lib:/usr/local/lib PYTHONPATH=/home/agx/cthree/slam/nav2fishbot/install/nav2_msgs/local/lib/python3.10/dist-packages:/home/agx/cthree/slam/nav2fishbot/install/nav2_common/local/lib/python3.10/dist-packages:${PYTHONPATH} /usr/bin/cmake --install /home/agx/cthree/slam/nav2fishbot/build/nav2_navfn_planner
