[0.030s] Invoking command in '/home/agx/cthree/slam/ros2esp/build/teleop_cpp_ros2': CMAKE_PREFIX_PATH=${CMAKE_PREFIX_PATH}:/opt/ros/humble /usr/bin/cmake /home/agx/cthree/slam/ros2esp/src/teleop_cpp_ros2 -DCMAKE_INSTALL_PREFIX=/home/agx/cthree/slam/ros2esp/install/teleop_cpp_ros2
[0.104s] -- The C compiler identification is GNU 9.5.0
[0.192s] -- The CXX compiler identification is GNU 9.5.0
[0.205s] -- Detecting C compiler ABI info
[0.322s] -- Detecting C compiler ABI info - done
[0.333s] -- Check for working C compiler: /usr/bin/cc - skipped
[0.334s] -- Detecting C compile features
[0.335s] -- Detecting C compile features - done
[0.346s] -- Detecting CXX compiler ABI info
[0.473s] -- Detecting CXX compiler ABI info - done
[0.498s] -- Check for working CXX compiler: /usr/bin/c++ - skipped
[0.499s] -- Detecting CXX compile features
[0.500s] -- Detecting CXX compile features - done
[0.513s] -- Found ament_cmake: 1.3.12 (/opt/ros/humble/share/ament_cmake/cmake)
[0.793s] -- Found Python3: /usr/bin/python3 (found version "3.10.12") found components: Interpreter 
[0.981s] -- Found rclcpp: 16.0.16 (/opt/ros/humble/share/rclcpp/cmake)
[1.065s] -- Found rosidl_generator_c: 3.1.7 (/opt/ros/humble/share/rosidl_generator_c/cmake)
[1.074s] -- Found rosidl_adapter: 3.1.7 (/opt/ros/humble/share/rosidl_adapter/cmake)
[1.089s] -- Found rosidl_generator_cpp: 3.1.7 (/opt/ros/humble/share/rosidl_generator_cpp/cmake)
[1.108s] -- Using all available rosidl_typesupport_c: rosidl_typesupport_fastrtps_c;rosidl_typesupport_introspection_c
[1.134s] -- Using all available rosidl_typesupport_cpp: rosidl_typesupport_fastrtps_cpp;rosidl_typesupport_introspection_cpp
[1.207s] -- Found rmw_implementation_cmake: 6.1.2 (/opt/ros/humble/share/rmw_implementation_cmake/cmake)
[1.211s] -- Found rmw_fastrtps_cpp: 6.2.9 (/opt/ros/humble/share/rmw_fastrtps_cpp/cmake)
[1.358s] -- Found OpenSSL: /usr/lib/aarch64-linux-gnu/libcrypto.so (found version "3.0.2")  
[1.407s] -- Found FastRTPS: /opt/ros/humble/include  
[1.473s] -- Using RMW implementation 'rmw_fastrtps_cpp' as default
[1.489s] -- Looking for pthread.h
[1.609s] -- Looking for pthread.h - found
[1.610s] -- Performing Test CMAKE_HAVE_LIBC_PTHREAD
[1.739s] -- Performing Test CMAKE_HAVE_LIBC_PTHREAD - Success
[1.742s] -- Found Threads: TRUE  
[1.867s] -- Found geometry_msgs: 4.9.0 (/opt/ros/humble/share/geometry_msgs/cmake)
[1.886s] -- Found ament_lint_auto: 0.12.14 (/opt/ros/humble/share/ament_lint_auto/cmake)
[2.075s] -- Added test 'copyright' to check source files copyright and LICENSE
[2.079s] -- Added test 'cppcheck' to perform static code analysis on C / C++ code
[2.079s] -- Configured cppcheck include dirs: /home/agx/cthree/slam/ros2esp/src/teleop_cpp_ros2/include
[2.079s] -- Configured cppcheck exclude dirs and/or files: 
[2.083s] -- Added test 'cpplint' to check C / C++ code against the Google style
[2.083s] -- Configured cpplint exclude dirs and/or files: 
[2.085s] -- Added test 'lint_cmake' to check CMake code style
[2.090s] -- Added test 'uncrustify' to check C / C++ code style
[2.090s] -- Configured uncrustify additional arguments: 
[2.091s] -- Added test 'xmllint' to check XML markup files
[2.093s] -- Configuring done
[2.108s] -- Generating done
[2.113s] -- Build files have been written to: /home/agx/cthree/slam/ros2esp/build/teleop_cpp_ros2
[2.134s] Invoked command in '/home/agx/cthree/slam/ros2esp/build/teleop_cpp_ros2' returned '0': CMAKE_PREFIX_PATH=${CMAKE_PREFIX_PATH}:/opt/ros/humble /usr/bin/cmake /home/agx/cthree/slam/ros2esp/src/teleop_cpp_ros2 -DCMAKE_INSTALL_PREFIX=/home/agx/cthree/slam/ros2esp/install/teleop_cpp_ros2
[2.138s] Invoking command in '/home/agx/cthree/slam/ros2esp/build/teleop_cpp_ros2': CMAKE_PREFIX_PATH=${CMAKE_PREFIX_PATH}:/opt/ros/humble /usr/bin/cmake --build /home/agx/cthree/slam/ros2esp/build/teleop_cpp_ros2 -- -j12 -l12
[2.230s] [ 50%] [32mBuilding CXX object CMakeFiles/teleop.dir/src/teleop_cpp_ros2.cpp.o[0m
[8.647s] [100%] [32m[1mLinking CXX executable teleop[0m
[8.952s] [100%] Built target teleop
[8.979s] Invoked command in '/home/agx/cthree/slam/ros2esp/build/teleop_cpp_ros2' returned '0': CMAKE_PREFIX_PATH=${CMAKE_PREFIX_PATH}:/opt/ros/humble /usr/bin/cmake --build /home/agx/cthree/slam/ros2esp/build/teleop_cpp_ros2 -- -j12 -l12
[8.983s] Invoking command in '/home/agx/cthree/slam/ros2esp/build/teleop_cpp_ros2': CMAKE_PREFIX_PATH=${CMAKE_PREFIX_PATH}:/opt/ros/humble /usr/bin/cmake --install /home/agx/cthree/slam/ros2esp/build/teleop_cpp_ros2
[8.996s] -- Install configuration: ""
[8.997s] -- Installing: /home/agx/cthree/slam/ros2esp/install/teleop_cpp_ros2/lib/teleop_cpp_ros2/teleop
[9.000s] -- Set runtime path of "/home/agx/cthree/slam/ros2esp/install/teleop_cpp_ros2/lib/teleop_cpp_ros2/teleop" to ""
[9.000s] -- Installing: /home/agx/cthree/slam/ros2esp/install/teleop_cpp_ros2/share/ament_index/resource_index/package_run_dependencies/teleop_cpp_ros2
[9.000s] -- Installing: /home/agx/cthree/slam/ros2esp/install/teleop_cpp_ros2/share/ament_index/resource_index/parent_prefix_path/teleop_cpp_ros2
[9.001s] -- Installing: /home/agx/cthree/slam/ros2esp/install/teleop_cpp_ros2/share/teleop_cpp_ros2/environment/ament_prefix_path.sh
[9.002s] -- Installing: /home/agx/cthree/slam/ros2esp/install/teleop_cpp_ros2/share/teleop_cpp_ros2/environment/ament_prefix_path.dsv
[9.002s] -- Installing: /home/agx/cthree/slam/ros2esp/install/teleop_cpp_ros2/share/teleop_cpp_ros2/environment/path.sh
[9.002s] -- Installing: /home/agx/cthree/slam/ros2esp/install/teleop_cpp_ros2/share/teleop_cpp_ros2/environment/path.dsv
[9.003s] -- Installing: /home/agx/cthree/slam/ros2esp/install/teleop_cpp_ros2/share/teleop_cpp_ros2/local_setup.bash
[9.003s] -- Installing: /home/agx/cthree/slam/ros2esp/install/teleop_cpp_ros2/share/teleop_cpp_ros2/local_setup.sh
[9.003s] -- Installing: /home/agx/cthree/slam/ros2esp/install/teleop_cpp_ros2/share/teleop_cpp_ros2/local_setup.zsh
[9.004s] -- Installing: /home/agx/cthree/slam/ros2esp/install/teleop_cpp_ros2/share/teleop_cpp_ros2/local_setup.dsv
[9.004s] -- Installing: /home/agx/cthree/slam/ros2esp/install/teleop_cpp_ros2/share/teleop_cpp_ros2/package.dsv
[9.004s] -- Installing: /home/agx/cthree/slam/ros2esp/install/teleop_cpp_ros2/share/ament_index/resource_index/packages/teleop_cpp_ros2
[9.004s] -- Installing: /home/agx/cthree/slam/ros2esp/install/teleop_cpp_ros2/share/teleop_cpp_ros2/cmake/teleop_cpp_ros2Config.cmake
[9.004s] -- Installing: /home/agx/cthree/slam/ros2esp/install/teleop_cpp_ros2/share/teleop_cpp_ros2/cmake/teleop_cpp_ros2Config-version.cmake
[9.005s] -- Installing: /home/agx/cthree/slam/ros2esp/install/teleop_cpp_ros2/share/teleop_cpp_ros2/package.xml
[9.009s] Invoked command in '/home/agx/cthree/slam/ros2esp/build/teleop_cpp_ros2' returned '0': CMAKE_PREFIX_PATH=${CMAKE_PREFIX_PATH}:/opt/ros/humble /usr/bin/cmake --install /home/agx/cthree/slam/ros2esp/build/teleop_cpp_ros2
