[0.190s] Invoking command in '/home/agx/cthree/slam/nav2fishbot/build/nav2_smoother': AMENT_PREFIX_PATH=/home/agx/cthree/slam/nav2fishbot/install/nav2_core:/home/agx/cthree/slam/nav2fishbot/install/nav2_costmap_2d:/home/agx/cthree/slam/nav2fishbot/install/nav_2d_utils:/home/agx/cthree/slam/nav2fishbot/install/nav2_map_server:/home/agx/cthree/slam/nav2fishbot/install/nav2_lifecycle_manager:/home/agx/cthree/slam/nav2fishbot/install/nav2_util:/home/agx/cthree/slam/nav2fishbot/install/nav2_voxel_grid:/home/agx/cthree/slam/nav2fishbot/install/nav2_msgs:/home/agx/cthree/slam/nav2fishbot/install/nav_2d_msgs:/home/agx/cthree/slam/nav2fishbot/install/nav2_common:${AMENT_PREFIX_PATH} CMAKE_PREFIX_PATH=/home/agx/cthree/slam/nav2fishbot/install/nav2_core:/home/agx/cthree/slam/nav2fishbot/install/nav2_costmap_2d:/home/agx/cthree/slam/nav2fishbot/install/nav_2d_utils:/home/agx/cthree/slam/nav2fishbot/install/nav2_map_server:/home/agx/cthree/slam/nav2fishbot/install/nav2_lifecycle_manager:/home/agx/cthree/slam/nav2fishbot/install/nav2_util:/home/agx/cthree/slam/nav2fishbot/install/nav2_voxel_grid:/home/agx/cthree/slam/nav2fishbot/install/nav2_msgs:/home/agx/cthree/slam/nav2fishbot/install/nav_2d_msgs:/home/agx/cthree/slam/nav2fishbot/install/nav2_common:/home/agx/cthree/slam/OVD-SLAM10/Examples/ros2/install/orbslam3:/home/agx/cthree/slam/cam_ws/install/realsense2_description:/home/agx/cthree/slam/cam_ws/install/realsense2_camera:/home/agx/cthree/slam/cam_ws/install/realsense2_camera_msgs:/opt/ros/humble LD_LIBRARY_PATH=/home/agx/cthree/slam/nav2fishbot/install/nav2_costmap_2d/lib:/home/agx/cthree/slam/nav2fishbot/install/nav_2d_utils/lib:/home/agx/cthree/slam/nav2fishbot/install/nav2_map_server/lib:/home/agx/cthree/slam/nav2fishbot/install/nav2_lifecycle_manager/lib:/home/agx/cthree/slam/nav2fishbot/install/nav2_util/lib:/home/agx/cthree/slam/nav2fishbot/install/nav2_voxel_grid/lib:/home/agx/cthree/slam/nav2fishbot/install/nav2_msgs/lib:/home/agx/cthree/slam/nav2fishbot/install/nav_2d_msgs/lib:/home/agx/cthree/slam/cam_ws/install/realsense2_camera/lib:/home/agx/cthree/slam/cam_ws/install/realsense2_camera_msgs/lib:/opt/ros/humble/opt/rviz_ogre_vendor/lib:/opt/ros/humble/lib/aarch64-linux-gnu:/opt/ros/humble/lib:/usr/local/lib PYTHONPATH=/home/agx/cthree/slam/nav2fishbot/install/nav2_msgs/local/lib/python3.10/dist-packages:/home/agx/cthree/slam/nav2fishbot/install/nav_2d_msgs/local/lib/python3.10/dist-packages:/home/agx/cthree/slam/nav2fishbot/install/nav2_common/local/lib/python3.10/dist-packages:${PYTHONPATH} /usr/bin/cmake /home/agx/cthree/slam/nav2fishbot/src/fishbot/src/navigation/nav2_smoother -DCMAKE_INSTALL_PREFIX=/home/agx/cthree/slam/nav2fishbot/install/nav2_smoother
[0.289s] -- The C compiler identification is GNU 9.5.0
[0.394s] -- The CXX compiler identification is GNU 9.5.0
[0.405s] -- Detecting C compiler ABI info
[0.540s] -- Detecting C compiler ABI info - done
[0.550s] -- Check for working C compiler: /usr/bin/cc - skipped
[0.550s] -- Detecting C compile features
[0.550s] -- Detecting C compile features - done
[0.557s] -- Detecting CXX compiler ABI info
[0.700s] -- Detecting CXX compiler ABI info - done
[0.709s] -- Check for working CXX compiler: /usr/bin/c++ - skipped
[0.710s] -- Detecting CXX compile features
[0.711s] -- Detecting CXX compile features - done
[0.718s] -- Found ament_cmake: 1.3.12 (/opt/ros/humble/share/ament_cmake/cmake)
[1.032s] -- Found Python3: /usr/bin/python3 (found version "3.10.12") found components: Interpreter 
[1.249s] -- Found nav2_core: 1.1.0 (/home/agx/cthree/slam/nav2fishbot/install/nav2_core/share/nav2_core/cmake)
[1.352s] -- Found rosidl_generator_c: 3.1.7 (/opt/ros/humble/share/rosidl_generator_c/cmake)
[1.364s] -- Found rosidl_adapter: 3.1.7 (/opt/ros/humble/share/rosidl_adapter/cmake)
[1.382s] -- Found rosidl_generator_cpp: 3.1.7 (/opt/ros/humble/share/rosidl_generator_cpp/cmake)
[1.406s] -- Using all available rosidl_typesupport_c: rosidl_typesupport_fastrtps_c;rosidl_typesupport_introspection_c
[1.440s] -- Using all available rosidl_typesupport_cpp: rosidl_typesupport_fastrtps_cpp;rosidl_typesupport_introspection_cpp
[1.532s] -- Found rmw_implementation_cmake: 6.1.2 (/opt/ros/humble/share/rmw_implementation_cmake/cmake)
[1.539s] -- Found rmw_fastrtps_cpp: 6.2.9 (/opt/ros/humble/share/rmw_fastrtps_cpp/cmake)
[1.726s] -- Found OpenSSL: /usr/lib/aarch64-linux-gnu/libcrypto.so (found version "3.0.2")  
[1.781s] -- Found FastRTPS: /opt/ros/humble/include  
[1.859s] -- Using RMW implementation 'rmw_fastrtps_cpp' as default
[1.881s] -- Looking for pthread.h
[2.018s] -- Looking for pthread.h - found
[2.019s] -- Performing Test CMAKE_HAVE_LIBC_PTHREAD
[2.151s] -- Performing Test CMAKE_HAVE_LIBC_PTHREAD - Success
[2.153s] -- Found Threads: TRUE  
[2.688s] -- Found Eigen3: TRUE (found version "3.4.0") 
[2.689s] -- Ensuring Eigen3 include directory is part of orocos-kdl CMake target
[2.859s] -- Found nav2_common: 1.1.0 (/home/agx/cthree/slam/nav2fishbot/install/nav2_common/share/nav2_common/cmake)
[2.864s] -- Found nav_2d_utils: 1.1.0 (/home/agx/cthree/slam/nav2fishbot/install/nav_2d_utils/share/nav_2d_utils/cmake)
[2.903s] -- Setting build type to Release as none was specified.
[3.579s] -- Found ament_lint_auto: 0.12.14 (/opt/ros/humble/share/ament_lint_auto/cmake)
[3.849s] -- Found gtest sources under '/opt/ros/humble/src/gtest_vendor': C++ tests using 'Google Test' will be built
[4.317s] -- Added test 'cppcheck' to perform static code analysis on C / C++ code
[4.319s] -- Configured cppcheck include dirs: /home/agx/cthree/slam/nav2fishbot/src/fishbot/src/navigation/nav2_smoother/include
[4.319s] -- Configured cppcheck exclude dirs and/or files: 
[4.322s] -- Added test 'cpplint' to check C / C++ code against the Google style
[4.323s] -- Configured cpplint exclude dirs and/or files: 
[4.325s] -- Added test 'lint_cmake' to check CMake code style
[4.328s] -- Added test 'uncrustify' to check C / C++ code style
[4.329s] -- Configured uncrustify additional arguments: 
[4.331s] -- Added test 'xmllint' to check XML markup files
[4.337s] -- Configuring done
[4.645s] -- Generating done
[4.683s] -- Build files have been written to: /home/agx/cthree/slam/nav2fishbot/build/nav2_smoother
[4.728s] Invoked command in '/home/agx/cthree/slam/nav2fishbot/build/nav2_smoother' returned '0': AMENT_PREFIX_PATH=/home/agx/cthree/slam/nav2fishbot/install/nav2_core:/home/agx/cthree/slam/nav2fishbot/install/nav2_costmap_2d:/home/agx/cthree/slam/nav2fishbot/install/nav_2d_utils:/home/agx/cthree/slam/nav2fishbot/install/nav2_map_server:/home/agx/cthree/slam/nav2fishbot/install/nav2_lifecycle_manager:/home/agx/cthree/slam/nav2fishbot/install/nav2_util:/home/agx/cthree/slam/nav2fishbot/install/nav2_voxel_grid:/home/agx/cthree/slam/nav2fishbot/install/nav2_msgs:/home/agx/cthree/slam/nav2fishbot/install/nav_2d_msgs:/home/agx/cthree/slam/nav2fishbot/install/nav2_common:${AMENT_PREFIX_PATH} CMAKE_PREFIX_PATH=/home/agx/cthree/slam/nav2fishbot/install/nav2_core:/home/agx/cthree/slam/nav2fishbot/install/nav2_costmap_2d:/home/agx/cthree/slam/nav2fishbot/install/nav_2d_utils:/home/agx/cthree/slam/nav2fishbot/install/nav2_map_server:/home/agx/cthree/slam/nav2fishbot/install/nav2_lifecycle_manager:/home/agx/cthree/slam/nav2fishbot/install/nav2_util:/home/agx/cthree/slam/nav2fishbot/install/nav2_voxel_grid:/home/agx/cthree/slam/nav2fishbot/install/nav2_msgs:/home/agx/cthree/slam/nav2fishbot/install/nav_2d_msgs:/home/agx/cthree/slam/nav2fishbot/install/nav2_common:/home/agx/cthree/slam/OVD-SLAM10/Examples/ros2/install/orbslam3:/home/agx/cthree/slam/cam_ws/install/realsense2_description:/home/agx/cthree/slam/cam_ws/install/realsense2_camera:/home/agx/cthree/slam/cam_ws/install/realsense2_camera_msgs:/opt/ros/humble LD_LIBRARY_PATH=/home/agx/cthree/slam/nav2fishbot/install/nav2_costmap_2d/lib:/home/agx/cthree/slam/nav2fishbot/install/nav_2d_utils/lib:/home/agx/cthree/slam/nav2fishbot/install/nav2_map_server/lib:/home/agx/cthree/slam/nav2fishbot/install/nav2_lifecycle_manager/lib:/home/agx/cthree/slam/nav2fishbot/install/nav2_util/lib:/home/agx/cthree/slam/nav2fishbot/install/nav2_voxel_grid/lib:/home/agx/cthree/slam/nav2fishbot/install/nav2_msgs/lib:/home/agx/cthree/slam/nav2fishbot/install/nav_2d_msgs/lib:/home/agx/cthree/slam/cam_ws/install/realsense2_camera/lib:/home/agx/cthree/slam/cam_ws/install/realsense2_camera_msgs/lib:/opt/ros/humble/opt/rviz_ogre_vendor/lib:/opt/ros/humble/lib/aarch64-linux-gnu:/opt/ros/humble/lib:/usr/local/lib PYTHONPATH=/home/agx/cthree/slam/nav2fishbot/install/nav2_msgs/local/lib/python3.10/dist-packages:/home/agx/cthree/slam/nav2fishbot/install/nav_2d_msgs/local/lib/python3.10/dist-packages:/home/agx/cthree/slam/nav2fishbot/install/nav2_common/local/lib/python3.10/dist-packages:${PYTHONPATH} /usr/bin/cmake /home/agx/cthree/slam/nav2fishbot/src/fishbot/src/navigation/nav2_smoother -DCMAKE_INSTALL_PREFIX=/home/agx/cthree/slam/nav2fishbot/install/nav2_smoother
[4.728s] Invoking command in '/home/agx/cthree/slam/nav2fishbot/build/nav2_smoother': AMENT_PREFIX_PATH=/home/agx/cthree/slam/nav2fishbot/install/nav2_core:/home/agx/cthree/slam/nav2fishbot/install/nav2_costmap_2d:/home/agx/cthree/slam/nav2fishbot/install/nav_2d_utils:/home/agx/cthree/slam/nav2fishbot/install/nav2_map_server:/home/agx/cthree/slam/nav2fishbot/install/nav2_lifecycle_manager:/home/agx/cthree/slam/nav2fishbot/install/nav2_util:/home/agx/cthree/slam/nav2fishbot/install/nav2_voxel_grid:/home/agx/cthree/slam/nav2fishbot/install/nav2_msgs:/home/agx/cthree/slam/nav2fishbot/install/nav_2d_msgs:/home/agx/cthree/slam/nav2fishbot/install/nav2_common:${AMENT_PREFIX_PATH} CMAKE_PREFIX_PATH=/home/agx/cthree/slam/nav2fishbot/install/nav2_core:/home/agx/cthree/slam/nav2fishbot/install/nav2_costmap_2d:/home/agx/cthree/slam/nav2fishbot/install/nav_2d_utils:/home/agx/cthree/slam/nav2fishbot/install/nav2_map_server:/home/agx/cthree/slam/nav2fishbot/install/nav2_lifecycle_manager:/home/agx/cthree/slam/nav2fishbot/install/nav2_util:/home/agx/cthree/slam/nav2fishbot/install/nav2_voxel_grid:/home/agx/cthree/slam/nav2fishbot/install/nav2_msgs:/home/agx/cthree/slam/nav2fishbot/install/nav_2d_msgs:/home/agx/cthree/slam/nav2fishbot/install/nav2_common:/home/agx/cthree/slam/OVD-SLAM10/Examples/ros2/install/orbslam3:/home/agx/cthree/slam/cam_ws/install/realsense2_description:/home/agx/cthree/slam/cam_ws/install/realsense2_camera:/home/agx/cthree/slam/cam_ws/install/realsense2_camera_msgs:/opt/ros/humble LD_LIBRARY_PATH=/home/agx/cthree/slam/nav2fishbot/install/nav2_costmap_2d/lib:/home/agx/cthree/slam/nav2fishbot/install/nav_2d_utils/lib:/home/agx/cthree/slam/nav2fishbot/install/nav2_map_server/lib:/home/agx/cthree/slam/nav2fishbot/install/nav2_lifecycle_manager/lib:/home/agx/cthree/slam/nav2fishbot/install/nav2_util/lib:/home/agx/cthree/slam/nav2fishbot/install/nav2_voxel_grid/lib:/home/agx/cthree/slam/nav2fishbot/install/nav2_msgs/lib:/home/agx/cthree/slam/nav2fishbot/install/nav_2d_msgs/lib:/home/agx/cthree/slam/cam_ws/install/realsense2_camera/lib:/home/agx/cthree/slam/cam_ws/install/realsense2_camera_msgs/lib:/opt/ros/humble/opt/rviz_ogre_vendor/lib:/opt/ros/humble/lib/aarch64-linux-gnu:/opt/ros/humble/lib:/usr/local/lib PYTHONPATH=/home/agx/cthree/slam/nav2fishbot/install/nav2_msgs/local/lib/python3.10/dist-packages:/home/agx/cthree/slam/nav2fishbot/install/nav_2d_msgs/local/lib/python3.10/dist-packages:/home/agx/cthree/slam/nav2fishbot/install/nav2_common/local/lib/python3.10/dist-packages:${PYTHONPATH} /usr/bin/cmake --build /home/agx/cthree/slam/nav2fishbot/build/nav2_smoother -- -j12 -l12
[4.858s] [  7%] [32mBuilding CXX object CMakeFiles/smoother_server_core.dir/src/nav2_smoother.cpp.o[0m
[33.849s] [ 14%] [32m[1mLinking CXX shared library libsmoother_server_core.so[0m
[34.574s] [ 14%] Built target smoother_server_core
[34.630s] [ 21%] [32mBuilding CXX object gtest/CMakeFiles/gtest.dir/src/gtest-all.cc.o[0m
[47.401s] [ 28%] [32m[1mLinking CXX static library libgtest.a[0m
[47.477s] [ 28%] Built target gtest
[47.525s] [ 35%] [32mBuilding CXX object CMakeFiles/smoother_server.dir/src/main.cpp.o[0m
[56.691s] [ 42%] [32m[1mLinking CXX executable smoother_server[0m
[57.424s] [ 42%] Built target smoother_server
[57.470s] [ 50%] [32mBuilding CXX object gtest/CMakeFiles/gtest_main.dir/src/gtest_main.cc.o[0m
[57.474s] [ 57%] [32mBuilding CXX object CMakeFiles/simple_smoother.dir/src/simple_smoother.cpp.o[0m
[59.148s] [ 64%] [32m[1mLinking CXX static library libgtest_main.a[0m
[59.263s] [ 64%] Built target gtest_main
[67.962s] [ 71%] [32m[1mLinking CXX shared library libsimple_smoother.so[0m
[68.526s] [ 71%] Built target simple_smoother
[68.584s] [ 78%] [32mBuilding CXX object test/CMakeFiles/test_smoother_server.dir/test_smoother_server.cpp.o[0m
[85.915s] [ 85%] [32m[1mLinking CXX executable test_smoother_server[0m
[86.594s] [ 85%] Built target test_smoother_server
[86.643s] [ 92%] [32mBuilding CXX object test/CMakeFiles/test_simple_smoother.dir/test_simple_smoother.cpp.o[0m
[100.865s] [100%] [32m[1mLinking CXX executable test_simple_smoother[0m
[101.551s] [100%] Built target test_simple_smoother
[101.578s] Invoked command in '/home/agx/cthree/slam/nav2fishbot/build/nav2_smoother' returned '0': AMENT_PREFIX_PATH=/home/agx/cthree/slam/nav2fishbot/install/nav2_core:/home/agx/cthree/slam/nav2fishbot/install/nav2_costmap_2d:/home/agx/cthree/slam/nav2fishbot/install/nav_2d_utils:/home/agx/cthree/slam/nav2fishbot/install/nav2_map_server:/home/agx/cthree/slam/nav2fishbot/install/nav2_lifecycle_manager:/home/agx/cthree/slam/nav2fishbot/install/nav2_util:/home/agx/cthree/slam/nav2fishbot/install/nav2_voxel_grid:/home/agx/cthree/slam/nav2fishbot/install/nav2_msgs:/home/agx/cthree/slam/nav2fishbot/install/nav_2d_msgs:/home/agx/cthree/slam/nav2fishbot/install/nav2_common:${AMENT_PREFIX_PATH} CMAKE_PREFIX_PATH=/home/agx/cthree/slam/nav2fishbot/install/nav2_core:/home/agx/cthree/slam/nav2fishbot/install/nav2_costmap_2d:/home/agx/cthree/slam/nav2fishbot/install/nav_2d_utils:/home/agx/cthree/slam/nav2fishbot/install/nav2_map_server:/home/agx/cthree/slam/nav2fishbot/install/nav2_lifecycle_manager:/home/agx/cthree/slam/nav2fishbot/install/nav2_util:/home/agx/cthree/slam/nav2fishbot/install/nav2_voxel_grid:/home/agx/cthree/slam/nav2fishbot/install/nav2_msgs:/home/agx/cthree/slam/nav2fishbot/install/nav_2d_msgs:/home/agx/cthree/slam/nav2fishbot/install/nav2_common:/home/agx/cthree/slam/OVD-SLAM10/Examples/ros2/install/orbslam3:/home/agx/cthree/slam/cam_ws/install/realsense2_description:/home/agx/cthree/slam/cam_ws/install/realsense2_camera:/home/agx/cthree/slam/cam_ws/install/realsense2_camera_msgs:/opt/ros/humble LD_LIBRARY_PATH=/home/agx/cthree/slam/nav2fishbot/install/nav2_costmap_2d/lib:/home/agx/cthree/slam/nav2fishbot/install/nav_2d_utils/lib:/home/agx/cthree/slam/nav2fishbot/install/nav2_map_server/lib:/home/agx/cthree/slam/nav2fishbot/install/nav2_lifecycle_manager/lib:/home/agx/cthree/slam/nav2fishbot/install/nav2_util/lib:/home/agx/cthree/slam/nav2fishbot/install/nav2_voxel_grid/lib:/home/agx/cthree/slam/nav2fishbot/install/nav2_msgs/lib:/home/agx/cthree/slam/nav2fishbot/install/nav_2d_msgs/lib:/home/agx/cthree/slam/cam_ws/install/realsense2_camera/lib:/home/agx/cthree/slam/cam_ws/install/realsense2_camera_msgs/lib:/opt/ros/humble/opt/rviz_ogre_vendor/lib:/opt/ros/humble/lib/aarch64-linux-gnu:/opt/ros/humble/lib:/usr/local/lib PYTHONPATH=/home/agx/cthree/slam/nav2fishbot/install/nav2_msgs/local/lib/python3.10/dist-packages:/home/agx/cthree/slam/nav2fishbot/install/nav_2d_msgs/local/lib/python3.10/dist-packages:/home/agx/cthree/slam/nav2fishbot/install/nav2_common/local/lib/python3.10/dist-packages:${PYTHONPATH} /usr/bin/cmake --build /home/agx/cthree/slam/nav2fishbot/build/nav2_smoother -- -j12 -l12
[101.581s] Invoking command in '/home/agx/cthree/slam/nav2fishbot/build/nav2_smoother': AMENT_PREFIX_PATH=/home/agx/cthree/slam/nav2fishbot/install/nav2_core:/home/agx/cthree/slam/nav2fishbot/install/nav2_costmap_2d:/home/agx/cthree/slam/nav2fishbot/install/nav_2d_utils:/home/agx/cthree/slam/nav2fishbot/install/nav2_map_server:/home/agx/cthree/slam/nav2fishbot/install/nav2_lifecycle_manager:/home/agx/cthree/slam/nav2fishbot/install/nav2_util:/home/agx/cthree/slam/nav2fishbot/install/nav2_voxel_grid:/home/agx/cthree/slam/nav2fishbot/install/nav2_msgs:/home/agx/cthree/slam/nav2fishbot/install/nav_2d_msgs:/home/agx/cthree/slam/nav2fishbot/install/nav2_common:${AMENT_PREFIX_PATH} CMAKE_PREFIX_PATH=/home/agx/cthree/slam/nav2fishbot/install/nav2_core:/home/agx/cthree/slam/nav2fishbot/install/nav2_costmap_2d:/home/agx/cthree/slam/nav2fishbot/install/nav_2d_utils:/home/agx/cthree/slam/nav2fishbot/install/nav2_map_server:/home/agx/cthree/slam/nav2fishbot/install/nav2_lifecycle_manager:/home/agx/cthree/slam/nav2fishbot/install/nav2_util:/home/agx/cthree/slam/nav2fishbot/install/nav2_voxel_grid:/home/agx/cthree/slam/nav2fishbot/install/nav2_msgs:/home/agx/cthree/slam/nav2fishbot/install/nav_2d_msgs:/home/agx/cthree/slam/nav2fishbot/install/nav2_common:/home/agx/cthree/slam/OVD-SLAM10/Examples/ros2/install/orbslam3:/home/agx/cthree/slam/cam_ws/install/realsense2_description:/home/agx/cthree/slam/cam_ws/install/realsense2_camera:/home/agx/cthree/slam/cam_ws/install/realsense2_camera_msgs:/opt/ros/humble LD_LIBRARY_PATH=/home/agx/cthree/slam/nav2fishbot/install/nav2_costmap_2d/lib:/home/agx/cthree/slam/nav2fishbot/install/nav_2d_utils/lib:/home/agx/cthree/slam/nav2fishbot/install/nav2_map_server/lib:/home/agx/cthree/slam/nav2fishbot/install/nav2_lifecycle_manager/lib:/home/agx/cthree/slam/nav2fishbot/install/nav2_util/lib:/home/agx/cthree/slam/nav2fishbot/install/nav2_voxel_grid/lib:/home/agx/cthree/slam/nav2fishbot/install/nav2_msgs/lib:/home/agx/cthree/slam/nav2fishbot/install/nav_2d_msgs/lib:/home/agx/cthree/slam/cam_ws/install/realsense2_camera/lib:/home/agx/cthree/slam/cam_ws/install/realsense2_camera_msgs/lib:/opt/ros/humble/opt/rviz_ogre_vendor/lib:/opt/ros/humble/lib/aarch64-linux-gnu:/opt/ros/humble/lib:/usr/local/lib PYTHONPATH=/home/agx/cthree/slam/nav2fishbot/install/nav2_msgs/local/lib/python3.10/dist-packages:/home/agx/cthree/slam/nav2fishbot/install/nav_2d_msgs/local/lib/python3.10/dist-packages:/home/agx/cthree/slam/nav2fishbot/install/nav2_common/local/lib/python3.10/dist-packages:${PYTHONPATH} /usr/bin/cmake --install /home/agx/cthree/slam/nav2fishbot/build/nav2_smoother
[101.597s] -- Install configuration: "Release"
[101.598s] -- Installing: /home/agx/cthree/slam/nav2fishbot/install/nav2_smoother/share/nav2_smoother/plugins.xml
[101.598s] -- Installing: /home/agx/cthree/slam/nav2fishbot/install/nav2_smoother/lib/libsmoother_server_core.so
[101.602s] -- Set runtime path of "/home/agx/cthree/slam/nav2fishbot/install/nav2_smoother/lib/libsmoother_server_core.so" to ""
[101.602s] -- Installing: /home/agx/cthree/slam/nav2fishbot/install/nav2_smoother/lib/libsimple_smoother.so
[101.602s] -- Set runtime path of "/home/agx/cthree/slam/nav2fishbot/install/nav2_smoother/lib/libsimple_smoother.so" to ""
[101.602s] -- Installing: /home/agx/cthree/slam/nav2fishbot/install/nav2_smoother/lib/nav2_smoother/smoother_server
[101.603s] -- Set runtime path of "/home/agx/cthree/slam/nav2fishbot/install/nav2_smoother/lib/nav2_smoother/smoother_server" to ""
[101.603s] -- Installing: /home/agx/cthree/slam/nav2fishbot/install/nav2_smoother/include/
[101.603s] -- Installing: /home/agx/cthree/slam/nav2fishbot/install/nav2_smoother/include//nav2_smoother
[101.604s] -- Installing: /home/agx/cthree/slam/nav2fishbot/install/nav2_smoother/include//nav2_smoother/simple_smoother.hpp
[101.604s] -- Installing: /home/agx/cthree/slam/nav2fishbot/install/nav2_smoother/include//nav2_smoother/nav2_smoother.hpp
[101.604s] -- Installing: /home/agx/cthree/slam/nav2fishbot/install/nav2_smoother/share/nav2_smoother/environment/library_path.sh
[101.604s] -- Installing: /home/agx/cthree/slam/nav2fishbot/install/nav2_smoother/share/nav2_smoother/environment/library_path.dsv
[101.605s] -- Installing: /home/agx/cthree/slam/nav2fishbot/install/nav2_smoother/share/ament_index/resource_index/package_run_dependencies/nav2_smoother
[101.605s] -- Installing: /home/agx/cthree/slam/nav2fishbot/install/nav2_smoother/share/ament_index/resource_index/parent_prefix_path/nav2_smoother
[101.605s] -- Installing: /home/agx/cthree/slam/nav2fishbot/install/nav2_smoother/share/nav2_smoother/environment/ament_prefix_path.sh
[101.605s] -- Installing: /home/agx/cthree/slam/nav2fishbot/install/nav2_smoother/share/nav2_smoother/environment/ament_prefix_path.dsv
[101.605s] -- Installing: /home/agx/cthree/slam/nav2fishbot/install/nav2_smoother/share/nav2_smoother/environment/path.sh
[101.606s] -- Installing: /home/agx/cthree/slam/nav2fishbot/install/nav2_smoother/share/nav2_smoother/environment/path.dsv
[101.606s] -- Installing: /home/agx/cthree/slam/nav2fishbot/install/nav2_smoother/share/nav2_smoother/local_setup.bash
[101.606s] -- Installing: /home/agx/cthree/slam/nav2fishbot/install/nav2_smoother/share/nav2_smoother/local_setup.sh
[101.606s] -- Installing: /home/agx/cthree/slam/nav2fishbot/install/nav2_smoother/share/nav2_smoother/local_setup.zsh
[101.607s] -- Installing: /home/agx/cthree/slam/nav2fishbot/install/nav2_smoother/share/nav2_smoother/local_setup.dsv
[101.607s] -- Installing: /home/agx/cthree/slam/nav2fishbot/install/nav2_smoother/share/nav2_smoother/package.dsv
[101.607s] -- Installing: /home/agx/cthree/slam/nav2fishbot/install/nav2_smoother/share/ament_index/resource_index/packages/nav2_smoother
[101.607s] -- Installing: /home/agx/cthree/slam/nav2fishbot/install/nav2_smoother/share/ament_index/resource_index/nav2_core__pluginlib__plugin/nav2_smoother
[101.609s] -- Installing: /home/agx/cthree/slam/nav2fishbot/install/nav2_smoother/share/ament_index/resource_index/rclcpp_components/nav2_smoother
[101.609s] -- Installing: /home/agx/cthree/slam/nav2fishbot/install/nav2_smoother/share/nav2_smoother/cmake/ament_cmake_export_include_directories-extras.cmake
[101.609s] -- Installing: /home/agx/cthree/slam/nav2fishbot/install/nav2_smoother/share/nav2_smoother/cmake/ament_cmake_export_libraries-extras.cmake
[101.610s] -- Installing: /home/agx/cthree/slam/nav2fishbot/install/nav2_smoother/share/nav2_smoother/cmake/ament_cmake_export_dependencies-extras.cmake
[101.610s] -- Installing: /home/agx/cthree/slam/nav2fishbot/install/nav2_smoother/share/nav2_smoother/cmake/nav2_smootherConfig.cmake
[101.610s] -- Installing: /home/agx/cthree/slam/nav2fishbot/install/nav2_smoother/share/nav2_smoother/cmake/nav2_smootherConfig-version.cmake
[101.610s] -- Installing: /home/agx/cthree/slam/nav2fishbot/install/nav2_smoother/share/nav2_smoother/package.xml
[101.616s] Invoked command in '/home/agx/cthree/slam/nav2fishbot/build/nav2_smoother' returned '0': AMENT_PREFIX_PATH=/home/agx/cthree/slam/nav2fishbot/install/nav2_core:/home/agx/cthree/slam/nav2fishbot/install/nav2_costmap_2d:/home/agx/cthree/slam/nav2fishbot/install/nav_2d_utils:/home/agx/cthree/slam/nav2fishbot/install/nav2_map_server:/home/agx/cthree/slam/nav2fishbot/install/nav2_lifecycle_manager:/home/agx/cthree/slam/nav2fishbot/install/nav2_util:/home/agx/cthree/slam/nav2fishbot/install/nav2_voxel_grid:/home/agx/cthree/slam/nav2fishbot/install/nav2_msgs:/home/agx/cthree/slam/nav2fishbot/install/nav_2d_msgs:/home/agx/cthree/slam/nav2fishbot/install/nav2_common:${AMENT_PREFIX_PATH} CMAKE_PREFIX_PATH=/home/agx/cthree/slam/nav2fishbot/install/nav2_core:/home/agx/cthree/slam/nav2fishbot/install/nav2_costmap_2d:/home/agx/cthree/slam/nav2fishbot/install/nav_2d_utils:/home/agx/cthree/slam/nav2fishbot/install/nav2_map_server:/home/agx/cthree/slam/nav2fishbot/install/nav2_lifecycle_manager:/home/agx/cthree/slam/nav2fishbot/install/nav2_util:/home/agx/cthree/slam/nav2fishbot/install/nav2_voxel_grid:/home/agx/cthree/slam/nav2fishbot/install/nav2_msgs:/home/agx/cthree/slam/nav2fishbot/install/nav_2d_msgs:/home/agx/cthree/slam/nav2fishbot/install/nav2_common:/home/agx/cthree/slam/OVD-SLAM10/Examples/ros2/install/orbslam3:/home/agx/cthree/slam/cam_ws/install/realsense2_description:/home/agx/cthree/slam/cam_ws/install/realsense2_camera:/home/agx/cthree/slam/cam_ws/install/realsense2_camera_msgs:/opt/ros/humble LD_LIBRARY_PATH=/home/agx/cthree/slam/nav2fishbot/install/nav2_costmap_2d/lib:/home/agx/cthree/slam/nav2fishbot/install/nav_2d_utils/lib:/home/agx/cthree/slam/nav2fishbot/install/nav2_map_server/lib:/home/agx/cthree/slam/nav2fishbot/install/nav2_lifecycle_manager/lib:/home/agx/cthree/slam/nav2fishbot/install/nav2_util/lib:/home/agx/cthree/slam/nav2fishbot/install/nav2_voxel_grid/lib:/home/agx/cthree/slam/nav2fishbot/install/nav2_msgs/lib:/home/agx/cthree/slam/nav2fishbot/install/nav_2d_msgs/lib:/home/agx/cthree/slam/cam_ws/install/realsense2_camera/lib:/home/agx/cthree/slam/cam_ws/install/realsense2_camera_msgs/lib:/opt/ros/humble/opt/rviz_ogre_vendor/lib:/opt/ros/humble/lib/aarch64-linux-gnu:/opt/ros/humble/lib:/usr/local/lib PYTHONPATH=/home/agx/cthree/slam/nav2fishbot/install/nav2_msgs/local/lib/python3.10/dist-packages:/home/agx/cthree/slam/nav2fishbot/install/nav_2d_msgs/local/lib/python3.10/dist-packages:/home/agx/cthree/slam/nav2fishbot/install/nav2_common/local/lib/python3.10/dist-packages:${PYTHONPATH} /usr/bin/cmake --install /home/agx/cthree/slam/nav2fishbot/build/nav2_smoother
