[0.209s] Invoking command in '/home/agx/cthree/slam/nav2fishbot/build/nav2_lifecycle_manager': AMENT_PREFIX_PATH=/home/agx/cthree/slam/nav2fishbot/install/nav2_util:/home/agx/cthree/slam/nav2fishbot/install/nav2_msgs:/home/agx/cthree/slam/nav2fishbot/install/nav2_common:${AMENT_PREFIX_PATH} CMAKE_PREFIX_PATH=/home/agx/cthree/slam/nav2fishbot/install/nav2_util:/home/agx/cthree/slam/nav2fishbot/install/nav2_msgs:/home/agx/cthree/slam/nav2fishbot/install/nav2_common:/home/agx/cthree/slam/OVD-SLAM10/Examples/ros2/install/orbslam3:/home/agx/cthree/slam/cam_ws/install/realsense2_description:/home/agx/cthree/slam/cam_ws/install/realsense2_camera:/home/agx/cthree/slam/cam_ws/install/realsense2_camera_msgs:/opt/ros/humble LD_LIBRARY_PATH=/home/agx/cthree/slam/nav2fishbot/install/nav2_util/lib:/home/agx/cthree/slam/nav2fishbot/install/nav2_msgs/lib:/home/agx/cthree/slam/cam_ws/install/realsense2_camera/lib:/home/agx/cthree/slam/cam_ws/install/realsense2_camera_msgs/lib:/opt/ros/humble/opt/rviz_ogre_vendor/lib:/opt/ros/humble/lib/aarch64-linux-gnu:/opt/ros/humble/lib:/usr/local/lib PYTHONPATH=/home/agx/cthree/slam/nav2fishbot/install/nav2_msgs/local/lib/python3.10/dist-packages:/home/agx/cthree/slam/nav2fishbot/install/nav2_common/local/lib/python3.10/dist-packages:${PYTHONPATH} /usr/bin/cmake /home/agx/cthree/slam/nav2fishbot/src/fishbot/src/navigation/nav2_lifecycle_manager -DCMAKE_INSTALL_PREFIX=/home/agx/cthree/slam/nav2fishbot/install/nav2_lifecycle_manager
[0.455s] -- The C compiler identification is GNU 9.5.0
[0.671s] -- The CXX compiler identification is GNU 9.5.0
[0.694s] -- Detecting C compiler ABI info
[0.891s] -- Detecting C compiler ABI info - done
[0.900s] -- Check for working C compiler: /usr/bin/cc - skipped
[0.901s] -- Detecting C compile features
[0.901s] -- Detecting C compile features - done
[0.910s] -- Detecting CXX compiler ABI info
[1.326s] -- Detecting CXX compiler ABI info - done
[1.336s] -- Check for working CXX compiler: /usr/bin/c++ - skipped
[1.337s] -- Detecting CXX compile features
[1.338s] -- Detecting CXX compile features - done
[1.350s] -- Found ament_cmake: 1.3.12 (/opt/ros/humble/share/ament_cmake/cmake)
[1.870s] -- Found Python3: /usr/bin/python3 (found version "3.10.12") found components: Interpreter 
[2.100s] -- Found geometry_msgs: 4.9.0 (/opt/ros/humble/share/geometry_msgs/cmake)
[2.186s] -- Found rosidl_generator_c: 3.1.7 (/opt/ros/humble/share/rosidl_generator_c/cmake)
[2.198s] -- Found rosidl_adapter: 3.1.7 (/opt/ros/humble/share/rosidl_adapter/cmake)
[2.216s] -- Found rosidl_generator_cpp: 3.1.7 (/opt/ros/humble/share/rosidl_generator_cpp/cmake)
[2.241s] -- Using all available rosidl_typesupport_c: rosidl_typesupport_fastrtps_c;rosidl_typesupport_introspection_c
[2.276s] -- Using all available rosidl_typesupport_cpp: rosidl_typesupport_fastrtps_cpp;rosidl_typesupport_introspection_cpp
[2.344s] -- Found lifecycle_msgs: 1.2.2 (/opt/ros/humble/share/lifecycle_msgs/cmake)
[2.363s] -- Found nav2_common: 1.1.0 (/home/agx/cthree/slam/nav2fishbot/install/nav2_common/share/nav2_common/cmake)
[2.365s] -- Found nav2_msgs: 1.1.0 (/home/agx/cthree/slam/nav2fishbot/install/nav2_msgs/share/nav2_msgs/cmake)
[2.481s] -- Found nav2_util: 1.1.0 (/home/agx/cthree/slam/nav2fishbot/install/nav2_util/share/nav2_util/cmake)
[2.639s] -- Found rmw_implementation_cmake: 6.1.2 (/opt/ros/humble/share/rmw_implementation_cmake/cmake)
[2.645s] -- Found rmw_fastrtps_cpp: 6.2.9 (/opt/ros/humble/share/rmw_fastrtps_cpp/cmake)
[3.035s] -- Found OpenSSL: /usr/lib/aarch64-linux-gnu/libcrypto.so (found version "3.0.2")  
[3.130s] -- Found FastRTPS: /opt/ros/humble/include  
[3.232s] -- Using RMW implementation 'rmw_fastrtps_cpp' as default
[3.257s] -- Looking for pthread.h
[3.571s] -- Looking for pthread.h - found
[3.571s] -- Performing Test CMAKE_HAVE_LIBC_PTHREAD
[3.804s] -- Performing Test CMAKE_HAVE_LIBC_PTHREAD - Success
[3.808s] -- Found Threads: TRUE  
[4.008s] -- Found eigen3_cmake_module: 0.1.1 (/opt/ros/humble/share/eigen3_cmake_module/cmake)
[4.011s] -- Found Eigen3: TRUE (found version "3.4.0") 
[4.012s] -- Ensuring Eigen3 include directory is part of orocos-kdl CMake target
[4.094s] -- Found std_srvs: 4.9.0 (/opt/ros/humble/share/std_srvs/cmake)
[4.115s] -- Found diagnostic_updater: 4.0.6 (/opt/ros/humble/share/diagnostic_updater/cmake)
[4.148s] -- Setting build type to Release as none was specified.
[4.207s] -- Found ament_lint_auto: 0.12.14 (/opt/ros/humble/share/ament_lint_auto/cmake)
[4.531s] -- Found gtest sources under '/opt/ros/humble/src/gtest_vendor': C++ tests using 'Google Test' will be built
[4.682s] -- Added test 'copyright' to check source files copyright and LICENSE
[4.685s] -- Added test 'cppcheck' to perform static code analysis on C / C++ code
[4.685s] -- Configured cppcheck include dirs: /home/agx/cthree/slam/nav2fishbot/src/fishbot/src/navigation/nav2_lifecycle_manager/include
[4.685s] -- Configured cppcheck exclude dirs and/or files: 
[4.688s] -- Added test 'cpplint' to check C / C++ code against the Google style
[4.688s] -- Configured cpplint exclude dirs and/or files: 
[4.689s] -- Added test 'flake8' to check Python code syntax and style conventions
[4.690s] -- Added test 'lint_cmake' to check CMake code style
[4.691s] -- Added test 'pep257' to check Python code against some of the docstring style conventions in PEP 257
[4.693s] -- Added test 'uncrustify' to check C / C++ code style
[4.693s] -- Configured uncrustify additional arguments: 
[4.694s] -- Added test 'xmllint' to check XML markup files
[4.724s] -- Configuring done
[4.907s] -- Generating done
[4.941s] -- Build files have been written to: /home/agx/cthree/slam/nav2fishbot/build/nav2_lifecycle_manager
[4.979s] Invoked command in '/home/agx/cthree/slam/nav2fishbot/build/nav2_lifecycle_manager' returned '0': AMENT_PREFIX_PATH=/home/agx/cthree/slam/nav2fishbot/install/nav2_util:/home/agx/cthree/slam/nav2fishbot/install/nav2_msgs:/home/agx/cthree/slam/nav2fishbot/install/nav2_common:${AMENT_PREFIX_PATH} CMAKE_PREFIX_PATH=/home/agx/cthree/slam/nav2fishbot/install/nav2_util:/home/agx/cthree/slam/nav2fishbot/install/nav2_msgs:/home/agx/cthree/slam/nav2fishbot/install/nav2_common:/home/agx/cthree/slam/OVD-SLAM10/Examples/ros2/install/orbslam3:/home/agx/cthree/slam/cam_ws/install/realsense2_description:/home/agx/cthree/slam/cam_ws/install/realsense2_camera:/home/agx/cthree/slam/cam_ws/install/realsense2_camera_msgs:/opt/ros/humble LD_LIBRARY_PATH=/home/agx/cthree/slam/nav2fishbot/install/nav2_util/lib:/home/agx/cthree/slam/nav2fishbot/install/nav2_msgs/lib:/home/agx/cthree/slam/cam_ws/install/realsense2_camera/lib:/home/agx/cthree/slam/cam_ws/install/realsense2_camera_msgs/lib:/opt/ros/humble/opt/rviz_ogre_vendor/lib:/opt/ros/humble/lib/aarch64-linux-gnu:/opt/ros/humble/lib:/usr/local/lib PYTHONPATH=/home/agx/cthree/slam/nav2fishbot/install/nav2_msgs/local/lib/python3.10/dist-packages:/home/agx/cthree/slam/nav2fishbot/install/nav2_common/local/lib/python3.10/dist-packages:${PYTHONPATH} /usr/bin/cmake /home/agx/cthree/slam/nav2fishbot/src/fishbot/src/navigation/nav2_lifecycle_manager -DCMAKE_INSTALL_PREFIX=/home/agx/cthree/slam/nav2fishbot/install/nav2_lifecycle_manager
[4.981s] Invoking command in '/home/agx/cthree/slam/nav2fishbot/build/nav2_lifecycle_manager': AMENT_PREFIX_PATH=/home/agx/cthree/slam/nav2fishbot/install/nav2_util:/home/agx/cthree/slam/nav2fishbot/install/nav2_msgs:/home/agx/cthree/slam/nav2fishbot/install/nav2_common:${AMENT_PREFIX_PATH} CMAKE_PREFIX_PATH=/home/agx/cthree/slam/nav2fishbot/install/nav2_util:/home/agx/cthree/slam/nav2fishbot/install/nav2_msgs:/home/agx/cthree/slam/nav2fishbot/install/nav2_common:/home/agx/cthree/slam/OVD-SLAM10/Examples/ros2/install/orbslam3:/home/agx/cthree/slam/cam_ws/install/realsense2_description:/home/agx/cthree/slam/cam_ws/install/realsense2_camera:/home/agx/cthree/slam/cam_ws/install/realsense2_camera_msgs:/opt/ros/humble LD_LIBRARY_PATH=/home/agx/cthree/slam/nav2fishbot/install/nav2_util/lib:/home/agx/cthree/slam/nav2fishbot/install/nav2_msgs/lib:/home/agx/cthree/slam/cam_ws/install/realsense2_camera/lib:/home/agx/cthree/slam/cam_ws/install/realsense2_camera_msgs/lib:/opt/ros/humble/opt/rviz_ogre_vendor/lib:/opt/ros/humble/lib/aarch64-linux-gnu:/opt/ros/humble/lib:/usr/local/lib PYTHONPATH=/home/agx/cthree/slam/nav2fishbot/install/nav2_msgs/local/lib/python3.10/dist-packages:/home/agx/cthree/slam/nav2fishbot/install/nav2_common/local/lib/python3.10/dist-packages:${PYTHONPATH} /usr/bin/cmake --build /home/agx/cthree/slam/nav2fishbot/build/nav2_lifecycle_manager -- -j12 -l12
[5.184s] [  7%] [32mBuilding CXX object CMakeFiles/nav2_lifecycle_manager_core.dir/src/lifecycle_manager.cpp.o[0m
[28.368s] [ 15%] [32mBuilding CXX object CMakeFiles/nav2_lifecycle_manager_core.dir/src/lifecycle_manager_client.cpp.o[0m
[40.018s] [ 23%] [32m[1mLinking CXX shared library libnav2_lifecycle_manager_core.so[0m
[40.406s] [ 23%] Built target nav2_lifecycle_manager_core
[40.439s] [ 30%] [32mBuilding CXX object gtest/CMakeFiles/gtest.dir/src/gtest-all.cc.o[0m
[52.712s] [ 38%] [32m[1mLinking CXX static library libgtest.a[0m
[52.771s] [ 38%] Built target gtest
[52.803s] [ 53%] [32mBuilding CXX object gtest/CMakeFiles/gtest_main.dir/src/gtest_main.cc.o[0m
[52.804s] [ 53%] [32mBuilding CXX object CMakeFiles/lifecycle_manager.dir/src/main.cpp.o[0m
[54.371s] [ 61%] [32m[1mLinking CXX static library libgtest_main.a[0m
[54.449s] [ 61%] Built target gtest_main
[54.487s] [ 69%] [32mBuilding CXX object test/CMakeFiles/test_lifecycle_gtest.dir/test_lifecycle_manager.cpp.o[0m
[62.596s] [ 76%] [32m[1mLinking CXX executable lifecycle_manager[0m
[63.084s] [ 76%] Built target lifecycle_manager
[66.843s] [ 84%] [32m[1mLinking CXX executable test_lifecycle_gtest[0m
[67.507s] [ 84%] Built target test_lifecycle_gtest
[67.586s] [ 92%] [32mBuilding CXX object test/CMakeFiles/test_bond_gtest.dir/test_bond.cpp.o[0m
[78.154s] [100%] [32m[1mLinking CXX executable test_bond_gtest[0m
[78.563s] [100%] Built target test_bond_gtest
[78.581s] Invoked command in '/home/agx/cthree/slam/nav2fishbot/build/nav2_lifecycle_manager' returned '0': AMENT_PREFIX_PATH=/home/agx/cthree/slam/nav2fishbot/install/nav2_util:/home/agx/cthree/slam/nav2fishbot/install/nav2_msgs:/home/agx/cthree/slam/nav2fishbot/install/nav2_common:${AMENT_PREFIX_PATH} CMAKE_PREFIX_PATH=/home/agx/cthree/slam/nav2fishbot/install/nav2_util:/home/agx/cthree/slam/nav2fishbot/install/nav2_msgs:/home/agx/cthree/slam/nav2fishbot/install/nav2_common:/home/agx/cthree/slam/OVD-SLAM10/Examples/ros2/install/orbslam3:/home/agx/cthree/slam/cam_ws/install/realsense2_description:/home/agx/cthree/slam/cam_ws/install/realsense2_camera:/home/agx/cthree/slam/cam_ws/install/realsense2_camera_msgs:/opt/ros/humble LD_LIBRARY_PATH=/home/agx/cthree/slam/nav2fishbot/install/nav2_util/lib:/home/agx/cthree/slam/nav2fishbot/install/nav2_msgs/lib:/home/agx/cthree/slam/cam_ws/install/realsense2_camera/lib:/home/agx/cthree/slam/cam_ws/install/realsense2_camera_msgs/lib:/opt/ros/humble/opt/rviz_ogre_vendor/lib:/opt/ros/humble/lib/aarch64-linux-gnu:/opt/ros/humble/lib:/usr/local/lib PYTHONPATH=/home/agx/cthree/slam/nav2fishbot/install/nav2_msgs/local/lib/python3.10/dist-packages:/home/agx/cthree/slam/nav2fishbot/install/nav2_common/local/lib/python3.10/dist-packages:${PYTHONPATH} /usr/bin/cmake --build /home/agx/cthree/slam/nav2fishbot/build/nav2_lifecycle_manager -- -j12 -l12
[78.584s] Invoking command in '/home/agx/cthree/slam/nav2fishbot/build/nav2_lifecycle_manager': AMENT_PREFIX_PATH=/home/agx/cthree/slam/nav2fishbot/install/nav2_util:/home/agx/cthree/slam/nav2fishbot/install/nav2_msgs:/home/agx/cthree/slam/nav2fishbot/install/nav2_common:${AMENT_PREFIX_PATH} CMAKE_PREFIX_PATH=/home/agx/cthree/slam/nav2fishbot/install/nav2_util:/home/agx/cthree/slam/nav2fishbot/install/nav2_msgs:/home/agx/cthree/slam/nav2fishbot/install/nav2_common:/home/agx/cthree/slam/OVD-SLAM10/Examples/ros2/install/orbslam3:/home/agx/cthree/slam/cam_ws/install/realsense2_description:/home/agx/cthree/slam/cam_ws/install/realsense2_camera:/home/agx/cthree/slam/cam_ws/install/realsense2_camera_msgs:/opt/ros/humble LD_LIBRARY_PATH=/home/agx/cthree/slam/nav2fishbot/install/nav2_util/lib:/home/agx/cthree/slam/nav2fishbot/install/nav2_msgs/lib:/home/agx/cthree/slam/cam_ws/install/realsense2_camera/lib:/home/agx/cthree/slam/cam_ws/install/realsense2_camera_msgs/lib:/opt/ros/humble/opt/rviz_ogre_vendor/lib:/opt/ros/humble/lib/aarch64-linux-gnu:/opt/ros/humble/lib:/usr/local/lib PYTHONPATH=/home/agx/cthree/slam/nav2fishbot/install/nav2_msgs/local/lib/python3.10/dist-packages:/home/agx/cthree/slam/nav2fishbot/install/nav2_common/local/lib/python3.10/dist-packages:${PYTHONPATH} /usr/bin/cmake --install /home/agx/cthree/slam/nav2fishbot/build/nav2_lifecycle_manager
[78.596s] -- Install configuration: "Release"
[78.596s] -- Installing: /home/agx/cthree/slam/nav2fishbot/install/nav2_lifecycle_manager/lib/libnav2_lifecycle_manager_core.so
[78.598s] -- Set runtime path of "/home/agx/cthree/slam/nav2fishbot/install/nav2_lifecycle_manager/lib/libnav2_lifecycle_manager_core.so" to ""
[78.598s] -- Installing: /home/agx/cthree/slam/nav2fishbot/install/nav2_lifecycle_manager/lib/nav2_lifecycle_manager/lifecycle_manager
[78.598s] -- Set runtime path of "/home/agx/cthree/slam/nav2fishbot/install/nav2_lifecycle_manager/lib/nav2_lifecycle_manager/lifecycle_manager" to ""
[78.599s] -- Installing: /home/agx/cthree/slam/nav2fishbot/install/nav2_lifecycle_manager/include/
[78.599s] -- Installing: /home/agx/cthree/slam/nav2fishbot/install/nav2_lifecycle_manager/include//nav2_lifecycle_manager
[78.599s] -- Installing: /home/agx/cthree/slam/nav2fishbot/install/nav2_lifecycle_manager/include//nav2_lifecycle_manager/lifecycle_manager.hpp
[78.599s] -- Installing: /home/agx/cthree/slam/nav2fishbot/install/nav2_lifecycle_manager/include//nav2_lifecycle_manager/lifecycle_manager_client.hpp
[78.599s] -- Installing: /home/agx/cthree/slam/nav2fishbot/install/nav2_lifecycle_manager/share/nav2_lifecycle_manager/environment/library_path.sh
[78.599s] -- Installing: /home/agx/cthree/slam/nav2fishbot/install/nav2_lifecycle_manager/share/nav2_lifecycle_manager/environment/library_path.dsv
[78.600s] -- Installing: /home/agx/cthree/slam/nav2fishbot/install/nav2_lifecycle_manager/share/ament_index/resource_index/package_run_dependencies/nav2_lifecycle_manager
[78.600s] -- Installing: /home/agx/cthree/slam/nav2fishbot/install/nav2_lifecycle_manager/share/ament_index/resource_index/parent_prefix_path/nav2_lifecycle_manager
[78.601s] -- Installing: /home/agx/cthree/slam/nav2fishbot/install/nav2_lifecycle_manager/share/nav2_lifecycle_manager/environment/ament_prefix_path.sh
[78.601s] -- Installing: /home/agx/cthree/slam/nav2fishbot/install/nav2_lifecycle_manager/share/nav2_lifecycle_manager/environment/ament_prefix_path.dsv
[78.601s] -- Installing: /home/agx/cthree/slam/nav2fishbot/install/nav2_lifecycle_manager/share/nav2_lifecycle_manager/environment/path.sh
[78.601s] -- Installing: /home/agx/cthree/slam/nav2fishbot/install/nav2_lifecycle_manager/share/nav2_lifecycle_manager/environment/path.dsv
[78.601s] -- Installing: /home/agx/cthree/slam/nav2fishbot/install/nav2_lifecycle_manager/share/nav2_lifecycle_manager/local_setup.bash
[78.601s] -- Installing: /home/agx/cthree/slam/nav2fishbot/install/nav2_lifecycle_manager/share/nav2_lifecycle_manager/local_setup.sh
[78.602s] -- Installing: /home/agx/cthree/slam/nav2fishbot/install/nav2_lifecycle_manager/share/nav2_lifecycle_manager/local_setup.zsh
[78.602s] -- Installing: /home/agx/cthree/slam/nav2fishbot/install/nav2_lifecycle_manager/share/nav2_lifecycle_manager/local_setup.dsv
[78.602s] -- Installing: /home/agx/cthree/slam/nav2fishbot/install/nav2_lifecycle_manager/share/nav2_lifecycle_manager/package.dsv
[78.603s] -- Installing: /home/agx/cthree/slam/nav2fishbot/install/nav2_lifecycle_manager/share/ament_index/resource_index/packages/nav2_lifecycle_manager
[78.603s] -- Installing: /home/agx/cthree/slam/nav2fishbot/install/nav2_lifecycle_manager/share/ament_index/resource_index/rclcpp_components/nav2_lifecycle_manager
[78.603s] -- Installing: /home/agx/cthree/slam/nav2fishbot/install/nav2_lifecycle_manager/share/nav2_lifecycle_manager/cmake/ament_cmake_export_include_directories-extras.cmake
[78.603s] -- Installing: /home/agx/cthree/slam/nav2fishbot/install/nav2_lifecycle_manager/share/nav2_lifecycle_manager/cmake/ament_cmake_export_libraries-extras.cmake
[78.603s] -- Installing: /home/agx/cthree/slam/nav2fishbot/install/nav2_lifecycle_manager/share/nav2_lifecycle_manager/cmake/ament_cmake_export_dependencies-extras.cmake
[78.604s] -- Installing: /home/agx/cthree/slam/nav2fishbot/install/nav2_lifecycle_manager/share/nav2_lifecycle_manager/cmake/nav2_lifecycle_managerConfig.cmake
[78.604s] -- Installing: /home/agx/cthree/slam/nav2fishbot/install/nav2_lifecycle_manager/share/nav2_lifecycle_manager/cmake/nav2_lifecycle_managerConfig-version.cmake
[78.604s] -- Installing: /home/agx/cthree/slam/nav2fishbot/install/nav2_lifecycle_manager/share/nav2_lifecycle_manager/package.xml
[78.608s] Invoked command in '/home/agx/cthree/slam/nav2fishbot/build/nav2_lifecycle_manager' returned '0': AMENT_PREFIX_PATH=/home/agx/cthree/slam/nav2fishbot/install/nav2_util:/home/agx/cthree/slam/nav2fishbot/install/nav2_msgs:/home/agx/cthree/slam/nav2fishbot/install/nav2_common:${AMENT_PREFIX_PATH} CMAKE_PREFIX_PATH=/home/agx/cthree/slam/nav2fishbot/install/nav2_util:/home/agx/cthree/slam/nav2fishbot/install/nav2_msgs:/home/agx/cthree/slam/nav2fishbot/install/nav2_common:/home/agx/cthree/slam/OVD-SLAM10/Examples/ros2/install/orbslam3:/home/agx/cthree/slam/cam_ws/install/realsense2_description:/home/agx/cthree/slam/cam_ws/install/realsense2_camera:/home/agx/cthree/slam/cam_ws/install/realsense2_camera_msgs:/opt/ros/humble LD_LIBRARY_PATH=/home/agx/cthree/slam/nav2fishbot/install/nav2_util/lib:/home/agx/cthree/slam/nav2fishbot/install/nav2_msgs/lib:/home/agx/cthree/slam/cam_ws/install/realsense2_camera/lib:/home/agx/cthree/slam/cam_ws/install/realsense2_camera_msgs/lib:/opt/ros/humble/opt/rviz_ogre_vendor/lib:/opt/ros/humble/lib/aarch64-linux-gnu:/opt/ros/humble/lib:/usr/local/lib PYTHONPATH=/home/agx/cthree/slam/nav2fishbot/install/nav2_msgs/local/lib/python3.10/dist-packages:/home/agx/cthree/slam/nav2fishbot/install/nav2_common/local/lib/python3.10/dist-packages:${PYTHONPATH} /usr/bin/cmake --install /home/agx/cthree/slam/nav2fishbot/build/nav2_lifecycle_manager
