[100%] Built target serial_odom_node
[100%] Built target pubcmd_node
-- Install configuration: ""
-- Up-to-date: /home/agx/cthree/slam/ros2esp/install/serial2esp/lib/serial2esp/serial_odom_node
-- Up-to-date: /home/agx/cthree/slam/ros2esp/install/serial2esp/lib/serial2esp/pubcmd_node
-- Up-to-date: /home/agx/cthree/slam/ros2esp/install/serial2esp/share/serial2esp//launch
-- Up-to-date: /home/agx/cthree/slam/ros2esp/install/serial2esp/share/serial2esp//launch/ex.launch.py
-- Up-to-date: /home/agx/cthree/slam/ros2esp/install/serial2esp/share/serial2esp//launch/use.launch.py
-- Up-to-date: /home/agx/cthree/slam/ros2esp/install/serial2esp/share/ament_index/resource_index/package_run_dependencies/serial2esp
-- Up-to-date: /home/agx/cthree/slam/ros2esp/install/serial2esp/share/ament_index/resource_index/parent_prefix_path/serial2esp
-- Up-to-date: /home/agx/cthree/slam/ros2esp/install/serial2esp/share/serial2esp/environment/ament_prefix_path.sh
-- Up-to-date: /home/agx/cthree/slam/ros2esp/install/serial2esp/share/serial2esp/environment/ament_prefix_path.dsv
-- Up-to-date: /home/agx/cthree/slam/ros2esp/install/serial2esp/share/serial2esp/environment/path.sh
-- Up-to-date: /home/agx/cthree/slam/ros2esp/install/serial2esp/share/serial2esp/environment/path.dsv
-- Up-to-date: /home/agx/cthree/slam/ros2esp/install/serial2esp/share/serial2esp/local_setup.bash
-- Up-to-date: /home/agx/cthree/slam/ros2esp/install/serial2esp/share/serial2esp/local_setup.sh
-- Up-to-date: /home/agx/cthree/slam/ros2esp/install/serial2esp/share/serial2esp/local_setup.zsh
-- Up-to-date: /home/agx/cthree/slam/ros2esp/install/serial2esp/share/serial2esp/local_setup.dsv
-- Installing: /home/agx/cthree/slam/ros2esp/install/serial2esp/share/serial2esp/package.dsv
-- Up-to-date: /home/agx/cthree/slam/ros2esp/install/serial2esp/share/ament_index/resource_index/packages/serial2esp
-- Up-to-date: /home/agx/cthree/slam/ros2esp/install/serial2esp/share/serial2esp/cmake/serial2espConfig.cmake
-- Up-to-date: /home/agx/cthree/slam/ros2esp/install/serial2esp/share/serial2esp/cmake/serial2espConfig-version.cmake
-- Up-to-date: /home/agx/cthree/slam/ros2esp/install/serial2esp/share/serial2esp/package.xml
