[0.031s] Invoking command in '/home/agx/cthree/slam/ros2esp/build/serial2esp': CMAKE_PREFIX_PATH=/home/agx/cthree/slam/ros2esp/install/serial:/home/agx/cthree/slam/ros2esp/install/sllidar_ros2:/home/agx/cthree/slam/ros2esp/install/serial2esp:/home/agx/cthree/slam/ros2esp/install/pointcloud_to_grid:/home/agx/cthree/slam/OVD-SLAM10/Examples/ros2/install/orbslam3:/home/agx/cthree/slam/cam_ws/install/realsense2_description:/home/agx/cthree/slam/cam_ws/install/realsense2_camera:/home/agx/cthree/slam/cam_ws/install/realsense2_camera_msgs:/opt/ros/humble LD_LIBRARY_PATH=/home/agx/cthree/slam/ros2esp/install/serial/lib:/home/agx/cthree/slam/cam_ws/install/realsense2_camera/lib:/home/agx/cthree/slam/cam_ws/install/realsense2_camera_msgs/lib:/opt/ros/humble/opt/rviz_ogre_vendor/lib:/opt/ros/humble/lib/aarch64-linux-gnu:/opt/ros/humble/lib:/usr/local/lib /usr/bin/cmake --build /home/agx/cthree/slam/ros2esp/build/serial2esp -- -j12 -l12
[0.111s] [ 50%] Built target pubcmd_node
[0.112s] [100%] Built target serial_odom_node
[0.131s] Invoked command in '/home/agx/cthree/slam/ros2esp/build/serial2esp' returned '0': CMAKE_PREFIX_PATH=/home/agx/cthree/slam/ros2esp/install/serial:/home/agx/cthree/slam/ros2esp/install/sllidar_ros2:/home/agx/cthree/slam/ros2esp/install/serial2esp:/home/agx/cthree/slam/ros2esp/install/pointcloud_to_grid:/home/agx/cthree/slam/OVD-SLAM10/Examples/ros2/install/orbslam3:/home/agx/cthree/slam/cam_ws/install/realsense2_description:/home/agx/cthree/slam/cam_ws/install/realsense2_camera:/home/agx/cthree/slam/cam_ws/install/realsense2_camera_msgs:/opt/ros/humble LD_LIBRARY_PATH=/home/agx/cthree/slam/ros2esp/install/serial/lib:/home/agx/cthree/slam/cam_ws/install/realsense2_camera/lib:/home/agx/cthree/slam/cam_ws/install/realsense2_camera_msgs/lib:/opt/ros/humble/opt/rviz_ogre_vendor/lib:/opt/ros/humble/lib/aarch64-linux-gnu:/opt/ros/humble/lib:/usr/local/lib /usr/bin/cmake --build /home/agx/cthree/slam/ros2esp/build/serial2esp -- -j12 -l12
[0.133s] Invoking command in '/home/agx/cthree/slam/ros2esp/build/serial2esp': CMAKE_PREFIX_PATH=/home/agx/cthree/slam/ros2esp/install/serial:/home/agx/cthree/slam/ros2esp/install/sllidar_ros2:/home/agx/cthree/slam/ros2esp/install/serial2esp:/home/agx/cthree/slam/ros2esp/install/pointcloud_to_grid:/home/agx/cthree/slam/OVD-SLAM10/Examples/ros2/install/orbslam3:/home/agx/cthree/slam/cam_ws/install/realsense2_description:/home/agx/cthree/slam/cam_ws/install/realsense2_camera:/home/agx/cthree/slam/cam_ws/install/realsense2_camera_msgs:/opt/ros/humble LD_LIBRARY_PATH=/home/agx/cthree/slam/ros2esp/install/serial/lib:/home/agx/cthree/slam/cam_ws/install/realsense2_camera/lib:/home/agx/cthree/slam/cam_ws/install/realsense2_camera_msgs/lib:/opt/ros/humble/opt/rviz_ogre_vendor/lib:/opt/ros/humble/lib/aarch64-linux-gnu:/opt/ros/humble/lib:/usr/local/lib /usr/bin/cmake --install /home/agx/cthree/slam/ros2esp/build/serial2esp
[0.147s] -- Install configuration: ""
[0.147s] -- Up-to-date: /home/agx/cthree/slam/ros2esp/install/serial2esp/lib/serial2esp/serial_odom_node
[0.147s] -- Up-to-date: /home/agx/cthree/slam/ros2esp/install/serial2esp/lib/serial2esp/pubcmd_node
[0.148s] -- Up-to-date: /home/agx/cthree/slam/ros2esp/install/serial2esp/share/serial2esp//launch
[0.148s] -- Up-to-date: /home/agx/cthree/slam/ros2esp/install/serial2esp/share/serial2esp//launch/ex.launch.py
[0.148s] -- Up-to-date: /home/agx/cthree/slam/ros2esp/install/serial2esp/share/serial2esp//launch/use.launch.py
[0.148s] -- Up-to-date: /home/agx/cthree/slam/ros2esp/install/serial2esp/share/ament_index/resource_index/package_run_dependencies/serial2esp
[0.148s] -- Up-to-date: /home/agx/cthree/slam/ros2esp/install/serial2esp/share/ament_index/resource_index/parent_prefix_path/serial2esp
[0.148s] -- Up-to-date: /home/agx/cthree/slam/ros2esp/install/serial2esp/share/serial2esp/environment/ament_prefix_path.sh
[0.148s] -- Up-to-date: /home/agx/cthree/slam/ros2esp/install/serial2esp/share/serial2esp/environment/ament_prefix_path.dsv
[0.149s] -- Up-to-date: /home/agx/cthree/slam/ros2esp/install/serial2esp/share/serial2esp/environment/path.sh
[0.149s] -- Up-to-date: /home/agx/cthree/slam/ros2esp/install/serial2esp/share/serial2esp/environment/path.dsv
[0.149s] -- Up-to-date: /home/agx/cthree/slam/ros2esp/install/serial2esp/share/serial2esp/local_setup.bash
[0.149s] -- Up-to-date: /home/agx/cthree/slam/ros2esp/install/serial2esp/share/serial2esp/local_setup.sh
[0.149s] -- Up-to-date: /home/agx/cthree/slam/ros2esp/install/serial2esp/share/serial2esp/local_setup.zsh
[0.149s] -- Up-to-date: /home/agx/cthree/slam/ros2esp/install/serial2esp/share/serial2esp/local_setup.dsv
[0.149s] -- Installing: /home/agx/cthree/slam/ros2esp/install/serial2esp/share/serial2esp/package.dsv
[0.149s] -- Up-to-date: /home/agx/cthree/slam/ros2esp/install/serial2esp/share/ament_index/resource_index/packages/serial2esp
[0.149s] -- Up-to-date: /home/agx/cthree/slam/ros2esp/install/serial2esp/share/serial2esp/cmake/serial2espConfig.cmake
[0.149s] -- Up-to-date: /home/agx/cthree/slam/ros2esp/install/serial2esp/share/serial2esp/cmake/serial2espConfig-version.cmake
[0.150s] -- Up-to-date: /home/agx/cthree/slam/ros2esp/install/serial2esp/share/serial2esp/package.xml
[0.153s] Invoked command in '/home/agx/cthree/slam/ros2esp/build/serial2esp' returned '0': CMAKE_PREFIX_PATH=/home/agx/cthree/slam/ros2esp/install/serial:/home/agx/cthree/slam/ros2esp/install/sllidar_ros2:/home/agx/cthree/slam/ros2esp/install/serial2esp:/home/agx/cthree/slam/ros2esp/install/pointcloud_to_grid:/home/agx/cthree/slam/OVD-SLAM10/Examples/ros2/install/orbslam3:/home/agx/cthree/slam/cam_ws/install/realsense2_description:/home/agx/cthree/slam/cam_ws/install/realsense2_camera:/home/agx/cthree/slam/cam_ws/install/realsense2_camera_msgs:/opt/ros/humble LD_LIBRARY_PATH=/home/agx/cthree/slam/ros2esp/install/serial/lib:/home/agx/cthree/slam/cam_ws/install/realsense2_camera/lib:/home/agx/cthree/slam/cam_ws/install/realsense2_camera_msgs/lib:/opt/ros/humble/opt/rviz_ogre_vendor/lib:/opt/ros/humble/lib/aarch64-linux-gnu:/opt/ros/humble/lib:/usr/local/lib /usr/bin/cmake --install /home/agx/cthree/slam/ros2esp/build/serial2esp
