[0.065s] Invoking command in '/home/agx/cthree/slam/nav2fishbot/build/nav2_util': AMENT_PREFIX_PATH=/home/agx/cthree/slam/nav2fishbot/install/nav2_msgs:/home/agx/cthree/slam/nav2fishbot/install/nav2_common:${AMENT_PREFIX_PATH} CMAKE_PREFIX_PATH=/home/agx/cthree/slam/nav2fishbot/install/nav2_msgs:/home/agx/cthree/slam/nav2fishbot/install/nav2_common:/home/agx/cthree/slam/OVD-SLAM10/Examples/ros2/install/orbslam3:/home/agx/cthree/slam/cam_ws/install/realsense2_description:/home/agx/cthree/slam/cam_ws/install/realsense2_camera:/home/agx/cthree/slam/cam_ws/install/realsense2_camera_msgs:/opt/ros/humble LD_LIBRARY_PATH=/home/agx/cthree/slam/nav2fishbot/install/nav2_msgs/lib:/home/agx/cthree/slam/cam_ws/install/realsense2_camera/lib:/home/agx/cthree/slam/cam_ws/install/realsense2_camera_msgs/lib:/opt/ros/humble/opt/rviz_ogre_vendor/lib:/opt/ros/humble/lib/aarch64-linux-gnu:/opt/ros/humble/lib:/usr/local/lib PYTHONPATH=/home/agx/cthree/slam/nav2fishbot/install/nav2_msgs/local/lib/python3.10/dist-packages:/home/agx/cthree/slam/nav2fishbot/install/nav2_common/local/lib/python3.10/dist-packages:${PYTHONPATH} /usr/bin/cmake /home/agx/cthree/slam/nav2fishbot/src/fishbot/src/navigation/nav2_util -DCMAKE_INSTALL_PREFIX=/home/agx/cthree/slam/nav2fishbot/install/nav2_util
[0.732s] -- The C compiler identification is GNU 9.5.0
[0.733s] -- The CXX compiler identification is GNU 9.5.0
[0.733s] -- Detecting C compiler ABI info
[0.733s] -- Detecting C compiler ABI info - done
[0.733s] -- Check for working C compiler: /usr/bin/cc - skipped
[0.733s] -- Detecting C compile features
[0.733s] -- Detecting C compile features - done
[0.733s] -- Detecting CXX compiler ABI info
[1.050s] -- Detecting CXX compiler ABI info - done
[1.059s] -- Check for working CXX compiler: /usr/bin/c++ - skipped
[1.060s] -- Detecting CXX compile features
[1.061s] -- Detecting CXX compile features - done
[1.068s] -- Found ament_cmake: 1.3.12 (/opt/ros/humble/share/ament_cmake/cmake)
[1.593s] -- Found Python3: /usr/bin/python3 (found version "3.10.12") found components: Interpreter 
[1.877s] -- Found nav2_common: 1.1.0 (/home/agx/cthree/slam/nav2fishbot/install/nav2_common/share/nav2_common/cmake)
[1.878s] -- Found nav2_msgs: 1.1.0 (/home/agx/cthree/slam/nav2fishbot/install/nav2_msgs/share/nav2_msgs/cmake)
[2.021s] -- Found rosidl_generator_c: 3.1.7 (/opt/ros/humble/share/rosidl_generator_c/cmake)
[2.031s] -- Found rosidl_adapter: 3.1.7 (/opt/ros/humble/share/rosidl_adapter/cmake)
[2.059s] -- Found rosidl_generator_cpp: 3.1.7 (/opt/ros/humble/share/rosidl_generator_cpp/cmake)
[2.117s] -- Using all available rosidl_typesupport_c: rosidl_typesupport_fastrtps_c;rosidl_typesupport_introspection_c
[2.156s] -- Using all available rosidl_typesupport_cpp: rosidl_typesupport_fastrtps_cpp;rosidl_typesupport_introspection_cpp
[2.365s] -- Found tf2_ros: 0.25.17 (/opt/ros/humble/share/tf2_ros/cmake)
[2.523s] -- Found rmw_implementation_cmake: 6.1.2 (/opt/ros/humble/share/rmw_implementation_cmake/cmake)
[2.529s] -- Found rmw_fastrtps_cpp: 6.2.9 (/opt/ros/humble/share/rmw_fastrtps_cpp/cmake)
[2.764s] -- Found OpenSSL: /usr/lib/aarch64-linux-gnu/libcrypto.so (found version "3.0.2")  
[2.844s] -- Found FastRTPS: /opt/ros/humble/include  
[2.964s] -- Using RMW implementation 'rmw_fastrtps_cpp' as default
[2.991s] -- Looking for pthread.h
[3.175s] -- Looking for pthread.h - found
[3.175s] -- Performing Test CMAKE_HAVE_LIBC_PTHREAD
[3.326s] -- Performing Test CMAKE_HAVE_LIBC_PTHREAD - Success
[3.328s] -- Found Threads: TRUE  
[3.520s] -- Found tf2_geometry_msgs: 0.25.17 (/opt/ros/humble/share/tf2_geometry_msgs/cmake)
[3.549s] -- Found eigen3_cmake_module: 0.1.1 (/opt/ros/humble/share/eigen3_cmake_module/cmake)
[3.551s] -- Found Eigen3: TRUE (found version "3.4.0") 
[3.551s] -- Ensuring Eigen3 include directory is part of orocos-kdl CMake target
[3.557s] -- Found lifecycle_msgs: 1.2.2 (/opt/ros/humble/share/lifecycle_msgs/cmake)
[3.575s] -- Found rclcpp_lifecycle: 16.0.16 (/opt/ros/humble/share/rclcpp_lifecycle/cmake)
[3.593s] -- Found bondcpp: 4.1.2 (/opt/ros/humble/share/bondcpp/cmake)
[3.628s] -- Setting build type to Release as none was specified.
[3.654s] -- Found Boost: /usr/lib/aarch64-linux-gnu/cmake/Boost-1.74.0/BoostConfig.cmake (found version "1.74.0") found components: program_options 
[3.659s] -- Found ament_lint_auto: 0.12.14 (/opt/ros/humble/share/ament_lint_auto/cmake)
[3.664s] -- Found ament_cmake_pytest: 1.3.12 (/opt/ros/humble/share/ament_cmake_pytest/cmake)
[3.668s] -- Found launch_testing_ament_cmake: 1.0.13 (/opt/ros/humble/share/launch_testing_ament_cmake/cmake)
[3.673s] -- Found python_cmake_module: 0.10.0 (/opt/ros/humble/share/python_cmake_module/cmake)
[3.716s] -- Found PythonInterp: /usr/bin/python3 (found suitable version "3.10.12", minimum required is "3.6") 
[3.726s] -- Found PythonLibs: /usr/lib/aarch64-linux-gnu/libpython3.10.so (found suitable version "3.10.12", minimum required is "3.5") 
[3.726s] -- Using PYTHON_EXECUTABLE: /usr/bin/python3
[3.726s] -- Using PYTHON_INCLUDE_DIRS: /usr/include/python3.10
[3.726s] -- Using PYTHON_LIBRARIES: /usr/lib/aarch64-linux-gnu/libpython3.10.so
[3.770s] -- Found PythonExtra: .so  
[4.069s] -- Found gtest sources under '/opt/ros/humble/src/gtest_vendor': C++ tests using 'Google Test' will be built
[4.119s] -- Added test 'copyright' to check source files copyright and LICENSE
[4.123s] -- Added test 'cppcheck' to perform static code analysis on C / C++ code
[4.123s] -- Configured cppcheck include dirs: /home/agx/cthree/slam/nav2fishbot/src/fishbot/src/navigation/nav2_util/include
[4.124s] -- Configured cppcheck exclude dirs and/or files: 
[4.127s] -- Added test 'cpplint' to check C / C++ code against the Google style
[4.127s] -- Configured cpplint exclude dirs and/or files: 
[4.129s] -- Added test 'lint_cmake' to check CMake code style
[4.133s] -- Added test 'uncrustify' to check C / C++ code style
[4.133s] -- Configured uncrustify additional arguments: 
[4.134s] -- Added test 'xmllint' to check XML markup files
[4.139s] -- Configuring done
[4.292s] -- Generating done
[4.349s] -- Build files have been written to: /home/agx/cthree/slam/nav2fishbot/build/nav2_util
[4.391s] Invoked command in '/home/agx/cthree/slam/nav2fishbot/build/nav2_util' returned '0': AMENT_PREFIX_PATH=/home/agx/cthree/slam/nav2fishbot/install/nav2_msgs:/home/agx/cthree/slam/nav2fishbot/install/nav2_common:${AMENT_PREFIX_PATH} CMAKE_PREFIX_PATH=/home/agx/cthree/slam/nav2fishbot/install/nav2_msgs:/home/agx/cthree/slam/nav2fishbot/install/nav2_common:/home/agx/cthree/slam/OVD-SLAM10/Examples/ros2/install/orbslam3:/home/agx/cthree/slam/cam_ws/install/realsense2_description:/home/agx/cthree/slam/cam_ws/install/realsense2_camera:/home/agx/cthree/slam/cam_ws/install/realsense2_camera_msgs:/opt/ros/humble LD_LIBRARY_PATH=/home/agx/cthree/slam/nav2fishbot/install/nav2_msgs/lib:/home/agx/cthree/slam/cam_ws/install/realsense2_camera/lib:/home/agx/cthree/slam/cam_ws/install/realsense2_camera_msgs/lib:/opt/ros/humble/opt/rviz_ogre_vendor/lib:/opt/ros/humble/lib/aarch64-linux-gnu:/opt/ros/humble/lib:/usr/local/lib PYTHONPATH=/home/agx/cthree/slam/nav2fishbot/install/nav2_msgs/local/lib/python3.10/dist-packages:/home/agx/cthree/slam/nav2fishbot/install/nav2_common/local/lib/python3.10/dist-packages:${PYTHONPATH} /usr/bin/cmake /home/agx/cthree/slam/nav2fishbot/src/fishbot/src/navigation/nav2_util -DCMAKE_INSTALL_PREFIX=/home/agx/cthree/slam/nav2fishbot/install/nav2_util
[4.394s] Invoking command in '/home/agx/cthree/slam/nav2fishbot/build/nav2_util': AMENT_PREFIX_PATH=/home/agx/cthree/slam/nav2fishbot/install/nav2_msgs:/home/agx/cthree/slam/nav2fishbot/install/nav2_common:${AMENT_PREFIX_PATH} CMAKE_PREFIX_PATH=/home/agx/cthree/slam/nav2fishbot/install/nav2_msgs:/home/agx/cthree/slam/nav2fishbot/install/nav2_common:/home/agx/cthree/slam/OVD-SLAM10/Examples/ros2/install/orbslam3:/home/agx/cthree/slam/cam_ws/install/realsense2_description:/home/agx/cthree/slam/cam_ws/install/realsense2_camera:/home/agx/cthree/slam/cam_ws/install/realsense2_camera_msgs:/opt/ros/humble LD_LIBRARY_PATH=/home/agx/cthree/slam/nav2fishbot/install/nav2_msgs/lib:/home/agx/cthree/slam/cam_ws/install/realsense2_camera/lib:/home/agx/cthree/slam/cam_ws/install/realsense2_camera_msgs/lib:/opt/ros/humble/opt/rviz_ogre_vendor/lib:/opt/ros/humble/lib/aarch64-linux-gnu:/opt/ros/humble/lib:/usr/local/lib PYTHONPATH=/home/agx/cthree/slam/nav2fishbot/install/nav2_msgs/local/lib/python3.10/dist-packages:/home/agx/cthree/slam/nav2fishbot/install/nav2_common/local/lib/python3.10/dist-packages:${PYTHONPATH} /usr/bin/cmake --build /home/agx/cthree/slam/nav2fishbot/build/nav2_util -- -j12 -l12
[4.516s] [  2%] [32mBuilding CXX object src/CMakeFiles/nav2_util_core.dir/node_utils.cpp.o[0m
[4.521s] [  5%] [32mBuilding CXX object src/CMakeFiles/nav2_util_core.dir/lifecycle_service_client.cpp.o[0m
[4.528s] [  7%] [32mBuilding CXX object gtest/CMakeFiles/gtest_main.dir/src/gtest_main.cc.o[0m
[4.541s] [ 10%] [32mBuilding CXX object src/CMakeFiles/nav2_util_core.dir/costmap.cpp.o[0m
[4.562s] [ 13%] [32mBuilding CXX object gtest/CMakeFiles/gtest.dir/src/gtest-all.cc.o[0m
[6.170s] [ 15%] [32m[1mLinking CXX static library libgtest_main.a[0m
[6.247s] [ 15%] Built target gtest_main
[9.873s] [ 18%] [32mBuilding CXX object src/CMakeFiles/nav2_util_core.dir/odometry_utils.cpp.o[0m
[9.873s] [ 21%] [32mBuilding CXX object src/CMakeFiles/nav2_util_core.dir/node_thread.cpp.o[0m
[10.355s] [ 26%] [32mBuilding CXX object src/CMakeFiles/nav2_util_core.dir/robot_utils.cpp.o[0m
[10.355s] [ 26%] [32mBuilding CXX object src/CMakeFiles/nav2_util_core.dir/lifecycle_node.cpp.o[0m
[14.419s] [ 28%] [32mBuilding CXX object src/CMakeFiles/nav2_util_core.dir/lifecycle_utils.cpp.o[0m
[14.447s] [ 31%] [32mBuilding CXX object src/CMakeFiles/nav2_util_core.dir/string_utils.cpp.o[0m
[18.923s] [ 34%] [32m[1mLinking CXX static library libgtest.a[0m
[18.987s] [ 34%] Built target gtest
[28.945s] [ 36%] [32m[1mLinking CXX shared library libnav2_util_core.so[0m
[29.257s] [ 36%] Built target nav2_util_core
[29.290s] [ 39%] [32mBuilding CXX object src/CMakeFiles/lifecycle_bringup.dir/lifecycle_bringup_commandline.cpp.o[0m
[29.299s] [ 42%] [32mBuilding CXX object test/CMakeFiles/test_service_client.dir/test_service_client.cpp.o[0m
[29.305s] [ 44%] [32mBuilding CXX object test/CMakeFiles/test_execution_timer.dir/test_execution_timer.cpp.o[0m
[29.329s] [ 47%] [32mBuilding CXX object test/CMakeFiles/test_node_utils.dir/test_node_utils.cpp.o[0m
[29.344s] [ 50%] [32mBuilding CXX object test/CMakeFiles/test_string_utils.dir/test_string_utils.cpp.o[0m
[31.820s] [ 52%] [32m[1mLinking CXX executable test_execution_timer[0m
[31.934s] [ 55%] [32m[1mLinking CXX executable test_string_utils[0m
[31.971s] [ 55%] Built target test_execution_timer
[32.003s] [ 63%] [32mBuilding CXX object test/CMakeFiles/test_geometry_utils.dir/test_geometry_utils.cpp.o[0m
[32.003s] [ 63%] [32mBuilding CXX object test/CMakeFiles/test_odometry_utils.dir/test_odometry_utils.cpp.o[0m
[32.004s] [ 63%] [32mBuilding CXX object test/CMakeFiles/test_robot_utils.dir/test_robot_utils.cpp.o[0m
[32.193s] [ 63%] Built target test_string_utils
[32.226s] [ 65%] [32mBuilding CXX object test/CMakeFiles/test_lifecycle_cli_node.dir/test_lifecycle_cli_node.cpp.o[0m
[34.964s] [ 68%] [32m[1mLinking CXX executable lifecycle_bringup[0m
[35.204s] [ 68%] Built target lifecycle_bringup
[35.237s] [ 76%] [32mBuilding CXX object test/CMakeFiles/test_actions.dir/test_actions.cpp.o[0m
[35.237s] [ 76%] [32mBuilding CXX object test/CMakeFiles/test_lifecycle_utils.dir/test_lifecycle_utils.cpp.o[0m
[35.237s] [ 76%] [32mBuilding CXX object test/CMakeFiles/test_lifecycle_node.dir/test_lifecycle_node.cpp.o[0m
[38.479s] [ 78%] [32m[1mLinking CXX executable test_node_utils[0m
[39.062s] [ 78%] Built target test_node_utils
[39.275s] [ 81%] [32m[1mLinking CXX executable test_geometry_utils[0m
[39.695s] [ 84%] [32m[1mLinking CXX executable test_robot_utils[0m
[39.840s] [ 84%] Built target test_geometry_utils
[40.427s] [ 84%] Built target test_robot_utils
[41.455s] [ 86%] [32m[1mLinking CXX executable test_lifecycle_cli_node[0m
[41.964s] [ 86%] Built target test_lifecycle_cli_node
[45.952s] [ 89%] [32m[1mLinking CXX executable test_lifecycle_node[0m
[46.183s] [ 92%] [32m[1mLinking CXX executable test_lifecycle_utils[0m
[46.301s] [ 92%] Built target test_lifecycle_node
[46.509s] [ 92%] Built target test_lifecycle_utils
[46.578s] [ 94%] [32m[1mLinking CXX executable test_odometry_utils[0m
[46.877s] [ 94%] Built target test_odometry_utils
[57.631s] [ 97%] [32m[1mLinking CXX executable test_service_client[0m
[58.119s] [ 97%] Built target test_service_client
[71.369s] [100%] [32m[1mLinking CXX executable test_actions[0m
[71.959s] [100%] Built target test_actions
[72.009s] Invoked command in '/home/agx/cthree/slam/nav2fishbot/build/nav2_util' returned '0': AMENT_PREFIX_PATH=/home/agx/cthree/slam/nav2fishbot/install/nav2_msgs:/home/agx/cthree/slam/nav2fishbot/install/nav2_common:${AMENT_PREFIX_PATH} CMAKE_PREFIX_PATH=/home/agx/cthree/slam/nav2fishbot/install/nav2_msgs:/home/agx/cthree/slam/nav2fishbot/install/nav2_common:/home/agx/cthree/slam/OVD-SLAM10/Examples/ros2/install/orbslam3:/home/agx/cthree/slam/cam_ws/install/realsense2_description:/home/agx/cthree/slam/cam_ws/install/realsense2_camera:/home/agx/cthree/slam/cam_ws/install/realsense2_camera_msgs:/opt/ros/humble LD_LIBRARY_PATH=/home/agx/cthree/slam/nav2fishbot/install/nav2_msgs/lib:/home/agx/cthree/slam/cam_ws/install/realsense2_camera/lib:/home/agx/cthree/slam/cam_ws/install/realsense2_camera_msgs/lib:/opt/ros/humble/opt/rviz_ogre_vendor/lib:/opt/ros/humble/lib/aarch64-linux-gnu:/opt/ros/humble/lib:/usr/local/lib PYTHONPATH=/home/agx/cthree/slam/nav2fishbot/install/nav2_msgs/local/lib/python3.10/dist-packages:/home/agx/cthree/slam/nav2fishbot/install/nav2_common/local/lib/python3.10/dist-packages:${PYTHONPATH} /usr/bin/cmake --build /home/agx/cthree/slam/nav2fishbot/build/nav2_util -- -j12 -l12
[72.024s] Invoking command in '/home/agx/cthree/slam/nav2fishbot/build/nav2_util': AMENT_PREFIX_PATH=/home/agx/cthree/slam/nav2fishbot/install/nav2_msgs:/home/agx/cthree/slam/nav2fishbot/install/nav2_common:${AMENT_PREFIX_PATH} CMAKE_PREFIX_PATH=/home/agx/cthree/slam/nav2fishbot/install/nav2_msgs:/home/agx/cthree/slam/nav2fishbot/install/nav2_common:/home/agx/cthree/slam/OVD-SLAM10/Examples/ros2/install/orbslam3:/home/agx/cthree/slam/cam_ws/install/realsense2_description:/home/agx/cthree/slam/cam_ws/install/realsense2_camera:/home/agx/cthree/slam/cam_ws/install/realsense2_camera_msgs:/opt/ros/humble LD_LIBRARY_PATH=/home/agx/cthree/slam/nav2fishbot/install/nav2_msgs/lib:/home/agx/cthree/slam/cam_ws/install/realsense2_camera/lib:/home/agx/cthree/slam/cam_ws/install/realsense2_camera_msgs/lib:/opt/ros/humble/opt/rviz_ogre_vendor/lib:/opt/ros/humble/lib/aarch64-linux-gnu:/opt/ros/humble/lib:/usr/local/lib PYTHONPATH=/home/agx/cthree/slam/nav2fishbot/install/nav2_msgs/local/lib/python3.10/dist-packages:/home/agx/cthree/slam/nav2fishbot/install/nav2_common/local/lib/python3.10/dist-packages:${PYTHONPATH} /usr/bin/cmake --install /home/agx/cthree/slam/nav2fishbot/build/nav2_util
[72.036s] -- Install configuration: "Release"
[72.037s] -- Installing: /home/agx/cthree/slam/nav2fishbot/install/nav2_util/include/
[72.037s] -- Installing: /home/agx/cthree/slam/nav2fishbot/install/nav2_util/include//nav2_util
[72.037s] -- Installing: /home/agx/cthree/slam/nav2fishbot/install/nav2_util/include//nav2_util/odometry_utils.hpp
[72.037s] -- Installing: /home/agx/cthree/slam/nav2fishbot/install/nav2_util/include//nav2_util/lifecycle_utils.hpp
[72.037s] -- Installing: /home/agx/cthree/slam/nav2fishbot/install/nav2_util/include//nav2_util/lifecycle_node.hpp
[72.038s] -- Installing: /home/agx/cthree/slam/nav2fishbot/install/nav2_util/include//nav2_util/service_client.hpp
[72.038s] -- Installing: /home/agx/cthree/slam/nav2fishbot/install/nav2_util/include//nav2_util/clear_entirely_costmap_service_client.hpp
[72.038s] -- Installing: /home/agx/cthree/slam/nav2fishbot/install/nav2_util/include//nav2_util/node_utils.hpp
[72.038s] -- Installing: /home/agx/cthree/slam/nav2fishbot/install/nav2_util/include//nav2_util/line_iterator.hpp
[72.038s] -- Installing: /home/agx/cthree/slam/nav2fishbot/install/nav2_util/include//nav2_util/node_thread.hpp
[72.038s] -- Installing: /home/agx/cthree/slam/nav2fishbot/install/nav2_util/include//nav2_util/lifecycle_service_client.hpp
[72.038s] -- Installing: /home/agx/cthree/slam/nav2fishbot/install/nav2_util/include//nav2_util/geometry_utils.hpp
[72.038s] -- Installing: /home/agx/cthree/slam/nav2fishbot/install/nav2_util/include//nav2_util/robot_utils.hpp
[72.038s] -- Installing: /home/agx/cthree/slam/nav2fishbot/install/nav2_util/include//nav2_util/string_utils.hpp
[72.039s] -- Installing: /home/agx/cthree/slam/nav2fishbot/install/nav2_util/include//nav2_util/occ_grid_values.hpp
[72.039s] -- Installing: /home/agx/cthree/slam/nav2fishbot/install/nav2_util/include//nav2_util/costmap.hpp
[72.039s] -- Installing: /home/agx/cthree/slam/nav2fishbot/install/nav2_util/include//nav2_util/simple_action_server.hpp
[72.039s] -- Installing: /home/agx/cthree/slam/nav2fishbot/install/nav2_util/include//nav2_util/execution_timer.hpp
[72.039s] -- Installing: /home/agx/cthree/slam/nav2fishbot/install/nav2_util/share/nav2_util/environment/library_path.sh
[72.052s] -- Installing: /home/agx/cthree/slam/nav2fishbot/install/nav2_util/share/nav2_util/environment/library_path.dsv
[72.052s] -- Installing: /home/agx/cthree/slam/nav2fishbot/install/nav2_util/share/ament_index/resource_index/package_run_dependencies/nav2_util
[72.065s] -- Installing: /home/agx/cthree/slam/nav2fishbot/install/nav2_util/share/ament_index/resource_index/parent_prefix_path/nav2_util
[72.065s] -- Installing: /home/agx/cthree/slam/nav2fishbot/install/nav2_util/share/nav2_util/environment/ament_prefix_path.sh
[72.065s] -- Installing: /home/agx/cthree/slam/nav2fishbot/install/nav2_util/share/nav2_util/environment/ament_prefix_path.dsv
[72.065s] -- Installing: /home/agx/cthree/slam/nav2fishbot/install/nav2_util/share/nav2_util/environment/path.sh
[72.065s] -- Installing: /home/agx/cthree/slam/nav2fishbot/install/nav2_util/share/nav2_util/environment/path.dsv
[72.066s] -- Installing: /home/agx/cthree/slam/nav2fishbot/install/nav2_util/share/nav2_util/local_setup.bash
[72.066s] -- Installing: /home/agx/cthree/slam/nav2fishbot/install/nav2_util/share/nav2_util/local_setup.sh
[72.066s] -- Installing: /home/agx/cthree/slam/nav2fishbot/install/nav2_util/share/nav2_util/local_setup.zsh
[72.066s] -- Installing: /home/agx/cthree/slam/nav2fishbot/install/nav2_util/share/nav2_util/local_setup.dsv
[72.066s] -- Installing: /home/agx/cthree/slam/nav2fishbot/install/nav2_util/share/nav2_util/package.dsv
[72.067s] -- Installing: /home/agx/cthree/slam/nav2fishbot/install/nav2_util/share/ament_index/resource_index/packages/nav2_util
[72.067s] -- Installing: /home/agx/cthree/slam/nav2fishbot/install/nav2_util/share/nav2_util/cmake/ament_cmake_export_include_directories-extras.cmake
[72.067s] -- Installing: /home/agx/cthree/slam/nav2fishbot/install/nav2_util/share/nav2_util/cmake/ament_cmake_export_libraries-extras.cmake
[72.067s] -- Installing: /home/agx/cthree/slam/nav2fishbot/install/nav2_util/share/nav2_util/cmake/ament_cmake_export_dependencies-extras.cmake
[72.067s] -- Installing: /home/agx/cthree/slam/nav2fishbot/install/nav2_util/share/nav2_util/cmake/nav2_utilConfig.cmake
[72.068s] -- Installing: /home/agx/cthree/slam/nav2fishbot/install/nav2_util/share/nav2_util/cmake/nav2_utilConfig-version.cmake
[72.068s] -- Installing: /home/agx/cthree/slam/nav2fishbot/install/nav2_util/share/nav2_util/package.xml
[72.068s] -- Installing: /home/agx/cthree/slam/nav2fishbot/install/nav2_util/lib/libnav2_util_core.so
[72.071s] -- Set runtime path of "/home/agx/cthree/slam/nav2fishbot/install/nav2_util/lib/libnav2_util_core.so" to ""
[72.071s] -- Installing: /home/agx/cthree/slam/nav2fishbot/install/nav2_util/lib/nav2_util/lifecycle_bringup
[72.072s] -- Set runtime path of "/home/agx/cthree/slam/nav2fishbot/install/nav2_util/lib/nav2_util/lifecycle_bringup" to ""
[72.077s] Invoked command in '/home/agx/cthree/slam/nav2fishbot/build/nav2_util' returned '0': AMENT_PREFIX_PATH=/home/agx/cthree/slam/nav2fishbot/install/nav2_msgs:/home/agx/cthree/slam/nav2fishbot/install/nav2_common:${AMENT_PREFIX_PATH} CMAKE_PREFIX_PATH=/home/agx/cthree/slam/nav2fishbot/install/nav2_msgs:/home/agx/cthree/slam/nav2fishbot/install/nav2_common:/home/agx/cthree/slam/OVD-SLAM10/Examples/ros2/install/orbslam3:/home/agx/cthree/slam/cam_ws/install/realsense2_description:/home/agx/cthree/slam/cam_ws/install/realsense2_camera:/home/agx/cthree/slam/cam_ws/install/realsense2_camera_msgs:/opt/ros/humble LD_LIBRARY_PATH=/home/agx/cthree/slam/nav2fishbot/install/nav2_msgs/lib:/home/agx/cthree/slam/cam_ws/install/realsense2_camera/lib:/home/agx/cthree/slam/cam_ws/install/realsense2_camera_msgs/lib:/opt/ros/humble/opt/rviz_ogre_vendor/lib:/opt/ros/humble/lib/aarch64-linux-gnu:/opt/ros/humble/lib:/usr/local/lib PYTHONPATH=/home/agx/cthree/slam/nav2fishbot/install/nav2_msgs/local/lib/python3.10/dist-packages:/home/agx/cthree/slam/nav2fishbot/install/nav2_common/local/lib/python3.10/dist-packages:${PYTHONPATH} /usr/bin/cmake --install /home/agx/cthree/slam/nav2fishbot/build/nav2_util
