[0.202s] Invoking command in '/home/agx/cthree/slam/nav2fishbot/build/nav2_amcl': AMENT_PREFIX_PATH=/home/agx/cthree/slam/nav2fishbot/install/nav2_util:/home/agx/cthree/slam/nav2fishbot/install/nav2_msgs:/home/agx/cthree/slam/nav2fishbot/install/nav2_common:${AMENT_PREFIX_PATH} CMAKE_PREFIX_PATH=/home/agx/cthree/slam/nav2fishbot/install/nav2_util:/home/agx/cthree/slam/nav2fishbot/install/nav2_msgs:/home/agx/cthree/slam/nav2fishbot/install/nav2_common:/home/agx/cthree/slam/OVD-SLAM10/Examples/ros2/install/orbslam3:/home/agx/cthree/slam/cam_ws/install/realsense2_description:/home/agx/cthree/slam/cam_ws/install/realsense2_camera:/home/agx/cthree/slam/cam_ws/install/realsense2_camera_msgs:/opt/ros/humble LD_LIBRARY_PATH=/home/agx/cthree/slam/nav2fishbot/install/nav2_util/lib:/home/agx/cthree/slam/nav2fishbot/install/nav2_msgs/lib:/home/agx/cthree/slam/cam_ws/install/realsense2_camera/lib:/home/agx/cthree/slam/cam_ws/install/realsense2_camera_msgs/lib:/opt/ros/humble/opt/rviz_ogre_vendor/lib:/opt/ros/humble/lib/aarch64-linux-gnu:/opt/ros/humble/lib:/usr/local/lib PYTHONPATH=/home/agx/cthree/slam/nav2fishbot/install/nav2_msgs/local/lib/python3.10/dist-packages:/home/agx/cthree/slam/nav2fishbot/install/nav2_common/local/lib/python3.10/dist-packages:${PYTHONPATH} /usr/bin/cmake /home/agx/cthree/slam/nav2fishbot/src/fishbot/src/navigation/nav2_amcl -DCMAKE_INSTALL_PREFIX=/home/agx/cthree/slam/nav2fishbot/install/nav2_amcl
[0.434s] -- The C compiler identification is GNU 9.5.0
[0.657s] -- The CXX compiler identification is GNU 9.5.0
[0.705s] -- Detecting C compiler ABI info
[1.032s] -- Detecting C compiler ABI info - done
[1.041s] -- Check for working C compiler: /usr/bin/cc - skipped
[1.041s] -- Detecting C compile features
[1.041s] -- Detecting C compile features - done
[1.063s] -- Detecting CXX compiler ABI info
[1.424s] -- Detecting CXX compiler ABI info - done
[1.434s] -- Check for working CXX compiler: /usr/bin/c++ - skipped
[1.434s] -- Detecting CXX compile features
[1.435s] -- Detecting CXX compile features - done
[1.454s] -- Found ament_cmake: 1.3.12 (/opt/ros/humble/share/ament_cmake/cmake)
[2.092s] -- Found Python3: /usr/bin/python3 (found version "3.10.12") found components: Interpreter 
[2.396s] -- Found nav2_common: 1.1.0 (/home/agx/cthree/slam/nav2fishbot/install/nav2_common/share/nav2_common/cmake)
[2.400s] -- Found rclcpp: 16.0.16 (/opt/ros/humble/share/rclcpp/cmake)
[2.560s] -- Found rosidl_generator_c: 3.1.7 (/opt/ros/humble/share/rosidl_generator_c/cmake)
[2.569s] -- Found rosidl_adapter: 3.1.7 (/opt/ros/humble/share/rosidl_adapter/cmake)
[2.600s] -- Found rosidl_generator_cpp: 3.1.7 (/opt/ros/humble/share/rosidl_generator_cpp/cmake)
[2.625s] -- Using all available rosidl_typesupport_c: rosidl_typesupport_fastrtps_c;rosidl_typesupport_introspection_c
[2.653s] -- Using all available rosidl_typesupport_cpp: rosidl_typesupport_fastrtps_cpp;rosidl_typesupport_introspection_cpp
[2.763s] -- Found rmw_implementation_cmake: 6.1.2 (/opt/ros/humble/share/rmw_implementation_cmake/cmake)
[2.784s] -- Found rmw_fastrtps_cpp: 6.2.9 (/opt/ros/humble/share/rmw_fastrtps_cpp/cmake)
[3.190s] -- Found OpenSSL: /usr/lib/aarch64-linux-gnu/libcrypto.so (found version "3.0.2")  
[3.265s] -- Found FastRTPS: /opt/ros/humble/include  
[3.430s] -- Using RMW implementation 'rmw_fastrtps_cpp' as default
[3.448s] -- Looking for pthread.h
[3.711s] -- Looking for pthread.h - found
[3.712s] -- Performing Test CMAKE_HAVE_LIBC_PTHREAD
[4.077s] -- Performing Test CMAKE_HAVE_LIBC_PTHREAD - Success
[4.078s] -- Found Threads: TRUE  
[4.255s] -- Found rclcpp_lifecycle: 16.0.16 (/opt/ros/humble/share/rclcpp_lifecycle/cmake)
[4.322s] -- Found rclcpp_components: 16.0.16 (/opt/ros/humble/share/rclcpp_components/cmake)
[4.417s] -- Found message_filters: 4.3.11 (/opt/ros/humble/share/message_filters/cmake)
[4.441s] -- Found tf2_geometry_msgs: 0.25.17 (/opt/ros/humble/share/tf2_geometry_msgs/cmake)
[4.490s] -- Found eigen3_cmake_module: 0.1.1 (/opt/ros/humble/share/eigen3_cmake_module/cmake)
[4.492s] -- Found Eigen3: TRUE (found version "3.4.0") 
[4.492s] -- Ensuring Eigen3 include directory is part of orocos-kdl CMake target
[4.609s] -- Found nav_msgs: 4.9.0 (/opt/ros/humble/share/nav_msgs/cmake)
[4.636s] -- Found sensor_msgs: 4.9.0 (/opt/ros/humble/share/sensor_msgs/cmake)
[4.664s] -- Found std_srvs: 4.9.0 (/opt/ros/humble/share/std_srvs/cmake)
[4.678s] -- Found nav2_util: 1.1.0 (/home/agx/cthree/slam/nav2fishbot/install/nav2_util/share/nav2_util/cmake)
[4.802s] -- Found pluginlib: 5.1.2 (/opt/ros/humble/share/pluginlib/cmake)
[4.868s] -- Setting build type to Release as none was specified.
[4.868s] -- Looking for drand48
[5.018s] -- Looking for drand48 - found
[5.202s] -- Found ament_lint_auto: 0.12.14 (/opt/ros/humble/share/ament_lint_auto/cmake)
[5.432s] -- Added test 'cppcheck' to perform static code analysis on C / C++ code
[5.433s] -- Configured cppcheck include dirs: /home/agx/cthree/slam/nav2fishbot/src/fishbot/src/navigation/nav2_amcl/include;/home/agx/cthree/slam/nav2fishbot/src/fishbot/src/navigation/nav2_amcl/src/include
[5.433s] -- Configured cppcheck exclude dirs and/or files: 
[5.436s] -- Added test 'lint_cmake' to check CMake code style
[5.441s] -- Added test 'uncrustify' to check C / C++ code style
[5.442s] -- Configured uncrustify additional arguments: 
[5.444s] -- Added test 'xmllint' to check XML markup files
[5.451s] -- Configuring done
[5.607s] -- Generating done
[5.640s] -- Build files have been written to: /home/agx/cthree/slam/nav2fishbot/build/nav2_amcl
[5.689s] Invoked command in '/home/agx/cthree/slam/nav2fishbot/build/nav2_amcl' returned '0': AMENT_PREFIX_PATH=/home/agx/cthree/slam/nav2fishbot/install/nav2_util:/home/agx/cthree/slam/nav2fishbot/install/nav2_msgs:/home/agx/cthree/slam/nav2fishbot/install/nav2_common:${AMENT_PREFIX_PATH} CMAKE_PREFIX_PATH=/home/agx/cthree/slam/nav2fishbot/install/nav2_util:/home/agx/cthree/slam/nav2fishbot/install/nav2_msgs:/home/agx/cthree/slam/nav2fishbot/install/nav2_common:/home/agx/cthree/slam/OVD-SLAM10/Examples/ros2/install/orbslam3:/home/agx/cthree/slam/cam_ws/install/realsense2_description:/home/agx/cthree/slam/cam_ws/install/realsense2_camera:/home/agx/cthree/slam/cam_ws/install/realsense2_camera_msgs:/opt/ros/humble LD_LIBRARY_PATH=/home/agx/cthree/slam/nav2fishbot/install/nav2_util/lib:/home/agx/cthree/slam/nav2fishbot/install/nav2_msgs/lib:/home/agx/cthree/slam/cam_ws/install/realsense2_camera/lib:/home/agx/cthree/slam/cam_ws/install/realsense2_camera_msgs/lib:/opt/ros/humble/opt/rviz_ogre_vendor/lib:/opt/ros/humble/lib/aarch64-linux-gnu:/opt/ros/humble/lib:/usr/local/lib PYTHONPATH=/home/agx/cthree/slam/nav2fishbot/install/nav2_msgs/local/lib/python3.10/dist-packages:/home/agx/cthree/slam/nav2fishbot/install/nav2_common/local/lib/python3.10/dist-packages:${PYTHONPATH} /usr/bin/cmake /home/agx/cthree/slam/nav2fishbot/src/fishbot/src/navigation/nav2_amcl -DCMAKE_INSTALL_PREFIX=/home/agx/cthree/slam/nav2fishbot/install/nav2_amcl
[5.691s] Invoking command in '/home/agx/cthree/slam/nav2fishbot/build/nav2_amcl': AMENT_PREFIX_PATH=/home/agx/cthree/slam/nav2fishbot/install/nav2_util:/home/agx/cthree/slam/nav2fishbot/install/nav2_msgs:/home/agx/cthree/slam/nav2fishbot/install/nav2_common:${AMENT_PREFIX_PATH} CMAKE_PREFIX_PATH=/home/agx/cthree/slam/nav2fishbot/install/nav2_util:/home/agx/cthree/slam/nav2fishbot/install/nav2_msgs:/home/agx/cthree/slam/nav2fishbot/install/nav2_common:/home/agx/cthree/slam/OVD-SLAM10/Examples/ros2/install/orbslam3:/home/agx/cthree/slam/cam_ws/install/realsense2_description:/home/agx/cthree/slam/cam_ws/install/realsense2_camera:/home/agx/cthree/slam/cam_ws/install/realsense2_camera_msgs:/opt/ros/humble LD_LIBRARY_PATH=/home/agx/cthree/slam/nav2fishbot/install/nav2_util/lib:/home/agx/cthree/slam/nav2fishbot/install/nav2_msgs/lib:/home/agx/cthree/slam/cam_ws/install/realsense2_camera/lib:/home/agx/cthree/slam/cam_ws/install/realsense2_camera_msgs/lib:/opt/ros/humble/opt/rviz_ogre_vendor/lib:/opt/ros/humble/lib/aarch64-linux-gnu:/opt/ros/humble/lib:/usr/local/lib PYTHONPATH=/home/agx/cthree/slam/nav2fishbot/install/nav2_msgs/local/lib/python3.10/dist-packages:/home/agx/cthree/slam/nav2fishbot/install/nav2_common/local/lib/python3.10/dist-packages:${PYTHONPATH} /usr/bin/cmake --build /home/agx/cthree/slam/nav2fishbot/build/nav2_amcl -- -j12 -l12
[5.781s] [  4%] [32mBuilding C object src/map/CMakeFiles/map_lib.dir/map.c.o[0m
[5.848s] [  8%] [32mBuilding CXX object src/map/CMakeFiles/map_lib.dir/map_cspace.cpp.o[0m
[6.454s] [ 12%] [32mBuilding C object src/map/CMakeFiles/map_lib.dir/map_draw.c.o[0m
[6.495s] [ 16%] [32mBuilding C object src/map/CMakeFiles/map_lib.dir/map_range.c.o[0m
[6.607s] [ 20%] [32m[1mLinking CXX shared library libmap_lib.so[0m
[6.752s] [ 20%] Built target map_lib
[6.788s] [ 25%] [32mBuilding C object src/pf/CMakeFiles/pf_lib.dir/pf.c.o[0m
[7.090s] [ 29%] [32mBuilding C object src/pf/CMakeFiles/pf_lib.dir/pf_draw.c.o[0m
[7.136s] [ 33%] [32mBuilding C object src/pf/CMakeFiles/pf_lib.dir/eig3.c.o[0m
[7.355s] [ 37%] [32mBuilding C object src/pf/CMakeFiles/pf_lib.dir/pf_vector.c.o[0m
[7.451s] [ 41%] [32mBuilding C object src/pf/CMakeFiles/pf_lib.dir/pf_pdf.c.o[0m
[7.546s] [ 45%] [32mBuilding C object src/pf/CMakeFiles/pf_lib.dir/pf_kdtree.c.o[0m
[7.705s] [ 50%] [32m[1mLinking C shared library libpf_lib.so[0m
[7.771s] [ 50%] Built target pf_lib
[7.807s] [ 54%] [32mBuilding CXX object src/sensors/CMakeFiles/sensors_lib.dir/laser/laser.cpp.o[0m
[8.277s] [ 58%] [32mBuilding CXX object src/sensors/CMakeFiles/sensors_lib.dir/laser/likelihood_field_model_prob.cpp.o[0m
[8.818s] [ 62%] [32mBuilding CXX object src/sensors/CMakeFiles/sensors_lib.dir/laser/likelihood_field_model.cpp.o[0m
[9.275s] [ 66%] [32mBuilding CXX object src/sensors/CMakeFiles/sensors_lib.dir/laser/beam_model.cpp.o[0m
[9.744s] [ 70%] [32m[1mLinking CXX shared library libsensors_lib.so[0m
[9.867s] [ 70%] Built target sensors_lib
[9.900s] [ 75%] [32mBuilding CXX object src/motion_model/CMakeFiles/motions_lib.dir/omni_motion_model.cpp.o[0m
[11.171s] [ 79%] [32mBuilding CXX object src/motion_model/CMakeFiles/motions_lib.dir/differential_motion_model.cpp.o[0m
[12.398s] [ 83%] [32m[1mLinking CXX shared library libmotions_lib.so[0m
[12.589s] [ 83%] Built target motions_lib
[12.620s] [ 87%] [32mBuilding CXX object CMakeFiles/amcl_core.dir/src/amcl_node.cpp.o[0m
[79.825s] [ 91%] [32m[1mLinking CXX shared library libamcl_core.so[0m
[80.433s] [ 91%] Built target amcl_core
[80.466s] [ 95%] [32mBuilding CXX object CMakeFiles/amcl.dir/src/main.cpp.o[0m
[93.678s] [100%] [32m[1mLinking CXX executable amcl[0m
[94.635s] [100%] Built target amcl
[94.671s] Invoked command in '/home/agx/cthree/slam/nav2fishbot/build/nav2_amcl' returned '0': AMENT_PREFIX_PATH=/home/agx/cthree/slam/nav2fishbot/install/nav2_util:/home/agx/cthree/slam/nav2fishbot/install/nav2_msgs:/home/agx/cthree/slam/nav2fishbot/install/nav2_common:${AMENT_PREFIX_PATH} CMAKE_PREFIX_PATH=/home/agx/cthree/slam/nav2fishbot/install/nav2_util:/home/agx/cthree/slam/nav2fishbot/install/nav2_msgs:/home/agx/cthree/slam/nav2fishbot/install/nav2_common:/home/agx/cthree/slam/OVD-SLAM10/Examples/ros2/install/orbslam3:/home/agx/cthree/slam/cam_ws/install/realsense2_description:/home/agx/cthree/slam/cam_ws/install/realsense2_camera:/home/agx/cthree/slam/cam_ws/install/realsense2_camera_msgs:/opt/ros/humble LD_LIBRARY_PATH=/home/agx/cthree/slam/nav2fishbot/install/nav2_util/lib:/home/agx/cthree/slam/nav2fishbot/install/nav2_msgs/lib:/home/agx/cthree/slam/cam_ws/install/realsense2_camera/lib:/home/agx/cthree/slam/cam_ws/install/realsense2_camera_msgs/lib:/opt/ros/humble/opt/rviz_ogre_vendor/lib:/opt/ros/humble/lib/aarch64-linux-gnu:/opt/ros/humble/lib:/usr/local/lib PYTHONPATH=/home/agx/cthree/slam/nav2fishbot/install/nav2_msgs/local/lib/python3.10/dist-packages:/home/agx/cthree/slam/nav2fishbot/install/nav2_common/local/lib/python3.10/dist-packages:${PYTHONPATH} /usr/bin/cmake --build /home/agx/cthree/slam/nav2fishbot/build/nav2_amcl -- -j12 -l12
[94.680s] Invoking command in '/home/agx/cthree/slam/nav2fishbot/build/nav2_amcl': AMENT_PREFIX_PATH=/home/agx/cthree/slam/nav2fishbot/install/nav2_util:/home/agx/cthree/slam/nav2fishbot/install/nav2_msgs:/home/agx/cthree/slam/nav2fishbot/install/nav2_common:${AMENT_PREFIX_PATH} CMAKE_PREFIX_PATH=/home/agx/cthree/slam/nav2fishbot/install/nav2_util:/home/agx/cthree/slam/nav2fishbot/install/nav2_msgs:/home/agx/cthree/slam/nav2fishbot/install/nav2_common:/home/agx/cthree/slam/OVD-SLAM10/Examples/ros2/install/orbslam3:/home/agx/cthree/slam/cam_ws/install/realsense2_description:/home/agx/cthree/slam/cam_ws/install/realsense2_camera:/home/agx/cthree/slam/cam_ws/install/realsense2_camera_msgs:/opt/ros/humble LD_LIBRARY_PATH=/home/agx/cthree/slam/nav2fishbot/install/nav2_util/lib:/home/agx/cthree/slam/nav2fishbot/install/nav2_msgs/lib:/home/agx/cthree/slam/cam_ws/install/realsense2_camera/lib:/home/agx/cthree/slam/cam_ws/install/realsense2_camera_msgs/lib:/opt/ros/humble/opt/rviz_ogre_vendor/lib:/opt/ros/humble/lib/aarch64-linux-gnu:/opt/ros/humble/lib:/usr/local/lib PYTHONPATH=/home/agx/cthree/slam/nav2fishbot/install/nav2_msgs/local/lib/python3.10/dist-packages:/home/agx/cthree/slam/nav2fishbot/install/nav2_common/local/lib/python3.10/dist-packages:${PYTHONPATH} /usr/bin/cmake --install /home/agx/cthree/slam/nav2fishbot/build/nav2_amcl
[94.700s] -- Install configuration: "Release"
[94.700s] -- Installing: /home/agx/cthree/slam/nav2fishbot/install/nav2_amcl/lib/libamcl_core.so
[94.721s] -- Set runtime path of "/home/agx/cthree/slam/nav2fishbot/install/nav2_amcl/lib/libamcl_core.so" to ""
[94.721s] -- Installing: /home/agx/cthree/slam/nav2fishbot/install/nav2_amcl/lib/nav2_amcl/amcl
[94.722s] -- Set runtime path of "/home/agx/cthree/slam/nav2fishbot/install/nav2_amcl/lib/nav2_amcl/amcl" to ""
[94.722s] -- Installing: /home/agx/cthree/slam/nav2fishbot/install/nav2_amcl/include/
[94.722s] -- Installing: /home/agx/cthree/slam/nav2fishbot/install/nav2_amcl/include//nav2_amcl
[94.722s] -- Installing: /home/agx/cthree/slam/nav2fishbot/install/nav2_amcl/include//nav2_amcl/map
[94.723s] -- Installing: /home/agx/cthree/slam/nav2fishbot/install/nav2_amcl/include//nav2_amcl/map/map.hpp
[94.723s] -- Installing: /home/agx/cthree/slam/nav2fishbot/install/nav2_amcl/include//nav2_amcl/pf
[94.723s] -- Installing: /home/agx/cthree/slam/nav2fishbot/install/nav2_amcl/include//nav2_amcl/pf/pf_pdf.hpp
[94.724s] -- Installing: /home/agx/cthree/slam/nav2fishbot/install/nav2_amcl/include//nav2_amcl/pf/pf_kdtree.hpp
[94.724s] -- Installing: /home/agx/cthree/slam/nav2fishbot/install/nav2_amcl/include//nav2_amcl/pf/pf.hpp
[94.724s] -- Installing: /home/agx/cthree/slam/nav2fishbot/install/nav2_amcl/include//nav2_amcl/pf/pf_vector.hpp
[94.724s] -- Installing: /home/agx/cthree/slam/nav2fishbot/install/nav2_amcl/include//nav2_amcl/pf/eig3.hpp
[94.725s] -- Installing: /home/agx/cthree/slam/nav2fishbot/install/nav2_amcl/include//nav2_amcl/sensors
[94.725s] -- Installing: /home/agx/cthree/slam/nav2fishbot/install/nav2_amcl/include//nav2_amcl/sensors/laser
[94.725s] -- Installing: /home/agx/cthree/slam/nav2fishbot/install/nav2_amcl/include//nav2_amcl/sensors/laser/laser.hpp
[94.725s] -- Installing: /home/agx/cthree/slam/nav2fishbot/install/nav2_amcl/include//nav2_amcl/amcl_node.hpp
[94.726s] -- Installing: /home/agx/cthree/slam/nav2fishbot/install/nav2_amcl/include//nav2_amcl/motion_model
[94.726s] -- Installing: /home/agx/cthree/slam/nav2fishbot/install/nav2_amcl/include//nav2_amcl/motion_model/differential_motion_model.hpp
[94.726s] -- Installing: /home/agx/cthree/slam/nav2fishbot/install/nav2_amcl/include//nav2_amcl/motion_model/omni_motion_model.hpp
[94.726s] -- Installing: /home/agx/cthree/slam/nav2fishbot/install/nav2_amcl/include//nav2_amcl/motion_model/motion_model.hpp
[94.727s] -- Installing: /home/agx/cthree/slam/nav2fishbot/install/nav2_amcl/include//nav2_amcl/portable_utils.hpp
[94.727s] -- Installing: /home/agx/cthree/slam/nav2fishbot/install/nav2_amcl/include//nav2_amcl/angleutils.hpp
[94.728s] -- Installing: /home/agx/cthree/slam/nav2fishbot/install/nav2_amcl/share/nav2_amcl/environment/library_path.sh
[94.728s] -- Installing: /home/agx/cthree/slam/nav2fishbot/install/nav2_amcl/share/nav2_amcl/environment/library_path.dsv
[94.728s] -- Installing: /home/agx/cthree/slam/nav2fishbot/install/nav2_amcl/share/nav2_amcl/plugins.xml
[94.741s] -- Installing: /home/agx/cthree/slam/nav2fishbot/install/nav2_amcl/share/ament_index/resource_index/package_run_dependencies/nav2_amcl
[94.741s] -- Installing: /home/agx/cthree/slam/nav2fishbot/install/nav2_amcl/share/ament_index/resource_index/parent_prefix_path/nav2_amcl
[94.741s] -- Installing: /home/agx/cthree/slam/nav2fishbot/install/nav2_amcl/share/nav2_amcl/environment/ament_prefix_path.sh
[94.742s] -- Installing: /home/agx/cthree/slam/nav2fishbot/install/nav2_amcl/share/nav2_amcl/environment/ament_prefix_path.dsv
[94.742s] -- Installing: /home/agx/cthree/slam/nav2fishbot/install/nav2_amcl/share/nav2_amcl/environment/path.sh
[94.742s] -- Installing: /home/agx/cthree/slam/nav2fishbot/install/nav2_amcl/share/nav2_amcl/environment/path.dsv
[94.743s] -- Installing: /home/agx/cthree/slam/nav2fishbot/install/nav2_amcl/share/nav2_amcl/local_setup.bash
[94.743s] -- Installing: /home/agx/cthree/slam/nav2fishbot/install/nav2_amcl/share/nav2_amcl/local_setup.sh
[94.743s] -- Installing: /home/agx/cthree/slam/nav2fishbot/install/nav2_amcl/share/nav2_amcl/local_setup.zsh
[94.744s] -- Installing: /home/agx/cthree/slam/nav2fishbot/install/nav2_amcl/share/nav2_amcl/local_setup.dsv
[94.744s] -- Installing: /home/agx/cthree/slam/nav2fishbot/install/nav2_amcl/share/nav2_amcl/package.dsv
[94.745s] -- Installing: /home/agx/cthree/slam/nav2fishbot/install/nav2_amcl/share/ament_index/resource_index/packages/nav2_amcl
[94.745s] -- Installing: /home/agx/cthree/slam/nav2fishbot/install/nav2_amcl/share/ament_index/resource_index/nav2_amcl__pluginlib__plugin/nav2_amcl
[94.745s] -- Installing: /home/agx/cthree/slam/nav2fishbot/install/nav2_amcl/share/ament_index/resource_index/rclcpp_components/nav2_amcl
[94.747s] -- Installing: /home/agx/cthree/slam/nav2fishbot/install/nav2_amcl/share/nav2_amcl/cmake/ament_cmake_export_include_directories-extras.cmake
[94.747s] -- Installing: /home/agx/cthree/slam/nav2fishbot/install/nav2_amcl/share/nav2_amcl/cmake/ament_cmake_export_libraries-extras.cmake
[94.747s] -- Installing: /home/agx/cthree/slam/nav2fishbot/install/nav2_amcl/share/nav2_amcl/cmake/ament_cmake_export_dependencies-extras.cmake
[94.747s] -- Installing: /home/agx/cthree/slam/nav2fishbot/install/nav2_amcl/share/nav2_amcl/cmake/nav2_amclConfig.cmake
[94.748s] -- Installing: /home/agx/cthree/slam/nav2fishbot/install/nav2_amcl/share/nav2_amcl/cmake/nav2_amclConfig-version.cmake
[94.748s] -- Installing: /home/agx/cthree/slam/nav2fishbot/install/nav2_amcl/share/nav2_amcl/package.xml
[94.748s] -- Installing: /home/agx/cthree/slam/nav2fishbot/install/nav2_amcl/lib/libpf_lib.so
[94.749s] -- Installing: /home/agx/cthree/slam/nav2fishbot/install/nav2_amcl/lib/libmap_lib.so
[94.750s] -- Installing: /home/agx/cthree/slam/nav2fishbot/install/nav2_amcl/lib/libmotions_lib.so
[94.750s] -- Set runtime path of "/home/agx/cthree/slam/nav2fishbot/install/nav2_amcl/lib/libmotions_lib.so" to ""
[94.751s] -- Installing: /home/agx/cthree/slam/nav2fishbot/install/nav2_amcl/lib/libsensors_lib.so
[94.751s] -- Set runtime path of "/home/agx/cthree/slam/nav2fishbot/install/nav2_amcl/lib/libsensors_lib.so" to ""
[94.764s] Invoked command in '/home/agx/cthree/slam/nav2fishbot/build/nav2_amcl' returned '0': AMENT_PREFIX_PATH=/home/agx/cthree/slam/nav2fishbot/install/nav2_util:/home/agx/cthree/slam/nav2fishbot/install/nav2_msgs:/home/agx/cthree/slam/nav2fishbot/install/nav2_common:${AMENT_PREFIX_PATH} CMAKE_PREFIX_PATH=/home/agx/cthree/slam/nav2fishbot/install/nav2_util:/home/agx/cthree/slam/nav2fishbot/install/nav2_msgs:/home/agx/cthree/slam/nav2fishbot/install/nav2_common:/home/agx/cthree/slam/OVD-SLAM10/Examples/ros2/install/orbslam3:/home/agx/cthree/slam/cam_ws/install/realsense2_description:/home/agx/cthree/slam/cam_ws/install/realsense2_camera:/home/agx/cthree/slam/cam_ws/install/realsense2_camera_msgs:/opt/ros/humble LD_LIBRARY_PATH=/home/agx/cthree/slam/nav2fishbot/install/nav2_util/lib:/home/agx/cthree/slam/nav2fishbot/install/nav2_msgs/lib:/home/agx/cthree/slam/cam_ws/install/realsense2_camera/lib:/home/agx/cthree/slam/cam_ws/install/realsense2_camera_msgs/lib:/opt/ros/humble/opt/rviz_ogre_vendor/lib:/opt/ros/humble/lib/aarch64-linux-gnu:/opt/ros/humble/lib:/usr/local/lib PYTHONPATH=/home/agx/cthree/slam/nav2fishbot/install/nav2_msgs/local/lib/python3.10/dist-packages:/home/agx/cthree/slam/nav2fishbot/install/nav2_common/local/lib/python3.10/dist-packages:${PYTHONPATH} /usr/bin/cmake --install /home/agx/cthree/slam/nav2fishbot/build/nav2_amcl
