[0.025s] Invoking command in '/home/agx/cthree/slam/nav2fishbot/build/cartographer': CMAKE_PREFIX_PATH=${CMAKE_PREFIX_PATH}:/opt/ros/humble /usr/bin/cmake /home/agx/cthree/slam/nav2fishbot/src/fishbot/src/cartographer_code/cartographer -DCMAKE_INSTALL_PREFIX=/home/agx/cthree/slam/nav2fishbot/install/cartographer
[0.101s] -- The C compiler identification is GNU 9.5.0
[0.179s] -- The CXX compiler identification is GNU 9.5.0
[0.194s] -- Detecting C compiler ABI info
[0.299s] -- Detecting C compiler ABI info - done
[0.315s] -- Check for working C compiler: /usr/bin/cc - skipped
[0.316s] -- Detecting C compile features
[0.316s] -- Detecting C compile features - done
[0.322s] -- Detecting CXX compiler ABI info
[0.432s] -- Detecting CXX compiler ABI info - done
[0.441s] -- Check for working CXX compiler: /usr/bin/c++ - skipped
[0.442s] -- Detecting CXX compile features
[0.442s] -- Detecting CXX compile features - done
[0.443s] -- Build type: Release
[0.460s] Files /home/agx/cthree/slam/nav2fishbot/build/cartographer/AllFiles.cmake and - differ
[0.806s] -- Found Python: /usr/bin/python3.10 (found version "3.10.12") found components: Interpreter 
[0.810s] -- Looking for pthread.h
[0.918s] -- Looking for pthread.h - found
[0.918s] -- Performing Test CMAKE_HAVE_LIBC_PTHREAD
[1.024s] -- Performing Test CMAKE_HAVE_LIBC_PTHREAD - Success
[1.025s] -- Found Threads: TRUE  
[1.032s] -- Found GMock: gmock_main  
[1.059s] -- Found Boost: /usr/lib/aarch64-linux-gnu/cmake/Boost-1.74.0/BoostConfig.cmake (found version "1.74.0") found components: iostreams 
[1.076s] -- Found required Ceres dependency: Eigen version 3.4.0 in /usr/include/eigen3
[1.084s] -- Found required Ceres dependency: glog
[1.085s] -- Found required Ceres dependency: gflags
[1.085s] -- Found Ceres version: 2.0.0 installed in: /usr with components: [EigenSparse, SparseLinearAlgebraLibrary, LAPACK, SuiteSparse, CXSparse, SchurSpecializations, Multithreading]
[1.099s] -- Found Lua: /usr/lib/aarch64-linux-gnu/liblua5.2.so;/usr/lib/aarch64-linux-gnu/libm.so (found version "5.2.4") 
[1.122s] -- Found Protobuf: /usr/lib/aarch64-linux-gnu/libprotobuf.so (found suitable version "3.12.4", minimum required is "3.0.0") 
[1.128s] -- Found PkgConfig: /usr/bin/pkg-config (found version "0.29.2") 
[1.128s] -- Checking for one of the modules 'cairo>=1.12.16'
[1.216s] -- Found Sphinx: /usr/bin/sphinx-build  
[1.291s] -- Configuring done
[1.664s] -- Generating done
[1.786s] -- Build files have been written to: /home/agx/cthree/slam/nav2fishbot/build/cartographer
[1.815s] Invoked command in '/home/agx/cthree/slam/nav2fishbot/build/cartographer' returned '0': CMAKE_PREFIX_PATH=${CMAKE_PREFIX_PATH}:/opt/ros/humble /usr/bin/cmake /home/agx/cthree/slam/nav2fishbot/src/fishbot/src/cartographer_code/cartographer -DCMAKE_INSTALL_PREFIX=/home/agx/cthree/slam/nav2fishbot/install/cartographer
[1.818s] Invoking command in '/home/agx/cthree/slam/nav2fishbot/build/cartographer': CMAKE_PREFIX_PATH=${CMAKE_PREFIX_PATH}:/opt/ros/humble /usr/bin/cmake --build /home/agx/cthree/slam/nav2fishbot/build/cartographer -- -j12 -l12
[1.909s] [  0%] [34m[1mRunning C++ protocol buffer compiler on /home/agx/cthree/slam/nav2fishbot/src/fishbot/src/cartographer_code/cartographer/cartographer/transform/proto/transform.proto[0m
[1.909s] [  0%] [34m[1mRunning C++ protocol buffer compiler on /home/agx/cthree/slam/nav2fishbot/src/fishbot/src/cartographer_code/cartographer/cartographer/ground_truth/proto/relations.proto[0m
[1.910s] [  0%] [34m[1mRunning C++ protocol buffer compiler on /home/agx/cthree/slam/nav2fishbot/src/fishbot/src/cartographer_code/cartographer/cartographer/common/proto/ceres_solver_options.proto[0m
[1.910s] [  0%] [34m[1mRunning C++ protocol buffer compiler on /home/agx/cthree/slam/nav2fishbot/src/fishbot/src/cartographer_code/cartographer/cartographer/mapping/proto/connected_components.proto[0m
[1.916s] [  2%] [34m[1mRunning C++ protocol buffer compiler on /home/agx/cthree/slam/nav2fishbot/src/fishbot/src/cartographer_code/cartographer/cartographer/mapping/proto/cell_limits_2d.proto[0m
[1.916s] [  2%] [32mBuilding CXX object googletest/CMakeFiles/gtest.dir/src/gtest-all.cc.o[0m
[1.919s] [  2%] [34m[1mRunning C++ protocol buffer compiler on /home/agx/cthree/slam/nav2fishbot/src/fishbot/src/cartographer_code/cartographer/cartographer/mapping/proto/grid_2d.proto[0m
[1.921s] [  2%] [34m[1mBuilding documentation.[0m
[1.922s] [  2%] [34m[1mRunning C++ protocol buffer compiler on /home/agx/cthree/slam/nav2fishbot/src/fishbot/src/cartographer_code/cartographer/cartographer/mapping/proto/grid_2d_options.proto[0m
[1.922s] [  3%] [34m[1mRunning C++ protocol buffer compiler on /home/agx/cthree/slam/nav2fishbot/src/fishbot/src/cartographer_code/cartographer/cartographer/mapping/proto/hybrid_grid.proto[0m
[1.940s] [  3%] [34m[1mRunning C++ protocol buffer compiler on /home/agx/cthree/slam/nav2fishbot/src/fishbot/src/cartographer_code/cartographer/cartographer/mapping/proto/local_trajectory_builder_options_2d.proto[0m
[1.947s] [  3%] [34m[1mRunning C++ protocol buffer compiler on /home/agx/cthree/slam/nav2fishbot/src/fishbot/src/cartographer_code/cartographer/cartographer/mapping/proto/map_builder_options.proto[0m
[1.949s] [  3%] [34m[1mRunning C++ protocol buffer compiler on /home/agx/cthree/slam/nav2fishbot/src/fishbot/src/cartographer_code/cartographer/cartographer/mapping/proto/motion_filter_options.proto[0m
[1.949s] [  4%] [34m[1mRunning C++ protocol buffer compiler on /home/agx/cthree/slam/nav2fishbot/src/fishbot/src/cartographer_code/cartographer/cartographer/mapping/proto/map_limits.proto[0m
[1.954s] [  4%] Built target cartographer_detect_changes
[1.954s] [  4%] [34m[1mRunning C++ protocol buffer compiler on /home/agx/cthree/slam/nav2fishbot/src/fishbot/src/cartographer_code/cartographer/cartographer/mapping/proto/local_trajectory_builder_options_3d.proto[0m
[1.954s] [  4%] [34m[1mRunning C++ protocol buffer compiler on /home/agx/cthree/slam/nav2fishbot/src/fishbot/src/cartographer_code/cartographer/cartographer/mapping/proto/normal_estimation_options_2d.proto[0m
[1.961s] [  4%] [34m[1mRunning C++ protocol buffer compiler on /home/agx/cthree/slam/nav2fishbot/src/fishbot/src/cartographer_code/cartographer/cartographer/mapping/proto/pose_extrapolator_options.proto[0m
[1.976s] [  5%] [34m[1mRunning C++ protocol buffer compiler on /home/agx/cthree/slam/nav2fishbot/src/fishbot/src/cartographer_code/cartographer/cartographer/mapping/proto/pose_graph/constraint_builder_options.proto[0m
[1.976s] [  5%] [34m[1mRunning C++ protocol buffer compiler on /home/agx/cthree/slam/nav2fishbot/src/fishbot/src/cartographer_code/cartographer/cartographer/mapping/proto/pose_graph.proto[0m
[1.976s] [  5%] [34m[1mRunning C++ protocol buffer compiler on /home/agx/cthree/slam/nav2fishbot/src/fishbot/src/cartographer_code/cartographer/cartographer/mapping/proto/pose_graph/optimization_problem_options.proto[0m
[1.984s] [  5%] [34m[1mRunning C++ protocol buffer compiler on /home/agx/cthree/slam/nav2fishbot/src/fishbot/src/cartographer_code/cartographer/cartographer/mapping/proto/range_data_inserter_options.proto[0m
[1.986s] [  5%] [34m[1mRunning C++ protocol buffer compiler on /home/agx/cthree/slam/nav2fishbot/src/fishbot/src/cartographer_code/cartographer/cartographer/mapping/proto/pose_graph_options.proto[0m
[1.986s] [  5%] [34m[1mRunning C++ protocol buffer compiler on /home/agx/cthree/slam/nav2fishbot/src/fishbot/src/cartographer_code/cartographer/cartographer/mapping/proto/range_data_inserter_options_3d.proto[0m
[1.987s] [  6%] [34m[1mRunning C++ protocol buffer compiler on /home/agx/cthree/slam/nav2fishbot/src/fishbot/src/cartographer_code/cartographer/cartographer/mapping/proto/scan_matching/ceres_scan_matcher_options_2d.proto[0m
[1.994s] [  7%] [34m[1mRunning C++ protocol buffer compiler on /home/agx/cthree/slam/nav2fishbot/src/fishbot/src/cartographer_code/cartographer/cartographer/mapping/proto/probability_grid.proto[0m
[1.997s] [  7%] [34m[1mRunning C++ protocol buffer compiler on /home/agx/cthree/slam/nav2fishbot/src/fishbot/src/cartographer_code/cartographer/cartographer/mapping/proto/probability_grid_range_data_inserter_options_2d.proto[0m
[2.011s] [  7%] [34m[1mRunning C++ protocol buffer compiler on /home/agx/cthree/slam/nav2fishbot/src/fishbot/src/cartographer_code/cartographer/cartographer/mapping/proto/scan_matching/ceres_scan_matcher_options_3d.proto[0m
[2.011s] [  7%] [34m[1mRunning C++ protocol buffer compiler on /home/agx/cthree/slam/nav2fishbot/src/fishbot/src/cartographer_code/cartographer/cartographer/mapping/proto/scan_matching/fast_correlative_scan_matcher_options_2d.proto[0m
[2.013s] [  7%] [34m[1mRunning C++ protocol buffer compiler on /home/agx/cthree/slam/nav2fishbot/src/fishbot/src/cartographer_code/cartographer/cartographer/mapping/proto/scan_matching/fast_correlative_scan_matcher_options_3d.proto[0m
[2.014s] [  8%] [34m[1mRunning C++ protocol buffer compiler on /home/agx/cthree/slam/nav2fishbot/src/fishbot/src/cartographer_code/cartographer/cartographer/mapping/proto/scan_matching/real_time_correlative_scan_matcher_options.proto[0m
[2.016s] [  8%] [34m[1mRunning C++ protocol buffer compiler on /home/agx/cthree/slam/nav2fishbot/src/fishbot/src/cartographer_code/cartographer/cartographer/mapping/proto/submap.proto[0m
[2.018s] [  8%] [34m[1mRunning C++ protocol buffer compiler on /home/agx/cthree/slam/nav2fishbot/src/fishbot/src/cartographer_code/cartographer/cartographer/mapping/proto/submap_visualization.proto[0m
[2.026s] [  8%] [34m[1mRunning C++ protocol buffer compiler on /home/agx/cthree/slam/nav2fishbot/src/fishbot/src/cartographer_code/cartographer/cartographer/mapping/proto/serialization.proto[0m
[2.028s] [  8%] [34m[1mRunning C++ protocol buffer compiler on /home/agx/cthree/slam/nav2fishbot/src/fishbot/src/cartographer_code/cartographer/cartographer/mapping/proto/submaps_options_3d.proto[0m
[2.028s] [  8%] [34m[1mRunning C++ protocol buffer compiler on /home/agx/cthree/slam/nav2fishbot/src/fishbot/src/cartographer_code/cartographer/cartographer/mapping/proto/trajectory.proto[0m
[2.037s] [  9%] [34m[1mRunning C++ protocol buffer compiler on /home/agx/cthree/slam/nav2fishbot/src/fishbot/src/cartographer_code/cartographer/cartographer/mapping/proto/submaps_options_2d.proto[0m
[2.042s] [ 10%] [34m[1mRunning C++ protocol buffer compiler on /home/agx/cthree/slam/nav2fishbot/src/fishbot/src/cartographer_code/cartographer/cartographer/mapping/proto/trajectory_builder_options.proto[0m
[2.048s] [ 10%] [34m[1mRunning C++ protocol buffer compiler on /home/agx/cthree/slam/nav2fishbot/src/fishbot/src/cartographer_code/cartographer/cartographer/mapping/proto/trajectory_node_data.proto[0m
[2.053s] [ 10%] [34m[1mRunning C++ protocol buffer compiler on /home/agx/cthree/slam/nav2fishbot/src/fishbot/src/cartographer_code/cartographer/cartographer/mapping/proto/tsdf_2d.proto[0m
[2.058s] [ 10%] [34m[1mRunning C++ protocol buffer compiler on /home/agx/cthree/slam/nav2fishbot/src/fishbot/src/cartographer_code/cartographer/cartographer/mapping/proto/tsdf_range_data_inserter_options_2d.proto[0m
[2.059s] [ 11%] [34m[1mRunning C++ protocol buffer compiler on /home/agx/cthree/slam/nav2fishbot/src/fishbot/src/cartographer_code/cartographer/cartographer/sensor/proto/adaptive_voxel_filter_options.proto[0m
[2.071s] [ 11%] [34m[1mRunning C++ protocol buffer compiler on /home/agx/cthree/slam/nav2fishbot/src/fishbot/src/cartographer_code/cartographer/cartographer/sensor/proto/sensor.proto[0m
[2.071s] [ 11%] [34m[1mRunning C++ protocol buffer compiler on /home/agx/cthree/slam/nav2fishbot/src/fishbot/src/cartographer_code/cartographer/cartographer/transform/proto/timestamped_transform.proto[0m
[2.224s] [ 11%] [32mBuilding CXX object CMakeFiles/cartographer.dir/cartographer/common/internal/ceres_solver_options.cc.o[0m
[2.226s] [ 12%] [32mBuilding CXX object CMakeFiles/cartographer.dir/cartographer/common/internal/testing/thread_pool_for_testing.cc.o[0m
[2.226s] [ 13%] [32mBuilding CXX object CMakeFiles/cartographer.dir/cartographer/common/configuration_file_resolver.cc.o[0m
[2.228s] [ 13%] [32mBuilding CXX object CMakeFiles/cartographer.dir/cartographer/common/histogram.cc.o[0m
[2.229s] [ 13%] [32mBuilding CXX object CMakeFiles/cartographer.dir/cartographer/common/fixed_ratio_sampler.cc.o[0m
[2.238s] [ 14%] [32mBuilding CXX object CMakeFiles/cartographer.dir/cartographer/common/lua_parameter_dictionary.cc.o[0m
[2.238s] [ 14%] [32mBuilding CXX object CMakeFiles/cartographer.dir/cartographer/common/thread_pool.cc.o[0m
[2.238s] [ 14%] [32mBuilding CXX object CMakeFiles/cartographer.dir/cartographer/common/task.cc.o[0m
[2.238s] [ 14%] [32mBuilding CXX object CMakeFiles/cartographer.dir/cartographer/common/time.cc.o[0m
[2.253s] [ 14%] [32mBuilding CXX object CMakeFiles/cartographer.dir/cartographer/ground_truth/autogenerate_ground_truth.cc.o[0m
[2.820s] [01mRunning Sphinx v4.3.2[39;49;00m
[3.110s] [01mmaking output directory... [39;49;00mdone
[3.118s] [01mbuilding [mo]: [39;49;00mtargets for 0 po files that are out of date
[3.119s] [01mbuilding [html]: [39;49;00mtargets for 6 source files that are out of date
[3.120s] [01mupdating environment: [39;49;00m[new config] 6 added, 0 changed, 0 removed
[3.288s] [01mreading sources... [39;49;00m[ 16%] [35mconfiguration[39;49;00m                                        
[3.315s] [01mreading sources... [39;49;00m[ 33%] [35mcost_functions[39;49;00m                                       
[3.349s] [01mreading sources... [39;49;00m[ 50%] [35mevaluation[39;49;00m                                           
[3.388s] [01mreading sources... [39;49;00m[ 66%] [35mindex[39;49;00m                                                
[3.402s] [01mreading sources... [39;49;00m[ 83%] [35mpbstream_migration[39;49;00m                                   
[3.422s] [01mreading sources... [39;49;00m[100%] [35mterminology[39;49;00m                                          
[3.422s] 
[3.426s] [01mlooking for now-outdated files... [39;49;00mnone found
[3.428s] [01mpickling environment... [39;49;00mdone
[3.429s] [01mchecking consistency... [39;49;00mdone
[3.432s] [01mpreparing documents... [39;49;00mdone
[3.613s] [01mwriting output... [39;49;00m[ 16%] [32mconfiguration[39;49;00m                                         
[3.719s] [01mwriting output... [39;49;00m[ 33%] [32mcost_functions[39;49;00m                                        
[3.790s] [01mwriting output... [39;49;00m[ 50%] [32mevaluation[39;49;00m                                            
[3.826s] [01mwriting output... [39;49;00m[ 66%] [32mindex[39;49;00m                                                 
[3.940s] [01mwriting output... [39;49;00m[ 83%] [32mpbstream_migration[39;49;00m                                    
[3.964s] [01mwriting output... [39;49;00m[100%] [32mterminology[39;49;00m                                           
[3.964s] 
[3.984s] [01mgenerating indices... [39;49;00mgenindex done
[3.997s] [01mwriting additional pages... [39;49;00msearch done
[3.998s] [01mcopying images... [39;49;00m[ 50%] [33mautogenerate_groundtruth.png[39;49;00m                          
[3.998s] [01mcopying images... [39;49;00m[100%] [33mhigh_level_system_overview.png[39;49;00m                        
[3.998s] 
[4.029s] [01mcopying static files... [39;49;00mdone
[4.029s] [01mcopying extra files... [39;49;00mdone
[4.033s] [01mdumping search index in English (code: en)... [39;49;00mdone
[4.034s] [01mdumping object inventory... [39;49;00mdone
[4.034s] [01mbuild succeeded.[39;49;00m
[4.034s] 
[4.034s] The HTML pages are in html.
[4.477s] [ 14%] [32mBuilding CXX object CMakeFiles/cartographer.dir/cartographer/ground_truth/relations_text_file.cc.o[0m
[4.506s] [ 14%] Built target build_doc
[4.557s] [ 14%] [32mBuilding CXX object CMakeFiles/cartographer.dir/cartographer/io/color.cc.o[0m
[4.806s] [ 15%] [32mBuilding CXX object CMakeFiles/cartographer.dir/cartographer/io/coloring_points_processor.cc.o[0m
[4.972s] [ 15%] [32mBuilding CXX object CMakeFiles/cartographer.dir/cartographer/io/counting_points_processor.cc.o[0m
[5.077s] [ 15%] [32mBuilding CXX object CMakeFiles/cartographer.dir/cartographer/io/draw_trajectories.cc.o[0m
[5.303s] [ 15%] [32mBuilding CXX object CMakeFiles/cartographer.dir/cartographer/io/file_writer.cc.o[0m
[5.689s] [ 16%] [32mBuilding CXX object CMakeFiles/cartographer.dir/cartographer/io/fixed_ratio_sampling_points_processor.cc.o[0m
[7.474s] [ 16%] [32mBuilding CXX object CMakeFiles/cartographer.dir/cartographer/io/frame_id_filtering_points_processor.cc.o[0m
[8.177s] [ 16%] [32mBuilding CXX object CMakeFiles/cartographer.dir/cartographer/io/hybrid_grid_points_processor.cc.o[0m
[8.662s] [ 16%] [32mBuilding CXX object CMakeFiles/cartographer.dir/cartographer/io/image.cc.o[0m
[9.962s] [ 17%] [32mBuilding CXX object CMakeFiles/cartographer.dir/cartographer/io/intensity_to_color_points_processor.cc.o[0m
[12.681s] [ 17%] [32mBuilding CXX object CMakeFiles/cartographer.dir/cartographer/io/internal/in_memory_proto_stream.cc.o[0m
[12.934s] [ 17%] [32mBuilding CXX object CMakeFiles/cartographer.dir/cartographer/io/internal/mapping_state_serialization.cc.o[0m
[15.464s] [ 18%] [32mBuilding CXX object CMakeFiles/cartographer.dir/cartographer/io/internal/pbstream_info.cc.o[0m
[16.046s] [ 18%] [32mBuilding CXX object CMakeFiles/cartographer.dir/cartographer/io/internal/pbstream_migrate.cc.o[0m
[16.218s] [ 18%] [32mBuilding CXX object CMakeFiles/cartographer.dir/cartographer/io/min_max_range_filtering_points_processor.cc.o[0m
[16.606s] [ 18%] [32mBuilding CXX object CMakeFiles/cartographer.dir/cartographer/io/outlier_removing_points_processor.cc.o[0m
[17.033s] [ 19%] [32mBuilding CXX object CMakeFiles/cartographer.dir/cartographer/io/pcd_writing_points_processor.cc.o[0m
[17.280s] [ 19%] [32mBuilding CXX object CMakeFiles/cartographer.dir/cartographer/io/ply_writing_points_processor.cc.o[0m
[18.675s] [ 19%] [32mBuilding CXX object CMakeFiles/cartographer.dir/cartographer/io/points_batch.cc.o[0m
[18.882s] [ 19%] [32mBuilding CXX object CMakeFiles/cartographer.dir/cartographer/io/points_processor_pipeline_builder.cc.o[0m
[20.635s] [ 20%] [32mBuilding CXX object CMakeFiles/cartographer.dir/cartographer/io/probability_grid_points_processor.cc.o[0m
[22.777s] [ 20%] [32mBuilding CXX object CMakeFiles/cartographer.dir/cartographer/io/proto_stream.cc.o[0m
[22.819s] [ 20%] [32mBuilding CXX object CMakeFiles/cartographer.dir/cartographer/io/proto_stream_deserializer.cc.o[0m
[26.805s] [ 20%] [32mBuilding CXX object CMakeFiles/cartographer.dir/cartographer/io/serialization_format_migration.cc.o[0m
[32.153s] [ 20%] [32m[1mLinking CXX static library ../lib/libgtest.a[0m
[32.228s] [ 20%] Built target gtest
[38.938s] [ 20%] [32mBuilding CXX object CMakeFiles/cartographer.dir/cartographer/mapping/3d/submap_3d.cc.o[0m
[43.957s] [ 21%] [32mBuilding CXX object CMakeFiles/cartographer.dir/cartographer/mapping/detect_floors.cc.o[0m
[43.958s] [ 21%] [32mBuilding CXX object CMakeFiles/cartographer.dir/cartographer/mapping/3d/range_data_inserter_3d.cc.o[0m
[43.958s] [ 21%] [32mBuilding CXX object CMakeFiles/cartographer.dir/cartographer/mapping/2d/submap_2d.cc.o[0m
[45.006s] [ 21%] [32mBuilding CXX object CMakeFiles/cartographer.dir/cartographer/mapping/2d/probability_grid_range_data_inserter_2d.cc.o[0m
[45.013s] [ 21%] [32mBuilding CXX object CMakeFiles/cartographer.dir/cartographer/mapping/2d/probability_grid.cc.o[0m
[46.098s] [ 21%] [32mBuilding CXX object CMakeFiles/cartographer.dir/cartographer/io/xyz_writing_points_processor.cc.o[0m
[46.117s] [ 22%] [32mBuilding CXX object CMakeFiles/cartographer.dir/cartographer/mapping/2d/grid_2d.cc.o[0m
[47.197s] [ 22%] [32mBuilding CXX object CMakeFiles/cartographer.dir/cartographer/io/xray_points_processor.cc.o[0m
[47.203s] [ 22%] [32mBuilding CXX object CMakeFiles/cartographer.dir/cartographer/io/vertical_range_filtering_points_processor.cc.o[0m
[49.269s] [ 23%] [32mBuilding CXX object CMakeFiles/cartographer.dir/cartographer/io/submap_painter.cc.o[0m
[51.404s] [ 23%] [32mBuilding CXX object CMakeFiles/cartographer.dir/cartographer/mapping/imu_tracker.cc.o[0m
[51.487s] [ 24%] [32mBuilding CXX object CMakeFiles/cartographer.dir/cartographer/mapping/internal/2d/local_slam_result_2d.cc.o[0m
[52.283s] [ 24%] [32mBuilding CXX object CMakeFiles/cartographer.dir/cartographer/mapping/internal/2d/local_trajectory_builder_2d.cc.o[0m
[52.573s] [ 24%] [32mBuilding CXX object CMakeFiles/cartographer.dir/cartographer/mapping/internal/2d/local_trajectory_builder_options_2d.cc.o[0m
[52.660s] [ 24%] [32mBuilding CXX object CMakeFiles/cartographer.dir/cartographer/mapping/internal/2d/normal_estimation_2d.cc.o[0m
[53.178s] [ 25%] [32mBuilding CXX object CMakeFiles/cartographer.dir/cartographer/mapping/internal/2d/overlapping_submaps_trimmer_2d.cc.o[0m
[58.340s] [ 25%] [32mBuilding CXX object CMakeFiles/cartographer.dir/cartographer/mapping/internal/2d/scan_matching/occupied_space_cost_function_2d.cc.o[0m
[59.359s] [ 26%] [32mBuilding CXX object CMakeFiles/cartographer.dir/cartographer/mapping/internal/2d/scan_matching/real_time_correlative_scan_matcher_2d.cc.o[0m
[60.302s] [ 26%] [32mBuilding CXX object CMakeFiles/cartographer.dir/cartographer/mapping/internal/2d/scan_matching/fast_correlative_scan_matcher_2d.cc.o[0m
[61.319s] [ 26%] [32mBuilding CXX object CMakeFiles/cartographer.dir/cartographer/mapping/internal/2d/scan_matching/tsdf_match_cost_function_2d.cc.o[0m
[61.413s] [ 26%] [32mBuilding CXX object CMakeFiles/cartographer.dir/cartographer/mapping/internal/2d/scan_matching/correlative_scan_matcher_2d.cc.o[0m
[61.809s] [ 26%] [32mBuilding CXX object CMakeFiles/cartographer.dir/cartographer/mapping/internal/2d/tsd_value_converter.cc.o[0m
[62.162s] [ 26%] [32mBuilding CXX object CMakeFiles/cartographer.dir/cartographer/mapping/internal/2d/tsdf_2d.cc.o[0m
[63.180s] [ 27%] [32mBuilding CXX object CMakeFiles/cartographer.dir/cartographer/mapping/internal/2d/tsdf_range_data_inserter_2d.cc.o[0m
[64.214s] [ 28%] [32mBuilding CXX object CMakeFiles/cartographer.dir/cartographer/mapping/internal/2d/scan_matching/ceres_scan_matcher_2d.cc.o[0m
[65.037s] [ 28%] [32mBuilding CXX object CMakeFiles/cartographer.dir/cartographer/mapping/internal/2d/ray_to_pixel_mask.cc.o[0m
[65.043s] [ 28%] [32mBuilding CXX object CMakeFiles/cartographer.dir/cartographer/mapping/internal/2d/pose_graph_2d.cc.o[0m
[65.477s] [ 28%] [32mBuilding CXX object CMakeFiles/cartographer.dir/cartographer/mapping/internal/3d/local_slam_result_3d.cc.o[0m
[66.532s] [ 28%] [32mBuilding CXX object CMakeFiles/cartographer.dir/cartographer/mapping/internal/3d/local_trajectory_builder_3d.cc.o[0m
[67.463s] [ 28%] [32mBuilding CXX object CMakeFiles/cartographer.dir/cartographer/mapping/internal/3d/local_trajectory_builder_options_3d.cc.o[0m
[68.252s] [ 29%] [32mBuilding CXX object CMakeFiles/cartographer.dir/cartographer/mapping/internal/3d/pose_graph_3d.cc.o[0m
[68.625s] [ 29%] [32mBuilding CXX object CMakeFiles/cartographer.dir/cartographer/mapping/internal/3d/scan_matching/ceres_scan_matcher_3d.cc.o[0m
[70.314s] [ 29%] [32mBuilding CXX object CMakeFiles/cartographer.dir/cartographer/mapping/internal/3d/scan_matching/fast_correlative_scan_matcher_3d.cc.o[0m
[70.955s] [ 29%] [32mBuilding CXX object CMakeFiles/cartographer.dir/cartographer/mapping/internal/3d/scan_matching/intensity_cost_function_3d.cc.o[0m
[71.037s] [ 30%] [32mBuilding CXX object CMakeFiles/cartographer.dir/cartographer/mapping/internal/3d/scan_matching/low_resolution_matcher.cc.o[0m
[72.038s] [ 30%] [32mBuilding CXX object CMakeFiles/cartographer.dir/cartographer/mapping/internal/3d/scan_matching/precomputation_grid_3d.cc.o[0m
[72.262s] [ 30%] [32mBuilding CXX object CMakeFiles/cartographer.dir/cartographer/mapping/internal/3d/scan_matching/real_time_correlative_scan_matcher_3d.cc.o[0m
[83.699s] [ 30%] [32mBuilding CXX object CMakeFiles/cartographer.dir/cartographer/mapping/internal/global_trajectory_builder.cc.o[0m
[83.700s] [ 30%] [32mBuilding CXX object CMakeFiles/cartographer.dir/cartographer/mapping/internal/imu_based_pose_extrapolator.cc.o[0m
[84.179s] [ 31%] [32mBuilding CXX object CMakeFiles/cartographer.dir/cartographer/mapping/internal/constraints/constraint_builder_3d.cc.o[0m
[84.179s] [ 31%] [32mBuilding CXX object CMakeFiles/cartographer.dir/cartographer/mapping/internal/eigen_quaterniond_from_two_vectors.cc.o[0m
[85.209s] [ 32%] [32mBuilding CXX object CMakeFiles/cartographer.dir/cartographer/mapping/internal/motion_filter.cc.o[0m
[86.242s] [ 32%] [32mBuilding CXX object CMakeFiles/cartographer.dir/cartographer/mapping/internal/constraints/constraint_builder_2d.cc.o[0m
[86.254s] [ 32%] [32mBuilding CXX object CMakeFiles/cartographer.dir/cartographer/mapping/internal/constraints/constraint_builder.cc.o[0m
[87.276s] [ 32%] [32mBuilding CXX object CMakeFiles/cartographer.dir/cartographer/mapping/internal/connected_components.cc.o[0m
[88.319s] [ 33%] [32mBuilding CXX object CMakeFiles/cartographer.dir/cartographer/mapping/internal/collated_trajectory_builder.cc.o[0m
[88.673s] [ 33%] [32mBuilding CXX object CMakeFiles/cartographer.dir/cartographer/mapping/internal/3d/scan_matching/rotational_scan_matcher.cc.o[0m
[89.735s] [ 33%] [32mBuilding CXX object CMakeFiles/cartographer.dir/cartographer/mapping/internal/optimization/ceres_pose.cc.o[0m
[90.670s] [ 33%] [32mBuilding CXX object CMakeFiles/cartographer.dir/cartographer/mapping/internal/optimization/cost_functions/spa_cost_function_2d.cc.o[0m
[92.999s] [ 33%] [32mBuilding CXX object CMakeFiles/cartographer.dir/cartographer/mapping/internal/optimization/optimization_problem_2d.cc.o[0m
[98.353s] [ 33%] [32mBuilding CXX object CMakeFiles/cartographer.dir/cartographer/mapping/map_builder.cc.o[0m
[98.353s] [ 34%] [32mBuilding CXX object CMakeFiles/cartographer.dir/cartographer/mapping/map_builder_interface.cc.o[0m
[99.371s] [ 34%] [32mBuilding CXX object CMakeFiles/cartographer.dir/cartographer/mapping/pose_extrapolator.cc.o[0m
[100.418s] [ 34%] [32mBuilding CXX object CMakeFiles/cartographer.dir/cartographer/mapping/internal/trajectory_connectivity_state.cc.o[0m
[100.422s] [ 34%] [32mBuilding CXX object CMakeFiles/cartographer.dir/cartographer/mapping/internal/submap_controller.cc.o[0m
[101.517s] [ 35%] [32mBuilding CXX object CMakeFiles/cartographer.dir/cartographer/mapping/internal/scan_matching/real_time_correlative_scan_matcher.cc.o[0m
[102.575s] [ 35%] [32mBuilding CXX object CMakeFiles/cartographer.dir/cartographer/mapping/internal/range_data_collator.cc.o[0m
[102.589s] [ 35%] [32mBuilding CXX object CMakeFiles/cartographer.dir/cartographer/mapping/internal/optimization/optimization_problem_options.cc.o[0m
[110.689s] [ 35%] [32mBuilding CXX object CMakeFiles/cartographer.dir/cartographer/metrics/counter.cc.o[0m
[111.011s] [ 35%] [32mBuilding CXX object CMakeFiles/cartographer.dir/cartographer/metrics/gauge.cc.o[0m
[111.331s] [ 36%] [32mBuilding CXX object CMakeFiles/cartographer.dir/cartographer/metrics/histogram.cc.o[0m
[111.864s] [ 36%] [32mBuilding CXX object CMakeFiles/cartographer.dir/cartographer/metrics/register.cc.o[0m
[113.879s] [ 36%] [32mBuilding CXX object CMakeFiles/cartographer.dir/cartographer/sensor/compressed_point_cloud.cc.o[0m
[113.879s] [ 36%] [32mBuilding CXX object CMakeFiles/cartographer.dir/cartographer/mapping/value_conversion_tables.cc.o[0m
[113.879s] [ 37%] [32mBuilding CXX object CMakeFiles/cartographer.dir/cartographer/mapping/trajectory_node.cc.o[0m
[114.894s] [ 37%] [32mBuilding CXX object CMakeFiles/cartographer.dir/cartographer/mapping/trajectory_builder_interface.cc.o[0m
[114.895s] [ 37%] [32mBuilding CXX object CMakeFiles/cartographer.dir/cartographer/mapping/range_data_inserter_interface.cc.o[0m
[115.670s] [ 37%] [32mBuilding CXX object CMakeFiles/cartographer.dir/cartographer/mapping/probability_values.cc.o[0m
[116.686s] [ 37%] [32mBuilding CXX object CMakeFiles/cartographer.dir/cartographer/sensor/fixed_frame_pose_data.cc.o[0m
[116.688s] [ 38%] [32mBuilding CXX object CMakeFiles/cartographer.dir/cartographer/mapping/pose_graph_trimmer.cc.o[0m
[117.704s] [ 38%] [32mBuilding CXX object CMakeFiles/cartographer.dir/cartographer/mapping/pose_extrapolator_interface.cc.o[0m
[117.706s] [ 38%] [32mBuilding CXX object CMakeFiles/cartographer.dir/cartographer/mapping/pose_graph.cc.o[0m
[118.450s] [ 39%] [32mBuilding CXX object CMakeFiles/cartographer.dir/cartographer/sensor/imu_data.cc.o[0m
[118.454s] [ 40%] [32mBuilding CXX object CMakeFiles/cartographer.dir/cartographer/mapping/internal/optimization/optimization_problem_3d.cc.o[0m
[119.508s] [ 40%] [32mBuilding CXX object CMakeFiles/cartographer.dir/cartographer/sensor/internal/collator.cc.o[0m
[119.931s] [ 40%] [32mBuilding CXX object CMakeFiles/cartographer.dir/cartographer/sensor/internal/ordered_multi_queue.cc.o[0m
[120.164s] [ 40%] [32mBuilding CXX object CMakeFiles/cartographer.dir/cartographer/sensor/internal/trajectory_collator.cc.o[0m
[120.381s] [ 41%] [32mBuilding CXX object CMakeFiles/cartographer.dir/cartographer/sensor/internal/voxel_filter.cc.o[0m
[121.095s] [ 41%] [32mBuilding CXX object CMakeFiles/cartographer.dir/cartographer/sensor/landmark_data.cc.o[0m
[121.997s] [ 41%] [32mBuilding CXX object CMakeFiles/cartographer.dir/cartographer/sensor/odometry_data.cc.o[0m
[123.099s] [ 41%] [32mBuilding CXX object CMakeFiles/cartographer.dir/cartographer/sensor/point_cloud.cc.o[0m
[123.499s] [ 42%] [32mBuilding CXX object CMakeFiles/cartographer.dir/cartographer/sensor/range_data.cc.o[0m
[123.810s] [ 42%] [32mBuilding CXX object CMakeFiles/cartographer.dir/cartographer/sensor/timed_point_cloud_data.cc.o[0m
[126.742s] [ 42%] [32mBuilding CXX object CMakeFiles/cartographer.dir/cartographer/transform/rigid_transform.cc.o[0m
[127.497s] [ 43%] [32mBuilding CXX object CMakeFiles/cartographer.dir/cartographer/transform/timestamped_transform.cc.o[0m
[127.610s] [ 43%] [32mBuilding CXX object CMakeFiles/cartographer.dir/cartographer/transform/transform.cc.o[0m
[127.857s] [ 43%] [32mBuilding CXX object CMakeFiles/cartographer.dir/cartographer/transform/transform_interpolation_buffer.cc.o[0m
[128.798s] [ 43%] [32mBuilding CXX object CMakeFiles/cartographer.dir/cartographer/common/proto/ceres_solver_options.pb.cc.o[0m
[129.104s] [ 44%] [32mBuilding CXX object CMakeFiles/cartographer.dir/cartographer/ground_truth/proto/relations.pb.cc.o[0m
[129.121s] [ 44%] [32mBuilding CXX object CMakeFiles/cartographer.dir/cartographer/mapping/proto/cell_limits_2d.pb.cc.o[0m
[129.945s] [ 44%] [32mBuilding CXX object CMakeFiles/cartographer.dir/cartographer/mapping/proto/connected_components.pb.cc.o[0m
[130.032s] [ 44%] [32mBuilding CXX object CMakeFiles/cartographer.dir/cartographer/mapping/proto/grid_2d.pb.cc.o[0m
[130.352s] [ 45%] [32mBuilding CXX object CMakeFiles/cartographer.dir/cartographer/mapping/proto/grid_2d_options.pb.cc.o[0m
[130.715s] [ 45%] [32mBuilding CXX object CMakeFiles/cartographer.dir/cartographer/mapping/proto/hybrid_grid.pb.cc.o[0m
[130.740s] [ 45%] [32mBuilding CXX object CMakeFiles/cartographer.dir/cartographer/mapping/proto/local_trajectory_builder_options_2d.pb.cc.o[0m
[131.330s] [ 45%] [32mBuilding CXX object CMakeFiles/cartographer.dir/cartographer/mapping/proto/local_trajectory_builder_options_3d.pb.cc.o[0m
[131.612s] [ 46%] [32mBuilding CXX object CMakeFiles/cartographer.dir/cartographer/mapping/proto/map_builder_options.pb.cc.o[0m
[131.825s] [ 46%] [32mBuilding CXX object CMakeFiles/cartographer.dir/cartographer/mapping/proto/map_limits.pb.cc.o[0m
[131.965s] [ 46%] [32mBuilding CXX object CMakeFiles/cartographer.dir/cartographer/mapping/proto/motion_filter_options.pb.cc.o[0m
[132.039s] [ 46%] [32mBuilding CXX object CMakeFiles/cartographer.dir/cartographer/mapping/proto/normal_estimation_options_2d.pb.cc.o[0m
[132.330s] [ 47%] [32mBuilding CXX object CMakeFiles/cartographer.dir/cartographer/mapping/proto/pose_extrapolator_options.pb.cc.o[0m
[132.668s] [ 47%] [32mBuilding CXX object CMakeFiles/cartographer.dir/cartographer/mapping/proto/pose_graph.pb.cc.o[0m
[132.839s] [ 47%] [32mBuilding CXX object CMakeFiles/cartographer.dir/cartographer/mapping/proto/pose_graph/constraint_builder_options.pb.cc.o[0m
[133.055s] [ 47%] [32mBuilding CXX object CMakeFiles/cartographer.dir/cartographer/mapping/proto/pose_graph/optimization_problem_options.pb.cc.o[0m
[133.138s] [ 48%] [32mBuilding CXX object CMakeFiles/cartographer.dir/cartographer/mapping/proto/pose_graph_options.pb.cc.o[0m
[138.482s] [ 48%] [32mBuilding CXX object CMakeFiles/cartographer.dir/cartographer/mapping/proto/serialization.pb.cc.o[0m
[138.483s] [ 48%] [32mBuilding CXX object CMakeFiles/cartographer.dir/cartographer/mapping/proto/scan_matching/real_time_correlative_scan_matcher_options.pb.cc.o[0m
[139.501s] [ 48%] [32mBuilding CXX object CMakeFiles/cartographer.dir/cartographer/mapping/proto/scan_matching/fast_correlative_scan_matcher_options_2d.pb.cc.o[0m
[139.510s] [ 49%] [32mBuilding CXX object CMakeFiles/cartographer.dir/cartographer/mapping/proto/scan_matching/fast_correlative_scan_matcher_options_3d.pb.cc.o[0m
[139.869s] [ 49%] [32mBuilding CXX object CMakeFiles/cartographer.dir/cartographer/mapping/proto/scan_matching/ceres_scan_matcher_options_3d.pb.cc.o[0m
[139.884s] [ 50%] [32mBuilding CXX object CMakeFiles/cartographer.dir/cartographer/mapping/proto/submap.pb.cc.o[0m
[139.893s] [ 50%] [32mBuilding CXX object CMakeFiles/cartographer.dir/cartographer/mapping/proto/scan_matching/ceres_scan_matcher_options_2d.pb.cc.o[0m
[140.942s] [ 51%] [32mBuilding CXX object CMakeFiles/cartographer.dir/cartographer/mapping/proto/range_data_inserter_options_3d.pb.cc.o[0m
[140.970s] [ 51%] [32mBuilding CXX object CMakeFiles/cartographer.dir/cartographer/mapping/proto/range_data_inserter_options.pb.cc.o[0m
[141.218s] [ 51%] [32mBuilding CXX object CMakeFiles/cartographer.dir/cartographer/mapping/proto/probability_grid_range_data_inserter_options_2d.pb.cc.o[0m
[141.534s] [ 51%] [32mBuilding CXX object CMakeFiles/cartographer.dir/cartographer/mapping/proto/submap_visualization.pb.cc.o[0m
[141.758s] [ 51%] [32mBuilding CXX object CMakeFiles/cartographer.dir/cartographer/mapping/proto/submaps_options_2d.pb.cc.o[0m
[142.460s] [ 51%] [32mBuilding CXX object CMakeFiles/cartographer.dir/cartographer/mapping/proto/submaps_options_3d.pb.cc.o[0m
[142.470s] [ 51%] [32mBuilding CXX object CMakeFiles/cartographer.dir/cartographer/mapping/proto/probability_grid.pb.cc.o[0m
[142.894s] [ 52%] [32mBuilding CXX object CMakeFiles/cartographer.dir/cartographer/mapping/proto/trajectory.pb.cc.o[0m
[142.918s] [ 52%] [32mBuilding CXX object CMakeFiles/cartographer.dir/cartographer/mapping/proto/trajectory_builder_options.pb.cc.o[0m
[143.093s] [ 52%] [32mBuilding CXX object CMakeFiles/cartographer.dir/cartographer/mapping/proto/trajectory_node_data.pb.cc.o[0m
[143.118s] [ 53%] [32mBuilding CXX object CMakeFiles/cartographer.dir/cartographer/mapping/proto/tsdf_range_data_inserter_options_2d.pb.cc.o[0m
[143.126s] [ 53%] [32mBuilding CXX object CMakeFiles/cartographer.dir/cartographer/mapping/proto/tsdf_2d.pb.cc.o[0m
[143.249s] [ 53%] [32mBuilding CXX object CMakeFiles/cartographer.dir/cartographer/sensor/proto/adaptive_voxel_filter_options.pb.cc.o[0m
[146.842s] [ 54%] [32mBuilding CXX object CMakeFiles/cartographer.dir/cartographer/transform/proto/transform.pb.cc.o[0m
[149.518s] [ 54%] [32mBuilding CXX object CMakeFiles/cartographer.dir/cartographer/transform/proto/timestamped_transform.pb.cc.o[0m
[149.519s] [ 54%] [32mBuilding CXX object CMakeFiles/cartographer.dir/cartographer/sensor/proto/sensor.pb.cc.o[0m
[152.860s] [ 54%] [32m[1mLinking CXX static library libcartographer.a[0m
[153.085s] [ 54%] Built target cartographer
[153.115s] [ 55%] [32mBuilding CXX object gmock/CMakeFiles/gmock.dir/src/gmock-all.cc.o[0m
[153.116s] [ 55%] [32mBuilding CXX object CMakeFiles/cartographer_autogenerate_ground_truth.dir/cartographer/ground_truth/autogenerate_ground_truth_main.cc.o[0m
[153.119s] [ 55%] [32mBuilding CXX object CMakeFiles/cartographer_compute_relations_metrics.dir/cartographer/ground_truth/compute_relations_metrics_main.cc.o[0m
[157.392s] [ 55%] [32m[1mLinking CXX static library ../lib/libgmock.a[0m
[157.448s] [ 55%] Built target gmock
[157.479s] [ 56%] [32mBuilding CXX object gmock/CMakeFiles/gmock_main.dir/src/gmock_main.cc.o[0m
[157.479s] [ 56%] [32mBuilding CXX object CMakeFiles/cartographer_print_configuration.dir/cartographer/common/print_configuration_main.cc.o[0m
[157.479s] [ 56%] [32mBuilding CXX object CMakeFiles/cartographer_test_library.dir/cartographer/io/fake_file_writer.cc.o[0m
[157.479s] [ 56%] [32mBuilding CXX object CMakeFiles/cartographer_pbstream.dir/cartographer/io/pbstream_main.cc.o[0m
[157.479s] [ 56%] [32mBuilding CXX object CMakeFiles/cartographer_test_library.dir/cartographer/io/internal/testing/test_helpers.cc.o[0m
[157.479s] [ 56%] [32mBuilding CXX object CMakeFiles/cartographer_test_library.dir/cartographer/io/fake_file_writer_test.cc.o[0m
[157.480s] [ 56%] [32mBuilding CXX object CMakeFiles/cartographer_test_library.dir/cartographer/mapping/internal/testing/test_helpers.cc.o[0m
[157.842s] [ 57%] [32m[1mLinking CXX executable cartographer_autogenerate_ground_truth[0m
[158.159s] [ 57%] Built target cartographer_autogenerate_ground_truth
[158.891s] [ 58%] [32m[1mLinking CXX executable cartographer_pbstream[0m
[158.965s] [ 58%] [32m[1mLinking CXX static library ../lib/libgmock_main.a[0m
[159.108s] [ 58%] Built target gmock_main
[159.138s] [ 58%] [32m[1mLinking CXX executable cartographer_compute_relations_metrics[0m
[159.500s] [ 58%] Built target cartographer_compute_relations_metrics
[159.571s] [ 58%] Built target cartographer_pbstream
[160.091s] [ 58%] [32m[1mLinking CXX executable cartographer_print_configuration[0m
[160.268s] [ 58%] Built target cartographer_print_configuration
[164.946s] [ 58%] [32m[1mLinking CXX static library libcartographer_test_library.a[0m
[165.004s] [ 58%] Built target cartographer_test_library
[165.048s] [ 58%] [32mBuilding CXX object CMakeFiles/cartographer.common.configuration_files_test.dir/cartographer/common/configuration_files_test.cc.o[0m
[165.063s] [ 59%] [32mBuilding CXX object CMakeFiles/cartographer.common.fixed_ratio_sampler_test.dir/cartographer/common/fixed_ratio_sampler_test.cc.o[0m
[165.068s] [ 60%] [32mBuilding CXX object CMakeFiles/cartographer.common.internal.rate_timer_test.dir/cartographer/common/internal/rate_timer_test.cc.o[0m
[165.071s] [ 60%] [32mBuilding CXX object CMakeFiles/cartographer.common.lua_parameter_dictionary_test.dir/cartographer/common/lua_parameter_dictionary_test.cc.o[0m
[165.081s] [ 60%] [32mBuilding CXX object CMakeFiles/cartographer.common.internal.blocking_queue_test.dir/cartographer/common/internal/blocking_queue_test.cc.o[0m
[166.174s] [ 60%] [32mBuilding CXX object CMakeFiles/cartographer.io.probability_grid_points_processor_test.dir/cartographer/io/probability_grid_points_processor_test.cc.o[0m
[166.186s] [ 60%] [32mBuilding CXX object CMakeFiles/cartographer.io.points_processor_pipeline_builder_test.dir/cartographer/io/points_processor_pipeline_builder_test.cc.o[0m
[166.207s] [ 61%] [32mBuilding CXX object CMakeFiles/cartographer.io.internal.in_memory_proto_stream_test.dir/cartographer/io/internal/in_memory_proto_stream_test.cc.o[0m
[167.290s] [ 61%] [32mBuilding CXX object CMakeFiles/cartographer.io.fake_file_writer_test.dir/cartographer/io/fake_file_writer_test.cc.o[0m
[167.302s] [ 62%] [32mBuilding CXX object CMakeFiles/cartographer.common.thread_pool_test.dir/cartographer/common/thread_pool_test.cc.o[0m
[167.319s] [ 62%] [32mBuilding CXX object CMakeFiles/cartographer.common.task_test.dir/cartographer/common/task_test.cc.o[0m
[169.415s] [ 63%] [32mBuilding CXX object CMakeFiles/cartographer.common.math_test.dir/cartographer/common/math_test.cc.o[0m
[169.753s] [ 63%] [32m[1mLinking CXX executable cartographer.common.fixed_ratio_sampler_test[0m
[170.203s] [ 63%] Built target cartographer.common.fixed_ratio_sampler_test
[170.314s] [ 63%] [32mBuilding CXX object CMakeFiles/cartographer.io.proto_stream_deserializer_test.dir/cartographer/io/proto_stream_deserializer_test.cc.o[0m
[172.360s] [ 63%] [32m[1mLinking CXX executable cartographer.common.thread_pool_test[0m
[172.798s] [ 63%] Built target cartographer.common.thread_pool_test
[172.894s] [ 63%] [32mBuilding CXX object CMakeFiles/cartographer.io.proto_stream_test.dir/cartographer/io/proto_stream_test.cc.o[0m
[172.947s] [ 63%] [32m[1mLinking CXX executable cartographer.common.internal.blocking_queue_test[0m
[173.050s] [ 63%] [32m[1mLinking CXX executable cartographer.common.lua_parameter_dictionary_test[0m
[173.202s] [ 63%] [32m[1mLinking CXX executable cartographer.io.internal.in_memory_proto_stream_test[0m
[173.374s] [ 63%] Built target cartographer.common.internal.blocking_queue_test
[173.388s] [ 63%] [32m[1mLinking CXX executable cartographer.common.internal.rate_timer_test[0m
[173.520s] [ 63%] [32m[1mLinking CXX executable cartographer.io.fake_file_writer_test[0m
[173.575s] [ 63%] Built target cartographer.common.lua_parameter_dictionary_test
[173.662s] [ 63%] Built target cartographer.common.internal.rate_timer_test
[173.766s] [ 63%] Built target cartographer.io.internal.in_memory_proto_stream_test
[173.806s] [ 63%] Built target cartographer.io.fake_file_writer_test
[174.555s] [ 63%] [32m[1mLinking CXX executable cartographer.common.task_test[0m
[174.643s] [ 63%] [32m[1mLinking CXX executable cartographer.common.configuration_files_test[0m
[174.784s] [ 63%] Built target cartographer.common.task_test
[174.928s] [ 63%] [32m[1mLinking CXX executable cartographer.common.math_test[0m
[174.951s] [ 64%] [32m[1mLinking CXX executable cartographer.io.points_processor_pipeline_builder_test[0m
[175.127s] [ 64%] Built target cartographer.common.math_test
[175.157s] [ 64%] Built target cartographer.common.configuration_files_test
[175.273s] [ 64%] Built target cartographer.io.points_processor_pipeline_builder_test
[176.183s] [ 65%] [32m[1mLinking CXX executable cartographer.io.proto_stream_deserializer_test[0m
[176.286s] [ 65%] [32m[1mLinking CXX executable cartographer.io.proto_stream_test[0m
[176.489s] [ 65%] Built target cartographer.io.proto_stream_deserializer_test
[176.523s] [ 65%] Built target cartographer.io.proto_stream_test
[177.421s] [ 65%] [32m[1mLinking CXX executable cartographer.io.probability_grid_points_processor_test[0m
[177.724s] [ 65%] Built target cartographer.io.probability_grid_points_processor_test
[177.758s] [ 65%] [32mBuilding CXX object CMakeFiles/cartographer.mapping.imu_tracker_test.dir/cartographer/mapping/imu_tracker_test.cc.o[0m
[178.772s] [ 65%] [32mBuilding CXX object CMakeFiles/cartographer.mapping.id_test.dir/cartographer/mapping/id_test.cc.o[0m
[178.772s] [ 65%] [32mBuilding CXX object CMakeFiles/cartographer.mapping.internal.2d.normal_estimation_2d_test.dir/cartographer/mapping/internal/2d/normal_estimation_2d_test.cc.o[0m
[179.790s] [ 65%] [32mBuilding CXX object CMakeFiles/cartographer.mapping.3d.range_data_inserter_3d_test.dir/cartographer/mapping/3d/range_data_inserter_3d_test.cc.o[0m
[179.792s] [ 65%] [32mBuilding CXX object CMakeFiles/cartographer.mapping.3d.submap_3d_test.dir/cartographer/mapping/3d/submap_3d_test.cc.o[0m
[180.808s] [ 65%] [32mBuilding CXX object CMakeFiles/cartographer.mapping.3d.hybrid_grid_test.dir/cartographer/mapping/3d/hybrid_grid_test.cc.o[0m
[180.811s] [ 65%] [32mBuilding CXX object CMakeFiles/cartographer.mapping.2d.xy_index_test.dir/cartographer/mapping/2d/xy_index_test.cc.o[0m
[181.835s] [ 65%] [32mBuilding CXX object CMakeFiles/cartographer.mapping.2d.submap_2d_test.dir/cartographer/mapping/2d/submap_2d_test.cc.o[0m
[181.839s] [ 65%] [32mBuilding CXX object CMakeFiles/cartographer.mapping.2d.range_data_inserter_2d_test.dir/cartographer/mapping/2d/range_data_inserter_2d_test.cc.o[0m
[182.311s] [ 66%] [32m[1mLinking CXX executable cartographer.mapping.imu_tracker_test[0m
[182.508s] [ 66%] Built target cartographer.mapping.imu_tracker_test
[182.539s] [ 66%] [32mBuilding CXX object CMakeFiles/cartographer.mapping.2d.map_limits_test.dir/cartographer/mapping/2d/map_limits_test.cc.o[0m
[182.544s] [ 66%] [32mBuilding CXX object CMakeFiles/cartographer.io.serialization_format_migration_test.dir/cartographer/io/serialization_format_migration_test.cc.o[0m
[182.561s] [ 66%] [32mBuilding CXX object CMakeFiles/cartographer.mapping.2d.probability_grid_test.dir/cartographer/mapping/2d/probability_grid_test.cc.o[0m
[183.694s] [ 67%] [32mBuilding CXX object CMakeFiles/cartographer.mapping.internal.2d.overlapping_submaps_trimmer_2d_test.dir/cartographer/mapping/internal/2d/overlapping_submaps_trimmer_2d_test.cc.o[0m
[186.542s] [ 67%] [32m[1mLinking CXX executable cartographer.mapping.id_test[0m
[186.784s] [ 67%] Built target cartographer.mapping.id_test
[186.894s] [ 67%] [32mBuilding CXX object CMakeFiles/cartographer.mapping.internal.2d.pose_graph_2d_test.dir/cartographer/mapping/internal/2d/pose_graph_2d_test.cc.o[0m
[187.162s] [ 67%] [32m[1mLinking CXX executable cartographer.mapping.2d.xy_index_test[0m
[187.476s] [ 67%] [32m[1mLinking CXX executable cartographer.mapping.internal.2d.normal_estimation_2d_test[0m
[187.507s] [ 67%] Built target cartographer.mapping.2d.xy_index_test
[187.622s] [ 68%] [32mBuilding CXX object CMakeFiles/cartographer.mapping.internal.2d.ray_to_pixel_mask_test.dir/cartographer/mapping/internal/2d/ray_to_pixel_mask_test.cc.o[0m
[187.826s] [ 68%] Built target cartographer.mapping.internal.2d.normal_estimation_2d_test
[187.923s] [ 68%] [32mBuilding CXX object CMakeFiles/cartographer.mapping.internal.2d.scan_matching.ceres_scan_matcher_2d_test.dir/cartographer/mapping/internal/2d/scan_matching/ceres_scan_matcher_2d_test.cc.o[0m
[189.221s] [ 68%] [32m[1mLinking CXX executable cartographer.mapping.3d.range_data_inserter_3d_test[0m
[189.281s] [ 69%] [32m[1mLinking CXX executable cartographer.mapping.3d.submap_3d_test[0m
[189.542s] [ 69%] Built target cartographer.mapping.3d.range_data_inserter_3d_test
[189.730s] [ 69%] [32m[1mLinking CXX executable cartographer.mapping.2d.map_limits_test[0m
[189.782s] [ 69%] Built target cartographer.mapping.3d.submap_3d_test
[190.023s] [ 69%] Built target cartographer.mapping.2d.map_limits_test
[190.204s] [ 69%] [32m[1mLinking CXX executable cartographer.mapping.2d.range_data_inserter_2d_test[0m
[190.471s] [ 69%] Built target cartographer.mapping.2d.range_data_inserter_2d_test
[191.454s] [ 70%] [32m[1mLinking CXX executable cartographer.io.serialization_format_migration_test[0m
[191.910s] [ 71%] [32m[1mLinking CXX executable cartographer.mapping.2d.submap_2d_test[0m
[191.969s] [ 71%] Built target cartographer.io.serialization_format_migration_test
[192.091s] [ 72%] [32m[1mLinking CXX executable cartographer.mapping.2d.probability_grid_test[0m
[192.262s] [ 72%] Built target cartographer.mapping.2d.submap_2d_test
[192.345s] [ 72%] Built target cartographer.mapping.2d.probability_grid_test
[192.728s] [ 73%] [32m[1mLinking CXX executable cartographer.mapping.3d.hybrid_grid_test[0m
[192.938s] [ 73%] Built target cartographer.mapping.3d.hybrid_grid_test
[193.971s] [ 74%] [32mBuilding CXX object CMakeFiles/cartographer.mapping.internal.2d.tsdf_2d_test.dir/cartographer/mapping/internal/2d/tsdf_2d_test.cc.o[0m
[193.971s] [ 74%] [32mBuilding CXX object CMakeFiles/cartographer.mapping.internal.2d.tsd_value_converter_test.dir/cartographer/mapping/internal/2d/tsd_value_converter_test.cc.o[0m
[194.990s] [ 74%] [32mBuilding CXX object CMakeFiles/cartographer.mapping.internal.2d.scan_matching.tsdf_match_cost_function_2d_test.dir/cartographer/mapping/internal/2d/scan_matching/tsdf_match_cost_function_2d_test.cc.o[0m
[194.991s] [ 75%] [32mBuilding CXX object CMakeFiles/cartographer.mapping.internal.2d.scan_matching.real_time_correlative_scan_matcher_2d_test.dir/cartographer/mapping/internal/2d/scan_matching/real_time_correlative_scan_matcher_2d_test.cc.o[0m
[195.648s] [ 75%] [32m[1mLinking CXX executable cartographer.mapping.internal.2d.overlapping_submaps_trimmer_2d_test[0m
[196.014s] [ 76%] [32mBuilding CXX object CMakeFiles/cartographer.mapping.internal.2d.scan_matching.interpolated_tsdf_2d_test.dir/cartographer/mapping/internal/2d/scan_matching/interpolated_tsdf_2d_test.cc.o[0m
[196.016s] [ 76%] [32mBuilding CXX object CMakeFiles/cartographer.mapping.internal.2d.scan_matching.occupied_space_cost_function_2d_test.dir/cartographer/mapping/internal/2d/scan_matching/occupied_space_cost_function_2d_test.cc.o[0m
[196.052s] [ 76%] Built target cartographer.mapping.internal.2d.overlapping_submaps_trimmer_2d_test
[196.096s] [ 76%] [32mBuilding CXX object CMakeFiles/cartographer.mapping.internal.2d.scan_matching.fast_correlative_scan_matcher_2d_test.dir/cartographer/mapping/internal/2d/scan_matching/fast_correlative_scan_matcher_2d_test.cc.o[0m
[196.624s] [ 76%] [32m[1mLinking CXX executable cartographer.mapping.internal.2d.scan_matching.ceres_scan_matcher_2d_test[0m
[196.789s] [ 76%] [32m[1mLinking CXX executable cartographer.mapping.internal.2d.ray_to_pixel_mask_test[0m
[197.016s] [ 76%] Built target cartographer.mapping.internal.2d.ray_to_pixel_mask_test
[197.035s] [ 76%] Built target cartographer.mapping.internal.2d.scan_matching.ceres_scan_matcher_2d_test
[197.047s] [ 77%] [32mBuilding CXX object CMakeFiles/cartographer.mapping.internal.2d.scan_matching.correlative_scan_matcher_test.dir/cartographer/mapping/internal/2d/scan_matching/correlative_scan_matcher_test.cc.o[0m
[197.054s] [ 78%] [32mBuilding CXX object CMakeFiles/cartographer.mapping.internal.2d.tsdf_range_data_inserter_2d_test.dir/cartographer/mapping/internal/2d/tsdf_range_data_inserter_2d_test.cc.o[0m
[197.067s] [ 78%] [32mBuilding CXX object CMakeFiles/cartographer.mapping.internal.3d.local_trajectory_builder_3d_test.dir/cartographer/mapping/internal/3d/local_trajectory_builder_3d_test.cc.o[0m
[197.123s] [ 79%] [32mBuilding CXX object CMakeFiles/cartographer.mapping.internal.3d.pose_graph_3d_test.dir/cartographer/mapping/internal/3d/pose_graph_3d_test.cc.o[0m
[199.498s] [ 79%] [32m[1mLinking CXX executable cartographer.mapping.internal.2d.tsd_value_converter_test[0m
[199.907s] [ 79%] Built target cartographer.mapping.internal.2d.tsd_value_converter_test
[199.952s] [ 79%] [32mBuilding CXX object CMakeFiles/cartographer.mapping.internal.3d.scan_matching.ceres_scan_matcher_3d_test.dir/cartographer/mapping/internal/3d/scan_matching/ceres_scan_matcher_3d_test.cc.o[0m
[203.218s] [ 79%] [32m[1mLinking CXX executable cartographer.mapping.internal.2d.tsdf_2d_test[0m
[203.458s] [ 79%] [32m[1mLinking CXX executable cartographer.mapping.internal.2d.scan_matching.interpolated_tsdf_2d_test[0m
[203.644s] [ 79%] Built target cartographer.mapping.internal.2d.tsdf_2d_test
[203.901s] [ 79%] Built target cartographer.mapping.internal.2d.scan_matching.interpolated_tsdf_2d_test
[204.556s] [ 79%] [32m[1mLinking CXX executable cartographer.mapping.internal.2d.scan_matching.real_time_correlative_scan_matcher_2d_test[0m
[204.600s] [ 79%] [32m[1mLinking CXX executable cartographer.mapping.internal.2d.pose_graph_2d_test[0m
[205.014s] [ 79%] Built target cartographer.mapping.internal.2d.scan_matching.real_time_correlative_scan_matcher_2d_test
[205.390s] [ 79%] Built target cartographer.mapping.internal.2d.pose_graph_2d_test
[205.434s] [ 79%] [32m[1mLinking CXX executable cartographer.mapping.internal.2d.scan_matching.correlative_scan_matcher_test[0m
[205.441s] [ 79%] [32m[1mLinking CXX executable cartographer.mapping.internal.2d.scan_matching.occupied_space_cost_function_2d_test[0m
[205.704s] [ 79%] Built target cartographer.mapping.internal.2d.scan_matching.correlative_scan_matcher_test
[205.811s] [ 79%] Built target cartographer.mapping.internal.2d.scan_matching.occupied_space_cost_function_2d_test
[205.850s] [ 79%] [32m[1mLinking CXX executable cartographer.mapping.internal.2d.scan_matching.tsdf_match_cost_function_2d_test[0m
[206.131s] [ 79%] Built target cartographer.mapping.internal.2d.scan_matching.tsdf_match_cost_function_2d_test
[207.682s] [ 79%] [32m[1mLinking CXX executable cartographer.mapping.internal.2d.scan_matching.fast_correlative_scan_matcher_2d_test[0m
[207.989s] [ 79%] [32m[1mLinking CXX executable cartographer.mapping.internal.2d.tsdf_range_data_inserter_2d_test[0m
[207.993s] [ 79%] Built target cartographer.mapping.internal.2d.scan_matching.fast_correlative_scan_matcher_2d_test
[208.285s] [ 79%] Built target cartographer.mapping.internal.2d.tsdf_range_data_inserter_2d_test
[210.901s] [ 79%] [32m[1mLinking CXX executable cartographer.mapping.internal.3d.pose_graph_3d_test[0m
[210.993s] [ 79%] [32m[1mLinking CXX executable cartographer.mapping.internal.3d.local_trajectory_builder_3d_test[0m
[211.417s] [ 79%] Built target cartographer.mapping.internal.3d.pose_graph_3d_test
[211.445s] [ 79%] Built target cartographer.mapping.internal.3d.local_trajectory_builder_3d_test
[212.555s] [ 80%] [32m[1mLinking CXX executable cartographer.mapping.internal.3d.scan_matching.ceres_scan_matcher_3d_test[0m
[212.858s] [ 80%] Built target cartographer.mapping.internal.3d.scan_matching.ceres_scan_matcher_3d_test
[212.890s] [ 80%] [32mBuilding CXX object CMakeFiles/cartographer.mapping.internal.motion_filter_test.dir/cartographer/mapping/internal/motion_filter_test.cc.o[0m
[213.909s] [ 80%] [32mBuilding CXX object CMakeFiles/cartographer.mapping.internal.optimization.cost_functions.landmark_cost_function_2d_test.dir/cartographer/mapping/internal/optimization/cost_functions/landmark_cost_function_2d_test.cc.o[0m
[214.933s] [ 80%] [32mBuilding CXX object CMakeFiles/cartographer.mapping.internal.constraints.constraint_builder_3d_test.dir/cartographer/mapping/internal/constraints/constraint_builder_3d_test.cc.o[0m
[216.026s] [ 80%] [32mBuilding CXX object CMakeFiles/cartographer.mapping.internal.constraints.constraint_builder_2d_test.dir/cartographer/mapping/internal/constraints/constraint_builder_2d_test.cc.o[0m
[217.118s] [ 80%] [32mBuilding CXX object CMakeFiles/cartographer.mapping.internal.connected_components_test.dir/cartographer/mapping/internal/connected_components_test.cc.o[0m
[218.201s] [ 80%] [32mBuilding CXX object CMakeFiles/cartographer.mapping.internal.3d.scan_matching.rotational_scan_matcher_test.dir/cartographer/mapping/internal/3d/scan_matching/rotational_scan_matcher_test.cc.o[0m
[221.414s] [ 80%] [32m[1mLinking CXX executable cartographer.mapping.internal.motion_filter_test[0m
[221.958s] [ 80%] Built target cartographer.mapping.internal.motion_filter_test
[228.947s] [ 80%] [32m[1mLinking CXX executable cartographer.mapping.internal.3d.scan_matching.rotational_scan_matcher_test[0m
[229.399s] [ 80%] Built target cartographer.mapping.internal.3d.scan_matching.rotational_scan_matcher_test
[229.734s] [ 81%] [32m[1mLinking CXX executable cartographer.mapping.internal.connected_components_test[0m
[230.194s] [ 81%] Built target cartographer.mapping.internal.connected_components_test
[231.659s] [ 82%] [32m[1mLinking CXX executable cartographer.mapping.internal.optimization.cost_functions.landmark_cost_function_2d_test[0m
[232.099s] [ 82%] Built target cartographer.mapping.internal.optimization.cost_functions.landmark_cost_function_2d_test
[233.143s] [ 83%] [32m[1mLinking CXX executable cartographer.mapping.internal.constraints.constraint_builder_3d_test[0m
[233.660s] [ 83%] Built target cartographer.mapping.internal.constraints.constraint_builder_3d_test
[233.885s] [ 83%] [32m[1mLinking CXX executable cartographer.mapping.internal.constraints.constraint_builder_2d_test[0m
[234.368s] [ 83%] Built target cartographer.mapping.internal.constraints.constraint_builder_2d_test
[234.402s] [ 83%] [32mBuilding CXX object CMakeFiles/cartographer.mapping.internal.trajectory_connectivity_state_test.dir/cartographer/mapping/internal/trajectory_connectivity_state_test.cc.o[0m
[241.637s] [ 83%] [32m[1mLinking CXX executable cartographer.mapping.internal.trajectory_connectivity_state_test[0m
[241.870s] [ 83%] Built target cartographer.mapping.internal.trajectory_connectivity_state_test
[241.903s] [ 84%] [32mBuilding CXX object CMakeFiles/cartographer.mapping.map_builder_test.dir/cartographer/mapping/map_builder_test.cc.o[0m
[253.932s] [ 84%] [32mBuilding CXX object CMakeFiles/cartographer.mapping.pose_extrapolator_test.dir/cartographer/mapping/pose_extrapolator_test.cc.o[0m
[254.970s] [ 84%] [32mBuilding CXX object CMakeFiles/cartographer.mapping.internal.range_data_collator_test.dir/cartographer/mapping/internal/range_data_collator_test.cc.o[0m
[256.074s] [ 84%] [32mBuilding CXX object CMakeFiles/cartographer.mapping.internal.optimization.optimization_problem_3d_test.dir/cartographer/mapping/internal/optimization/optimization_problem_3d_test.cc.o[0m
[257.130s] [ 84%] [32m[1mLinking CXX executable cartographer.mapping.map_builder_test[0m
[257.138s] [ 84%] [32mBuilding CXX object CMakeFiles/cartographer.mapping.internal.optimization.cost_functions.spa_cost_function_2d_test.dir/cartographer/mapping/internal/optimization/cost_functions/spa_cost_function_2d_test.cc.o[0m
[257.932s] [ 84%] Built target cartographer.mapping.map_builder_test
[258.011s] [ 84%] [32mBuilding CXX object CMakeFiles/cartographer.mapping.internal.optimization.cost_functions.landmark_cost_function_3d_test.dir/cartographer/mapping/internal/optimization/cost_functions/landmark_cost_function_3d_test.cc.o[0m
[258.060s] [ 84%] [32mBuilding CXX object CMakeFiles/cartographer.mapping.internal.3d.scan_matching.rotation_delta_cost_functor_3d_test.dir/cartographer/mapping/internal/3d/scan_matching/rotation_delta_cost_functor_3d_test.cc.o[0m
[266.319s] [ 85%] [32m[1mLinking CXX executable cartographer.mapping.internal.range_data_collator_test[0m
[266.746s] [ 85%] Built target cartographer.mapping.internal.range_data_collator_test
[266.842s] [ 86%] [32m[1mLinking CXX executable cartographer.mapping.internal.3d.scan_matching.rotation_delta_cost_functor_3d_test[0m
[267.250s] [ 86%] Built target cartographer.mapping.internal.3d.scan_matching.rotation_delta_cost_functor_3d_test
[269.707s] [ 86%] [32m[1mLinking CXX executable cartographer.mapping.pose_extrapolator_test[0m
[269.903s] [ 86%] Built target cartographer.mapping.pose_extrapolator_test
[270.265s] [ 86%] [32m[1mLinking CXX executable cartographer.mapping.internal.optimization.optimization_problem_3d_test[0m
[270.603s] [ 86%] Built target cartographer.mapping.internal.optimization.optimization_problem_3d_test
[270.859s] [ 87%] [32m[1mLinking CXX executable cartographer.mapping.internal.optimization.cost_functions.spa_cost_function_2d_test[0m
[271.068s] [ 87%] Built target cartographer.mapping.internal.optimization.cost_functions.spa_cost_function_2d_test
[273.043s] [ 87%] [32m[1mLinking CXX executable cartographer.mapping.internal.optimization.cost_functions.landmark_cost_function_3d_test[0m
[273.242s] [ 87%] Built target cartographer.mapping.internal.optimization.cost_functions.landmark_cost_function_3d_test
[273.272s] [ 87%] [32mBuilding CXX object CMakeFiles/cartographer.mapping.value_conversion_tables_test.dir/cartographer/mapping/value_conversion_tables_test.cc.o[0m
[275.912s] [ 87%] [32m[1mLinking CXX executable cartographer.mapping.value_conversion_tables_test[0m
[276.087s] [ 87%] Built target cartographer.mapping.value_conversion_tables_test
[276.118s] [ 88%] [32mBuilding CXX object CMakeFiles/cartographer.sensor.compressed_point_cloud_test.dir/cartographer/sensor/compressed_point_cloud_test.cc.o[0m
[283.833s] [ 88%] [32m[1mLinking CXX executable cartographer.sensor.compressed_point_cloud_test[0m
[284.067s] [ 88%] Built target cartographer.sensor.compressed_point_cloud_test
[284.086s] [ 89%] [32mBuilding CXX object CMakeFiles/cartographer.mapping.trajectory_node_test.dir/cartographer/mapping/trajectory_node_test.cc.o[0m
[284.090s] [ 89%] [32mBuilding CXX object CMakeFiles/cartographer.sensor.internal.collator_test.dir/cartographer/sensor/internal/collator_test.cc.o[0m
[284.105s] [ 89%] [32mBuilding CXX object CMakeFiles/cartographer.mapping.submaps_test.dir/cartographer/mapping/submaps_test.cc.o[0m
[285.190s] [ 90%] [32mBuilding CXX object CMakeFiles/cartographer.sensor.internal.ordered_multi_queue_test.dir/cartographer/sensor/internal/ordered_multi_queue_test.cc.o[0m
[286.270s] [ 91%] [32mBuilding CXX object CMakeFiles/cartographer.mapping.probability_values_test.dir/cartographer/mapping/probability_values_test.cc.o[0m
[286.289s] [ 91%] [32mBuilding CXX object CMakeFiles/cartographer.mapping.pose_graph_trimmer_test.dir/cartographer/mapping/pose_graph_trimmer_test.cc.o[0m
[287.403s] [ 92%] [32mBuilding CXX object CMakeFiles/cartographer.mapping.pose_graph_test.dir/cartographer/mapping/pose_graph_test.cc.o[0m
[288.502s] [ 92%] [32mBuilding CXX object CMakeFiles/cartographer.mapping.internal.3d.scan_matching.real_time_correlative_scan_matcher_3d_test.dir/cartographer/mapping/internal/3d/scan_matching/real_time_correlative_scan_matcher_3d_test.cc.o[0m
[294.955s] [ 92%] [32m[1mLinking CXX executable cartographer.mapping.submaps_test[0m
[295.486s] [ 92%] Built target cartographer.mapping.submaps_test
[296.563s] [ 92%] [32m[1mLinking CXX executable cartographer.mapping.probability_values_test[0m
[296.983s] [ 92%] Built target cartographer.mapping.probability_values_test
[299.058s] [ 92%] [32m[1mLinking CXX executable cartographer.mapping.trajectory_node_test[0m
[299.318s] [ 92%] [32m[1mLinking CXX executable cartographer.mapping.pose_graph_trimmer_test[0m
[299.466s] [ 92%] Built target cartographer.mapping.trajectory_node_test
[299.578s] [ 92%] [32m[1mLinking CXX executable cartographer.sensor.internal.ordered_multi_queue_test[0m
[299.695s] [ 92%] Built target cartographer.mapping.pose_graph_trimmer_test
[299.982s] [ 92%] Built target cartographer.sensor.internal.ordered_multi_queue_test
[300.316s] [ 92%] [32m[1mLinking CXX executable cartographer.mapping.pose_graph_test[0m
[300.835s] [ 92%] Built target cartographer.mapping.pose_graph_test
[301.066s] [ 92%] [32m[1mLinking CXX executable cartographer.sensor.internal.collator_test[0m
[301.263s] [ 92%] Built target cartographer.sensor.internal.collator_test
[304.312s] [ 92%] [32m[1mLinking CXX executable cartographer.mapping.internal.3d.scan_matching.real_time_correlative_scan_matcher_3d_test[0m
[304.532s] [ 92%] Built target cartographer.mapping.internal.3d.scan_matching.real_time_correlative_scan_matcher_3d_test
[304.561s] [ 92%] [32mBuilding CXX object CMakeFiles/cartographer.transform.rigid_transform_test.dir/cartographer/transform/rigid_transform_test.cc.o[0m
[317.651s] [ 93%] [32m[1mLinking CXX executable cartographer.transform.rigid_transform_test[0m
[317.824s] [ 93%] Built target cartographer.transform.rigid_transform_test
[317.854s] [ 93%] [32mBuilding CXX object CMakeFiles/cartographer.transform.timestamped_transform_test.dir/cartographer/transform/timestamped_transform_test.cc.o[0m
[318.871s] [ 93%] [32mBuilding CXX object CMakeFiles/cartographer.transform.transform_interpolation_buffer_test.dir/cartographer/transform/transform_interpolation_buffer_test.cc.o[0m
[319.890s] [ 93%] [32mBuilding CXX object CMakeFiles/cartographer.sensor.range_data_test.dir/cartographer/sensor/range_data_test.cc.o[0m
[319.909s] [ 93%] [32mBuilding CXX object CMakeFiles/cartographer.sensor.point_cloud_test.dir/cartographer/sensor/point_cloud_test.cc.o[0m
[320.928s] [ 94%] [32mBuilding CXX object CMakeFiles/cartographer.sensor.map_by_time_test.dir/cartographer/sensor/map_by_time_test.cc.o[0m
[322.038s] [ 94%] [32mBuilding CXX object CMakeFiles/cartographer.sensor.landmark_data_test.dir/cartographer/sensor/landmark_data_test.cc.o[0m
[323.155s] [ 95%] [32mBuilding CXX object CMakeFiles/cartographer.sensor.internal.voxel_filter_test.dir/cartographer/sensor/internal/voxel_filter_test.cc.o[0m
[326.230s] [ 95%] [32m[1mLinking CXX executable cartographer.sensor.map_by_time_test[0m
[326.626s] [ 95%] Built target cartographer.sensor.map_by_time_test
[328.014s] [ 95%] [32m[1mLinking CXX executable cartographer.transform.timestamped_transform_test[0m
[328.466s] [ 95%] Built target cartographer.transform.timestamped_transform_test
[329.126s] [ 95%] [32m[1mLinking CXX executable cartographer.sensor.range_data_test[0m
[329.522s] [ 95%] Built target cartographer.sensor.range_data_test
[329.716s] [ 96%] [32m[1mLinking CXX executable cartographer.transform.transform_interpolation_buffer_test[0m
[330.014s] [ 96%] Built target cartographer.transform.transform_interpolation_buffer_test
[330.897s] [ 97%] [32m[1mLinking CXX executable cartographer.sensor.point_cloud_test[0m
[331.122s] [ 97%] Built target cartographer.sensor.point_cloud_test
[333.378s] [ 97%] [32m[1mLinking CXX executable cartographer.sensor.internal.voxel_filter_test[0m
[333.621s] [ 97%] Built target cartographer.sensor.internal.voxel_filter_test
[335.678s] [ 97%] [32m[1mLinking CXX executable cartographer.sensor.landmark_data_test[0m
[335.909s] [ 97%] Built target cartographer.sensor.landmark_data_test
[335.941s] [ 97%] [32mBuilding CXX object CMakeFiles/cartographer.transform.transform_test.dir/cartographer/transform/transform_test.cc.o[0m
[345.385s] [ 97%] [32m[1mLinking CXX executable cartographer.transform.transform_test[0m
[345.850s] [ 97%] Built target cartographer.transform.transform_test
[345.990s] [ 97%] [32mBuilding CXX object CMakeFiles/cartographer.sensor.internal.trajectory_collator_test.dir/cartographer/sensor/internal/trajectory_collator_test.cc.o[0m
[346.006s] [ 97%] [32mBuilding CXX object CMakeFiles/cartographer.mapping.internal.3d.scan_matching.precomputation_grid_3d_test.dir/cartographer/mapping/internal/3d/scan_matching/precomputation_grid_3d_test.cc.o[0m
[346.010s] [ 97%] [32mBuilding CXX object CMakeFiles/cartographer.mapping.internal.3d.scan_matching.interpolated_grid_test.dir/cartographer/mapping/internal/3d/scan_matching/interpolated_grid_test.cc.o[0m
[356.201s] [ 98%] [32m[1mLinking CXX executable cartographer.mapping.internal.3d.scan_matching.precomputation_grid_3d_test[0m
[356.378s] [ 98%] [32m[1mLinking CXX executable cartographer.mapping.internal.3d.scan_matching.interpolated_grid_test[0m
[356.502s] [ 98%] Built target cartographer.mapping.internal.3d.scan_matching.precomputation_grid_3d_test
[356.634s] [ 98%] Built target cartographer.mapping.internal.3d.scan_matching.interpolated_grid_test
[356.921s] [ 98%] [32m[1mLinking CXX executable cartographer.sensor.internal.trajectory_collator_test[0m
[357.137s] [ 98%] Built target cartographer.sensor.internal.trajectory_collator_test
[357.176s] [ 98%] [32mBuilding CXX object CMakeFiles/cartographer.mapping.internal.3d.scan_matching.intensity_cost_function_3d_test.dir/cartographer/mapping/internal/3d/scan_matching/intensity_cost_function_3d_test.cc.o[0m
[365.602s] [100%] [32m[1mLinking CXX executable cartographer.mapping.internal.3d.scan_matching.intensity_cost_function_3d_test[0m
[365.804s] [100%] Built target cartographer.mapping.internal.3d.scan_matching.intensity_cost_function_3d_test
[365.843s] [100%] [32mBuilding CXX object CMakeFiles/cartographer.mapping.internal.3d.scan_matching.fast_correlative_scan_matcher_3d_test.dir/cartographer/mapping/internal/3d/scan_matching/fast_correlative_scan_matcher_3d_test.cc.o[0m
[377.449s] [100%] [32m[1mLinking CXX executable cartographer.mapping.internal.3d.scan_matching.fast_correlative_scan_matcher_3d_test[0m
[377.682s] [100%] Built target cartographer.mapping.internal.3d.scan_matching.fast_correlative_scan_matcher_3d_test
[377.703s] Invoked command in '/home/agx/cthree/slam/nav2fishbot/build/cartographer' returned '0': CMAKE_PREFIX_PATH=${CMAKE_PREFIX_PATH}:/opt/ros/humble /usr/bin/cmake --build /home/agx/cthree/slam/nav2fishbot/build/cartographer -- -j12 -l12
[377.706s] Invoking command in '/home/agx/cthree/slam/nav2fishbot/build/cartographer': CMAKE_PREFIX_PATH=${CMAKE_PREFIX_PATH}:/opt/ros/humble /usr/bin/cmake --install /home/agx/cthree/slam/nav2fishbot/build/cartographer
[377.718s] -- Install configuration: "Release"
[377.718s] -- Installing: /home/agx/cthree/slam/nav2fishbot/install/cartographer/share/cartographer/package.xml
[377.719s] -- Installing: /home/agx/cthree/slam/nav2fishbot/install/cartographer/share/cartographer//configuration_files
[377.719s] -- Installing: /home/agx/cthree/slam/nav2fishbot/install/cartographer/share/cartographer//configuration_files/trajectory_builder_2d.lua
[377.719s] -- Installing: /home/agx/cthree/slam/nav2fishbot/install/cartographer/share/cartographer//configuration_files/map_builder.lua
[377.719s] -- Installing: /home/agx/cthree/slam/nav2fishbot/install/cartographer/share/cartographer//configuration_files/trajectory_builder_3d.lua
[377.720s] -- Installing: /home/agx/cthree/slam/nav2fishbot/install/cartographer/share/cartographer//configuration_files/map_builder_server.lua
[377.720s] -- Installing: /home/agx/cthree/slam/nav2fishbot/install/cartographer/share/cartographer//configuration_files/pose_graph.lua
[377.720s] -- Installing: /home/agx/cthree/slam/nav2fishbot/install/cartographer/share/cartographer//configuration_files/trajectory_builder.lua
[377.720s] -- Installing: /home/agx/cthree/slam/nav2fishbot/install/cartographer/share/cartographer//cmake
[377.720s] -- Installing: /home/agx/cthree/slam/nav2fishbot/install/cartographer/share/cartographer//cmake/functions.cmake
[377.720s] -- Installing: /home/agx/cthree/slam/nav2fishbot/install/cartographer/share/cartographer//cmake/modules
[377.720s] -- Installing: /home/agx/cthree/slam/nav2fishbot/install/cartographer/share/cartographer//cmake/modules/FindLuaGoogle.cmake
[377.721s] -- Installing: /home/agx/cthree/slam/nav2fishbot/install/cartographer/share/cartographer//cmake/modules/FindEigen3.cmake
[377.721s] -- Installing: /home/agx/cthree/slam/nav2fishbot/install/cartographer/share/cartographer//cmake/modules/FindSphinx.cmake
[377.721s] -- Installing: /home/agx/cthree/slam/nav2fishbot/install/cartographer/share/cartographer//cmake/modules/FindGMock.cmake
[377.721s] -- Installing: /home/agx/cthree/slam/nav2fishbot/install/cartographer/bin/cartographer_autogenerate_ground_truth
[377.724s] -- Installing: /home/agx/cthree/slam/nav2fishbot/install/cartographer/bin/cartographer_compute_relations_metrics
[377.726s] -- Installing: /home/agx/cthree/slam/nav2fishbot/install/cartographer/bin/cartographer_pbstream
[377.731s] -- Installing: /home/agx/cthree/slam/nav2fishbot/install/cartographer/bin/cartographer_print_configuration
[377.731s] -- Installing: /home/agx/cthree/slam/nav2fishbot/install/cartographer/lib/libcartographer.a
[377.745s] -- Installing: /home/agx/cthree/slam/nav2fishbot/install/cartographer/include/cartographer/common/configuration_file_resolver.h
[377.746s] -- Installing: /home/agx/cthree/slam/nav2fishbot/install/cartographer/include/cartographer/common/fixed_ratio_sampler.h
[377.746s] -- Installing: /home/agx/cthree/slam/nav2fishbot/install/cartographer/include/cartographer/common/histogram.h
[377.746s] -- Installing: /home/agx/cthree/slam/nav2fishbot/install/cartographer/include/cartographer/common/lua.h
[377.746s] -- Installing: /home/agx/cthree/slam/nav2fishbot/install/cartographer/include/cartographer/common/lua_parameter_dictionary.h
[377.746s] -- Installing: /home/agx/cthree/slam/nav2fishbot/install/cartographer/include/cartographer/common/math.h
[377.746s] -- Installing: /home/agx/cthree/slam/nav2fishbot/install/cartographer/include/cartographer/common/port.h
[377.746s] -- Installing: /home/agx/cthree/slam/nav2fishbot/install/cartographer/include/cartographer/common/task.h
[377.747s] -- Installing: /home/agx/cthree/slam/nav2fishbot/install/cartographer/include/cartographer/common/thread_pool.h
[377.747s] -- Installing: /home/agx/cthree/slam/nav2fishbot/install/cartographer/include/cartographer/common/time.h
[377.747s] -- Installing: /home/agx/cthree/slam/nav2fishbot/install/cartographer/include/cartographer/ground_truth/autogenerate_ground_truth.h
[377.747s] -- Installing: /home/agx/cthree/slam/nav2fishbot/install/cartographer/include/cartographer/ground_truth/relations_text_file.h
[377.747s] -- Installing: /home/agx/cthree/slam/nav2fishbot/install/cartographer/include/cartographer/io/color.h
[377.748s] -- Installing: /home/agx/cthree/slam/nav2fishbot/install/cartographer/include/cartographer/io/coloring_points_processor.h
[377.748s] -- Installing: /home/agx/cthree/slam/nav2fishbot/install/cartographer/include/cartographer/io/counting_points_processor.h
[377.748s] -- Installing: /home/agx/cthree/slam/nav2fishbot/install/cartographer/include/cartographer/io/draw_trajectories.h
[377.748s] -- Installing: /home/agx/cthree/slam/nav2fishbot/install/cartographer/include/cartographer/io/file_writer.h
[377.748s] -- Installing: /home/agx/cthree/slam/nav2fishbot/install/cartographer/include/cartographer/io/fixed_ratio_sampling_points_processor.h
[377.749s] -- Installing: /home/agx/cthree/slam/nav2fishbot/install/cartographer/include/cartographer/io/frame_id_filtering_points_processor.h
[377.749s] -- Installing: /home/agx/cthree/slam/nav2fishbot/install/cartographer/include/cartographer/io/hybrid_grid_points_processor.h
[377.749s] -- Installing: /home/agx/cthree/slam/nav2fishbot/install/cartographer/include/cartographer/io/image.h
[377.749s] -- Installing: /home/agx/cthree/slam/nav2fishbot/install/cartographer/include/cartographer/io/intensity_to_color_points_processor.h
[377.749s] -- Installing: /home/agx/cthree/slam/nav2fishbot/install/cartographer/include/cartographer/io/min_max_range_filtering_points_processor.h
[377.749s] -- Installing: /home/agx/cthree/slam/nav2fishbot/install/cartographer/include/cartographer/io/null_points_processor.h
[377.750s] -- Installing: /home/agx/cthree/slam/nav2fishbot/install/cartographer/include/cartographer/io/outlier_removing_points_processor.h
[377.750s] -- Installing: /home/agx/cthree/slam/nav2fishbot/install/cartographer/include/cartographer/io/pcd_writing_points_processor.h
[377.750s] -- Installing: /home/agx/cthree/slam/nav2fishbot/install/cartographer/include/cartographer/io/ply_writing_points_processor.h
[377.750s] -- Installing: /home/agx/cthree/slam/nav2fishbot/install/cartographer/include/cartographer/io/points_batch.h
[377.751s] -- Installing: /home/agx/cthree/slam/nav2fishbot/install/cartographer/include/cartographer/io/points_processor.h
[377.751s] -- Installing: /home/agx/cthree/slam/nav2fishbot/install/cartographer/include/cartographer/io/points_processor_pipeline_builder.h
[377.751s] -- Installing: /home/agx/cthree/slam/nav2fishbot/install/cartographer/include/cartographer/io/probability_grid_points_processor.h
[377.751s] -- Installing: /home/agx/cthree/slam/nav2fishbot/install/cartographer/include/cartographer/io/proto_stream.h
[377.751s] -- Installing: /home/agx/cthree/slam/nav2fishbot/install/cartographer/include/cartographer/io/proto_stream_deserializer.h
[377.751s] -- Installing: /home/agx/cthree/slam/nav2fishbot/install/cartographer/include/cartographer/io/proto_stream_interface.h
[377.752s] -- Installing: /home/agx/cthree/slam/nav2fishbot/install/cartographer/include/cartographer/io/serialization_format_migration.h
[377.752s] -- Installing: /home/agx/cthree/slam/nav2fishbot/install/cartographer/include/cartographer/io/submap_painter.h
[377.752s] -- Installing: /home/agx/cthree/slam/nav2fishbot/install/cartographer/include/cartographer/io/vertical_range_filtering_points_processor.h
[377.752s] -- Installing: /home/agx/cthree/slam/nav2fishbot/install/cartographer/include/cartographer/io/xray_points_processor.h
[377.752s] -- Installing: /home/agx/cthree/slam/nav2fishbot/install/cartographer/include/cartographer/io/xyz_writing_points_processor.h
[377.753s] -- Installing: /home/agx/cthree/slam/nav2fishbot/install/cartographer/include/cartographer/mapping/2d/grid_2d.h
[377.753s] -- Installing: /home/agx/cthree/slam/nav2fishbot/install/cartographer/include/cartographer/mapping/2d/map_limits.h
[377.753s] -- Installing: /home/agx/cthree/slam/nav2fishbot/install/cartographer/include/cartographer/mapping/2d/probability_grid.h
[377.753s] -- Installing: /home/agx/cthree/slam/nav2fishbot/install/cartographer/include/cartographer/mapping/2d/probability_grid_range_data_inserter_2d.h
[377.753s] -- Installing: /home/agx/cthree/slam/nav2fishbot/install/cartographer/include/cartographer/mapping/2d/submap_2d.h
[377.754s] -- Installing: /home/agx/cthree/slam/nav2fishbot/install/cartographer/include/cartographer/mapping/2d/xy_index.h
[377.754s] -- Installing: /home/agx/cthree/slam/nav2fishbot/install/cartographer/include/cartographer/mapping/3d/hybrid_grid.h
[377.754s] -- Installing: /home/agx/cthree/slam/nav2fishbot/install/cartographer/include/cartographer/mapping/3d/range_data_inserter_3d.h
[377.754s] -- Installing: /home/agx/cthree/slam/nav2fishbot/install/cartographer/include/cartographer/mapping/3d/submap_3d.h
[377.754s] -- Installing: /home/agx/cthree/slam/nav2fishbot/install/cartographer/include/cartographer/mapping/detect_floors.h
[377.755s] -- Installing: /home/agx/cthree/slam/nav2fishbot/install/cartographer/include/cartographer/mapping/grid_interface.h
[377.755s] -- Installing: /home/agx/cthree/slam/nav2fishbot/install/cartographer/include/cartographer/mapping/id.h
[377.755s] -- Installing: /home/agx/cthree/slam/nav2fishbot/install/cartographer/include/cartographer/mapping/imu_tracker.h
[377.755s] -- Installing: /home/agx/cthree/slam/nav2fishbot/install/cartographer/include/cartographer/mapping/map_builder.h
[377.755s] -- Installing: /home/agx/cthree/slam/nav2fishbot/install/cartographer/include/cartographer/mapping/map_builder_interface.h
[377.756s] -- Installing: /home/agx/cthree/slam/nav2fishbot/install/cartographer/include/cartographer/mapping/pose_extrapolator.h
[377.756s] -- Installing: /home/agx/cthree/slam/nav2fishbot/install/cartographer/include/cartographer/mapping/pose_extrapolator_interface.h
[377.756s] -- Installing: /home/agx/cthree/slam/nav2fishbot/install/cartographer/include/cartographer/mapping/pose_graph.h
[377.756s] -- Installing: /home/agx/cthree/slam/nav2fishbot/install/cartographer/include/cartographer/mapping/pose_graph_interface.h
[377.756s] -- Installing: /home/agx/cthree/slam/nav2fishbot/install/cartographer/include/cartographer/mapping/pose_graph_trimmer.h
[377.756s] -- Installing: /home/agx/cthree/slam/nav2fishbot/install/cartographer/include/cartographer/mapping/probability_values.h
[377.757s] -- Installing: /home/agx/cthree/slam/nav2fishbot/install/cartographer/include/cartographer/mapping/range_data_inserter_interface.h
[377.757s] -- Installing: /home/agx/cthree/slam/nav2fishbot/install/cartographer/include/cartographer/mapping/submaps.h
[377.757s] -- Installing: /home/agx/cthree/slam/nav2fishbot/install/cartographer/include/cartographer/mapping/trajectory_builder_interface.h
[377.757s] -- Installing: /home/agx/cthree/slam/nav2fishbot/install/cartographer/include/cartographer/mapping/trajectory_node.h
[377.757s] -- Installing: /home/agx/cthree/slam/nav2fishbot/install/cartographer/include/cartographer/mapping/value_conversion_tables.h
[377.758s] -- Installing: /home/agx/cthree/slam/nav2fishbot/install/cartographer/include/cartographer/metrics/counter.h
[377.758s] -- Installing: /home/agx/cthree/slam/nav2fishbot/install/cartographer/include/cartographer/metrics/family_factory.h
[377.758s] -- Installing: /home/agx/cthree/slam/nav2fishbot/install/cartographer/include/cartographer/metrics/gauge.h
[377.758s] -- Installing: /home/agx/cthree/slam/nav2fishbot/install/cartographer/include/cartographer/metrics/histogram.h
[377.758s] -- Installing: /home/agx/cthree/slam/nav2fishbot/install/cartographer/include/cartographer/metrics/register.h
[377.759s] -- Installing: /home/agx/cthree/slam/nav2fishbot/install/cartographer/include/cartographer/sensor/collator_interface.h
[377.759s] -- Installing: /home/agx/cthree/slam/nav2fishbot/install/cartographer/include/cartographer/sensor/compressed_point_cloud.h
[377.759s] -- Installing: /home/agx/cthree/slam/nav2fishbot/install/cartographer/include/cartographer/sensor/data.h
[377.759s] -- Installing: /home/agx/cthree/slam/nav2fishbot/install/cartographer/include/cartographer/sensor/fixed_frame_pose_data.h
[377.759s] -- Installing: /home/agx/cthree/slam/nav2fishbot/install/cartographer/include/cartographer/sensor/imu_data.h
[377.759s] -- Installing: /home/agx/cthree/slam/nav2fishbot/install/cartographer/include/cartographer/sensor/landmark_data.h
[377.760s] -- Installing: /home/agx/cthree/slam/nav2fishbot/install/cartographer/include/cartographer/sensor/map_by_time.h
[377.760s] -- Installing: /home/agx/cthree/slam/nav2fishbot/install/cartographer/include/cartographer/sensor/odometry_data.h
[377.760s] -- Installing: /home/agx/cthree/slam/nav2fishbot/install/cartographer/include/cartographer/sensor/point_cloud.h
[377.760s] -- Installing: /home/agx/cthree/slam/nav2fishbot/install/cartographer/include/cartographer/sensor/range_data.h
[377.760s] -- Installing: /home/agx/cthree/slam/nav2fishbot/install/cartographer/include/cartographer/sensor/rangefinder_point.h
[377.761s] -- Installing: /home/agx/cthree/slam/nav2fishbot/install/cartographer/include/cartographer/sensor/timed_point_cloud_data.h
[377.761s] -- Installing: /home/agx/cthree/slam/nav2fishbot/install/cartographer/include/cartographer/transform/rigid_transform.h
[377.761s] -- Installing: /home/agx/cthree/slam/nav2fishbot/install/cartographer/include/cartographer/transform/timestamped_transform.h
[377.761s] -- Installing: /home/agx/cthree/slam/nav2fishbot/install/cartographer/include/cartographer/transform/transform.h
[377.761s] -- Installing: /home/agx/cthree/slam/nav2fishbot/install/cartographer/include/cartographer/transform/transform_interpolation_buffer.h
[377.762s] -- Installing: /home/agx/cthree/slam/nav2fishbot/install/cartographer/include/cartographer/io/fake_file_writer.h
[377.762s] -- Installing: /home/agx/cthree/slam/nav2fishbot/install/cartographer/include/cartographer/transform/rigid_transform_test_helpers.h
[377.762s] -- Installing: /home/agx/cthree/slam/nav2fishbot/install/cartographer/include/cartographer/common/proto/ceres_solver_options.pb.h
[377.762s] -- Installing: /home/agx/cthree/slam/nav2fishbot/install/cartographer/include/cartographer/ground_truth/proto/relations.pb.h
[377.763s] -- Installing: /home/agx/cthree/slam/nav2fishbot/install/cartographer/include/cartographer/mapping/proto/cell_limits_2d.pb.h
[377.763s] -- Installing: /home/agx/cthree/slam/nav2fishbot/install/cartographer/include/cartographer/mapping/proto/connected_components.pb.h
[377.763s] -- Installing: /home/agx/cthree/slam/nav2fishbot/install/cartographer/include/cartographer/mapping/proto/grid_2d.pb.h
[377.763s] -- Installing: /home/agx/cthree/slam/nav2fishbot/install/cartographer/include/cartographer/mapping/proto/grid_2d_options.pb.h
[377.764s] -- Installing: /home/agx/cthree/slam/nav2fishbot/install/cartographer/include/cartographer/mapping/proto/hybrid_grid.pb.h
[377.764s] -- Installing: /home/agx/cthree/slam/nav2fishbot/install/cartographer/include/cartographer/mapping/proto/local_trajectory_builder_options_2d.pb.h
[377.764s] -- Installing: /home/agx/cthree/slam/nav2fishbot/install/cartographer/include/cartographer/mapping/proto/local_trajectory_builder_options_3d.pb.h
[377.764s] -- Installing: /home/agx/cthree/slam/nav2fishbot/install/cartographer/include/cartographer/mapping/proto/map_builder_options.pb.h
[377.765s] -- Installing: /home/agx/cthree/slam/nav2fishbot/install/cartographer/include/cartographer/mapping/proto/map_limits.pb.h
[377.765s] -- Installing: /home/agx/cthree/slam/nav2fishbot/install/cartographer/include/cartographer/mapping/proto/motion_filter_options.pb.h
[377.765s] -- Installing: /home/agx/cthree/slam/nav2fishbot/install/cartographer/include/cartographer/mapping/proto/normal_estimation_options_2d.pb.h
[377.765s] -- Installing: /home/agx/cthree/slam/nav2fishbot/install/cartographer/include/cartographer/mapping/proto/pose_extrapolator_options.pb.h
[377.765s] -- Installing: /home/agx/cthree/slam/nav2fishbot/install/cartographer/include/cartographer/mapping/proto/pose_graph.pb.h
[377.766s] -- Installing: /home/agx/cthree/slam/nav2fishbot/install/cartographer/include/cartographer/mapping/proto/pose_graph/constraint_builder_options.pb.h
[377.766s] -- Installing: /home/agx/cthree/slam/nav2fishbot/install/cartographer/include/cartographer/mapping/proto/pose_graph/optimization_problem_options.pb.h
[377.766s] -- Installing: /home/agx/cthree/slam/nav2fishbot/install/cartographer/include/cartographer/mapping/proto/pose_graph_options.pb.h
[377.767s] -- Installing: /home/agx/cthree/slam/nav2fishbot/install/cartographer/include/cartographer/mapping/proto/probability_grid.pb.h
[377.767s] -- Installing: /home/agx/cthree/slam/nav2fishbot/install/cartographer/include/cartographer/mapping/proto/probability_grid_range_data_inserter_options_2d.pb.h
[377.767s] -- Installing: /home/agx/cthree/slam/nav2fishbot/install/cartographer/include/cartographer/mapping/proto/range_data_inserter_options.pb.h
[377.767s] -- Installing: /home/agx/cthree/slam/nav2fishbot/install/cartographer/include/cartographer/mapping/proto/range_data_inserter_options_3d.pb.h
[377.767s] -- Installing: /home/agx/cthree/slam/nav2fishbot/install/cartographer/include/cartographer/mapping/proto/scan_matching/ceres_scan_matcher_options_2d.pb.h
[377.768s] -- Installing: /home/agx/cthree/slam/nav2fishbot/install/cartographer/include/cartographer/mapping/proto/scan_matching/ceres_scan_matcher_options_3d.pb.h
[377.768s] -- Installing: /home/agx/cthree/slam/nav2fishbot/install/cartographer/include/cartographer/mapping/proto/scan_matching/fast_correlative_scan_matcher_options_2d.pb.h
[377.768s] -- Installing: /home/agx/cthree/slam/nav2fishbot/install/cartographer/include/cartographer/mapping/proto/scan_matching/fast_correlative_scan_matcher_options_3d.pb.h
[377.769s] -- Installing: /home/agx/cthree/slam/nav2fishbot/install/cartographer/include/cartographer/mapping/proto/scan_matching/real_time_correlative_scan_matcher_options.pb.h
[377.769s] -- Installing: /home/agx/cthree/slam/nav2fishbot/install/cartographer/include/cartographer/mapping/proto/serialization.pb.h
[377.769s] -- Installing: /home/agx/cthree/slam/nav2fishbot/install/cartographer/include/cartographer/mapping/proto/submap.pb.h
[377.769s] -- Installing: /home/agx/cthree/slam/nav2fishbot/install/cartographer/include/cartographer/mapping/proto/submap_visualization.pb.h
[377.770s] -- Installing: /home/agx/cthree/slam/nav2fishbot/install/cartographer/include/cartographer/mapping/proto/submaps_options_2d.pb.h
[377.770s] -- Installing: /home/agx/cthree/slam/nav2fishbot/install/cartographer/include/cartographer/mapping/proto/submaps_options_3d.pb.h
[377.770s] -- Installing: /home/agx/cthree/slam/nav2fishbot/install/cartographer/include/cartographer/mapping/proto/trajectory.pb.h
[377.770s] -- Installing: /home/agx/cthree/slam/nav2fishbot/install/cartographer/include/cartographer/mapping/proto/trajectory_builder_options.pb.h
[377.771s] -- Installing: /home/agx/cthree/slam/nav2fishbot/install/cartographer/include/cartographer/mapping/proto/trajectory_node_data.pb.h
[377.771s] -- Installing: /home/agx/cthree/slam/nav2fishbot/install/cartographer/include/cartographer/mapping/proto/tsdf_2d.pb.h
[377.771s] -- Installing: /home/agx/cthree/slam/nav2fishbot/install/cartographer/include/cartographer/mapping/proto/tsdf_range_data_inserter_options_2d.pb.h
[377.772s] -- Installing: /home/agx/cthree/slam/nav2fishbot/install/cartographer/include/cartographer/sensor/proto/adaptive_voxel_filter_options.pb.h
[377.772s] -- Installing: /home/agx/cthree/slam/nav2fishbot/install/cartographer/include/cartographer/sensor/proto/sensor.pb.h
[377.772s] -- Installing: /home/agx/cthree/slam/nav2fishbot/install/cartographer/include/cartographer/transform/proto/timestamped_transform.pb.h
[377.772s] -- Installing: /home/agx/cthree/slam/nav2fishbot/install/cartographer/include/cartographer/transform/proto/transform.pb.h
[377.773s] -- Installing: /home/agx/cthree/slam/nav2fishbot/install/cartographer/share/cartographer/cmake/CartographerTargets.cmake
[377.773s] -- Installing: /home/agx/cthree/slam/nav2fishbot/install/cartographer/share/cartographer/cmake/CartographerTargets-release.cmake
[377.773s] -- Installing: /home/agx/cthree/slam/nav2fishbot/install/cartographer/share/cartographer/cartographer-config.cmake
[377.777s] Invoked command in '/home/agx/cthree/slam/nav2fishbot/build/cartographer' returned '0': CMAKE_PREFIX_PATH=${CMAKE_PREFIX_PATH}:/opt/ros/humble /usr/bin/cmake --install /home/agx/cthree/slam/nav2fishbot/build/cartographer
