[0.015s] Invoking command in '/home/agx/cthree/slam/cam_ws/build/realsense2_camera_msgs': CMAKE_PREFIX_PATH=/opt/ros/humble /usr/bin/cmake --build /home/agx/cthree/slam/cam_ws/build/realsense2_camera_msgs -- -j12 -l12
[0.076s] [35m[1mConsolidate compiler generated dependencies of target realsense2_camera_msgs__rosidl_generator_c[0m
[0.092s] [  1%] Built target realsense2_camera_msgs__cpp
[0.096s] [ 12%] Built target realsense2_camera_msgs__rosidl_generator_c
[0.106s] [ 12%] Built target ament_cmake_python_symlink_realsense2_camera_msgs
[0.107s] [35m[1mConsolidate compiler generated dependencies of target realsense2_camera_msgs__rosidl_typesupport_introspection_cpp[0m
[0.107s] [35m[1mConsolidate compiler generated dependencies of target realsense2_camera_msgs__rosidl_typesupport_fastrtps_cpp[0m
[0.109s] [35m[1mConsolidate compiler generated dependencies of target realsense2_camera_msgs__rosidl_typesupport_cpp[0m
[0.110s] [35m[1mConsolidate compiler generated dependencies of target realsense2_camera_msgs__rosidl_typesupport_c[0m
[0.110s] [35m[1mConsolidate compiler generated dependencies of target realsense2_camera_msgs__rosidl_typesupport_introspection_c[0m
[0.112s] [35m[1mConsolidate compiler generated dependencies of target realsense2_camera_msgs__rosidl_typesupport_fastrtps_c[0m
[0.128s] [ 23%] Built target realsense2_camera_msgs__rosidl_typesupport_c
[0.128s] [ 34%] Built target realsense2_camera_msgs__rosidl_typesupport_introspection_cpp
[0.129s] [ 45%] Built target realsense2_camera_msgs__rosidl_typesupport_introspection_c
[0.131s] [ 56%] Built target realsense2_camera_msgs__rosidl_typesupport_cpp
[0.134s] [ 76%] Built target realsense2_camera_msgs__rosidl_typesupport_fastrtps_c
[0.134s] [ 78%] Built target realsense2_camera_msgs__rosidl_typesupport_fastrtps_cpp
[0.170s] [ 78%] Built target realsense2_camera_msgs
[0.206s] [ 80%] Built target realsense2_camera_msgs__py
[0.224s] [35m[1mConsolidate compiler generated dependencies of target realsense2_camera_msgs__rosidl_generator_py[0m
[0.251s] [ 89%] Built target realsense2_camera_msgs__rosidl_generator_py
[0.267s] [35m[1mConsolidate compiler generated dependencies of target realsense2_camera_msgs__rosidl_typesupport_fastrtps_c__pyext[0m
[0.267s] [35m[1mConsolidate compiler generated dependencies of target realsense2_camera_msgs__rosidl_typesupport_c__pyext[0m
[0.268s] [35m[1mConsolidate compiler generated dependencies of target realsense2_camera_msgs__rosidl_typesupport_introspection_c__pyext[0m
[0.285s] [ 92%] Built target realsense2_camera_msgs__rosidl_typesupport_fastrtps_c__pyext
[0.286s] [ 96%] Built target realsense2_camera_msgs__rosidl_typesupport_c__pyext
[0.287s] [100%] Built target realsense2_camera_msgs__rosidl_typesupport_introspection_c__pyext
[0.483s] running egg_info
[0.484s] writing realsense2_camera_msgs.egg-info/PKG-INFO
[0.485s] writing dependency_links to realsense2_camera_msgs.egg-info/dependency_links.txt
[0.485s] writing top-level names to realsense2_camera_msgs.egg-info/top_level.txt
[0.489s] reading manifest file 'realsense2_camera_msgs.egg-info/SOURCES.txt'
[0.489s] writing manifest file 'realsense2_camera_msgs.egg-info/SOURCES.txt'
[0.541s] [100%] Built target ament_cmake_python_build_realsense2_camera_msgs_egg
[0.565s] Invoked command in '/home/agx/cthree/slam/cam_ws/build/realsense2_camera_msgs' returned '0': CMAKE_PREFIX_PATH=/opt/ros/humble /usr/bin/cmake --build /home/agx/cthree/slam/cam_ws/build/realsense2_camera_msgs -- -j12 -l12
[0.584s] Invoking command in '/home/agx/cthree/slam/cam_ws/build/realsense2_camera_msgs': CMAKE_PREFIX_PATH=/opt/ros/humble /usr/bin/cmake --install /home/agx/cthree/slam/cam_ws/build/realsense2_camera_msgs
[0.596s] -- Install configuration: ""
[0.597s] -- Execute custom install script
[0.598s] -- Up-to-date symlink: /home/agx/cthree/slam/cam_ws/install/realsense2_camera_msgs/share/ament_index/resource_index/rosidl_interfaces/realsense2_camera_msgs
[0.599s] -- Up-to-date symlink: /home/agx/cthree/slam/cam_ws/install/realsense2_camera_msgs/include/realsense2_camera_msgs/realsense2_camera_msgs/msg/detail/extrinsics__functions.h
[0.599s] -- Up-to-date symlink: /home/agx/cthree/slam/cam_ws/install/realsense2_camera_msgs/include/realsense2_camera_msgs/realsense2_camera_msgs/msg/detail/extrinsics__struct.h
[0.599s] -- Up-to-date symlink: /home/agx/cthree/slam/cam_ws/install/realsense2_camera_msgs/include/realsense2_camera_msgs/realsense2_camera_msgs/msg/detail/extrinsics__type_support.h
[0.600s] -- Up-to-date symlink: /home/agx/cthree/slam/cam_ws/install/realsense2_camera_msgs/include/realsense2_camera_msgs/realsense2_camera_msgs/msg/detail/imu_info__functions.h
[0.600s] -- Up-to-date symlink: /home/agx/cthree/slam/cam_ws/install/realsense2_camera_msgs/include/realsense2_camera_msgs/realsense2_camera_msgs/msg/detail/imu_info__struct.h
[0.600s] -- Up-to-date symlink: /home/agx/cthree/slam/cam_ws/install/realsense2_camera_msgs/include/realsense2_camera_msgs/realsense2_camera_msgs/msg/detail/imu_info__type_support.h
[0.600s] -- Up-to-date symlink: /home/agx/cthree/slam/cam_ws/install/realsense2_camera_msgs/include/realsense2_camera_msgs/realsense2_camera_msgs/msg/detail/metadata__functions.h
[0.601s] -- Up-to-date symlink: /home/agx/cthree/slam/cam_ws/install/realsense2_camera_msgs/include/realsense2_camera_msgs/realsense2_camera_msgs/msg/detail/metadata__struct.h
[0.601s] -- Up-to-date symlink: /home/agx/cthree/slam/cam_ws/install/realsense2_camera_msgs/include/realsense2_camera_msgs/realsense2_camera_msgs/msg/detail/metadata__type_support.h
[0.601s] -- Up-to-date symlink: /home/agx/cthree/slam/cam_ws/install/realsense2_camera_msgs/include/realsense2_camera_msgs/realsense2_camera_msgs/msg/extrinsics.h
[0.601s] -- Up-to-date symlink: /home/agx/cthree/slam/cam_ws/install/realsense2_camera_msgs/include/realsense2_camera_msgs/realsense2_camera_msgs/msg/imu_info.h
[0.601s] -- Up-to-date symlink: /home/agx/cthree/slam/cam_ws/install/realsense2_camera_msgs/include/realsense2_camera_msgs/realsense2_camera_msgs/msg/metadata.h
[0.602s] -- Up-to-date symlink: /home/agx/cthree/slam/cam_ws/install/realsense2_camera_msgs/include/realsense2_camera_msgs/realsense2_camera_msgs/msg/rosidl_generator_c__visibility_control.h
[0.602s] -- Up-to-date symlink: /home/agx/cthree/slam/cam_ws/install/realsense2_camera_msgs/include/realsense2_camera_msgs/realsense2_camera_msgs/srv/detail/device_info__functions.h
[0.602s] -- Up-to-date symlink: /home/agx/cthree/slam/cam_ws/install/realsense2_camera_msgs/include/realsense2_camera_msgs/realsense2_camera_msgs/srv/detail/device_info__struct.h
[0.602s] -- Up-to-date symlink: /home/agx/cthree/slam/cam_ws/install/realsense2_camera_msgs/include/realsense2_camera_msgs/realsense2_camera_msgs/srv/detail/device_info__type_support.h
[0.602s] -- Up-to-date symlink: /home/agx/cthree/slam/cam_ws/install/realsense2_camera_msgs/include/realsense2_camera_msgs/realsense2_camera_msgs/srv/device_info.h
[0.602s] -- Up-to-date symlink: /home/agx/cthree/slam/cam_ws/install/realsense2_camera_msgs/share/realsense2_camera_msgs/environment/library_path.sh
[0.602s] -- Up-to-date symlink: /home/agx/cthree/slam/cam_ws/install/realsense2_camera_msgs/share/realsense2_camera_msgs/environment/library_path.dsv
[0.603s] -- Up-to-date symlink: /home/agx/cthree/slam/cam_ws/install/realsense2_camera_msgs/include/realsense2_camera_msgs/realsense2_camera_msgs/msg/detail/extrinsics__rosidl_typesupport_fastrtps_c.h
[0.604s] -- Up-to-date symlink: /home/agx/cthree/slam/cam_ws/install/realsense2_camera_msgs/include/realsense2_camera_msgs/realsense2_camera_msgs/msg/detail/imu_info__rosidl_typesupport_fastrtps_c.h
[0.604s] -- Up-to-date symlink: /home/agx/cthree/slam/cam_ws/install/realsense2_camera_msgs/include/realsense2_camera_msgs/realsense2_camera_msgs/msg/detail/metadata__rosidl_typesupport_fastrtps_c.h
[0.604s] -- Up-to-date symlink: /home/agx/cthree/slam/cam_ws/install/realsense2_camera_msgs/include/realsense2_camera_msgs/realsense2_camera_msgs/msg/rosidl_typesupport_fastrtps_c__visibility_control.h
[0.604s] -- Up-to-date symlink: /home/agx/cthree/slam/cam_ws/install/realsense2_camera_msgs/include/realsense2_camera_msgs/realsense2_camera_msgs/srv/detail/device_info__rosidl_typesupport_fastrtps_c.h
[0.605s] -- Up-to-date symlink: /home/agx/cthree/slam/cam_ws/install/realsense2_camera_msgs/include/realsense2_camera_msgs/realsense2_camera_msgs/msg/detail/extrinsics__rosidl_typesupport_introspection_c.h
[0.605s] -- Up-to-date symlink: /home/agx/cthree/slam/cam_ws/install/realsense2_camera_msgs/include/realsense2_camera_msgs/realsense2_camera_msgs/msg/detail/imu_info__rosidl_typesupport_introspection_c.h
[0.605s] -- Up-to-date symlink: /home/agx/cthree/slam/cam_ws/install/realsense2_camera_msgs/include/realsense2_camera_msgs/realsense2_camera_msgs/msg/detail/metadata__rosidl_typesupport_introspection_c.h
[0.605s] -- Up-to-date symlink: /home/agx/cthree/slam/cam_ws/install/realsense2_camera_msgs/include/realsense2_camera_msgs/realsense2_camera_msgs/msg/rosidl_typesupport_introspection_c__visibility_control.h
[0.606s] -- Up-to-date symlink: /home/agx/cthree/slam/cam_ws/install/realsense2_camera_msgs/include/realsense2_camera_msgs/realsense2_camera_msgs/srv/detail/device_info__rosidl_typesupport_introspection_c.h
[0.607s] -- Up-to-date symlink: /home/agx/cthree/slam/cam_ws/install/realsense2_camera_msgs/include/realsense2_camera_msgs/realsense2_camera_msgs/msg/detail/extrinsics__builder.hpp
[0.607s] -- Up-to-date symlink: /home/agx/cthree/slam/cam_ws/install/realsense2_camera_msgs/include/realsense2_camera_msgs/realsense2_camera_msgs/msg/detail/extrinsics__struct.hpp
[0.607s] -- Up-to-date symlink: /home/agx/cthree/slam/cam_ws/install/realsense2_camera_msgs/include/realsense2_camera_msgs/realsense2_camera_msgs/msg/detail/extrinsics__traits.hpp
[0.607s] -- Up-to-date symlink: /home/agx/cthree/slam/cam_ws/install/realsense2_camera_msgs/include/realsense2_camera_msgs/realsense2_camera_msgs/msg/detail/extrinsics__type_support.hpp
[0.607s] -- Up-to-date symlink: /home/agx/cthree/slam/cam_ws/install/realsense2_camera_msgs/include/realsense2_camera_msgs/realsense2_camera_msgs/msg/detail/imu_info__builder.hpp
[0.608s] -- Up-to-date symlink: /home/agx/cthree/slam/cam_ws/install/realsense2_camera_msgs/include/realsense2_camera_msgs/realsense2_camera_msgs/msg/detail/imu_info__struct.hpp
[0.608s] -- Up-to-date symlink: /home/agx/cthree/slam/cam_ws/install/realsense2_camera_msgs/include/realsense2_camera_msgs/realsense2_camera_msgs/msg/detail/imu_info__traits.hpp
[0.608s] -- Up-to-date symlink: /home/agx/cthree/slam/cam_ws/install/realsense2_camera_msgs/include/realsense2_camera_msgs/realsense2_camera_msgs/msg/detail/imu_info__type_support.hpp
[0.608s] -- Up-to-date symlink: /home/agx/cthree/slam/cam_ws/install/realsense2_camera_msgs/include/realsense2_camera_msgs/realsense2_camera_msgs/msg/detail/metadata__builder.hpp
[0.609s] -- Up-to-date symlink: /home/agx/cthree/slam/cam_ws/install/realsense2_camera_msgs/include/realsense2_camera_msgs/realsense2_camera_msgs/msg/detail/metadata__struct.hpp
[0.609s] -- Up-to-date symlink: /home/agx/cthree/slam/cam_ws/install/realsense2_camera_msgs/include/realsense2_camera_msgs/realsense2_camera_msgs/msg/detail/metadata__traits.hpp
[0.609s] -- Up-to-date symlink: /home/agx/cthree/slam/cam_ws/install/realsense2_camera_msgs/include/realsense2_camera_msgs/realsense2_camera_msgs/msg/detail/metadata__type_support.hpp
[0.609s] -- Up-to-date symlink: /home/agx/cthree/slam/cam_ws/install/realsense2_camera_msgs/include/realsense2_camera_msgs/realsense2_camera_msgs/msg/extrinsics.hpp
[0.609s] -- Up-to-date symlink: /home/agx/cthree/slam/cam_ws/install/realsense2_camera_msgs/include/realsense2_camera_msgs/realsense2_camera_msgs/msg/imu_info.hpp
[0.609s] -- Up-to-date symlink: /home/agx/cthree/slam/cam_ws/install/realsense2_camera_msgs/include/realsense2_camera_msgs/realsense2_camera_msgs/msg/metadata.hpp
[0.610s] -- Up-to-date symlink: /home/agx/cthree/slam/cam_ws/install/realsense2_camera_msgs/include/realsense2_camera_msgs/realsense2_camera_msgs/msg/rosidl_generator_cpp__visibility_control.hpp
[0.610s] -- Up-to-date symlink: /home/agx/cthree/slam/cam_ws/install/realsense2_camera_msgs/include/realsense2_camera_msgs/realsense2_camera_msgs/srv/detail/device_info__builder.hpp
[0.610s] -- Up-to-date symlink: /home/agx/cthree/slam/cam_ws/install/realsense2_camera_msgs/include/realsense2_camera_msgs/realsense2_camera_msgs/srv/detail/device_info__struct.hpp
[0.610s] -- Up-to-date symlink: /home/agx/cthree/slam/cam_ws/install/realsense2_camera_msgs/include/realsense2_camera_msgs/realsense2_camera_msgs/srv/detail/device_info__traits.hpp
[0.610s] -- Up-to-date symlink: /home/agx/cthree/slam/cam_ws/install/realsense2_camera_msgs/include/realsense2_camera_msgs/realsense2_camera_msgs/srv/detail/device_info__type_support.hpp
[0.610s] -- Up-to-date symlink: /home/agx/cthree/slam/cam_ws/install/realsense2_camera_msgs/include/realsense2_camera_msgs/realsense2_camera_msgs/srv/device_info.hpp
[0.611s] -- Up-to-date symlink: /home/agx/cthree/slam/cam_ws/install/realsense2_camera_msgs/include/realsense2_camera_msgs/realsense2_camera_msgs/msg/detail/extrinsics__rosidl_typesupport_fastrtps_cpp.hpp
[0.611s] -- Up-to-date symlink: /home/agx/cthree/slam/cam_ws/install/realsense2_camera_msgs/include/realsense2_camera_msgs/realsense2_camera_msgs/msg/detail/imu_info__rosidl_typesupport_fastrtps_cpp.hpp
[0.611s] -- Up-to-date symlink: /home/agx/cthree/slam/cam_ws/install/realsense2_camera_msgs/include/realsense2_camera_msgs/realsense2_camera_msgs/msg/detail/metadata__rosidl_typesupport_fastrtps_cpp.hpp
[0.612s] -- Up-to-date symlink: /home/agx/cthree/slam/cam_ws/install/realsense2_camera_msgs/include/realsense2_camera_msgs/realsense2_camera_msgs/msg/rosidl_typesupport_fastrtps_cpp__visibility_control.h
[0.612s] -- Up-to-date symlink: /home/agx/cthree/slam/cam_ws/install/realsense2_camera_msgs/include/realsense2_camera_msgs/realsense2_camera_msgs/srv/detail/device_info__rosidl_typesupport_fastrtps_cpp.hpp
[0.612s] -- Up-to-date symlink: /home/agx/cthree/slam/cam_ws/install/realsense2_camera_msgs/include/realsense2_camera_msgs/realsense2_camera_msgs/msg/detail/extrinsics__rosidl_typesupport_introspection_cpp.hpp
[0.612s] -- Up-to-date symlink: /home/agx/cthree/slam/cam_ws/install/realsense2_camera_msgs/include/realsense2_camera_msgs/realsense2_camera_msgs/msg/detail/imu_info__rosidl_typesupport_introspection_cpp.hpp
[0.613s] -- Up-to-date symlink: /home/agx/cthree/slam/cam_ws/install/realsense2_camera_msgs/include/realsense2_camera_msgs/realsense2_camera_msgs/msg/detail/metadata__rosidl_typesupport_introspection_cpp.hpp
[0.613s] -- Up-to-date symlink: /home/agx/cthree/slam/cam_ws/install/realsense2_camera_msgs/include/realsense2_camera_msgs/realsense2_camera_msgs/srv/detail/device_info__rosidl_typesupport_introspection_cpp.hpp
[0.613s] -- Up-to-date symlink: /home/agx/cthree/slam/cam_ws/install/realsense2_camera_msgs/share/realsense2_camera_msgs/environment/pythonpath.sh
[0.613s] -- Up-to-date symlink: /home/agx/cthree/slam/cam_ws/install/realsense2_camera_msgs/share/realsense2_camera_msgs/environment/pythonpath.dsv
[0.614s] -- Up-to-date symlink: /home/agx/cthree/slam/cam_ws/install/realsense2_camera_msgs/local/lib/python3.10/dist-packages/realsense2_camera_msgs-4.54.1-py3.10.egg-info/PKG-INFO
[0.614s] -- Up-to-date symlink: /home/agx/cthree/slam/cam_ws/install/realsense2_camera_msgs/local/lib/python3.10/dist-packages/realsense2_camera_msgs-4.54.1-py3.10.egg-info/SOURCES.txt
[0.614s] -- Up-to-date symlink: /home/agx/cthree/slam/cam_ws/install/realsense2_camera_msgs/local/lib/python3.10/dist-packages/realsense2_camera_msgs-4.54.1-py3.10.egg-info/dependency_links.txt
[0.615s] -- Up-to-date symlink: /home/agx/cthree/slam/cam_ws/install/realsense2_camera_msgs/local/lib/python3.10/dist-packages/realsense2_camera_msgs-4.54.1-py3.10.egg-info/top_level.txt
[0.615s] -- Up-to-date symlink: /home/agx/cthree/slam/cam_ws/install/realsense2_camera_msgs/local/lib/python3.10/dist-packages/realsense2_camera_msgs/__init__.py
[0.616s] -- Up-to-date symlink: /home/agx/cthree/slam/cam_ws/install/realsense2_camera_msgs/local/lib/python3.10/dist-packages/realsense2_camera_msgs/_realsense2_camera_msgs_s.ep.rosidl_typesupport_c.c
[0.616s] -- Up-to-date symlink: /home/agx/cthree/slam/cam_ws/install/realsense2_camera_msgs/local/lib/python3.10/dist-packages/realsense2_camera_msgs/_realsense2_camera_msgs_s.ep.rosidl_typesupport_fastrtps_c.c
[0.616s] -- Up-to-date symlink: /home/agx/cthree/slam/cam_ws/install/realsense2_camera_msgs/local/lib/python3.10/dist-packages/realsense2_camera_msgs/_realsense2_camera_msgs_s.ep.rosidl_typesupport_introspection_c.c
[0.616s] -- Up-to-date symlink: /home/agx/cthree/slam/cam_ws/install/realsense2_camera_msgs/local/lib/python3.10/dist-packages/realsense2_camera_msgs/librealsense2_camera_msgs__rosidl_generator_py.so
[0.616s] -- Up-to-date symlink: /home/agx/cthree/slam/cam_ws/install/realsense2_camera_msgs/local/lib/python3.10/dist-packages/realsense2_camera_msgs/msg/__init__.py
[0.617s] -- Up-to-date symlink: /home/agx/cthree/slam/cam_ws/install/realsense2_camera_msgs/local/lib/python3.10/dist-packages/realsense2_camera_msgs/msg/_extrinsics.py
[0.617s] -- Up-to-date symlink: /home/agx/cthree/slam/cam_ws/install/realsense2_camera_msgs/local/lib/python3.10/dist-packages/realsense2_camera_msgs/msg/_extrinsics_s.c
[0.617s] -- Up-to-date symlink: /home/agx/cthree/slam/cam_ws/install/realsense2_camera_msgs/local/lib/python3.10/dist-packages/realsense2_camera_msgs/msg/_imu_info.py
[0.617s] -- Up-to-date symlink: /home/agx/cthree/slam/cam_ws/install/realsense2_camera_msgs/local/lib/python3.10/dist-packages/realsense2_camera_msgs/msg/_imu_info_s.c
[0.617s] -- Up-to-date symlink: /home/agx/cthree/slam/cam_ws/install/realsense2_camera_msgs/local/lib/python3.10/dist-packages/realsense2_camera_msgs/msg/_metadata.py
[0.618s] -- Up-to-date symlink: /home/agx/cthree/slam/cam_ws/install/realsense2_camera_msgs/local/lib/python3.10/dist-packages/realsense2_camera_msgs/msg/_metadata_s.c
[0.618s] -- Up-to-date symlink: /home/agx/cthree/slam/cam_ws/install/realsense2_camera_msgs/local/lib/python3.10/dist-packages/realsense2_camera_msgs/realsense2_camera_msgs_s__rosidl_typesupport_c.cpython-310-aarch64-linux-gnu.so
[0.618s] -- Up-to-date symlink: /home/agx/cthree/slam/cam_ws/install/realsense2_camera_msgs/local/lib/python3.10/dist-packages/realsense2_camera_msgs/realsense2_camera_msgs_s__rosidl_typesupport_fastrtps_c.cpython-310-aarch64-linux-gnu.so
[0.618s] -- Up-to-date symlink: /home/agx/cthree/slam/cam_ws/install/realsense2_camera_msgs/local/lib/python3.10/dist-packages/realsense2_camera_msgs/realsense2_camera_msgs_s__rosidl_typesupport_introspection_c.cpython-310-aarch64-linux-gnu.so
[0.618s] -- Up-to-date symlink: /home/agx/cthree/slam/cam_ws/install/realsense2_camera_msgs/local/lib/python3.10/dist-packages/realsense2_camera_msgs/srv/__init__.py
[0.619s] -- Up-to-date symlink: /home/agx/cthree/slam/cam_ws/install/realsense2_camera_msgs/local/lib/python3.10/dist-packages/realsense2_camera_msgs/srv/_device_info.py
[0.619s] -- Up-to-date symlink: /home/agx/cthree/slam/cam_ws/install/realsense2_camera_msgs/local/lib/python3.10/dist-packages/realsense2_camera_msgs/srv/_device_info_s.c
[0.619s] -- Up-to-date symlink: /home/agx/cthree/slam/cam_ws/install/realsense2_camera_msgs/local/lib/python3.10/dist-packages/realsense2_camera_msgs/realsense2_camera_msgs_s__rosidl_typesupport_fastrtps_c.cpython-310-aarch64-linux-gnu.so
[0.619s] -- Up-to-date symlink: /home/agx/cthree/slam/cam_ws/install/realsense2_camera_msgs/local/lib/python3.10/dist-packages/realsense2_camera_msgs/realsense2_camera_msgs_s__rosidl_typesupport_introspection_c.cpython-310-aarch64-linux-gnu.so
[0.620s] -- Up-to-date symlink: /home/agx/cthree/slam/cam_ws/install/realsense2_camera_msgs/local/lib/python3.10/dist-packages/realsense2_camera_msgs/realsense2_camera_msgs_s__rosidl_typesupport_c.cpython-310-aarch64-linux-gnu.so
[0.620s] -- Up-to-date symlink: /home/agx/cthree/slam/cam_ws/install/realsense2_camera_msgs/share/realsense2_camera_msgs/msg/IMUInfo.idl
[0.620s] -- Up-to-date symlink: /home/agx/cthree/slam/cam_ws/install/realsense2_camera_msgs/share/realsense2_camera_msgs/msg/Extrinsics.idl
[0.620s] -- Up-to-date symlink: /home/agx/cthree/slam/cam_ws/install/realsense2_camera_msgs/share/realsense2_camera_msgs/msg/Metadata.idl
[0.620s] -- Up-to-date symlink: /home/agx/cthree/slam/cam_ws/install/realsense2_camera_msgs/share/realsense2_camera_msgs/srv/DeviceInfo.idl
[0.621s] -- Up-to-date symlink: /home/agx/cthree/slam/cam_ws/install/realsense2_camera_msgs/share/realsense2_camera_msgs/msg/IMUInfo.msg
[0.621s] -- Up-to-date symlink: /home/agx/cthree/slam/cam_ws/install/realsense2_camera_msgs/share/realsense2_camera_msgs/msg/Extrinsics.msg
[0.621s] -- Up-to-date symlink: /home/agx/cthree/slam/cam_ws/install/realsense2_camera_msgs/share/realsense2_camera_msgs/msg/Metadata.msg
[0.621s] -- Up-to-date symlink: /home/agx/cthree/slam/cam_ws/install/realsense2_camera_msgs/share/realsense2_camera_msgs/srv/DeviceInfo.srv
[0.622s] -- Up-to-date symlink: /home/agx/cthree/slam/cam_ws/install/realsense2_camera_msgs/share/realsense2_camera_msgs/srv/DeviceInfo_Request.msg
[0.622s] -- Up-to-date symlink: /home/agx/cthree/slam/cam_ws/install/realsense2_camera_msgs/share/realsense2_camera_msgs/srv/DeviceInfo_Response.msg
[0.622s] -- Up-to-date symlink: /home/agx/cthree/slam/cam_ws/install/realsense2_camera_msgs/share/ament_index/resource_index/package_run_dependencies/realsense2_camera_msgs
[0.622s] -- Up-to-date symlink: /home/agx/cthree/slam/cam_ws/install/realsense2_camera_msgs/share/ament_index/resource_index/parent_prefix_path/realsense2_camera_msgs
[0.622s] -- Up-to-date symlink: /home/agx/cthree/slam/cam_ws/install/realsense2_camera_msgs/share/realsense2_camera_msgs/environment/ament_prefix_path.sh
[0.623s] -- Up-to-date symlink: /home/agx/cthree/slam/cam_ws/install/realsense2_camera_msgs/share/realsense2_camera_msgs/environment/ament_prefix_path.dsv
[0.623s] -- Up-to-date symlink: /home/agx/cthree/slam/cam_ws/install/realsense2_camera_msgs/share/realsense2_camera_msgs/environment/path.sh
[0.623s] -- Up-to-date symlink: /home/agx/cthree/slam/cam_ws/install/realsense2_camera_msgs/share/realsense2_camera_msgs/environment/path.dsv
[0.623s] -- Up-to-date symlink: /home/agx/cthree/slam/cam_ws/install/realsense2_camera_msgs/share/realsense2_camera_msgs/local_setup.bash
[0.623s] -- Up-to-date symlink: /home/agx/cthree/slam/cam_ws/install/realsense2_camera_msgs/share/realsense2_camera_msgs/local_setup.sh
[0.624s] -- Up-to-date symlink: /home/agx/cthree/slam/cam_ws/install/realsense2_camera_msgs/share/realsense2_camera_msgs/local_setup.zsh
[0.624s] -- Up-to-date symlink: /home/agx/cthree/slam/cam_ws/install/realsense2_camera_msgs/share/realsense2_camera_msgs/local_setup.dsv
[0.624s] -- Symlinking: /home/agx/cthree/slam/cam_ws/install/realsense2_camera_msgs/share/realsense2_camera_msgs/package.dsv
[0.640s] -- Up-to-date symlink: /home/agx/cthree/slam/cam_ws/install/realsense2_camera_msgs/share/ament_index/resource_index/packages/realsense2_camera_msgs
[0.640s] -- Up-to-date symlink: /home/agx/cthree/slam/cam_ws/install/realsense2_camera_msgs/share/realsense2_camera_msgs/cmake/rosidl_cmake-extras.cmake
[0.640s] -- Up-to-date symlink: /home/agx/cthree/slam/cam_ws/install/realsense2_camera_msgs/share/realsense2_camera_msgs/cmake/ament_cmake_export_dependencies-extras.cmake
[0.640s] -- Up-to-date symlink: /home/agx/cthree/slam/cam_ws/install/realsense2_camera_msgs/share/realsense2_camera_msgs/cmake/ament_cmake_export_include_directories-extras.cmake
[0.641s] -- Up-to-date symlink: /home/agx/cthree/slam/cam_ws/install/realsense2_camera_msgs/share/realsense2_camera_msgs/cmake/ament_cmake_export_libraries-extras.cmake
[0.641s] -- Up-to-date symlink: /home/agx/cthree/slam/cam_ws/install/realsense2_camera_msgs/share/realsense2_camera_msgs/cmake/ament_cmake_export_targets-extras.cmake
[0.641s] -- Up-to-date symlink: /home/agx/cthree/slam/cam_ws/install/realsense2_camera_msgs/share/realsense2_camera_msgs/cmake/rosidl_cmake_export_typesupport_targets-extras.cmake
[0.641s] -- Up-to-date symlink: /home/agx/cthree/slam/cam_ws/install/realsense2_camera_msgs/share/realsense2_camera_msgs/cmake/rosidl_cmake_export_typesupport_libraries-extras.cmake
[0.642s] -- Up-to-date symlink: /home/agx/cthree/slam/cam_ws/install/realsense2_camera_msgs/share/realsense2_camera_msgs/cmake/realsense2_camera_msgsConfig.cmake
[0.642s] -- Up-to-date symlink: /home/agx/cthree/slam/cam_ws/install/realsense2_camera_msgs/share/realsense2_camera_msgs/cmake/realsense2_camera_msgsConfig-version.cmake
[0.642s] -- Up-to-date symlink: /home/agx/cthree/slam/cam_ws/install/realsense2_camera_msgs/share/realsense2_camera_msgs/package.xml
[0.642s] -- Up-to-date: /home/agx/cthree/slam/cam_ws/install/realsense2_camera_msgs/lib/librealsense2_camera_msgs__rosidl_generator_c.so
[0.643s] -- Up-to-date: /home/agx/cthree/slam/cam_ws/install/realsense2_camera_msgs/lib/librealsense2_camera_msgs__rosidl_typesupport_fastrtps_c.so
[0.643s] -- Up-to-date: /home/agx/cthree/slam/cam_ws/install/realsense2_camera_msgs/lib/librealsense2_camera_msgs__rosidl_typesupport_introspection_c.so
[0.643s] -- Up-to-date: /home/agx/cthree/slam/cam_ws/install/realsense2_camera_msgs/lib/librealsense2_camera_msgs__rosidl_typesupport_c.so
[0.644s] -- Up-to-date: /home/agx/cthree/slam/cam_ws/install/realsense2_camera_msgs/lib/librealsense2_camera_msgs__rosidl_typesupport_fastrtps_cpp.so
[0.644s] -- Up-to-date: /home/agx/cthree/slam/cam_ws/install/realsense2_camera_msgs/lib/librealsense2_camera_msgs__rosidl_typesupport_introspection_cpp.so
[0.645s] -- Up-to-date: /home/agx/cthree/slam/cam_ws/install/realsense2_camera_msgs/lib/librealsense2_camera_msgs__rosidl_typesupport_cpp.so
[0.704s] Listing '/home/agx/cthree/slam/cam_ws/install/realsense2_camera_msgs/local/lib/python3.10/dist-packages/realsense2_camera_msgs'...
[0.705s] Listing '/home/agx/cthree/slam/cam_ws/install/realsense2_camera_msgs/local/lib/python3.10/dist-packages/realsense2_camera_msgs/msg'...
[0.705s] Listing '/home/agx/cthree/slam/cam_ws/install/realsense2_camera_msgs/local/lib/python3.10/dist-packages/realsense2_camera_msgs/srv'...
[0.712s] -- Up-to-date: /home/agx/cthree/slam/cam_ws/install/realsense2_camera_msgs/lib/librealsense2_camera_msgs__rosidl_generator_py.so
[0.713s] -- Up-to-date: /home/agx/cthree/slam/cam_ws/install/realsense2_camera_msgs/share/realsense2_camera_msgs/cmake/export_realsense2_camera_msgs__rosidl_generator_cExport.cmake
[0.713s] -- Up-to-date: /home/agx/cthree/slam/cam_ws/install/realsense2_camera_msgs/share/realsense2_camera_msgs/cmake/export_realsense2_camera_msgs__rosidl_generator_cExport-noconfig.cmake
[0.713s] -- Up-to-date: /home/agx/cthree/slam/cam_ws/install/realsense2_camera_msgs/share/realsense2_camera_msgs/cmake/export_realsense2_camera_msgs__rosidl_typesupport_fastrtps_cExport.cmake
[0.714s] -- Up-to-date: /home/agx/cthree/slam/cam_ws/install/realsense2_camera_msgs/share/realsense2_camera_msgs/cmake/export_realsense2_camera_msgs__rosidl_typesupport_fastrtps_cExport-noconfig.cmake
[0.714s] -- Up-to-date: /home/agx/cthree/slam/cam_ws/install/realsense2_camera_msgs/share/realsense2_camera_msgs/cmake/realsense2_camera_msgs__rosidl_typesupport_introspection_cExport.cmake
[0.714s] -- Up-to-date: /home/agx/cthree/slam/cam_ws/install/realsense2_camera_msgs/share/realsense2_camera_msgs/cmake/realsense2_camera_msgs__rosidl_typesupport_introspection_cExport-noconfig.cmake
[0.714s] -- Up-to-date: /home/agx/cthree/slam/cam_ws/install/realsense2_camera_msgs/share/realsense2_camera_msgs/cmake/realsense2_camera_msgs__rosidl_typesupport_cExport.cmake
[0.715s] -- Up-to-date: /home/agx/cthree/slam/cam_ws/install/realsense2_camera_msgs/share/realsense2_camera_msgs/cmake/realsense2_camera_msgs__rosidl_typesupport_cExport-noconfig.cmake
[0.715s] -- Up-to-date: /home/agx/cthree/slam/cam_ws/install/realsense2_camera_msgs/share/realsense2_camera_msgs/cmake/export_realsense2_camera_msgs__rosidl_generator_cppExport.cmake
[0.715s] -- Up-to-date: /home/agx/cthree/slam/cam_ws/install/realsense2_camera_msgs/share/realsense2_camera_msgs/cmake/export_realsense2_camera_msgs__rosidl_typesupport_fastrtps_cppExport.cmake
[0.715s] -- Up-to-date: /home/agx/cthree/slam/cam_ws/install/realsense2_camera_msgs/share/realsense2_camera_msgs/cmake/export_realsense2_camera_msgs__rosidl_typesupport_fastrtps_cppExport-noconfig.cmake
[0.716s] -- Up-to-date: /home/agx/cthree/slam/cam_ws/install/realsense2_camera_msgs/share/realsense2_camera_msgs/cmake/realsense2_camera_msgs__rosidl_typesupport_introspection_cppExport.cmake
[0.716s] -- Up-to-date: /home/agx/cthree/slam/cam_ws/install/realsense2_camera_msgs/share/realsense2_camera_msgs/cmake/realsense2_camera_msgs__rosidl_typesupport_introspection_cppExport-noconfig.cmake
[0.716s] -- Up-to-date: /home/agx/cthree/slam/cam_ws/install/realsense2_camera_msgs/share/realsense2_camera_msgs/cmake/realsense2_camera_msgs__rosidl_typesupport_cppExport.cmake
[0.716s] -- Up-to-date: /home/agx/cthree/slam/cam_ws/install/realsense2_camera_msgs/share/realsense2_camera_msgs/cmake/realsense2_camera_msgs__rosidl_typesupport_cppExport-noconfig.cmake
[0.717s] -- Up-to-date: /home/agx/cthree/slam/cam_ws/install/realsense2_camera_msgs/share/realsense2_camera_msgs/cmake/export_realsense2_camera_msgs__rosidl_generator_pyExport.cmake
[0.717s] -- Up-to-date: /home/agx/cthree/slam/cam_ws/install/realsense2_camera_msgs/share/realsense2_camera_msgs/cmake/export_realsense2_camera_msgs__rosidl_generator_pyExport-noconfig.cmake
[0.720s] Invoked command in '/home/agx/cthree/slam/cam_ws/build/realsense2_camera_msgs' returned '0': CMAKE_PREFIX_PATH=/opt/ros/humble /usr/bin/cmake --install /home/agx/cthree/slam/cam_ws/build/realsense2_camera_msgs
