[0.024s] Invoking command in '/home/agx/cthree/slam/nav/build/agx_navigation2': CMAKE_PREFIX_PATH=${CMAKE_PREFIX_PATH}:/home/agx/cthree/slam/nav2fishbot/install/fishbot_description:/home/agx/cthree/slam/nav2fishbot/install/nav2_simple_commander:/opt/ros/humble /usr/bin/cmake /home/agx/cthree/slam/nav/src/agx_navigation2 -DCMAKE_INSTALL_PREFIX=/home/agx/cthree/slam/nav/install/agx_navigation2
[0.141s] -- The C compiler identification is GNU 9.5.0
[0.244s] -- The CXX compiler identification is GNU 9.5.0
[0.270s] -- Detecting C compiler ABI info
[0.446s] -- Detecting C compiler ABI info - done
[0.468s] -- Check for working C compiler: /usr/bin/cc - skipped
[0.469s] -- Detecting C compile features
[0.470s] -- Detecting C compile features - done
[0.481s] -- Detecting CXX compiler ABI info
[0.667s] -- Detecting CXX compiler ABI info - done
[0.691s] -- Check for working CXX compiler: /usr/bin/c++ - skipped
[0.692s] -- Detecting CXX compile features
[0.694s] -- Detecting CXX compile features - done
[0.718s] -- Found ament_cmake: 1.3.12 (/opt/ros/humble/share/ament_cmake/cmake)
[1.042s] -- Found Python3: /usr/bin/python3 (found version "3.10.12") found components: Interpreter 
[1.332s] -- Found ament_lint_auto: 0.12.14 (/opt/ros/humble/share/ament_lint_auto/cmake)
[1.546s] -- Added test 'flake8' to check Python code syntax and style conventions
[1.548s] -- Added test 'lint_cmake' to check CMake code style
[1.550s] -- Added test 'pep257' to check Python code against some of the docstring style conventions in PEP 257
[1.553s] -- Added test 'xmllint' to check XML markup files
[1.556s] -- Configuring done
[1.561s] -- Generating done
[1.563s] -- Build files have been written to: /home/agx/cthree/slam/nav/build/agx_navigation2
[1.570s] Invoked command in '/home/agx/cthree/slam/nav/build/agx_navigation2' returned '0': CMAKE_PREFIX_PATH=${CMAKE_PREFIX_PATH}:/home/agx/cthree/slam/nav2fishbot/install/fishbot_description:/home/agx/cthree/slam/nav2fishbot/install/nav2_simple_commander:/opt/ros/humble /usr/bin/cmake /home/agx/cthree/slam/nav/src/agx_navigation2 -DCMAKE_INSTALL_PREFIX=/home/agx/cthree/slam/nav/install/agx_navigation2
[1.573s] Invoking command in '/home/agx/cthree/slam/nav/build/agx_navigation2': CMAKE_PREFIX_PATH=${CMAKE_PREFIX_PATH}:/home/agx/cthree/slam/nav2fishbot/install/fishbot_description:/home/agx/cthree/slam/nav2fishbot/install/nav2_simple_commander:/opt/ros/humble /usr/bin/cmake --build /home/agx/cthree/slam/nav/build/agx_navigation2 -- -j12 -l12
[1.677s] Invoked command in '/home/agx/cthree/slam/nav/build/agx_navigation2' returned '0': CMAKE_PREFIX_PATH=${CMAKE_PREFIX_PATH}:/home/agx/cthree/slam/nav2fishbot/install/fishbot_description:/home/agx/cthree/slam/nav2fishbot/install/nav2_simple_commander:/opt/ros/humble /usr/bin/cmake --build /home/agx/cthree/slam/nav/build/agx_navigation2 -- -j12 -l12
[1.705s] Invoking command in '/home/agx/cthree/slam/nav/build/agx_navigation2': CMAKE_PREFIX_PATH=${CMAKE_PREFIX_PATH}:/home/agx/cthree/slam/nav2fishbot/install/fishbot_description:/home/agx/cthree/slam/nav2fishbot/install/nav2_simple_commander:/opt/ros/humble /usr/bin/cmake --install /home/agx/cthree/slam/nav/build/agx_navigation2
[1.725s] -- Install configuration: ""
[1.725s] -- Installing: /home/agx/cthree/slam/nav/install/agx_navigation2/share/agx_navigation2/launch
[1.726s] -- Installing: /home/agx/cthree/slam/nav/install/agx_navigation2/share/agx_navigation2/launch/navigation2.launch.py
[1.726s] -- Installing: /home/agx/cthree/slam/nav/install/agx_navigation2/share/agx_navigation2/launch/bringup_launch.py
[1.726s] -- Installing: /home/agx/cthree/slam/nav/install/agx_navigation2/share/agx_navigation2/maps
[1.727s] -- Installing: /home/agx/cthree/slam/nav/install/agx_navigation2/share/agx_navigation2/maps/room.pgm
[1.727s] -- Installing: /home/agx/cthree/slam/nav/install/agx_navigation2/share/agx_navigation2/maps/room.yaml
[1.727s] -- Installing: /home/agx/cthree/slam/nav/install/agx_navigation2/share/agx_navigation2/config
[1.727s] -- Installing: /home/agx/cthree/slam/nav/install/agx_navigation2/share/agx_navigation2/config/nav2_params.yaml
[1.728s] -- Installing: /home/agx/cthree/slam/nav/install/agx_navigation2/share/ament_index/resource_index/package_run_dependencies/agx_navigation2
[1.728s] -- Installing: /home/agx/cthree/slam/nav/install/agx_navigation2/share/ament_index/resource_index/parent_prefix_path/agx_navigation2
[1.728s] -- Installing: /home/agx/cthree/slam/nav/install/agx_navigation2/share/agx_navigation2/environment/ament_prefix_path.sh
[1.728s] -- Installing: /home/agx/cthree/slam/nav/install/agx_navigation2/share/agx_navigation2/environment/ament_prefix_path.dsv
[1.729s] -- Installing: /home/agx/cthree/slam/nav/install/agx_navigation2/share/agx_navigation2/environment/path.sh
[1.729s] -- Installing: /home/agx/cthree/slam/nav/install/agx_navigation2/share/agx_navigation2/environment/path.dsv
[1.729s] -- Installing: /home/agx/cthree/slam/nav/install/agx_navigation2/share/agx_navigation2/local_setup.bash
[1.730s] -- Installing: /home/agx/cthree/slam/nav/install/agx_navigation2/share/agx_navigation2/local_setup.sh
[1.730s] -- Installing: /home/agx/cthree/slam/nav/install/agx_navigation2/share/agx_navigation2/local_setup.zsh
[1.730s] -- Installing: /home/agx/cthree/slam/nav/install/agx_navigation2/share/agx_navigation2/local_setup.dsv
[1.730s] -- Installing: /home/agx/cthree/slam/nav/install/agx_navigation2/share/agx_navigation2/package.dsv
[1.731s] -- Installing: /home/agx/cthree/slam/nav/install/agx_navigation2/share/ament_index/resource_index/packages/agx_navigation2
[1.731s] -- Installing: /home/agx/cthree/slam/nav/install/agx_navigation2/share/agx_navigation2/cmake/agx_navigation2Config.cmake
[1.731s] -- Installing: /home/agx/cthree/slam/nav/install/agx_navigation2/share/agx_navigation2/cmake/agx_navigation2Config-version.cmake
[1.731s] -- Installing: /home/agx/cthree/slam/nav/install/agx_navigation2/share/agx_navigation2/package.xml
[1.734s] Invoked command in '/home/agx/cthree/slam/nav/build/agx_navigation2' returned '0': CMAKE_PREFIX_PATH=${CMAKE_PREFIX_PATH}:/home/agx/cthree/slam/nav2fishbot/install/fishbot_description:/home/agx/cthree/slam/nav2fishbot/install/nav2_simple_commander:/opt/ros/humble /usr/bin/cmake --install /home/agx/cthree/slam/nav/build/agx_navigation2
