[0.015s] Invoking command in '/home/agx/cthree/slam/rplidar_ws/build/rplidar_ros': CMAKE_PREFIX_PATH=/opt/ros/humble /usr/bin/cmake /home/agx/cthree/slam/rplidar_ws/src/rplidar_ros2_humble -DCMAKE_INSTALL_PREFIX=/home/agx/cthree/slam/rplidar_ws/install/rplidar_ros
[0.100s] -- The C compiler identification is GNU 9.5.0
[0.196s] -- The CXX compiler identification is GNU 9.5.0
[0.218s] -- Detecting C compiler ABI info
[0.348s] -- Detecting C compiler ABI info - done
[0.370s] -- Check for working C compiler: /usr/bin/cc - skipped
[0.371s] -- Detecting C compile features
[0.373s] -- Detecting C compile features - done
[0.383s] -- Detecting CXX compiler ABI info
[0.522s] -- Detecting CXX compiler ABI info - done
[0.547s] -- Check for working CXX compiler: /usr/bin/c++ - skipped
[0.547s] -- Detecting CXX compile features
[0.549s] -- Detecting CXX compile features - done
[0.558s] -- Found ament_cmake_auto: 1.3.12 (/opt/ros/humble/share/ament_cmake_auto/cmake)
[0.834s] -- Found Python3: /usr/bin/python3 (found version "3.10.12") found components: Interpreter 
[1.027s] -- Found ament_cmake_ros: 0.10.0 (/opt/ros/humble/share/ament_cmake_ros/cmake)
[1.272s] -- Found rosidl_generator_c: 3.1.7 (/opt/ros/humble/share/rosidl_generator_c/cmake)
[1.279s] -- Found rosidl_adapter: 3.1.7 (/opt/ros/humble/share/rosidl_adapter/cmake)
[1.291s] -- Found rosidl_generator_cpp: 3.1.7 (/opt/ros/humble/share/rosidl_generator_cpp/cmake)
[1.307s] -- Using all available rosidl_typesupport_c: rosidl_typesupport_fastrtps_c;rosidl_typesupport_introspection_c
[1.329s] -- Using all available rosidl_typesupport_cpp: rosidl_typesupport_fastrtps_cpp;rosidl_typesupport_introspection_cpp
[1.388s] -- Found rmw_implementation_cmake: 6.1.2 (/opt/ros/humble/share/rmw_implementation_cmake/cmake)
[1.391s] -- Found rmw_fastrtps_cpp: 6.2.9 (/opt/ros/humble/share/rmw_fastrtps_cpp/cmake)
[1.531s] -- Found OpenSSL: /usr/lib/aarch64-linux-gnu/libcrypto.so (found version "3.0.2")  
[1.580s] -- Found FastRTPS: /opt/ros/humble/include  
[1.643s] -- Using RMW implementation 'rmw_fastrtps_cpp' as default
[1.655s] -- Looking for pthread.h
[1.769s] -- Looking for pthread.h - found
[1.769s] -- Performing Test CMAKE_HAVE_LIBC_PTHREAD
[1.891s] -- Performing Test CMAKE_HAVE_LIBC_PTHREAD - Success
[1.892s] -- Found Threads: TRUE  
[2.081s] [0mIn this package, headers install destination is set to `include` by ament_auto_package. It is recommended to install `include/rplidar_ros` instead and will be the default behavior of ament_auto_package from ROS 2 Kilted Kaiju. On distributions before Kilted, ament_auto_package behaves the same way when you use USE_SCOPED_HEADER_INSTALL_DIR option.[0m
[2.086s] -- Configuring done
[2.116s] -- Generating done
[2.128s] -- Build files have been written to: /home/agx/cthree/slam/rplidar_ws/build/rplidar_ros
[2.147s] Invoked command in '/home/agx/cthree/slam/rplidar_ws/build/rplidar_ros' returned '0': CMAKE_PREFIX_PATH=/opt/ros/humble /usr/bin/cmake /home/agx/cthree/slam/rplidar_ws/src/rplidar_ros2_humble -DCMAKE_INSTALL_PREFIX=/home/agx/cthree/slam/rplidar_ws/install/rplidar_ros
[2.152s] Invoking command in '/home/agx/cthree/slam/rplidar_ws/build/rplidar_ros': CMAKE_PREFIX_PATH=/opt/ros/humble /usr/bin/cmake --build /home/agx/cthree/slam/rplidar_ws/build/rplidar_ros -- -j12 -l12
[2.237s] [ 22%] [32mBuilding CXX object CMakeFiles/rplidarNode.dir/src/node.cpp.o[0m
[2.238s] [ 22%] [32mBuilding CXX object CMakeFiles/rplidarNode.dir/sdk/src/arch/linux/net_serial.cpp.o[0m
[2.238s] [ 44%] [32mBuilding CXX object CMakeFiles/rplidarNode.dir/sdk/src/hal/thread.cpp.o[0m
[2.238s] [ 44%] [32mBuilding CXX object CMakeFiles/rplidar_composition_node.dir/sdk/src/arch/linux/net_serial.cpp.o[0m
[2.238s] [ 50%] [32mBuilding CXX object CMakeFiles/rplidar_composition_node.dir/sdk/src/hal/thread.cpp.o[0m
[2.238s] [ 44%] [32mBuilding CXX object CMakeFiles/rplidar_composition_node.dir/sdk/src/arch/linux/net_socket.cpp.o[0m
[2.238s] [ 44%] [32mBuilding CXX object CMakeFiles/rplidar_composition_node.dir/src/rplidar_node.cpp.o[0m
[2.238s] [ 44%] [32mBuilding CXX object CMakeFiles/rplidarNode.dir/sdk/src/rplidar_driver.cpp.o[0m
[2.238s] [ 61%] [32mBuilding CXX object CMakeFiles/rplidarNode.dir/sdk/src/arch/linux/timer.cpp.o[0m
[2.239s] [ 61%] [32mBuilding CXX object CMakeFiles/rplidarNodeClient.dir/src/client.cpp.o[0m
[2.241s] [ 66%] [32mBuilding CXX object CMakeFiles/rplidarNode.dir/sdk/src/arch/linux/net_socket.cpp.o[0m
[2.241s] [ 66%] [32mBuilding CXX object CMakeFiles/rplidar_composition_node.dir/sdk/src/arch/linux/timer.cpp.o[0m
[2.566s] [01m[K/home/agx/cthree/slam/rplidar_ws/src/rplidar_ros2_humble/src/node.cpp:51:[m[K [01;35m[Kwarning: [m[K"M_PI" redefined
[2.566s]    51 | #define M_PI 3.1415926535897932384626433832795
[2.566s]       | 
[2.566s] In file included from [01m[K/usr/include/c++/9/cmath:45[m[K,
[2.566s]                  from [01m[K/opt/ros/humble/include/libstatistics_collector/libstatistics_collector/moving_average_statistics/types.hpp:18[m[K,
[2.566s]                  from [01m[K/opt/ros/humble/include/libstatistics_collector/libstatistics_collector/collector/generate_statistics_message.hpp:24[m[K,
[2.567s]                  from [01m[K/opt/ros/humble/include/rclcpp/rclcpp/topic_statistics/subscription_topic_statistics.hpp:23[m[K,
[2.567s]                  from [01m[K/opt/ros/humble/include/rclcpp/rclcpp/subscription.hpp:50[m[K,
[2.567s]                  from [01m[K/opt/ros/humble/include/rclcpp/rclcpp/any_executable.hpp:25[m[K,
[2.567s]                  from [01m[K/opt/ros/humble/include/rclcpp/rclcpp/memory_strategy.hpp:25[m[K,
[2.567s]                  from [01m[K/opt/ros/humble/include/rclcpp/rclcpp/memory_strategies.hpp:18[m[K,
[2.567s]                  from [01m[K/opt/ros/humble/include/rclcpp/rclcpp/executor_options.hpp:20[m[K,
[2.567s]                  from [01m[K/opt/ros/humble/include/rclcpp/rclcpp/executor.hpp:37[m[K,
[2.567s]                  from [01m[K/opt/ros/humble/include/rclcpp/rclcpp/executors/multi_threaded_executor.hpp:25[m[K,
[2.567s]                  from [01m[K/opt/ros/humble/include/rclcpp/rclcpp/executors.hpp:21[m[K,
[2.567s]                  from [01m[K/opt/ros/humble/include/rclcpp/rclcpp/rclcpp.hpp:155[m[K,
[2.567s]                  from [01m[K/home/agx/cthree/slam/rplidar_ws/src/rplidar_ros2_humble/src/node.cpp:36[m[K:
[2.568s] [01m[K/usr/include/math.h:1151:[m[K [01;36m[Knote: [m[Kthis is the location of the previous definition
[2.568s]  1151 | # define M_PI  3.14159265358979323846 /* pi */
[2.568s]       | 
[2.568s] [01m[K/home/agx/cthree/slam/rplidar_ws/src/rplidar_ros2_humble/src/node.cpp:231:14:[m[K [01;35m[Kwarning: [m[Kinvalid suffix on literal; C++11 requires a space between literal and string macro [[01;35m[K-Wliteral-suffix[m[K]
[2.568s]   231 |     ROS_INFO([01;35m[K"[m[KRPLIDAR running on ROS package rplidar_ros. SDK Version:"RPLIDAR_SDK_VERSION"");
[2.568s]       |              [01;35m[K^[m[K
[2.569s] In file included from [01m[K/home/agx/cthree/slam/rplidar_ws/src/rplidar_ros2_humble/src/rplidar_node.cpp:36[m[K:
[2.569s] [01m[K/home/agx/cthree/slam/rplidar_ws/src/rplidar_ros2_humble/include/rplidar_node.hpp:50:[m[K [01;35m[Kwarning: [m[K"M_PI" redefined
[2.569s]    50 | #define M_PI 3.1415926535897932384626433832795
[2.569s]       | 
[2.569s] In file included from [01m[K/usr/include/c++/9/cmath:45[m[K,
[2.569s]                  from [01m[K/opt/ros/humble/include/libstatistics_collector/libstatistics_collector/moving_average_statistics/types.hpp:18[m[K,
[2.569s]                  from [01m[K/opt/ros/humble/include/libstatistics_collector/libstatistics_collector/collector/generate_statistics_message.hpp:24[m[K,
[2.570s]                  from [01m[K/opt/ros/humble/include/rclcpp/rclcpp/topic_statistics/subscription_topic_statistics.hpp:23[m[K,
[2.570s]                  from [01m[K/opt/ros/humble/include/rclcpp/rclcpp/subscription.hpp:50[m[K,
[2.570s]                  from [01m[K/opt/ros/humble/include/rclcpp/rclcpp/any_executable.hpp:25[m[K,
[2.570s]                  from [01m[K/opt/ros/humble/include/rclcpp/rclcpp/memory_strategy.hpp:25[m[K,
[2.570s]                  from [01m[K/opt/ros/humble/include/rclcpp/rclcpp/memory_strategies.hpp:18[m[K,
[2.570s]                  from [01m[K/opt/ros/humble/include/rclcpp/rclcpp/executor_options.hpp:20[m[K,
[2.570s]                  from [01m[K/opt/ros/humble/include/rclcpp/rclcpp/executor.hpp:37[m[K,
[2.570s]                  from [01m[K/opt/ros/humble/include/rclcpp/rclcpp/executors/multi_threaded_executor.hpp:25[m[K,
[2.570s]                  from [01m[K/opt/ros/humble/include/rclcpp/rclcpp/executors.hpp:21[m[K,
[2.570s]                  from [01m[K/opt/ros/humble/include/rclcpp/rclcpp/rclcpp.hpp:155[m[K,
[2.570s]                  from [01m[K/home/agx/cthree/slam/rplidar_ws/src/rplidar_ros2_humble/include/rplidar_node.hpp:34[m[K,
[2.571s]                  from [01m[K/home/agx/cthree/slam/rplidar_ws/src/rplidar_ros2_humble/src/rplidar_node.cpp:36[m[K:
[2.571s] [01m[K/usr/include/math.h:1151:[m[K [01;36m[Knote: [m[Kthis is the location of the previous definition
[2.571s]  1151 | # define M_PI  3.14159265358979323846 /* pi */
[2.571s]       | 
[2.571s] [01m[K/home/agx/cthree/slam/rplidar_ws/src/rplidar_ros2_humble/src/client.cpp:43:[m[K [01;35m[Kwarning: [m[K"M_PI" redefined
[2.571s]    43 | #define M_PI 3.1415926535897932384626433832795
[2.571s]       | 
[2.571s] In file included from [01m[K/usr/include/c++/9/cmath:45[m[K,
[2.571s]                  from [01m[K/opt/ros/humble/include/libstatistics_collector/libstatistics_collector/moving_average_statistics/types.hpp:18[m[K,
[2.571s]                  from [01m[K/opt/ros/humble/include/libstatistics_collector/libstatistics_collector/collector/generate_statistics_message.hpp:24[m[K,
[2.571s]                  from [01m[K/opt/ros/humble/include/rclcpp/rclcpp/topic_statistics/subscription_topic_statistics.hpp:23[m[K,
[2.571s]                  from [01m[K/opt/ros/humble/include/rclcpp/rclcpp/subscription.hpp:50[m[K,
[2.571s]                  from [01m[K/opt/ros/humble/include/rclcpp/rclcpp/any_executable.hpp:25[m[K,
[2.572s]                  from [01m[K/opt/ros/humble/include/rclcpp/rclcpp/memory_strategy.hpp:25[m[K,
[2.572s]                  from [01m[K/opt/ros/humble/include/rclcpp/rclcpp/memory_strategies.hpp:18[m[K,
[2.572s]                  from [01m[K/opt/ros/humble/include/rclcpp/rclcpp/executor_options.hpp:20[m[K,
[2.572s]                  from [01m[K/opt/ros/humble/include/rclcpp/rclcpp/executor.hpp:37[m[K,
[2.572s]                  from [01m[K/opt/ros/humble/include/rclcpp/rclcpp/executors/multi_threaded_executor.hpp:25[m[K,
[2.572s]                  from [01m[K/opt/ros/humble/include/rclcpp/rclcpp/executors.hpp:21[m[K,
[2.572s]                  from [01m[K/opt/ros/humble/include/rclcpp/rclcpp/rclcpp.hpp:155[m[K,
[2.572s]                  from [01m[K/home/agx/cthree/slam/rplidar_ws/src/rplidar_ros2_humble/src/client.cpp:38[m[K:
[2.572s] [01m[K/usr/include/math.h:1151:[m[K [01;36m[Knote: [m[Kthis is the location of the previous definition
[2.572s]  1151 | # define M_PI  3.14159265358979323846 /* pi */
[2.572s]       | 
[2.758s] In file included from [01m[K/home/agx/cthree/slam/rplidar_ws/src/rplidar_ros2_humble/./sdk/include/rplidar.h:39[m[K,
[2.758s]                  from [01m[K/home/agx/cthree/slam/rplidar_ws/src/rplidar_ros2_humble/./sdk/src/sdkcommon.h:48[m[K,
[2.759s]                  from [01m[K/home/agx/cthree/slam/rplidar_ws/src/rplidar_ros2_humble/sdk/src/hal/thread.cpp:35[m[K:
[2.759s] [01m[K/home/agx/cthree/slam/rplidar_ws/src/rplidar_ros2_humble/./sdk/include/rplidar_protocol.h:59:14:[m[K [01;35m[Kwarning: [m[KISO C++ forbids zero-size array ‘[01m[Kdata[m[K’ [[01;35m[K-Wpedantic[m[K]
[2.759s]    59 |     _u8 data[[01;35m[K0[m[K];
[2.759s]       |              [01;35m[K^[m[K
[2.759s] In file included from [01m[K/home/agx/cthree/slam/rplidar_ws/src/rplidar_ros2_humble/./sdk/include/rplidar.h:40[m[K,
[2.759s]                  from [01m[K/home/agx/cthree/slam/rplidar_ws/src/rplidar_ros2_humble/./sdk/src/sdkcommon.h:48[m[K,
[2.759s]                  from [01m[K/home/agx/cthree/slam/rplidar_ws/src/rplidar_ros2_humble/sdk/src/hal/thread.cpp:35[m[K:
[2.760s] [01m[K/home/agx/cthree/slam/rplidar_ws/src/rplidar_ros2_humble/./sdk/include/rplidar_cmd.h:260:18:[m[K [01;35m[Kwarning: [m[KISO C++ forbids zero-size array ‘[01m[Kpayload[m[K’ [[01;35m[K-Wpedantic[m[K]
[2.760s]   260 |     _u8  payload[[01;35m[K0[m[K];
[2.760s]       |                  [01;35m[K^[m[K
[2.762s] In file included from [01m[K/home/agx/cthree/slam/rplidar_ws/src/rplidar_ros2_humble/sdk/src/hal/thread.cpp:43[m[K:
[2.763s] [01m[K/home/agx/cthree/slam/rplidar_ws/src/rplidar_ros2_humble/./sdk/src/arch/linux/thread.hpp:[m[K In static member function ‘[01m[Kstatic rp::hal::Thread rp::hal::Thread::create(thread_proc_t, void*)[m[K’:
[2.763s] [01m[K/home/agx/cthree/slam/rplidar_ws/src/rplidar_ros2_humble/./sdk/src/arch/linux/thread.hpp:48:77:[m[K [01;35m[Kwarning: [m[Kcast between incompatible function types from ‘[01m[Kthread_proc_t[m[K’ {aka ‘[01m[Klong unsigned int (*)(void*)[m[K’} to ‘[01m[Kvoid* (*)(void*)[m[K’ [[01;35m[K-Wcast-function-type[m[K]
[2.763s]    48 |     pthread_create((pthread_t *)&newborn._handle, NULL, (void * (*)(void *))[01;35m[Kproc[m[K, data);
[2.763s]       |                                                                             [01;35m[K^~~~[m[K
[2.766s] [01m[K/home/agx/cthree/slam/rplidar_ws/src/rplidar_ros2_humble/./sdk/src/arch/linux/thread.hpp:[m[K In member function ‘[01m[Ku_result rp::hal::Thread::join(long unsigned int)[m[K’:
[2.766s] [01m[K/home/agx/cthree/slam/rplidar_ws/src/rplidar_ros2_humble/./sdk/src/arch/linux/thread.hpp:129:37:[m[K [01;35m[Kwarning: [m[Kunused parameter ‘[01m[Ktimeout[m[K’ [[01;35m[K-Wunused-parameter[m[K]
[2.766s]   129 | u_result Thread::join([01;35m[Kunsigned long timeout[m[K)
[2.766s]       |                       [01;35m[K~~~~~~~~~~~~~~^~~~~~~[m[K
[2.770s] In file included from [01m[K/home/agx/cthree/slam/rplidar_ws/src/rplidar_ros2_humble/./sdk/include/rplidar.h:39[m[K,
[2.770s]                  from [01m[K/home/agx/cthree/slam/rplidar_ws/src/rplidar_ros2_humble/./sdk/src/sdkcommon.h:48[m[K,
[2.770s]                  from [01m[K/home/agx/cthree/slam/rplidar_ws/src/rplidar_ros2_humble/sdk/src/hal/thread.cpp:35[m[K:
[2.770s] [01m[K/home/agx/cthree/slam/rplidar_ws/src/rplidar_ros2_humble/./sdk/include/rplidar_protocol.h:59:14:[m[K [01;35m[Kwarning: [m[KISO C++ forbids zero-size array ‘[01m[Kdata[m[K’ [[01;35m[K-Wpedantic[m[K]
[2.770s]    59 |     _u8 data[[01;35m[K0[m[K];
[2.770s]       |              [01;35m[K^[m[K
[2.771s] In file included from [01m[K/home/agx/cthree/slam/rplidar_ws/src/rplidar_ros2_humble/./sdk/include/rplidar.h:40[m[K,
[2.771s]                  from [01m[K/home/agx/cthree/slam/rplidar_ws/src/rplidar_ros2_humble/./sdk/src/sdkcommon.h:48[m[K,
[2.771s]                  from [01m[K/home/agx/cthree/slam/rplidar_ws/src/rplidar_ros2_humble/sdk/src/hal/thread.cpp:35[m[K:
[2.771s] [01m[K/home/agx/cthree/slam/rplidar_ws/src/rplidar_ros2_humble/./sdk/include/rplidar_cmd.h:260:18:[m[K [01;35m[Kwarning: [m[KISO C++ forbids zero-size array ‘[01m[Kpayload[m[K’ [[01;35m[K-Wpedantic[m[K]
[2.771s]   260 |     _u8  payload[[01;35m[K0[m[K];
[2.771s]       |                  [01;35m[K^[m[K
[2.773s] In file included from [01m[K/home/agx/cthree/slam/rplidar_ws/src/rplidar_ros2_humble/sdk/src/hal/thread.cpp:43[m[K:
[2.773s] [01m[K/home/agx/cthree/slam/rplidar_ws/src/rplidar_ros2_humble/./sdk/src/arch/linux/thread.hpp:[m[K In static member function ‘[01m[Kstatic rp::hal::Thread rp::hal::Thread::create(thread_proc_t, void*)[m[K’:
[2.773s] [01m[K/home/agx/cthree/slam/rplidar_ws/src/rplidar_ros2_humble/./sdk/src/arch/linux/thread.hpp:48:77:[m[K [01;35m[Kwarning: [m[Kcast between incompatible function types from ‘[01m[Kthread_proc_t[m[K’ {aka ‘[01m[Klong unsigned int (*)(void*)[m[K’} to ‘[01m[Kvoid* (*)(void*)[m[K’ [[01;35m[K-Wcast-function-type[m[K]
[2.773s]    48 |     pthread_create((pthread_t *)&newborn._handle, NULL, (void * (*)(void *))[01;35m[Kproc[m[K, data);
[2.773s]       |                                                                             [01;35m[K^~~~[m[K
[2.776s] [01m[K/home/agx/cthree/slam/rplidar_ws/src/rplidar_ros2_humble/./sdk/src/arch/linux/thread.hpp:[m[K In member function ‘[01m[Ku_result rp::hal::Thread::join(long unsigned int)[m[K’:
[2.776s] [01m[K/home/agx/cthree/slam/rplidar_ws/src/rplidar_ros2_humble/./sdk/src/arch/linux/thread.hpp:129:37:[m[K [01;35m[Kwarning: [m[Kunused parameter ‘[01m[Ktimeout[m[K’ [[01;35m[K-Wunused-parameter[m[K]
[2.776s]   129 | u_result Thread::join([01;35m[Kunsigned long timeout[m[K)
[2.776s]       |                       [01;35m[K~~~~~~~~~~~~~~^~~~~~~[m[K
[2.781s] In file included from [01m[K/home/agx/cthree/slam/rplidar_ws/src/rplidar_ros2_humble/./sdk/include/rplidar.h:39[m[K,
[2.781s]                  from [01m[K/home/agx/cthree/slam/rplidar_ws/src/rplidar_ros2_humble/./sdk/src/sdkcommon.h:48[m[K,
[2.781s]                  from [01m[K/home/agx/cthree/slam/rplidar_ws/src/rplidar_ros2_humble/sdk/src/arch/linux/net_socket.cpp:10[m[K:
[2.781s] [01m[K/home/agx/cthree/slam/rplidar_ws/src/rplidar_ros2_humble/./sdk/include/rplidar_protocol.h:59:14:[m[K [01;35m[Kwarning: [m[KISO C++ forbids zero-size array ‘[01m[Kdata[m[K’ [[01;35m[K-Wpedantic[m[K]
[2.781s]    59 |     _u8 data[[01;35m[K0[m[K];
[2.781s]       |              [01;35m[K^[m[K
[2.782s] In file included from [01m[K/home/agx/cthree/slam/rplidar_ws/src/rplidar_ros2_humble/./sdk/include/rplidar.h:40[m[K,
[2.782s]                  from [01m[K/home/agx/cthree/slam/rplidar_ws/src/rplidar_ros2_humble/./sdk/src/sdkcommon.h:48[m[K,
[2.782s]                  from [01m[K/home/agx/cthree/slam/rplidar_ws/src/rplidar_ros2_humble/sdk/src/arch/linux/net_socket.cpp:10[m[K:
[2.782s] [01m[K/home/agx/cthree/slam/rplidar_ws/src/rplidar_ros2_humble/./sdk/include/rplidar_cmd.h:260:18:[m[K [01;35m[Kwarning: [m[KISO C++ forbids zero-size array ‘[01m[Kpayload[m[K’ [[01;35m[K-Wpedantic[m[K]
[2.782s]   260 |     _u8  payload[[01;35m[K0[m[K];
[2.782s]       |                  [01;35m[K^[m[K
[2.783s] In file included from [01m[K/home/agx/cthree/slam/rplidar_ws/src/rplidar_ros2_humble/./sdk/include/rplidar.h:39[m[K,
[2.783s]                  from [01m[K/home/agx/cthree/slam/rplidar_ws/src/rplidar_ros2_humble/./sdk/src/sdkcommon.h:48[m[K,
[2.783s]                  from [01m[K/home/agx/cthree/slam/rplidar_ws/src/rplidar_ros2_humble/sdk/src/arch/linux/net_socket.cpp:10[m[K:
[2.783s] [01m[K/home/agx/cthree/slam/rplidar_ws/src/rplidar_ros2_humble/./sdk/include/rplidar_protocol.h:59:14:[m[K [01;35m[Kwarning: [m[KISO C++ forbids zero-size array ‘[01m[Kdata[m[K’ [[01;35m[K-Wpedantic[m[K]
[2.783s]    59 |     _u8 data[[01;35m[K0[m[K];
[2.784s]       |              [01;35m[K^[m[K
[2.784s] In file included from [01m[K/home/agx/cthree/slam/rplidar_ws/src/rplidar_ros2_humble/./sdk/include/rplidar.h:40[m[K,
[2.784s]                  from [01m[K/home/agx/cthree/slam/rplidar_ws/src/rplidar_ros2_humble/./sdk/src/sdkcommon.h:48[m[K,
[2.784s]                  from [01m[K/home/agx/cthree/slam/rplidar_ws/src/rplidar_ros2_humble/sdk/src/arch/linux/net_socket.cpp:10[m[K:
[2.784s] [01m[K/home/agx/cthree/slam/rplidar_ws/src/rplidar_ros2_humble/./sdk/include/rplidar_cmd.h:260:18:[m[K [01;35m[Kwarning: [m[KISO C++ forbids zero-size array ‘[01m[Kpayload[m[K’ [[01;35m[K-Wpedantic[m[K]
[2.784s]   260 |     _u8  payload[[01;35m[K0[m[K];
[2.784s]       |                  [01;35m[K^[m[K
[2.792s] [01m[K/home/agx/cthree/slam/rplidar_ws/src/rplidar_ros2_humble/sdk/src/arch/linux/net_socket.cpp:[m[K In member function ‘[01m[Kvirtual u_result rp::net::SocketAddress::getAddressAsString(char*, size_t) const[m[K’:
[2.792s] [01m[K/home/agx/cthree/slam/rplidar_ws/src/rplidar_ros2_humble/sdk/src/arch/linux/net_socket.cpp:170:17:[m[K [01;35m[Kwarning: [m[Kordered comparison of pointer with integer zero [[01;35m[K-Wextra[m[K]
[2.792s]   170 |     return ans<=[01;35m[K0[m[K?RESULT_OPERATION_FAIL:RESULT_OK;
[2.792s]       |                 [01;35m[K^[m[K
[2.794s] [01m[K/home/agx/cthree/slam/rplidar_ws/src/rplidar_ros2_humble/sdk/src/arch/linux/net_socket.cpp:[m[K In member function ‘[01m[Kvirtual u_result rp::net::SocketAddress::getAddressAsString(char*, size_t) const[m[K’:
[2.794s] [01m[K/home/agx/cthree/slam/rplidar_ws/src/rplidar_ros2_humble/sdk/src/arch/linux/net_socket.cpp:170:17:[m[K [01;35m[Kwarning: [m[Kordered comparison of pointer with integer zero [[01;35m[K-Wextra[m[K]
[2.794s]   170 |     return ans<=[01;35m[K0[m[K?RESULT_OPERATION_FAIL:RESULT_OK;
[2.794s]       |                 [01;35m[K^[m[K
[2.800s] [01m[K/home/agx/cthree/slam/rplidar_ws/src/rplidar_ros2_humble/sdk/src/arch/linux/net_socket.cpp:[m[K In member function ‘[01m[Kvirtual u_result rp::arch::net::StreamSocketImpl::send(const void*, size_t)[m[K’:
[2.800s] [01m[K/home/agx/cthree/slam/rplidar_ws/src/rplidar_ros2_humble/sdk/src/arch/linux/net_socket.cpp:438:17:[m[K [01;35m[Kwarning: [m[Kcomparison of integer expressions of different signedness: ‘[01m[Ksize_t[m[K’ {aka ‘[01m[Klong unsigned int[m[K’} and ‘[01m[Kint[m[K’ [[01;35m[K-Wsign-compare[m[K]
[2.801s]   438 |         if ([01;35m[Kans == (int)len[m[K) {
[2.801s]       |             [01;35m[K~~~~^~~~~~~~~~~[m[K
[2.801s] In file included from [01m[K/home/agx/cthree/slam/rplidar_ws/src/rplidar_ros2_humble/./sdk/include/rplidar.h:39[m[K,
[2.801s]                  from [01m[K/home/agx/cthree/slam/rplidar_ws/src/rplidar_ros2_humble/sdk/src/sdkcommon.h:48[m[K,
[2.801s]                  from [01m[K/home/agx/cthree/slam/rplidar_ws/src/rplidar_ros2_humble/sdk/src/rplidar_driver.cpp:35[m[K:
[2.801s] [01m[K/home/agx/cthree/slam/rplidar_ws/src/rplidar_ros2_humble/./sdk/include/rplidar_protocol.h:59:14:[m[K [01;35m[Kwarning: [m[KISO C++ forbids zero-size array ‘[01m[Kdata[m[K’ [[01;35m[K-Wpedantic[m[K]
[2.801s]    59 |     _u8 data[[01;35m[K0[m[K];
[2.801s]       |              [01;35m[K^[m[K
[2.802s] In file included from [01m[K/home/agx/cthree/slam/rplidar_ws/src/rplidar_ros2_humble/./sdk/include/rplidar.h:40[m[K,
[2.802s]                  from [01m[K/home/agx/cthree/slam/rplidar_ws/src/rplidar_ros2_humble/sdk/src/sdkcommon.h:48[m[K,
[2.802s]                  from [01m[K/home/agx/cthree/slam/rplidar_ws/src/rplidar_ros2_humble/sdk/src/rplidar_driver.cpp:35[m[K:
[2.802s] [01m[K/home/agx/cthree/slam/rplidar_ws/src/rplidar_ros2_humble/./sdk/include/rplidar_cmd.h:260:18:[m[K [01;35m[Kwarning: [m[KISO C++ forbids zero-size array ‘[01m[Kpayload[m[K’ [[01;35m[K-Wpedantic[m[K]
[2.802s]   260 |     _u8  payload[[01;35m[K0[m[K];
[2.802s]       |                  [01;35m[K^[m[K
[2.805s] In file included from [01m[K/home/agx/cthree/slam/rplidar_ws/src/rplidar_ros2_humble/./sdk/src/arch/linux/arch_linux.h:42[m[K,
[2.805s]                  from [01m[K/home/agx/cthree/slam/rplidar_ws/src/rplidar_ros2_humble/./sdk/src/sdkcommon.h:40[m[K,
[2.805s]                  from [01m[K/home/agx/cthree/slam/rplidar_ws/src/rplidar_ros2_humble/sdk/src/arch/linux/net_socket.cpp:10[m[K:
[2.805s] [01m[K/home/agx/cthree/slam/rplidar_ws/src/rplidar_ros2_humble/sdk/src/arch/linux/net_socket.cpp:[m[K In member function ‘[01m[Kvirtual u_result rp::arch::net::DGramSocketImpl::sendTo(const rp::net::SocketAddress&, const void*, size_t)[m[K’:
[2.805s] [01m[K/home/agx/cthree/slam/rplidar_ws/src/rplidar_ros2_humble/sdk/src/arch/linux/net_socket.cpp:726:24:[m[K [01;35m[Kwarning: [m[Kcomparison of integer expressions of different signedness: ‘[01m[Ksize_t[m[K’ {aka ‘[01m[Klong unsigned int[m[K’} and ‘[01m[Kint[m[K’ [[01;35m[K-Wsign-compare[m[K]
[2.805s]   726 |             assert([01;35m[Kans == (int)len[m[K);
[2.805s]       |                    [01;35m[K~~~~^~~~~~~~~~~[m[K
[2.805s] [01m[K/home/agx/cthree/slam/rplidar_ws/src/rplidar_ros2_humble/sdk/src/arch/linux/net_socket.cpp:[m[K In member function ‘[01m[Kvirtual u_result rp::arch::net::StreamSocketImpl::send(const void*, size_t)[m[K’:
[2.805s] [01m[K/home/agx/cthree/slam/rplidar_ws/src/rplidar_ros2_humble/sdk/src/arch/linux/net_socket.cpp:438:17:[m[K [01;35m[Kwarning: [m[Kcomparison of integer expressions of different signedness: ‘[01m[Ksize_t[m[K’ {aka ‘[01m[Klong unsigned int[m[K’} and ‘[01m[Kint[m[K’ [[01;35m[K-Wsign-compare[m[K]
[2.805s]   438 |         if ([01;35m[Kans == (int)len[m[K) {
[2.806s]       |             [01;35m[K~~~~^~~~~~~~~~~[m[K
[2.809s] In file included from [01m[K/home/agx/cthree/slam/rplidar_ws/src/rplidar_ros2_humble/./sdk/src/arch/linux/arch_linux.h:42[m[K,
[2.809s]                  from [01m[K/home/agx/cthree/slam/rplidar_ws/src/rplidar_ros2_humble/./sdk/src/sdkcommon.h:40[m[K,
[2.809s]                  from [01m[K/home/agx/cthree/slam/rplidar_ws/src/rplidar_ros2_humble/sdk/src/arch/linux/net_socket.cpp:10[m[K:
[2.809s] [01m[K/home/agx/cthree/slam/rplidar_ws/src/rplidar_ros2_humble/sdk/src/arch/linux/net_socket.cpp:[m[K In member function ‘[01m[Kvirtual u_result rp::arch::net::DGramSocketImpl::sendTo(const rp::net::SocketAddress&, const void*, size_t)[m[K’:
[2.810s] [01m[K/home/agx/cthree/slam/rplidar_ws/src/rplidar_ros2_humble/sdk/src/arch/linux/net_socket.cpp:726:24:[m[K [01;35m[Kwarning: [m[Kcomparison of integer expressions of different signedness: ‘[01m[Ksize_t[m[K’ {aka ‘[01m[Klong unsigned int[m[K’} and ‘[01m[Kint[m[K’ [[01;35m[K-Wsign-compare[m[K]
[2.810s]   726 |             assert([01;35m[Kans == (int)len[m[K);
[2.810s]       |                    [01;35m[K~~~~^~~~~~~~~~~[m[K
[2.855s] [ 72%] [32mBuilding CXX object CMakeFiles/rplidar_composition_node.dir/sdk/src/rplidar_driver.cpp.o[0m
[2.964s] [01m[K/home/agx/cthree/slam/rplidar_ws/src/rplidar_ros2_humble/sdk/src/arch/linux/net_serial.cpp:[m[K In member function ‘[01m[Kbool rp::arch::net::raw_serial::open(const char*, uint32_t, uint32_t)[m[K’:
[2.964s] [01m[K/home/agx/cthree/slam/rplidar_ws/src/rplidar_ros2_humble/sdk/src/arch/linux/net_serial.cpp:97:74:[m[K [01;35m[Kwarning: [m[Kunused parameter ‘[01m[Kflags[m[K’ [[01;35m[K-Wunused-parameter[m[K]
[2.965s]    97 | bool raw_serial::open(const char * portname, uint32_t baudrate, [01;35m[Kuint32_t flags[m[K)
[2.965s]       |                                                                 [01;35m[K~~~~~~~~~^~~~~[m[K
[2.965s] [01m[K/home/agx/cthree/slam/rplidar_ws/src/rplidar_ros2_humble/sdk/src/arch/linux/net_serial.cpp:[m[K In member function ‘[01m[Kvirtual void rp::arch::net::raw_serial::flush(_u32)[m[K’:
[2.965s] [01m[K/home/agx/cthree/slam/rplidar_ws/src/rplidar_ros2_humble/sdk/src/arch/linux/net_serial.cpp:281:30:[m[K [01;35m[Kwarning: [m[Kunused parameter ‘[01m[Kflags[m[K’ [[01;35m[K-Wunused-parameter[m[K]
[2.965s]   281 | void raw_serial::flush( [01;35m[K_u32 flags[m[K)
[2.965s]       |                         [01;35m[K~~~~~^~~~~[m[K
[2.965s] [01m[K/home/agx/cthree/slam/rplidar_ws/src/rplidar_ros2_humble/sdk/src/arch/linux/net_serial.cpp:[m[K In member function ‘[01m[Kvirtual int rp::arch::net::raw_serial::waitforsent(_u32, size_t*)[m[K’:
[2.965s] [01m[K/home/agx/cthree/slam/rplidar_ws/src/rplidar_ros2_humble/sdk/src/arch/linux/net_serial.cpp:286:34:[m[K [01;35m[Kwarning: [m[Kunused parameter ‘[01m[Ktimeout[m[K’ [[01;35m[K-Wunused-parameter[m[K]
[2.965s]   286 | int raw_serial::waitforsent([01;35m[K_u32 timeout[m[K, size_t * returned_size)
[2.966s]       |                             [01;35m[K~~~~~^~~~~~~[m[K
[2.966s] [01m[K/home/agx/cthree/slam/rplidar_ws/src/rplidar_ros2_humble/sdk/src/arch/linux/net_serial.cpp:[m[K In member function ‘[01m[Kvirtual int rp::arch::net::raw_serial::waitforrecv(_u32, size_t*)[m[K’:
[2.966s] [01m[K/home/agx/cthree/slam/rplidar_ws/src/rplidar_ros2_humble/sdk/src/arch/linux/net_serial.cpp:292:34:[m[K [01;35m[Kwarning: [m[Kunused parameter ‘[01m[Ktimeout[m[K’ [[01;35m[K-Wunused-parameter[m[K]
[2.966s]   292 | int raw_serial::waitforrecv([01;35m[K_u32 timeout[m[K, size_t * returned_size)
[2.966s]       |                             [01;35m[K~~~~~^~~~~~~[m[K
[2.992s] [01m[K/home/agx/cthree/slam/rplidar_ws/src/rplidar_ros2_humble/sdk/src/rplidar_driver.cpp:[m[K In member function ‘[01m[Kvirtual u_result rp::standalone::rplidar::RPlidarDriverImplCommon::reset(_u32)[m[K’:
[2.992s] [01m[K/home/agx/cthree/slam/rplidar_ws/src/rplidar_ros2_humble/sdk/src/rplidar_driver.cpp:121:46:[m[K [01;35m[Kwarning: [m[Kunused parameter ‘[01m[Ktimeout[m[K’ [[01;35m[K-Wunused-parameter[m[K]
[2.992s]   121 | u_result RPlidarDriverImplCommon::reset([01;35m[K_u32 timeout[m[K)
[2.992s]       |                                         [01;35m[K~~~~~^~~~~~~[m[K
[2.994s] [01m[K/home/agx/cthree/slam/rplidar_ws/src/rplidar_ros2_humble/sdk/src/rplidar_driver.cpp:[m[K In member function ‘[01m[Kvirtual u_result rp::standalone::rplidar::RPlidarDriverImplCommon::checkIfTofLidar(bool&, _u32)[m[K’:
[2.994s] [01m[K/home/agx/cthree/slam/rplidar_ws/src/rplidar_ros2_humble/sdk/src/rplidar_driver.cpp:274:75:[m[K [01;35m[Kwarning: [m[Kunused parameter ‘[01m[Ktimeout[m[K’ [[01;35m[K-Wunused-parameter[m[K]
[2.994s]   274 | u_result RPlidarDriverImplCommon::checkIfTofLidar(bool & isTofLidar, [01;35m[K_u32 timeout[m[K)
[2.994s]       |                                                                      [01;35m[K~~~~~^~~~~~~[m[K
[2.994s] [01m[K/home/agx/cthree/slam/rplidar_ws/src/rplidar_ros2_humble/sdk/src/arch/linux/net_serial.cpp:[m[K In member function ‘[01m[Kbool rp::arch::net::raw_serial::open(const char*, uint32_t, uint32_t)[m[K’:
[2.995s] [01m[K/home/agx/cthree/slam/rplidar_ws/src/rplidar_ros2_humble/sdk/src/arch/linux/net_serial.cpp:97:74:[m[K [01;35m[Kwarning: [m[Kunused parameter ‘[01m[Kflags[m[K’ [[01;35m[K-Wunused-parameter[m[K]
[2.995s]    97 | bool raw_serial::open(const char * portname, uint32_t baudrate, [01;35m[Kuint32_t flags[m[K)
[2.995s]       |                                                                 [01;35m[K~~~~~~~~~^~~~~[m[K
[2.995s] [01m[K/home/agx/cthree/slam/rplidar_ws/src/rplidar_ros2_humble/sdk/src/arch/linux/net_serial.cpp:[m[K In member function ‘[01m[Kvirtual void rp::arch::net::raw_serial::flush(_u32)[m[K’:
[2.995s] [01m[K/home/agx/cthree/slam/rplidar_ws/src/rplidar_ros2_humble/sdk/src/arch/linux/net_serial.cpp:281:30:[m[K [01;35m[Kwarning: [m[Kunused parameter ‘[01m[Kflags[m[K’ [[01;35m[K-Wunused-parameter[m[K]
[2.996s]   281 | void raw_serial::flush( [01;35m[K_u32 flags[m[K)
[2.996s]       |                         [01;35m[K~~~~~^~~~~[m[K
[2.996s] [01m[K/home/agx/cthree/slam/rplidar_ws/src/rplidar_ros2_humble/sdk/src/arch/linux/net_serial.cpp:[m[K In member function ‘[01m[Kvirtual int rp::arch::net::raw_serial::waitforsent(_u32, size_t*)[m[K’:
[2.996s] [01m[K/home/agx/cthree/slam/rplidar_ws/src/rplidar_ros2_humble/sdk/src/arch/linux/net_serial.cpp:286:34:[m[K [01;35m[Kwarning: [m[Kunused parameter ‘[01m[Ktimeout[m[K’ [[01;35m[K-Wunused-parameter[m[K]
[2.996s]   286 | int raw_serial::waitforsent([01;35m[K_u32 timeout[m[K, size_t * returned_size)
[2.996s]       |                             [01;35m[K~~~~~^~~~~~~[m[K
[2.996s] [01m[K/home/agx/cthree/slam/rplidar_ws/src/rplidar_ros2_humble/sdk/src/arch/linux/net_serial.cpp:[m[K In member function ‘[01m[Kvirtual int rp::arch::net::raw_serial::waitforrecv(_u32, size_t*)[m[K’:
[2.996s] [01m[K/home/agx/cthree/slam/rplidar_ws/src/rplidar_ros2_humble/sdk/src/arch/linux/net_serial.cpp:292:34:[m[K [01;35m[Kwarning: [m[Kunused parameter ‘[01m[Ktimeout[m[K’ [[01;35m[K-Wunused-parameter[m[K]
[2.996s]   292 | int raw_serial::waitforrecv([01;35m[K_u32 timeout[m[K, size_t * returned_size)
[2.996s]       |                             [01;35m[K~~~~~^~~~~~~[m[K
[3.003s] [01m[K/home/agx/cthree/slam/rplidar_ws/src/rplidar_ros2_humble/sdk/src/rplidar_driver.cpp:[m[K In member function ‘[01m[Kvirtual void rp::standalone::rplidar::RPlidarDriverImplCommon::_dense_capsuleToNormal(const rplidar_response_capsule_measurement_nodes_t&, rplidar_response_measurement_node_hq_t*, size_t&)[m[K’:
[3.003s] [01m[K/home/agx/cthree/slam/rplidar_ws/src/rplidar_ros2_humble/sdk/src/rplidar_driver.cpp:872:108:[m[K [01;35m[Kwarning: [m[Ktype qualifiers ignored on cast result type [[01;35m[K-Wignored-qualifiers[m[K]
[3.003s]   872 |             const int dist = static_cast<const int>(_cached_previous_dense_capsuledata.cabins[pos].distance[01;35m[K)[m[K;
[3.003s]       |                                                                                                            [01;35m[K^[m[K
[3.004s] [01m[K/home/agx/cthree/slam/rplidar_ws/src/rplidar_ros2_humble/sdk/src/rplidar_driver.cpp:[m[K In function ‘[01m[K_u32 rp::standalone::rplidar::_crc32cal(_u32, void*, _u16)[m[K’:
[3.004s] [01m[K/home/agx/cthree/slam/rplidar_ws/src/rplidar_ros2_humble/sdk/src/rplidar_driver.cpp:996:23:[m[K [01;35m[Kwarning: [m[Ksuggest parentheses around ‘[01m[K-[m[K’ in operand of ‘[01m[K&[m[K’ [[01;35m[K-Wparentheses[m[K]
[3.004s]   996 |     _u8 leftBytes = [01;35m[K4 - len[m[K & 0x3;
[3.004s]       |                     [01;35m[K~~^~~~~[m[K
[3.007s] [01m[K/home/agx/cthree/slam/rplidar_ws/src/rplidar_ros2_humble/sdk/src/rplidar_driver.cpp:[m[K In member function ‘[01m[Kvirtual void rp::standalone::rplidar::RPlidarDriverImplCommon::_ultraCapsuleToNormal(const rplidar_response_ultra_capsule_measurement_nodes_t&, rplidar_response_measurement_node_hq_t*, size_t&)[m[K’:
[3.007s] [01m[K/home/agx/cthree/slam/rplidar_ws/src/rplidar_ros2_humble/sdk/src/rplidar_driver.cpp:1207:32:[m[K [01;35m[Kwarning: [m[Kcomparison of integer expressions of different signedness: ‘[01m[Kint[m[K’ and ‘[01m[Kunsigned int[m[K’ [[01;35m[K-Wsign-compare[m[K]
[3.008s]  1207 |             if (([01;35m[Kdist_predict1 == 0xFFFFFE00[m[K) || (dist_predict1 == 0x1FF)) {
[3.008s]       |                  [01;35m[K~~~~~~~~~~~~~~^~~~~~~~~~~~~[m[K
[3.008s] [01m[K/home/agx/cthree/slam/rplidar_ws/src/rplidar_ros2_humble/sdk/src/rplidar_driver.cpp:1215:32:[m[K [01;35m[Kwarning: [m[Kcomparison of integer expressions of different signedness: ‘[01m[Kint[m[K’ and ‘[01m[Kunsigned int[m[K’ [[01;35m[K-Wsign-compare[m[K]
[3.008s]  1215 |             if (([01;35m[Kdist_predict2 == 0xFFFFFE00[m[K) || (dist_predict2 == 0x1FF)) {
[3.008s]       |                  [01;35m[K~~~~~~~~~~~~~~^~~~~~~~~~~~~[m[K
[3.016s] [01m[K/home/agx/cthree/slam/rplidar_ws/src/rplidar_ros2_humble/sdk/src/rplidar_driver.cpp:[m[K In member function ‘[01m[Kvirtual u_result rp::standalone::rplidar::RPlidarDriverImplCommon::getAllSupportedScanModes(std::vector<rp::standalone::rplidar::RplidarScanMode>&, _u32)[m[K’:
[3.016s] [01m[K/home/agx/cthree/slam/rplidar_ws/src/rplidar_ros2_humble/sdk/src/rplidar_driver.cpp:1453:105:[m[K [01;35m[Kwarning: [m[Kunused parameter ‘[01m[KtimeoutInMs[m[K’ [[01;35m[K-Wunused-parameter[m[K]
[3.017s]  1453 | u_result RPlidarDriverImplCommon::getAllSupportedScanModes(std::vector<RplidarScanMode>& outModes, [01;35m[K_u32 timeoutInMs[m[K)
[3.017s]       |                                                                                                    [01;35m[K~~~~~^~~~~~~~~~~[m[K
[3.018s] [01m[K/home/agx/cthree/slam/rplidar_ws/src/rplidar_ros2_humble/sdk/src/rplidar_driver.cpp:[m[K In member function ‘[01m[Kvirtual u_result rp::standalone::rplidar::RPlidarDriverImplCommon::startScan(bool, bool, _u32, rp::standalone::rplidar::RplidarScanMode*)[m[K’:
[3.018s] [01m[K/home/agx/cthree/slam/rplidar_ws/src/rplidar_ros2_humble/sdk/src/rplidar_driver.cpp:1550:83:[m[K [01;35m[Kwarning: [m[Kunused parameter ‘[01m[Koptions[m[K’ [[01;35m[K-Wunused-parameter[m[K]
[3.018s]  1550 | u_result RPlidarDriverImplCommon::startScan(bool force, bool useTypicalScan, [01;35m[K_u32 options[m[K, RplidarScanMode* outUsedScanMode)
[3.018s]       |                                                                              [01;35m[K~~~~~^~~~~~~[m[K
[3.021s] [01m[K/home/agx/cthree/slam/rplidar_ws/src/rplidar_ros2_humble/sdk/src/rplidar_driver.cpp:[m[K In member function ‘[01m[Kvirtual u_result rp::standalone::rplidar::RPlidarDriverImplCommon::stop(_u32)[m[K’:
[3.021s] [01m[K/home/agx/cthree/slam/rplidar_ws/src/rplidar_ros2_humble/sdk/src/rplidar_driver.cpp:1774:45:[m[K [01;35m[Kwarning: [m[Kunused parameter ‘[01m[Ktimeout[m[K’ [[01;35m[K-Wunused-parameter[m[K]
[3.021s]  1774 | u_result RPlidarDriverImplCommon::stop([01;35m[K_u32 timeout[m[K)
[3.021s]       |                                        [01;35m[K~~~~~^~~~~~~[m[K
[3.025s] [01m[K/home/agx/cthree/slam/rplidar_ws/src/rplidar_ros2_humble/sdk/src/rplidar_driver.cpp:[m[K In member function ‘[01m[Kvirtual u_result rp::standalone::rplidar::RPlidarDriverImplCommon::setLidarSpinSpeed(_u16, _u32)[m[K’:
[3.026s] [01m[K/home/agx/cthree/slam/rplidar_ws/src/rplidar_ros2_humble/sdk/src/rplidar_driver.cpp:2162:68:[m[K [01;35m[Kwarning: [m[Kunused parameter ‘[01m[Ktimeout[m[K’ [[01;35m[K-Wunused-parameter[m[K]
[3.026s]  2162 | u_result RPlidarDriverImplCommon::setLidarSpinSpeed(_u16 rpm, [01;35m[K_u32 timeout[m[K)
[3.026s]       |                                                               [01;35m[K~~~~~^~~~~~~[m[K
[3.027s] [01m[K/home/agx/cthree/slam/rplidar_ws/src/rplidar_ros2_humble/sdk/src/rplidar_driver.cpp:[m[K In member function ‘[01m[Kvirtual u_result rp::standalone::rplidar::RPlidarDriverSerial::connect(const char*, _u32, _u32)[m[K’:
[3.027s] [01m[K/home/agx/cthree/slam/rplidar_ws/src/rplidar_ros2_humble/sdk/src/rplidar_driver.cpp:2240:83:[m[K [01;35m[Kwarning: [m[Kunused parameter ‘[01m[Kflag[m[K’ [[01;35m[K-Wunused-parameter[m[K]
[3.027s]  2240 | u_result RPlidarDriverSerial::connect(const char * port_path, _u32 baudrate, [01;35m[K_u32 flag[m[K)
[3.027s]       |                                                                              [01;35m[K~~~~~^~~~[m[K
[3.028s] [01m[K/home/agx/cthree/slam/rplidar_ws/src/rplidar_ros2_humble/sdk/src/rplidar_driver.cpp:[m[K In member function ‘[01m[Kvirtual u_result rp::standalone::rplidar::RPlidarDriverTCP::connect(const char*, _u32, _u32)[m[K’:
[3.028s] [01m[K/home/agx/cthree/slam/rplidar_ws/src/rplidar_ros2_humble/sdk/src/rplidar_driver.cpp:2282:72:[m[K [01;35m[Kwarning: [m[Kunused parameter ‘[01m[Kflag[m[K’ [[01;35m[K-Wunused-parameter[m[K]
[3.028s]  2282 | u_result RPlidarDriverTCP::connect(const char * ipStr, _u32 port, [01;35m[K_u32 flag[m[K)
[3.028s]       |                                                                   [01;35m[K~~~~~^~~~[m[K
[3.370s] In file included from [01m[K/home/agx/cthree/slam/rplidar_ws/src/rplidar_ros2_humble/./sdk/include/rplidar.h:39[m[K,
[3.370s]                  from [01m[K/home/agx/cthree/slam/rplidar_ws/src/rplidar_ros2_humble/sdk/src/sdkcommon.h:48[m[K,
[3.370s]                  from [01m[K/home/agx/cthree/slam/rplidar_ws/src/rplidar_ros2_humble/sdk/src/rplidar_driver.cpp:35[m[K:
[3.370s] [01m[K/home/agx/cthree/slam/rplidar_ws/src/rplidar_ros2_humble/./sdk/include/rplidar_protocol.h:59:14:[m[K [01;35m[Kwarning: [m[KISO C++ forbids zero-size array ‘[01m[Kdata[m[K’ [[01;35m[K-Wpedantic[m[K]
[3.370s]    59 |     _u8 data[[01;35m[K0[m[K];
[3.370s]       |              [01;35m[K^[m[K
[3.370s] In file included from [01m[K/home/agx/cthree/slam/rplidar_ws/src/rplidar_ros2_humble/./sdk/include/rplidar.h:40[m[K,
[3.371s]                  from [01m[K/home/agx/cthree/slam/rplidar_ws/src/rplidar_ros2_humble/sdk/src/sdkcommon.h:48[m[K,
[3.371s]                  from [01m[K/home/agx/cthree/slam/rplidar_ws/src/rplidar_ros2_humble/sdk/src/rplidar_driver.cpp:35[m[K:
[3.371s] [01m[K/home/agx/cthree/slam/rplidar_ws/src/rplidar_ros2_humble/./sdk/include/rplidar_cmd.h:260:18:[m[K [01;35m[Kwarning: [m[KISO C++ forbids zero-size array ‘[01m[Kpayload[m[K’ [[01;35m[K-Wpedantic[m[K]
[3.371s]   260 |     _u8  payload[[01;35m[K0[m[K];
[3.371s]       |                  [01;35m[K^[m[K
[3.543s] [01m[K/home/agx/cthree/slam/rplidar_ws/src/rplidar_ros2_humble/sdk/src/rplidar_driver.cpp:[m[K In member function ‘[01m[Kvirtual u_result rp::standalone::rplidar::RPlidarDriverImplCommon::reset(_u32)[m[K’:
[3.543s] [01m[K/home/agx/cthree/slam/rplidar_ws/src/rplidar_ros2_humble/sdk/src/rplidar_driver.cpp:121:46:[m[K [01;35m[Kwarning: [m[Kunused parameter ‘[01m[Ktimeout[m[K’ [[01;35m[K-Wunused-parameter[m[K]
[3.543s]   121 | u_result RPlidarDriverImplCommon::reset([01;35m[K_u32 timeout[m[K)
[3.544s]       |                                         [01;35m[K~~~~~^~~~~~~[m[K
[3.545s] [01m[K/home/agx/cthree/slam/rplidar_ws/src/rplidar_ros2_humble/sdk/src/rplidar_driver.cpp:[m[K In member function ‘[01m[Kvirtual u_result rp::standalone::rplidar::RPlidarDriverImplCommon::checkIfTofLidar(bool&, _u32)[m[K’:
[3.545s] [01m[K/home/agx/cthree/slam/rplidar_ws/src/rplidar_ros2_humble/sdk/src/rplidar_driver.cpp:274:75:[m[K [01;35m[Kwarning: [m[Kunused parameter ‘[01m[Ktimeout[m[K’ [[01;35m[K-Wunused-parameter[m[K]
[3.545s]   274 | u_result RPlidarDriverImplCommon::checkIfTofLidar(bool & isTofLidar, [01;35m[K_u32 timeout[m[K)
[3.545s]       |                                                                      [01;35m[K~~~~~^~~~~~~[m[K
[3.553s] [01m[K/home/agx/cthree/slam/rplidar_ws/src/rplidar_ros2_humble/sdk/src/rplidar_driver.cpp:[m[K In member function ‘[01m[Kvirtual void rp::standalone::rplidar::RPlidarDriverImplCommon::_dense_capsuleToNormal(const rplidar_response_capsule_measurement_nodes_t&, rplidar_response_measurement_node_hq_t*, size_t&)[m[K’:
[3.553s] [01m[K/home/agx/cthree/slam/rplidar_ws/src/rplidar_ros2_humble/sdk/src/rplidar_driver.cpp:872:108:[m[K [01;35m[Kwarning: [m[Ktype qualifiers ignored on cast result type [[01;35m[K-Wignored-qualifiers[m[K]
[3.553s]   872 |             const int dist = static_cast<const int>(_cached_previous_dense_capsuledata.cabins[pos].distance[01;35m[K)[m[K;
[3.554s]       |                                                                                                            [01;35m[K^[m[K
[3.555s] [01m[K/home/agx/cthree/slam/rplidar_ws/src/rplidar_ros2_humble/sdk/src/rplidar_driver.cpp:[m[K In function ‘[01m[K_u32 rp::standalone::rplidar::_crc32cal(_u32, void*, _u16)[m[K’:
[3.555s] [01m[K/home/agx/cthree/slam/rplidar_ws/src/rplidar_ros2_humble/sdk/src/rplidar_driver.cpp:996:23:[m[K [01;35m[Kwarning: [m[Ksuggest parentheses around ‘[01m[K-[m[K’ in operand of ‘[01m[K&[m[K’ [[01;35m[K-Wparentheses[m[K]
[3.555s]   996 |     _u8 leftBytes = [01;35m[K4 - len[m[K & 0x3;
[3.555s]       |                     [01;35m[K~~^~~~~[m[K
[3.557s] [01m[K/home/agx/cthree/slam/rplidar_ws/src/rplidar_ros2_humble/sdk/src/rplidar_driver.cpp:[m[K In member function ‘[01m[Kvirtual void rp::standalone::rplidar::RPlidarDriverImplCommon::_ultraCapsuleToNormal(const rplidar_response_ultra_capsule_measurement_nodes_t&, rplidar_response_measurement_node_hq_t*, size_t&)[m[K’:
[3.557s] [01m[K/home/agx/cthree/slam/rplidar_ws/src/rplidar_ros2_humble/sdk/src/rplidar_driver.cpp:1207:32:[m[K [01;35m[Kwarning: [m[Kcomparison of integer expressions of different signedness: ‘[01m[Kint[m[K’ and ‘[01m[Kunsigned int[m[K’ [[01;35m[K-Wsign-compare[m[K]
[3.557s]  1207 |             if (([01;35m[Kdist_predict1 == 0xFFFFFE00[m[K) || (dist_predict1 == 0x1FF)) {
[3.557s]       |                  [01;35m[K~~~~~~~~~~~~~~^~~~~~~~~~~~~[m[K
[3.558s] [01m[K/home/agx/cthree/slam/rplidar_ws/src/rplidar_ros2_humble/sdk/src/rplidar_driver.cpp:1215:32:[m[K [01;35m[Kwarning: [m[Kcomparison of integer expressions of different signedness: ‘[01m[Kint[m[K’ and ‘[01m[Kunsigned int[m[K’ [[01;35m[K-Wsign-compare[m[K]
[3.558s]  1215 |             if (([01;35m[Kdist_predict2 == 0xFFFFFE00[m[K) || (dist_predict2 == 0x1FF)) {
[3.558s]       |                  [01;35m[K~~~~~~~~~~~~~~^~~~~~~~~~~~~[m[K
[3.566s] [01m[K/home/agx/cthree/slam/rplidar_ws/src/rplidar_ros2_humble/sdk/src/rplidar_driver.cpp:[m[K In member function ‘[01m[Kvirtual u_result rp::standalone::rplidar::RPlidarDriverImplCommon::getAllSupportedScanModes(std::vector<rp::standalone::rplidar::RplidarScanMode>&, _u32)[m[K’:
[3.566s] [01m[K/home/agx/cthree/slam/rplidar_ws/src/rplidar_ros2_humble/sdk/src/rplidar_driver.cpp:1453:105:[m[K [01;35m[Kwarning: [m[Kunused parameter ‘[01m[KtimeoutInMs[m[K’ [[01;35m[K-Wunused-parameter[m[K]
[3.566s]  1453 | u_result RPlidarDriverImplCommon::getAllSupportedScanModes(std::vector<RplidarScanMode>& outModes, [01;35m[K_u32 timeoutInMs[m[K)
[3.566s]       |                                                                                                    [01;35m[K~~~~~^~~~~~~~~~~[m[K
[3.567s] [01m[K/home/agx/cthree/slam/rplidar_ws/src/rplidar_ros2_humble/sdk/src/rplidar_driver.cpp:[m[K In member function ‘[01m[Kvirtual u_result rp::standalone::rplidar::RPlidarDriverImplCommon::startScan(bool, bool, _u32, rp::standalone::rplidar::RplidarScanMode*)[m[K’:
[3.567s] [01m[K/home/agx/cthree/slam/rplidar_ws/src/rplidar_ros2_humble/sdk/src/rplidar_driver.cpp:1550:83:[m[K [01;35m[Kwarning: [m[Kunused parameter ‘[01m[Koptions[m[K’ [[01;35m[K-Wunused-parameter[m[K]
[3.567s]  1550 | u_result RPlidarDriverImplCommon::startScan(bool force, bool useTypicalScan, [01;35m[K_u32 options[m[K, RplidarScanMode* outUsedScanMode)
[3.568s]       |                                                                              [01;35m[K~~~~~^~~~~~~[m[K
[3.570s] [01m[K/home/agx/cthree/slam/rplidar_ws/src/rplidar_ros2_humble/sdk/src/rplidar_driver.cpp:[m[K In member function ‘[01m[Kvirtual u_result rp::standalone::rplidar::RPlidarDriverImplCommon::stop(_u32)[m[K’:
[3.570s] [01m[K/home/agx/cthree/slam/rplidar_ws/src/rplidar_ros2_humble/sdk/src/rplidar_driver.cpp:1774:45:[m[K [01;35m[Kwarning: [m[Kunused parameter ‘[01m[Ktimeout[m[K’ [[01;35m[K-Wunused-parameter[m[K]
[3.570s]  1774 | u_result RPlidarDriverImplCommon::stop([01;35m[K_u32 timeout[m[K)
[3.570s]       |                                        [01;35m[K~~~~~^~~~~~~[m[K
[3.575s] [01m[K/home/agx/cthree/slam/rplidar_ws/src/rplidar_ros2_humble/sdk/src/rplidar_driver.cpp:[m[K In member function ‘[01m[Kvirtual u_result rp::standalone::rplidar::RPlidarDriverImplCommon::setLidarSpinSpeed(_u16, _u32)[m[K’:
[3.575s] [01m[K/home/agx/cthree/slam/rplidar_ws/src/rplidar_ros2_humble/sdk/src/rplidar_driver.cpp:2162:68:[m[K [01;35m[Kwarning: [m[Kunused parameter ‘[01m[Ktimeout[m[K’ [[01;35m[K-Wunused-parameter[m[K]
[3.575s]  2162 | u_result RPlidarDriverImplCommon::setLidarSpinSpeed(_u16 rpm, [01;35m[K_u32 timeout[m[K)
[3.575s]       |                                                               [01;35m[K~~~~~^~~~~~~[m[K
[3.576s] [01m[K/home/agx/cthree/slam/rplidar_ws/src/rplidar_ros2_humble/sdk/src/rplidar_driver.cpp:[m[K In member function ‘[01m[Kvirtual u_result rp::standalone::rplidar::RPlidarDriverSerial::connect(const char*, _u32, _u32)[m[K’:
[3.576s] [01m[K/home/agx/cthree/slam/rplidar_ws/src/rplidar_ros2_humble/sdk/src/rplidar_driver.cpp:2240:83:[m[K [01;35m[Kwarning: [m[Kunused parameter ‘[01m[Kflag[m[K’ [[01;35m[K-Wunused-parameter[m[K]
[3.576s]  2240 | u_result RPlidarDriverSerial::connect(const char * port_path, _u32 baudrate, [01;35m[K_u32 flag[m[K)
[3.576s]       |                                                                              [01;35m[K~~~~~^~~~[m[K
[3.577s] [01m[K/home/agx/cthree/slam/rplidar_ws/src/rplidar_ros2_humble/sdk/src/rplidar_driver.cpp:[m[K In member function ‘[01m[Kvirtual u_result rp::standalone::rplidar::RPlidarDriverTCP::connect(const char*, _u32, _u32)[m[K’:
[3.577s] [01m[K/home/agx/cthree/slam/rplidar_ws/src/rplidar_ros2_humble/sdk/src/rplidar_driver.cpp:2282:72:[m[K [01;35m[Kwarning: [m[Kunused parameter ‘[01m[Kflag[m[K’ [[01;35m[K-Wunused-parameter[m[K]
[3.577s]  2282 | u_result RPlidarDriverTCP::connect(const char * ipStr, _u32 port, [01;35m[K_u32 flag[m[K)
[3.577s]       |                                                                   [01;35m[K~~~~~^~~~[m[K
[5.814s] In file included from [01m[K/home/agx/cthree/slam/rplidar_ws/src/rplidar_ros2_humble/./sdk/include/rplidar.h:39[m[K,
[5.814s]                  from [01m[K/home/agx/cthree/slam/rplidar_ws/src/rplidar_ros2_humble/include/rplidar_node.hpp:41[m[K,
[5.815s]                  from [01m[K/home/agx/cthree/slam/rplidar_ws/src/rplidar_ros2_humble/src/rplidar_node.cpp:36[m[K:
[5.815s] [01m[K/home/agx/cthree/slam/rplidar_ws/src/rplidar_ros2_humble/./sdk/include/rplidar_protocol.h:59:14:[m[K [01;35m[Kwarning: [m[KISO C++ forbids zero-size array ‘[01m[Kdata[m[K’ [[01;35m[K-Wpedantic[m[K]
[5.815s]    59 |     _u8 data[[01;35m[K0[m[K];
[5.815s]       |              [01;35m[K^[m[K
[5.815s] In file included from [01m[K/home/agx/cthree/slam/rplidar_ws/src/rplidar_ros2_humble/./sdk/include/rplidar.h:40[m[K,
[5.815s]                  from [01m[K/home/agx/cthree/slam/rplidar_ws/src/rplidar_ros2_humble/include/rplidar_node.hpp:41[m[K,
[5.815s]                  from [01m[K/home/agx/cthree/slam/rplidar_ws/src/rplidar_ros2_humble/src/rplidar_node.cpp:36[m[K:
[5.815s] [01m[K/home/agx/cthree/slam/rplidar_ws/src/rplidar_ros2_humble/./sdk/include/rplidar_cmd.h:260:18:[m[K [01;35m[Kwarning: [m[KISO C++ forbids zero-size array ‘[01m[Kpayload[m[K’ [[01;35m[K-Wpedantic[m[K]
[5.815s]   260 |     _u8  payload[[01;35m[K0[m[K];
[5.815s]       |                  [01;35m[K^[m[K
[5.822s] In file included from [01m[K/home/agx/cthree/slam/rplidar_ws/src/rplidar_ros2_humble/./sdk/include/rplidar.h:39[m[K,
[5.822s]                  from [01m[K/home/agx/cthree/slam/rplidar_ws/src/rplidar_ros2_humble/src/node.cpp:45[m[K:
[5.822s] [01m[K/home/agx/cthree/slam/rplidar_ws/src/rplidar_ros2_humble/./sdk/include/rplidar_protocol.h:59:14:[m[K [01;35m[Kwarning: [m[KISO C++ forbids zero-size array ‘[01m[Kdata[m[K’ [[01;35m[K-Wpedantic[m[K]
[5.822s]    59 |     _u8 data[[01;35m[K0[m[K];
[5.822s]       |              [01;35m[K^[m[K
[5.822s] In file included from [01m[K/home/agx/cthree/slam/rplidar_ws/src/rplidar_ros2_humble/./sdk/include/rplidar.h:40[m[K,
[5.822s]                  from [01m[K/home/agx/cthree/slam/rplidar_ws/src/rplidar_ros2_humble/src/node.cpp:45[m[K:
[5.823s] [01m[K/home/agx/cthree/slam/rplidar_ws/src/rplidar_ros2_humble/./sdk/include/rplidar_cmd.h:260:18:[m[K [01;35m[Kwarning: [m[KISO C++ forbids zero-size array ‘[01m[Kpayload[m[K’ [[01;35m[K-Wpedantic[m[K]
[5.823s]   260 |     _u8  payload[[01;35m[K0[m[K];
[5.823s]       |                  [01;35m[K^[m[K
[5.841s] [01m[K/home/agx/cthree/slam/rplidar_ws/src/rplidar_ros2_humble/src/node.cpp:[m[K In function ‘[01m[Kbool stop_motor(std::shared_ptr<std_srvs::srv::Empty_Request_<std::allocator<void> > >, std::shared_ptr<std_srvs::srv::Empty_Response_<std::allocator<void> > >)[m[K’:
[5.841s] [01m[K/home/agx/cthree/slam/rplidar_ws/src/rplidar_ros2_humble/src/node.cpp:166:70:[m[K [01;35m[Kwarning: [m[Kunused parameter ‘[01m[Kreq[m[K’ [[01;35m[K-Wunused-parameter[m[K]
[5.842s]   166 | bool stop_motor([01;35m[Kconst std::shared_ptr<std_srvs::srv::Empty::Request> req[m[K,
[5.842s]       |                 [01;35m[K~~~~~~~~~~~~~~~~~~~~~~~~~~~~~~~~~~~~~~~~~~~~~~~~~~~~~^~~[m[K
[5.842s] [01m[K/home/agx/cthree/slam/rplidar_ws/src/rplidar_ros2_humble/src/node.cpp:167:65:[m[K [01;35m[Kwarning: [m[Kunused parameter ‘[01m[Kres[m[K’ [[01;35m[K-Wunused-parameter[m[K]
[5.842s]   167 |                 [01;35m[Kstd::shared_ptr<std_srvs::srv::Empty::Response> res[m[K)
[5.842s]       |                 [01;35m[K~~~~~~~~~~~~~~~~~~~~~~~~~~~~~~~~~~~~~~~~~~~~~~~~^~~[m[K
[5.842s] [01m[K/home/agx/cthree/slam/rplidar_ws/src/rplidar_ros2_humble/src/node.cpp:[m[K In function ‘[01m[Kbool start_motor(std::shared_ptr<std_srvs::srv::Empty_Request_<std::allocator<void> > >, std::shared_ptr<std_srvs::srv::Empty_Response_<std::allocator<void> > >)[m[K’:
[5.842s] [01m[K/home/agx/cthree/slam/rplidar_ws/src/rplidar_ros2_humble/src/node.cpp:178:71:[m[K [01;35m[Kwarning: [m[Kunused parameter ‘[01m[Kreq[m[K’ [[01;35m[K-Wunused-parameter[m[K]
[5.842s]   178 | bool start_motor([01;35m[Kconst std::shared_ptr<std_srvs::srv::Empty::Request> req[m[K,
[5.842s]       |                  [01;35m[K~~~~~~~~~~~~~~~~~~~~~~~~~~~~~~~~~~~~~~~~~~~~~~~~~~~~~^~~[m[K
[5.842s] [01m[K/home/agx/cthree/slam/rplidar_ws/src/rplidar_ros2_humble/src/node.cpp:179:66:[m[K [01;35m[Kwarning: [m[Kunused parameter ‘[01m[Kres[m[K’ [[01;35m[K-Wunused-parameter[m[K]
[5.842s]   179 |                  [01;35m[Kstd::shared_ptr<std_srvs::srv::Empty::Response> res[m[K)
[5.842s]       |                  [01;35m[K~~~~~~~~~~~~~~~~~~~~~~~~~~~~~~~~~~~~~~~~~~~~~~~~^~~[m[K
[5.889s] [01m[K/home/agx/cthree/slam/rplidar_ws/src/rplidar_ros2_humble/src/node.cpp:[m[K In function ‘[01m[Kint main(int, char**)[m[K’:
[5.889s] [01m[K/home/agx/cthree/slam/rplidar_ws/src/rplidar_ros2_humble/src/node.cpp:356:60:[m[K [01;35m[Kwarning: [m[KISO C++ forbids variable length array ‘[01m[Kangle_compensate_nodes[m[K’ [[01;35m[K-Wvla[m[K]
[5.889s]   356 |                     rplidar_response_measurement_node_hq_t [01;35m[Kangle_compensate_nodes[m[K[angle_compensate_nodes_count];
[5.889s]       |                                                            [01;35m[K^~~~~~~~~~~~~~~~~~~~~~[m[K
[5.889s] [01m[K/home/agx/cthree/slam/rplidar_ws/src/rplidar_ros2_humble/src/node.cpp:360:30:[m[K [01;35m[Kwarning: [m[Kcomparison of integer expressions of different signedness: ‘[01m[Kint[m[K’ and ‘[01m[Ksize_t[m[K’ {aka ‘[01m[Klong unsigned int[m[K’} [[01;35m[K-Wsign-compare[m[K]
[5.889s]   360 |                     for( ; [01;35m[Ki < count[m[K; i++ ) {
[5.889s]       |                            [01;35m[K~~^~~~~~~[m[K
[5.914s] [01m[K/home/agx/cthree/slam/rplidar_ws/src/rplidar_ros2_humble/src/rplidar_node.cpp:[m[K In member function ‘[01m[Kvoid rplidar_ros::rplidar_node::stop_motor({anonymous}::EmptyRequest, {anonymous}::EmptyResponse)[m[K’:
[5.914s] [01m[K/home/agx/cthree/slam/rplidar_ws/src/rplidar_ros2_humble/src/rplidar_node.cpp:248:50:[m[K [01;35m[Kwarning: [m[Kunused parameter ‘[01m[Kreq[m[K’ [[01;35m[K-Wunused-parameter[m[K]
[5.914s]   248 | void rplidar_node::stop_motor([01;35m[Kconst EmptyRequest req[m[K, EmptyResponse res)
[5.915s]       |                               [01;35m[K~~~~~~~~~~~~~~~~~~~^~~[m[K
[5.915s] [01m[K/home/agx/cthree/slam/rplidar_ws/src/rplidar_ros2_humble/src/rplidar_node.cpp:248:69:[m[K [01;35m[Kwarning: [m[Kunused parameter ‘[01m[Kres[m[K’ [[01;35m[K-Wunused-parameter[m[K]
[5.915s]   248 | void rplidar_node::stop_motor(const EmptyRequest req, [01;35m[KEmptyResponse res[m[K)
[5.915s]       |                                                       [01;35m[K~~~~~~~~~~~~~~^~~[m[K
[5.915s] [01m[K/home/agx/cthree/slam/rplidar_ws/src/rplidar_ros2_humble/src/rplidar_node.cpp:[m[K In member function ‘[01m[Kvoid rplidar_ros::rplidar_node::start_motor({anonymous}::EmptyRequest, {anonymous}::EmptyResponse)[m[K’:
[5.915s] [01m[K/home/agx/cthree/slam/rplidar_ws/src/rplidar_ros2_humble/src/rplidar_node.cpp:259:51:[m[K [01;35m[Kwarning: [m[Kunused parameter ‘[01m[Kreq[m[K’ [[01;35m[K-Wunused-parameter[m[K]
[5.915s]   259 | void rplidar_node::start_motor([01;35m[Kconst EmptyRequest req[m[K, EmptyResponse res)
[5.915s]       |                                [01;35m[K~~~~~~~~~~~~~~~~~~~^~~[m[K
[5.915s] [01m[K/home/agx/cthree/slam/rplidar_ws/src/rplidar_ros2_humble/src/rplidar_node.cpp:259:70:[m[K [01;35m[Kwarning: [m[Kunused parameter ‘[01m[Kres[m[K’ [[01;35m[K-Wunused-parameter[m[K]
[5.915s]   259 | void rplidar_node::start_motor(const EmptyRequest req, [01;35m[KEmptyResponse res[m[K)
[5.915s]       |                                                        [01;35m[K~~~~~~~~~~~~~~^~~[m[K
[5.924s] [01m[K/home/agx/cthree/slam/rplidar_ws/src/rplidar_ros2_humble/src/rplidar_node.cpp:[m[K In member function ‘[01m[Kvoid rplidar_ros::rplidar_node::publish_loop()[m[K’:
[5.924s] [01m[K/home/agx/cthree/slam/rplidar_ws/src/rplidar_ros2_humble/src/rplidar_node.cpp:362:25:[m[K [01;35m[Kwarning: [m[Kcomparison of integer expressions of different signedness: ‘[01m[Ksize_t[m[K’ {aka ‘[01m[Klong unsigned int[m[K’} and ‘[01m[Kint[m[K’ [[01;35m[K-Wsign-compare[m[K]
[5.924s]   362 |           for (j = 0; [01;35m[Kj < m_angle_compensate_multiple[m[K; j++) {
[5.924s]       |                       [01;35m[K~~^~~~~~~~~~~~~~~~~~~~~~~~~~~~~[m[K
[5.925s] [01m[K/home/agx/cthree/slam/rplidar_ws/src/rplidar_ros2_humble/src/rplidar_node.cpp:383:44:[m[K [01;35m[Kwarning: [m[Kcomparison of integer expressions of different signedness: ‘[01m[Ksize_t[m[K’ {aka ‘[01m[Klong unsigned int[m[K’} and ‘[01m[Kint[m[K’ [[01;35m[K-Wsign-compare[m[K]
[5.925s]   383 |       for (size_t x = start_node, y = 0; [01;35m[Kx < end_node[m[K; ++x, ++y) {
[5.925s]       |                                          [01;35m[K~~^~~~~~~~~~[m[K
[5.926s] [01m[K/home/agx/cthree/slam/rplidar_ws/src/rplidar_ros2_humble/src/rplidar_node.cpp:390:11:[m[K [01;35m[Kwarning: [m[Kunused variable ‘[01m[Kangle_min[m[K’ [[01;35m[K-Wunused-variable[m[K]
[5.926s]   390 |     float [01;35m[Kangle_min[m[K = deg_2_rad(0.0f);
[5.926s]       |           [01;35m[K^~~~~~~~~[m[K
[5.926s] [01m[K/home/agx/cthree/slam/rplidar_ws/src/rplidar_ros2_humble/src/rplidar_node.cpp:391:11:[m[K [01;35m[Kwarning: [m[Kunused variable ‘[01m[Kangle_max[m[K’ [[01;35m[K-Wunused-variable[m[K]
[5.926s]   391 |     float [01;35m[Kangle_max[m[K = deg_2_rad(359.0f);
[5.926s]       |           [01;35m[K^~~~~~~~~[m[K
[10.263s] [ 77%] [32m[1mLinking CXX executable rplidarNode[0m
[10.619s] [ 77%] Built target rplidarNode
[10.619s] [ 83%] [32m[1mLinking CXX shared library librplidar_composition_node.so[0m
[10.997s] [ 83%] Built target rplidar_composition_node
[11.029s] [ 88%] [32mBuilding CXX object CMakeFiles/rplidar_composition.dir/src/standalone_rplidar.cpp.o[0m
[11.309s] In file included from [01m[K/home/agx/cthree/slam/rplidar_ws/src/rplidar_ros2_humble/src/standalone_rplidar.cpp:16[m[K:
[11.309s] [01m[K/home/agx/cthree/slam/rplidar_ws/src/rplidar_ros2_humble/include/rplidar_node.hpp:50:[m[K [01;35m[Kwarning: [m[K"M_PI" redefined
[11.309s]    50 | #define M_PI 3.1415926535897932384626433832795
[11.309s]       | 
[11.309s] In file included from [01m[K/usr/include/c++/9/cmath:45[m[K,
[11.310s]                  from [01m[K/opt/ros/humble/include/libstatistics_collector/libstatistics_collector/moving_average_statistics/types.hpp:18[m[K,
[11.310s]                  from [01m[K/opt/ros/humble/include/libstatistics_collector/libstatistics_collector/collector/generate_statistics_message.hpp:24[m[K,
[11.310s]                  from [01m[K/opt/ros/humble/include/rclcpp/rclcpp/topic_statistics/subscription_topic_statistics.hpp:23[m[K,
[11.310s]                  from [01m[K/opt/ros/humble/include/rclcpp/rclcpp/subscription.hpp:50[m[K,
[11.310s]                  from [01m[K/opt/ros/humble/include/rclcpp/rclcpp/any_executable.hpp:25[m[K,
[11.310s]                  from [01m[K/opt/ros/humble/include/rclcpp/rclcpp/memory_strategy.hpp:25[m[K,
[11.310s]                  from [01m[K/opt/ros/humble/include/rclcpp/rclcpp/memory_strategies.hpp:18[m[K,
[11.310s]                  from [01m[K/opt/ros/humble/include/rclcpp/rclcpp/executor_options.hpp:20[m[K,
[11.310s]                  from [01m[K/opt/ros/humble/include/rclcpp/rclcpp/executor.hpp:37[m[K,
[11.310s]                  from [01m[K/opt/ros/humble/include/rclcpp/rclcpp/executors/multi_threaded_executor.hpp:25[m[K,
[11.310s]                  from [01m[K/opt/ros/humble/include/rclcpp/rclcpp/executors.hpp:21[m[K,
[11.310s]                  from [01m[K/opt/ros/humble/include/rclcpp/rclcpp/rclcpp.hpp:155[m[K,
[11.311s]                  from [01m[K/home/agx/cthree/slam/rplidar_ws/src/rplidar_ros2_humble/include/rplidar_node.hpp:34[m[K,
[11.311s]                  from [01m[K/home/agx/cthree/slam/rplidar_ws/src/rplidar_ros2_humble/src/standalone_rplidar.cpp:16[m[K:
[11.311s] [01m[K/usr/include/math.h:1151:[m[K [01;36m[Knote: [m[Kthis is the location of the previous definition
[11.311s]  1151 | # define M_PI  3.14159265358979323846 /* pi */
[11.311s]       | 
[14.388s] In file included from [01m[K/home/agx/cthree/slam/rplidar_ws/src/rplidar_ros2_humble/./sdk/include/rplidar.h:39[m[K,
[14.388s]                  from [01m[K/home/agx/cthree/slam/rplidar_ws/src/rplidar_ros2_humble/include/rplidar_node.hpp:41[m[K,
[14.388s]                  from [01m[K/home/agx/cthree/slam/rplidar_ws/src/rplidar_ros2_humble/src/standalone_rplidar.cpp:16[m[K:
[14.388s] [01m[K/home/agx/cthree/slam/rplidar_ws/src/rplidar_ros2_humble/./sdk/include/rplidar_protocol.h:59:14:[m[K [01;35m[Kwarning: [m[KISO C++ forbids zero-size array ‘[01m[Kdata[m[K’ [[01;35m[K-Wpedantic[m[K]
[14.388s]    59 |     _u8 data[[01;35m[K0[m[K];
[14.388s]       |              [01;35m[K^[m[K
[14.388s] In file included from [01m[K/home/agx/cthree/slam/rplidar_ws/src/rplidar_ros2_humble/./sdk/include/rplidar.h:40[m[K,
[14.388s]                  from [01m[K/home/agx/cthree/slam/rplidar_ws/src/rplidar_ros2_humble/include/rplidar_node.hpp:41[m[K,
[14.388s]                  from [01m[K/home/agx/cthree/slam/rplidar_ws/src/rplidar_ros2_humble/src/standalone_rplidar.cpp:16[m[K:
[14.389s] [01m[K/home/agx/cthree/slam/rplidar_ws/src/rplidar_ros2_humble/./sdk/include/rplidar_cmd.h:260:18:[m[K [01;35m[Kwarning: [m[KISO C++ forbids zero-size array ‘[01m[Kpayload[m[K’ [[01;35m[K-Wpedantic[m[K]
[14.389s]   260 |     _u8  payload[[01;35m[K0[m[K];
[14.389s]       |                  [01;35m[K^[m[K
[14.667s] [ 94%] [32m[1mLinking CXX executable rplidarNodeClient[0m
[15.105s] In file included from [01m[K/home/agx/cthree/slam/rplidar_ws/src/rplidar_ros2_humble/src/standalone_rplidar.cpp:16[m[K:
[15.105s] [01m[K/home/agx/cthree/slam/rplidar_ws/src/rplidar_ros2_humble/include/rplidar_node.hpp:76:14:[m[K [01;35m[Kwarning: [m[K‘[01m[Kfloat rplidar_ros::getAngle(const rplidar_response_measurement_node_hq_t&)[m[K’ defined but not used [[01;35m[K-Wunused-function[m[K]
[15.105s]    76 | static float [01;35m[KgetAngle[m[K(const rplidar_response_measurement_node_hq_t & node)
[15.105s]       |              [01;35m[K^~~~~~~~[m[K
[15.293s] [ 94%] Built target rplidarNodeClient
[15.326s] [100%] [32m[1mLinking CXX executable rplidar_composition[0m
[15.561s] [100%] Built target rplidar_composition
[15.582s] Invoked command in '/home/agx/cthree/slam/rplidar_ws/build/rplidar_ros' returned '0': CMAKE_PREFIX_PATH=/opt/ros/humble /usr/bin/cmake --build /home/agx/cthree/slam/rplidar_ws/build/rplidar_ros -- -j12 -l12
[15.602s] Invoking command in '/home/agx/cthree/slam/rplidar_ws/build/rplidar_ros': CMAKE_PREFIX_PATH=/opt/ros/humble /usr/bin/cmake --install /home/agx/cthree/slam/rplidar_ws/build/rplidar_ros
[15.614s] -- Install configuration: ""
[15.614s] -- Installing: /home/agx/cthree/slam/rplidar_ws/install/rplidar_ros/lib/rplidar_ros/rplidarNode
[15.617s] -- Set runtime path of "/home/agx/cthree/slam/rplidar_ws/install/rplidar_ros/lib/rplidar_ros/rplidarNode" to ""
[15.618s] -- Installing: /home/agx/cthree/slam/rplidar_ws/install/rplidar_ros/lib/rplidar_ros/rplidarNodeClient
[15.624s] -- Set runtime path of "/home/agx/cthree/slam/rplidar_ws/install/rplidar_ros/lib/rplidar_ros/rplidarNodeClient" to ""
[15.625s] -- Installing: /home/agx/cthree/slam/rplidar_ws/install/rplidar_ros/lib/rplidar_ros/rplidar_composition
[15.625s] -- Set runtime path of "/home/agx/cthree/slam/rplidar_ws/install/rplidar_ros/lib/rplidar_ros/rplidar_composition" to ""
[15.625s] -- Installing: /home/agx/cthree/slam/rplidar_ws/install/rplidar_ros/share/rplidar_ros/launch
[15.626s] -- Installing: /home/agx/cthree/slam/rplidar_ws/install/rplidar_ros/share/rplidar_ros/launch/view_rplidar_s1.launch.py
[15.626s] -- Installing: /home/agx/cthree/slam/rplidar_ws/install/rplidar_ros/share/rplidar_ros/launch/test_rplidar_a3.launch.py
[15.626s] -- Installing: /home/agx/cthree/slam/rplidar_ws/install/rplidar_ros/share/rplidar_ros/launch/rplidar.launch.py
[15.627s] -- Installing: /home/agx/cthree/slam/rplidar_ws/install/rplidar_ros/share/rplidar_ros/launch/view_rplidar.launch.py
[15.627s] -- Installing: /home/agx/cthree/slam/rplidar_ws/install/rplidar_ros/share/rplidar_ros/launch/rplidar_s1.launch.py
[15.627s] -- Installing: /home/agx/cthree/slam/rplidar_ws/install/rplidar_ros/share/rplidar_ros/launch/rplidar_s1_tcp.launch.py
[15.627s] -- Installing: /home/agx/cthree/slam/rplidar_ws/install/rplidar_ros/share/rplidar_ros/launch/rplidar_a3.launch.py
[15.628s] -- Installing: /home/agx/cthree/slam/rplidar_ws/install/rplidar_ros/share/rplidar_ros/launch/view_rplidar_s1_tcp.launch.py
[15.628s] -- Installing: /home/agx/cthree/slam/rplidar_ws/install/rplidar_ros/share/rplidar_ros/launch/view_rplidar_a3.launch.py
[15.628s] -- Installing: /home/agx/cthree/slam/rplidar_ws/install/rplidar_ros/share/rplidar_ros/launch/test_rplidar.launch.py
[15.628s] -- Installing: /home/agx/cthree/slam/rplidar_ws/install/rplidar_ros/share/rplidar_ros/rviz
[15.629s] -- Installing: /home/agx/cthree/slam/rplidar_ws/install/rplidar_ros/share/rplidar_ros/rviz/rplidar.rviz
[15.629s] -- Installing: /home/agx/cthree/slam/rplidar_ws/install/rplidar_ros/lib/librplidar_composition_node.so
[15.632s] -- Set runtime path of "/home/agx/cthree/slam/rplidar_ws/install/rplidar_ros/lib/librplidar_composition_node.so" to ""
[15.633s] -- Installing: /home/agx/cthree/slam/rplidar_ws/install/rplidar_ros/include
[15.633s] -- Installing: /home/agx/cthree/slam/rplidar_ws/install/rplidar_ros/include/rplidar_node.hpp
[15.633s] -- Installing: /home/agx/cthree/slam/rplidar_ws/install/rplidar_ros/include/visibility.h
[15.633s] -- Up-to-date: /home/agx/cthree/slam/rplidar_ws/install/rplidar_ros/lib/rplidar_ros/rplidarNode
[15.634s] -- Up-to-date: /home/agx/cthree/slam/rplidar_ws/install/rplidar_ros/lib/rplidar_ros/rplidarNodeClient
[15.634s] -- Up-to-date: /home/agx/cthree/slam/rplidar_ws/install/rplidar_ros/lib/rplidar_ros/rplidar_composition
[15.634s] -- Installing: /home/agx/cthree/slam/rplidar_ws/install/rplidar_ros/share/ament_index/resource_index/package_run_dependencies/rplidar_ros
[15.635s] -- Installing: /home/agx/cthree/slam/rplidar_ws/install/rplidar_ros/share/ament_index/resource_index/parent_prefix_path/rplidar_ros
[15.635s] -- Installing: /home/agx/cthree/slam/rplidar_ws/install/rplidar_ros/share/rplidar_ros/environment/ament_prefix_path.sh
[15.635s] -- Installing: /home/agx/cthree/slam/rplidar_ws/install/rplidar_ros/share/rplidar_ros/environment/ament_prefix_path.dsv
[15.635s] -- Installing: /home/agx/cthree/slam/rplidar_ws/install/rplidar_ros/share/rplidar_ros/environment/path.sh
[15.636s] -- Installing: /home/agx/cthree/slam/rplidar_ws/install/rplidar_ros/share/rplidar_ros/environment/path.dsv
[15.636s] -- Installing: /home/agx/cthree/slam/rplidar_ws/install/rplidar_ros/share/rplidar_ros/local_setup.bash
[15.636s] -- Installing: /home/agx/cthree/slam/rplidar_ws/install/rplidar_ros/share/rplidar_ros/local_setup.sh
[15.636s] -- Installing: /home/agx/cthree/slam/rplidar_ws/install/rplidar_ros/share/rplidar_ros/local_setup.zsh
[15.637s] -- Installing: /home/agx/cthree/slam/rplidar_ws/install/rplidar_ros/share/rplidar_ros/local_setup.dsv
[15.637s] -- Installing: /home/agx/cthree/slam/rplidar_ws/install/rplidar_ros/share/rplidar_ros/package.dsv
[15.637s] -- Installing: /home/agx/cthree/slam/rplidar_ws/install/rplidar_ros/share/ament_index/resource_index/packages/rplidar_ros
[15.638s] -- Installing: /home/agx/cthree/slam/rplidar_ws/install/rplidar_ros/share/rplidar_ros/cmake/ament_cmake_export_dependencies-extras.cmake
[15.638s] -- Installing: /home/agx/cthree/slam/rplidar_ws/install/rplidar_ros/share/rplidar_ros/cmake/ament_cmake_export_include_directories-extras.cmake
[15.638s] -- Installing: /home/agx/cthree/slam/rplidar_ws/install/rplidar_ros/share/rplidar_ros/cmake/rplidar_rosConfig.cmake
[15.638s] -- Installing: /home/agx/cthree/slam/rplidar_ws/install/rplidar_ros/share/rplidar_ros/cmake/rplidar_rosConfig-version.cmake
[15.638s] -- Installing: /home/agx/cthree/slam/rplidar_ws/install/rplidar_ros/share/rplidar_ros/package.xml
[15.642s] Invoked command in '/home/agx/cthree/slam/rplidar_ws/build/rplidar_ros' returned '0': CMAKE_PREFIX_PATH=/opt/ros/humble /usr/bin/cmake --install /home/agx/cthree/slam/rplidar_ws/build/rplidar_ros
