[0.089s] Invoking command in '/home/agx/cthree/slam/nav2fishbot/build/dwb_critics': AMENT_PREFIX_PATH=/home/agx/cthree/slam/nav2fishbot/install/dwb_core:/home/agx/cthree/slam/nav2fishbot/install/nav2_core:/home/agx/cthree/slam/nav2fishbot/install/costmap_queue:/home/agx/cthree/slam/nav2fishbot/install/nav2_costmap_2d:/home/agx/cthree/slam/nav2fishbot/install/nav_2d_utils:/home/agx/cthree/slam/nav2fishbot/install/nav2_map_server:/home/agx/cthree/slam/nav2fishbot/install/nav2_lifecycle_manager:/home/agx/cthree/slam/nav2fishbot/install/nav2_util:/home/agx/cthree/slam/nav2fishbot/install/nav2_voxel_grid:/home/agx/cthree/slam/nav2fishbot/install/nav2_msgs:/home/agx/cthree/slam/nav2fishbot/install/dwb_msgs:/home/agx/cthree/slam/nav2fishbot/install/nav_2d_msgs:/home/agx/cthree/slam/nav2fishbot/install/nav2_common:${AMENT_PREFIX_PATH} CMAKE_PREFIX_PATH=/home/agx/cthree/slam/nav2fishbot/install/dwb_core:/home/agx/cthree/slam/nav2fishbot/install/nav2_core:/home/agx/cthree/slam/nav2fishbot/install/costmap_queue:/home/agx/cthree/slam/nav2fishbot/install/nav2_costmap_2d:/home/agx/cthree/slam/nav2fishbot/install/nav_2d_utils:/home/agx/cthree/slam/nav2fishbot/install/nav2_map_server:/home/agx/cthree/slam/nav2fishbot/install/nav2_lifecycle_manager:/home/agx/cthree/slam/nav2fishbot/install/nav2_util:/home/agx/cthree/slam/nav2fishbot/install/nav2_voxel_grid:/home/agx/cthree/slam/nav2fishbot/install/nav2_msgs:/home/agx/cthree/slam/nav2fishbot/install/dwb_msgs:/home/agx/cthree/slam/nav2fishbot/install/nav_2d_msgs:/home/agx/cthree/slam/nav2fishbot/install/nav2_common:/home/agx/cthree/slam/OVD-SLAM10/Examples/ros2/install/orbslam3:/home/agx/cthree/slam/cam_ws/install/realsense2_description:/home/agx/cthree/slam/cam_ws/install/realsense2_camera:/home/agx/cthree/slam/cam_ws/install/realsense2_camera_msgs:/opt/ros/humble LD_LIBRARY_PATH=/home/agx/cthree/slam/nav2fishbot/install/dwb_core/lib:/home/agx/cthree/slam/nav2fishbot/install/costmap_queue/lib:/home/agx/cthree/slam/nav2fishbot/install/nav2_costmap_2d/lib:/home/agx/cthree/slam/nav2fishbot/install/nav_2d_utils/lib:/home/agx/cthree/slam/nav2fishbot/install/nav2_map_server/lib:/home/agx/cthree/slam/nav2fishbot/install/nav2_lifecycle_manager/lib:/home/agx/cthree/slam/nav2fishbot/install/nav2_util/lib:/home/agx/cthree/slam/nav2fishbot/install/nav2_voxel_grid/lib:/home/agx/cthree/slam/nav2fishbot/install/nav2_msgs/lib:/home/agx/cthree/slam/nav2fishbot/install/dwb_msgs/lib:/home/agx/cthree/slam/nav2fishbot/install/nav_2d_msgs/lib:/home/agx/cthree/slam/cam_ws/install/realsense2_camera/lib:/home/agx/cthree/slam/cam_ws/install/realsense2_camera_msgs/lib:/opt/ros/humble/opt/rviz_ogre_vendor/lib:/opt/ros/humble/lib/aarch64-linux-gnu:/opt/ros/humble/lib:/usr/local/lib PYTHONPATH=/home/agx/cthree/slam/nav2fishbot/install/nav2_msgs/local/lib/python3.10/dist-packages:/home/agx/cthree/slam/nav2fishbot/install/dwb_msgs/local/lib/python3.10/dist-packages:/home/agx/cthree/slam/nav2fishbot/install/nav_2d_msgs/local/lib/python3.10/dist-packages:/home/agx/cthree/slam/nav2fishbot/install/nav2_common/local/lib/python3.10/dist-packages:${PYTHONPATH} /usr/bin/cmake /home/agx/cthree/slam/nav2fishbot/src/fishbot/src/navigation/nav2_dwb_controller/dwb_critics -DCMAKE_INSTALL_PREFIX=/home/agx/cthree/slam/nav2fishbot/install/dwb_critics
[4.606s] -- The C compiler identification is GNU 9.5.0
[4.607s] -- The CXX compiler identification is GNU 9.5.0
[4.607s] -- Detecting C compiler ABI info
[4.607s] -- Detecting C compiler ABI info - done
[4.607s] -- Check for working C compiler: /usr/bin/cc - skipped
[4.607s] -- Detecting C compile features
[4.607s] -- Detecting C compile features - done
[4.607s] -- Detecting CXX compiler ABI info
[4.607s] -- Detecting CXX compiler ABI info - done
[4.607s] -- Check for working CXX compiler: /usr/bin/c++ - skipped
[4.608s] -- Detecting CXX compile features
[4.608s] -- Detecting CXX compile features - done
[4.608s] -- Found ament_cmake: 1.3.12 (/opt/ros/humble/share/ament_cmake/cmake)
[4.608s] -- Found Python3: /usr/bin/python3 (found version "3.10.12") found components: Interpreter 
[4.608s] -- Found nav2_common: 1.1.0 (/home/agx/cthree/slam/nav2fishbot/install/nav2_common/share/nav2_common/cmake)
[4.608s] -- Found angles: 1.15.0 (/opt/ros/humble/share/angles/cmake)
[4.608s] -- Found nav2_costmap_2d: 1.1.0 (/home/agx/cthree/slam/nav2fishbot/install/nav2_costmap_2d/share/nav2_costmap_2d/cmake)
[4.608s] -- Found rosidl_generator_c: 3.1.7 (/opt/ros/humble/share/rosidl_generator_c/cmake)
[4.608s] -- Found rosidl_adapter: 3.1.7 (/opt/ros/humble/share/rosidl_adapter/cmake)
[4.608s] -- Found rosidl_generator_cpp: 3.1.7 (/opt/ros/humble/share/rosidl_generator_cpp/cmake)
[4.608s] -- Using all available rosidl_typesupport_c: rosidl_typesupport_fastrtps_c;rosidl_typesupport_introspection_c
[4.608s] -- Using all available rosidl_typesupport_cpp: rosidl_typesupport_fastrtps_cpp;rosidl_typesupport_introspection_cpp
[4.608s] -- Found rmw_implementation_cmake: 6.1.2 (/opt/ros/humble/share/rmw_implementation_cmake/cmake)
[4.609s] -- Found rmw_fastrtps_cpp: 6.2.9 (/opt/ros/humble/share/rmw_fastrtps_cpp/cmake)
[4.609s] -- Found OpenSSL: /usr/lib/aarch64-linux-gnu/libcrypto.so (found version "3.0.2")  
[4.609s] -- Found FastRTPS: /opt/ros/humble/include  
[4.609s] -- Using RMW implementation 'rmw_fastrtps_cpp' as default
[4.609s] -- Looking for pthread.h
[4.609s] -- Looking for pthread.h - found
[4.609s] -- Performing Test CMAKE_HAVE_LIBC_PTHREAD
[4.609s] -- Performing Test CMAKE_HAVE_LIBC_PTHREAD - Success
[4.609s] -- Found Threads: TRUE  
[4.609s] -- Found Eigen3: TRUE (found version "3.4.0") 
[4.609s] -- Ensuring Eigen3 include directory is part of orocos-kdl CMake target
[4.609s] -- Found costmap_queue: 1.1.0 (/home/agx/cthree/slam/nav2fishbot/install/costmap_queue/share/costmap_queue/cmake)
[4.609s] -- Found dwb_core: 1.1.0 (/home/agx/cthree/slam/nav2fishbot/install/dwb_core/share/dwb_core/cmake)
[4.610s] -- Setting build type to Release as none was specified.
[4.610s] -- Found ament_lint_auto: 0.12.14 (/opt/ros/humble/share/ament_lint_auto/cmake)
[4.610s] -- Found gtest sources under '/opt/ros/humble/src/gtest_vendor': C++ tests using 'Google Test' will be built
[4.610s] -- Added test 'cppcheck' to perform static code analysis on C / C++ code
[4.610s] -- Configured cppcheck include dirs: /home/agx/cthree/slam/nav2fishbot/src/fishbot/src/navigation/nav2_dwb_controller/dwb_critics/include
[4.610s] -- Configured cppcheck exclude dirs and/or files: 
[4.610s] -- Added test 'cpplint' to check C / C++ code against the Google style
[4.610s] -- Configured cpplint exclude dirs and/or files: 
[4.610s] -- Added test 'lint_cmake' to check CMake code style
[4.610s] -- Added test 'uncrustify' to check C / C++ code style
[4.610s] -- Configured uncrustify additional arguments: 
[4.610s] -- Added test 'xmllint' to check XML markup files
[4.611s] -- Configuring done
[4.611s] -- Generating done
[4.612s] -- Build files have been written to: /home/agx/cthree/slam/nav2fishbot/build/dwb_critics
[4.663s] Invoked command in '/home/agx/cthree/slam/nav2fishbot/build/dwb_critics' returned '0': AMENT_PREFIX_PATH=/home/agx/cthree/slam/nav2fishbot/install/dwb_core:/home/agx/cthree/slam/nav2fishbot/install/nav2_core:/home/agx/cthree/slam/nav2fishbot/install/costmap_queue:/home/agx/cthree/slam/nav2fishbot/install/nav2_costmap_2d:/home/agx/cthree/slam/nav2fishbot/install/nav_2d_utils:/home/agx/cthree/slam/nav2fishbot/install/nav2_map_server:/home/agx/cthree/slam/nav2fishbot/install/nav2_lifecycle_manager:/home/agx/cthree/slam/nav2fishbot/install/nav2_util:/home/agx/cthree/slam/nav2fishbot/install/nav2_voxel_grid:/home/agx/cthree/slam/nav2fishbot/install/nav2_msgs:/home/agx/cthree/slam/nav2fishbot/install/dwb_msgs:/home/agx/cthree/slam/nav2fishbot/install/nav_2d_msgs:/home/agx/cthree/slam/nav2fishbot/install/nav2_common:${AMENT_PREFIX_PATH} CMAKE_PREFIX_PATH=/home/agx/cthree/slam/nav2fishbot/install/dwb_core:/home/agx/cthree/slam/nav2fishbot/install/nav2_core:/home/agx/cthree/slam/nav2fishbot/install/costmap_queue:/home/agx/cthree/slam/nav2fishbot/install/nav2_costmap_2d:/home/agx/cthree/slam/nav2fishbot/install/nav_2d_utils:/home/agx/cthree/slam/nav2fishbot/install/nav2_map_server:/home/agx/cthree/slam/nav2fishbot/install/nav2_lifecycle_manager:/home/agx/cthree/slam/nav2fishbot/install/nav2_util:/home/agx/cthree/slam/nav2fishbot/install/nav2_voxel_grid:/home/agx/cthree/slam/nav2fishbot/install/nav2_msgs:/home/agx/cthree/slam/nav2fishbot/install/dwb_msgs:/home/agx/cthree/slam/nav2fishbot/install/nav_2d_msgs:/home/agx/cthree/slam/nav2fishbot/install/nav2_common:/home/agx/cthree/slam/OVD-SLAM10/Examples/ros2/install/orbslam3:/home/agx/cthree/slam/cam_ws/install/realsense2_description:/home/agx/cthree/slam/cam_ws/install/realsense2_camera:/home/agx/cthree/slam/cam_ws/install/realsense2_camera_msgs:/opt/ros/humble LD_LIBRARY_PATH=/home/agx/cthree/slam/nav2fishbot/install/dwb_core/lib:/home/agx/cthree/slam/nav2fishbot/install/costmap_queue/lib:/home/agx/cthree/slam/nav2fishbot/install/nav2_costmap_2d/lib:/home/agx/cthree/slam/nav2fishbot/install/nav_2d_utils/lib:/home/agx/cthree/slam/nav2fishbot/install/nav2_map_server/lib:/home/agx/cthree/slam/nav2fishbot/install/nav2_lifecycle_manager/lib:/home/agx/cthree/slam/nav2fishbot/install/nav2_util/lib:/home/agx/cthree/slam/nav2fishbot/install/nav2_voxel_grid/lib:/home/agx/cthree/slam/nav2fishbot/install/nav2_msgs/lib:/home/agx/cthree/slam/nav2fishbot/install/dwb_msgs/lib:/home/agx/cthree/slam/nav2fishbot/install/nav_2d_msgs/lib:/home/agx/cthree/slam/cam_ws/install/realsense2_camera/lib:/home/agx/cthree/slam/cam_ws/install/realsense2_camera_msgs/lib:/opt/ros/humble/opt/rviz_ogre_vendor/lib:/opt/ros/humble/lib/aarch64-linux-gnu:/opt/ros/humble/lib:/usr/local/lib PYTHONPATH=/home/agx/cthree/slam/nav2fishbot/install/nav2_msgs/local/lib/python3.10/dist-packages:/home/agx/cthree/slam/nav2fishbot/install/dwb_msgs/local/lib/python3.10/dist-packages:/home/agx/cthree/slam/nav2fishbot/install/nav_2d_msgs/local/lib/python3.10/dist-packages:/home/agx/cthree/slam/nav2fishbot/install/nav2_common/local/lib/python3.10/dist-packages:${PYTHONPATH} /usr/bin/cmake /home/agx/cthree/slam/nav2fishbot/src/fishbot/src/navigation/nav2_dwb_controller/dwb_critics -DCMAKE_INSTALL_PREFIX=/home/agx/cthree/slam/nav2fishbot/install/dwb_critics
[4.687s] Invoking command in '/home/agx/cthree/slam/nav2fishbot/build/dwb_critics': AMENT_PREFIX_PATH=/home/agx/cthree/slam/nav2fishbot/install/dwb_core:/home/agx/cthree/slam/nav2fishbot/install/nav2_core:/home/agx/cthree/slam/nav2fishbot/install/costmap_queue:/home/agx/cthree/slam/nav2fishbot/install/nav2_costmap_2d:/home/agx/cthree/slam/nav2fishbot/install/nav_2d_utils:/home/agx/cthree/slam/nav2fishbot/install/nav2_map_server:/home/agx/cthree/slam/nav2fishbot/install/nav2_lifecycle_manager:/home/agx/cthree/slam/nav2fishbot/install/nav2_util:/home/agx/cthree/slam/nav2fishbot/install/nav2_voxel_grid:/home/agx/cthree/slam/nav2fishbot/install/nav2_msgs:/home/agx/cthree/slam/nav2fishbot/install/dwb_msgs:/home/agx/cthree/slam/nav2fishbot/install/nav_2d_msgs:/home/agx/cthree/slam/nav2fishbot/install/nav2_common:${AMENT_PREFIX_PATH} CMAKE_PREFIX_PATH=/home/agx/cthree/slam/nav2fishbot/install/dwb_core:/home/agx/cthree/slam/nav2fishbot/install/nav2_core:/home/agx/cthree/slam/nav2fishbot/install/costmap_queue:/home/agx/cthree/slam/nav2fishbot/install/nav2_costmap_2d:/home/agx/cthree/slam/nav2fishbot/install/nav_2d_utils:/home/agx/cthree/slam/nav2fishbot/install/nav2_map_server:/home/agx/cthree/slam/nav2fishbot/install/nav2_lifecycle_manager:/home/agx/cthree/slam/nav2fishbot/install/nav2_util:/home/agx/cthree/slam/nav2fishbot/install/nav2_voxel_grid:/home/agx/cthree/slam/nav2fishbot/install/nav2_msgs:/home/agx/cthree/slam/nav2fishbot/install/dwb_msgs:/home/agx/cthree/slam/nav2fishbot/install/nav_2d_msgs:/home/agx/cthree/slam/nav2fishbot/install/nav2_common:/home/agx/cthree/slam/OVD-SLAM10/Examples/ros2/install/orbslam3:/home/agx/cthree/slam/cam_ws/install/realsense2_description:/home/agx/cthree/slam/cam_ws/install/realsense2_camera:/home/agx/cthree/slam/cam_ws/install/realsense2_camera_msgs:/opt/ros/humble LD_LIBRARY_PATH=/home/agx/cthree/slam/nav2fishbot/install/dwb_core/lib:/home/agx/cthree/slam/nav2fishbot/install/costmap_queue/lib:/home/agx/cthree/slam/nav2fishbot/install/nav2_costmap_2d/lib:/home/agx/cthree/slam/nav2fishbot/install/nav_2d_utils/lib:/home/agx/cthree/slam/nav2fishbot/install/nav2_map_server/lib:/home/agx/cthree/slam/nav2fishbot/install/nav2_lifecycle_manager/lib:/home/agx/cthree/slam/nav2fishbot/install/nav2_util/lib:/home/agx/cthree/slam/nav2fishbot/install/nav2_voxel_grid/lib:/home/agx/cthree/slam/nav2fishbot/install/nav2_msgs/lib:/home/agx/cthree/slam/nav2fishbot/install/dwb_msgs/lib:/home/agx/cthree/slam/nav2fishbot/install/nav_2d_msgs/lib:/home/agx/cthree/slam/cam_ws/install/realsense2_camera/lib:/home/agx/cthree/slam/cam_ws/install/realsense2_camera_msgs/lib:/opt/ros/humble/opt/rviz_ogre_vendor/lib:/opt/ros/humble/lib/aarch64-linux-gnu:/opt/ros/humble/lib:/usr/local/lib PYTHONPATH=/home/agx/cthree/slam/nav2fishbot/install/nav2_msgs/local/lib/python3.10/dist-packages:/home/agx/cthree/slam/nav2fishbot/install/dwb_msgs/local/lib/python3.10/dist-packages:/home/agx/cthree/slam/nav2fishbot/install/nav_2d_msgs/local/lib/python3.10/dist-packages:/home/agx/cthree/slam/nav2fishbot/install/nav2_common/local/lib/python3.10/dist-packages:${PYTHONPATH} /usr/bin/cmake --build /home/agx/cthree/slam/nav2fishbot/build/dwb_critics -- -j12 -l12
[9.834s] [  3%] [32mBuilding CXX object CMakeFiles/dwb_critics.dir/src/alignment_util.cpp.o[0m
[9.834s] [  7%] [32mBuilding CXX object CMakeFiles/dwb_critics.dir/src/prefer_forward.cpp.o[0m
[15.670s] [ 11%] [32mBuilding CXX object CMakeFiles/dwb_critics.dir/src/rotate_to_goal.cpp.o[0m
[25.538s] [ 14%] [32mBuilding CXX object CMakeFiles/dwb_critics.dir/src/twirling.cpp.o[0m
[35.042s] [ 18%] [32mBuilding CXX object CMakeFiles/dwb_critics.dir/src/oscillation.cpp.o[0m
[44.905s] [ 22%] [32mBuilding CXX object CMakeFiles/dwb_critics.dir/src/obstacle_footprint.cpp.o[0m
[53.966s] [ 25%] [32mBuilding CXX object CMakeFiles/dwb_critics.dir/src/base_obstacle.cpp.o[0m
[53.966s] [ 29%] [32mBuilding CXX object CMakeFiles/dwb_critics.dir/src/path_align.cpp.o[0m
[63.917s] [ 33%] [32mBuilding CXX object CMakeFiles/dwb_critics.dir/src/goal_align.cpp.o[0m
[73.453s] [ 37%] [32mBuilding CXX object CMakeFiles/dwb_critics.dir/src/path_dist.cpp.o[0m
[82.468s] [ 44%] [32mBuilding CXX object CMakeFiles/dwb_critics.dir/src/map_grid.cpp.o[0m
[82.469s] [ 44%] [32mBuilding CXX object CMakeFiles/dwb_critics.dir/src/goal_dist.cpp.o[0m
[94.478s] [ 48%] [32m[1mLinking CXX shared library libdwb_critics.so[0m
[95.161s] [ 48%] Built target dwb_critics
[95.306s] [ 51%] [32mBuilding CXX object gtest/CMakeFiles/gtest.dir/src/gtest-all.cc.o[0m
[108.980s] [ 55%] [32m[1mLinking CXX static library libgtest.a[0m
[109.048s] [ 55%] Built target gtest
[109.092s] [ 59%] [32mBuilding CXX object gtest/CMakeFiles/gtest_main.dir/src/gtest_main.cc.o[0m
[110.702s] [ 62%] [32m[1mLinking CXX static library libgtest_main.a[0m
[110.768s] [ 62%] Built target gtest_main
[110.812s] [ 70%] [32mBuilding CXX object test/CMakeFiles/prefer_forward_tests.dir/prefer_forward_test.cpp.o[0m
[110.812s] [ 70%] [32mBuilding CXX object test/CMakeFiles/base_obstacle_tests.dir/base_obstacle_test.cpp.o[0m
[123.114s] [ 74%] [32m[1mLinking CXX executable base_obstacle_tests[0m
[123.627s] [ 74%] Built target base_obstacle_tests
[123.845s] [ 77%] [32m[1mLinking CXX executable prefer_forward_tests[0m
[124.341s] [ 77%] Built target prefer_forward_tests
[124.379s] [ 81%] [32mBuilding CXX object test/CMakeFiles/twirling_tests.dir/twirling_test.cpp.o[0m
[134.325s] [ 85%] [32m[1mLinking CXX executable twirling_tests[0m
[134.777s] [ 85%] Built target twirling_tests
[134.812s] [ 92%] [32mBuilding CXX object test/CMakeFiles/obstacle_footprint_tests.dir/obstacle_footprint_test.cpp.o[0m
[134.812s] [ 92%] [32mBuilding CXX object test/CMakeFiles/alignment_util_tests.dir/alignment_util_test.cpp.o[0m
[141.527s] [ 96%] [32m[1mLinking CXX executable alignment_util_tests[0m
[141.906s] [ 96%] Built target alignment_util_tests
[146.251s] [100%] [32m[1mLinking CXX executable obstacle_footprint_tests[0m
[146.770s] [100%] Built target obstacle_footprint_tests
[146.796s] Invoked command in '/home/agx/cthree/slam/nav2fishbot/build/dwb_critics' returned '0': AMENT_PREFIX_PATH=/home/agx/cthree/slam/nav2fishbot/install/dwb_core:/home/agx/cthree/slam/nav2fishbot/install/nav2_core:/home/agx/cthree/slam/nav2fishbot/install/costmap_queue:/home/agx/cthree/slam/nav2fishbot/install/nav2_costmap_2d:/home/agx/cthree/slam/nav2fishbot/install/nav_2d_utils:/home/agx/cthree/slam/nav2fishbot/install/nav2_map_server:/home/agx/cthree/slam/nav2fishbot/install/nav2_lifecycle_manager:/home/agx/cthree/slam/nav2fishbot/install/nav2_util:/home/agx/cthree/slam/nav2fishbot/install/nav2_voxel_grid:/home/agx/cthree/slam/nav2fishbot/install/nav2_msgs:/home/agx/cthree/slam/nav2fishbot/install/dwb_msgs:/home/agx/cthree/slam/nav2fishbot/install/nav_2d_msgs:/home/agx/cthree/slam/nav2fishbot/install/nav2_common:${AMENT_PREFIX_PATH} CMAKE_PREFIX_PATH=/home/agx/cthree/slam/nav2fishbot/install/dwb_core:/home/agx/cthree/slam/nav2fishbot/install/nav2_core:/home/agx/cthree/slam/nav2fishbot/install/costmap_queue:/home/agx/cthree/slam/nav2fishbot/install/nav2_costmap_2d:/home/agx/cthree/slam/nav2fishbot/install/nav_2d_utils:/home/agx/cthree/slam/nav2fishbot/install/nav2_map_server:/home/agx/cthree/slam/nav2fishbot/install/nav2_lifecycle_manager:/home/agx/cthree/slam/nav2fishbot/install/nav2_util:/home/agx/cthree/slam/nav2fishbot/install/nav2_voxel_grid:/home/agx/cthree/slam/nav2fishbot/install/nav2_msgs:/home/agx/cthree/slam/nav2fishbot/install/dwb_msgs:/home/agx/cthree/slam/nav2fishbot/install/nav_2d_msgs:/home/agx/cthree/slam/nav2fishbot/install/nav2_common:/home/agx/cthree/slam/OVD-SLAM10/Examples/ros2/install/orbslam3:/home/agx/cthree/slam/cam_ws/install/realsense2_description:/home/agx/cthree/slam/cam_ws/install/realsense2_camera:/home/agx/cthree/slam/cam_ws/install/realsense2_camera_msgs:/opt/ros/humble LD_LIBRARY_PATH=/home/agx/cthree/slam/nav2fishbot/install/dwb_core/lib:/home/agx/cthree/slam/nav2fishbot/install/costmap_queue/lib:/home/agx/cthree/slam/nav2fishbot/install/nav2_costmap_2d/lib:/home/agx/cthree/slam/nav2fishbot/install/nav_2d_utils/lib:/home/agx/cthree/slam/nav2fishbot/install/nav2_map_server/lib:/home/agx/cthree/slam/nav2fishbot/install/nav2_lifecycle_manager/lib:/home/agx/cthree/slam/nav2fishbot/install/nav2_util/lib:/home/agx/cthree/slam/nav2fishbot/install/nav2_voxel_grid/lib:/home/agx/cthree/slam/nav2fishbot/install/nav2_msgs/lib:/home/agx/cthree/slam/nav2fishbot/install/dwb_msgs/lib:/home/agx/cthree/slam/nav2fishbot/install/nav_2d_msgs/lib:/home/agx/cthree/slam/cam_ws/install/realsense2_camera/lib:/home/agx/cthree/slam/cam_ws/install/realsense2_camera_msgs/lib:/opt/ros/humble/opt/rviz_ogre_vendor/lib:/opt/ros/humble/lib/aarch64-linux-gnu:/opt/ros/humble/lib:/usr/local/lib PYTHONPATH=/home/agx/cthree/slam/nav2fishbot/install/nav2_msgs/local/lib/python3.10/dist-packages:/home/agx/cthree/slam/nav2fishbot/install/dwb_msgs/local/lib/python3.10/dist-packages:/home/agx/cthree/slam/nav2fishbot/install/nav_2d_msgs/local/lib/python3.10/dist-packages:/home/agx/cthree/slam/nav2fishbot/install/nav2_common/local/lib/python3.10/dist-packages:${PYTHONPATH} /usr/bin/cmake --build /home/agx/cthree/slam/nav2fishbot/build/dwb_critics -- -j12 -l12
[146.799s] Invoking command in '/home/agx/cthree/slam/nav2fishbot/build/dwb_critics': AMENT_PREFIX_PATH=/home/agx/cthree/slam/nav2fishbot/install/dwb_core:/home/agx/cthree/slam/nav2fishbot/install/nav2_core:/home/agx/cthree/slam/nav2fishbot/install/costmap_queue:/home/agx/cthree/slam/nav2fishbot/install/nav2_costmap_2d:/home/agx/cthree/slam/nav2fishbot/install/nav_2d_utils:/home/agx/cthree/slam/nav2fishbot/install/nav2_map_server:/home/agx/cthree/slam/nav2fishbot/install/nav2_lifecycle_manager:/home/agx/cthree/slam/nav2fishbot/install/nav2_util:/home/agx/cthree/slam/nav2fishbot/install/nav2_voxel_grid:/home/agx/cthree/slam/nav2fishbot/install/nav2_msgs:/home/agx/cthree/slam/nav2fishbot/install/dwb_msgs:/home/agx/cthree/slam/nav2fishbot/install/nav_2d_msgs:/home/agx/cthree/slam/nav2fishbot/install/nav2_common:${AMENT_PREFIX_PATH} CMAKE_PREFIX_PATH=/home/agx/cthree/slam/nav2fishbot/install/dwb_core:/home/agx/cthree/slam/nav2fishbot/install/nav2_core:/home/agx/cthree/slam/nav2fishbot/install/costmap_queue:/home/agx/cthree/slam/nav2fishbot/install/nav2_costmap_2d:/home/agx/cthree/slam/nav2fishbot/install/nav_2d_utils:/home/agx/cthree/slam/nav2fishbot/install/nav2_map_server:/home/agx/cthree/slam/nav2fishbot/install/nav2_lifecycle_manager:/home/agx/cthree/slam/nav2fishbot/install/nav2_util:/home/agx/cthree/slam/nav2fishbot/install/nav2_voxel_grid:/home/agx/cthree/slam/nav2fishbot/install/nav2_msgs:/home/agx/cthree/slam/nav2fishbot/install/dwb_msgs:/home/agx/cthree/slam/nav2fishbot/install/nav_2d_msgs:/home/agx/cthree/slam/nav2fishbot/install/nav2_common:/home/agx/cthree/slam/OVD-SLAM10/Examples/ros2/install/orbslam3:/home/agx/cthree/slam/cam_ws/install/realsense2_description:/home/agx/cthree/slam/cam_ws/install/realsense2_camera:/home/agx/cthree/slam/cam_ws/install/realsense2_camera_msgs:/opt/ros/humble LD_LIBRARY_PATH=/home/agx/cthree/slam/nav2fishbot/install/dwb_core/lib:/home/agx/cthree/slam/nav2fishbot/install/costmap_queue/lib:/home/agx/cthree/slam/nav2fishbot/install/nav2_costmap_2d/lib:/home/agx/cthree/slam/nav2fishbot/install/nav_2d_utils/lib:/home/agx/cthree/slam/nav2fishbot/install/nav2_map_server/lib:/home/agx/cthree/slam/nav2fishbot/install/nav2_lifecycle_manager/lib:/home/agx/cthree/slam/nav2fishbot/install/nav2_util/lib:/home/agx/cthree/slam/nav2fishbot/install/nav2_voxel_grid/lib:/home/agx/cthree/slam/nav2fishbot/install/nav2_msgs/lib:/home/agx/cthree/slam/nav2fishbot/install/dwb_msgs/lib:/home/agx/cthree/slam/nav2fishbot/install/nav_2d_msgs/lib:/home/agx/cthree/slam/cam_ws/install/realsense2_camera/lib:/home/agx/cthree/slam/cam_ws/install/realsense2_camera_msgs/lib:/opt/ros/humble/opt/rviz_ogre_vendor/lib:/opt/ros/humble/lib/aarch64-linux-gnu:/opt/ros/humble/lib:/usr/local/lib PYTHONPATH=/home/agx/cthree/slam/nav2fishbot/install/nav2_msgs/local/lib/python3.10/dist-packages:/home/agx/cthree/slam/nav2fishbot/install/dwb_msgs/local/lib/python3.10/dist-packages:/home/agx/cthree/slam/nav2fishbot/install/nav_2d_msgs/local/lib/python3.10/dist-packages:/home/agx/cthree/slam/nav2fishbot/install/nav2_common/local/lib/python3.10/dist-packages:${PYTHONPATH} /usr/bin/cmake --install /home/agx/cthree/slam/nav2fishbot/build/dwb_critics
[146.812s] -- Install configuration: "Release"
[146.812s] -- Installing: /home/agx/cthree/slam/nav2fishbot/install/dwb_critics/lib/libdwb_critics.so
[146.814s] -- Set runtime path of "/home/agx/cthree/slam/nav2fishbot/install/dwb_critics/lib/libdwb_critics.so" to ""
[146.814s] -- Installing: /home/agx/cthree/slam/nav2fishbot/install/dwb_critics/include/
[146.814s] -- Installing: /home/agx/cthree/slam/nav2fishbot/install/dwb_critics/include//dwb_critics
[146.814s] -- Installing: /home/agx/cthree/slam/nav2fishbot/install/dwb_critics/include//dwb_critics/twirling.hpp
[146.814s] -- Installing: /home/agx/cthree/slam/nav2fishbot/install/dwb_critics/include//dwb_critics/goal_dist.hpp
[146.814s] -- Installing: /home/agx/cthree/slam/nav2fishbot/install/dwb_critics/include//dwb_critics/map_grid.hpp
[146.814s] -- Installing: /home/agx/cthree/slam/nav2fishbot/install/dwb_critics/include//dwb_critics/base_obstacle.hpp
[146.815s] -- Installing: /home/agx/cthree/slam/nav2fishbot/install/dwb_critics/include//dwb_critics/path_align.hpp
[146.815s] -- Installing: /home/agx/cthree/slam/nav2fishbot/install/dwb_critics/include//dwb_critics/rotate_to_goal.hpp
[146.815s] -- Installing: /home/agx/cthree/slam/nav2fishbot/install/dwb_critics/include//dwb_critics/obstacle_footprint.hpp
[146.815s] -- Installing: /home/agx/cthree/slam/nav2fishbot/install/dwb_critics/include//dwb_critics/path_dist.hpp
[146.815s] -- Installing: /home/agx/cthree/slam/nav2fishbot/install/dwb_critics/include//dwb_critics/oscillation.hpp
[146.815s] -- Installing: /home/agx/cthree/slam/nav2fishbot/install/dwb_critics/include//dwb_critics/line_iterator.hpp
[146.816s] -- Installing: /home/agx/cthree/slam/nav2fishbot/install/dwb_critics/include//dwb_critics/goal_align.hpp
[146.816s] -- Installing: /home/agx/cthree/slam/nav2fishbot/install/dwb_critics/include//dwb_critics/alignment_util.hpp
[146.816s] -- Installing: /home/agx/cthree/slam/nav2fishbot/install/dwb_critics/include//dwb_critics/prefer_forward.hpp
[146.816s] -- Installing: /home/agx/cthree/slam/nav2fishbot/install/dwb_critics/share/dwb_critics/default_critics.xml
[146.817s] -- Installing: /home/agx/cthree/slam/nav2fishbot/install/dwb_critics/share/dwb_critics/environment/library_path.sh
[146.817s] -- Installing: /home/agx/cthree/slam/nav2fishbot/install/dwb_critics/share/dwb_critics/environment/library_path.dsv
[146.817s] -- Up-to-date: /home/agx/cthree/slam/nav2fishbot/install/dwb_critics/share/dwb_critics/default_critics.xml
[146.817s] -- Installing: /home/agx/cthree/slam/nav2fishbot/install/dwb_critics/share/ament_index/resource_index/package_run_dependencies/dwb_critics
[146.818s] -- Installing: /home/agx/cthree/slam/nav2fishbot/install/dwb_critics/share/ament_index/resource_index/parent_prefix_path/dwb_critics
[146.818s] -- Installing: /home/agx/cthree/slam/nav2fishbot/install/dwb_critics/share/dwb_critics/environment/ament_prefix_path.sh
[146.818s] -- Installing: /home/agx/cthree/slam/nav2fishbot/install/dwb_critics/share/dwb_critics/environment/ament_prefix_path.dsv
[146.818s] -- Installing: /home/agx/cthree/slam/nav2fishbot/install/dwb_critics/share/dwb_critics/environment/path.sh
[146.818s] -- Installing: /home/agx/cthree/slam/nav2fishbot/install/dwb_critics/share/dwb_critics/environment/path.dsv
[146.819s] -- Installing: /home/agx/cthree/slam/nav2fishbot/install/dwb_critics/share/dwb_critics/local_setup.bash
[146.819s] -- Installing: /home/agx/cthree/slam/nav2fishbot/install/dwb_critics/share/dwb_critics/local_setup.sh
[146.819s] -- Installing: /home/agx/cthree/slam/nav2fishbot/install/dwb_critics/share/dwb_critics/local_setup.zsh
[146.819s] -- Installing: /home/agx/cthree/slam/nav2fishbot/install/dwb_critics/share/dwb_critics/local_setup.dsv
[146.819s] -- Installing: /home/agx/cthree/slam/nav2fishbot/install/dwb_critics/share/dwb_critics/package.dsv
[146.820s] -- Installing: /home/agx/cthree/slam/nav2fishbot/install/dwb_critics/share/ament_index/resource_index/packages/dwb_critics
[146.820s] -- Installing: /home/agx/cthree/slam/nav2fishbot/install/dwb_critics/share/ament_index/resource_index/dwb_core__pluginlib__plugin/dwb_critics
[146.820s] -- Installing: /home/agx/cthree/slam/nav2fishbot/install/dwb_critics/share/dwb_critics/cmake/ament_cmake_export_include_directories-extras.cmake
[146.821s] -- Installing: /home/agx/cthree/slam/nav2fishbot/install/dwb_critics/share/dwb_critics/cmake/ament_cmake_export_libraries-extras.cmake
[146.821s] -- Installing: /home/agx/cthree/slam/nav2fishbot/install/dwb_critics/share/dwb_critics/cmake/ament_cmake_export_dependencies-extras.cmake
[146.821s] -- Installing: /home/agx/cthree/slam/nav2fishbot/install/dwb_critics/share/dwb_critics/cmake/dwb_criticsConfig.cmake
[146.821s] -- Installing: /home/agx/cthree/slam/nav2fishbot/install/dwb_critics/share/dwb_critics/cmake/dwb_criticsConfig-version.cmake
[146.821s] -- Installing: /home/agx/cthree/slam/nav2fishbot/install/dwb_critics/share/dwb_critics/package.xml
[146.829s] Invoked command in '/home/agx/cthree/slam/nav2fishbot/build/dwb_critics' returned '0': AMENT_PREFIX_PATH=/home/agx/cthree/slam/nav2fishbot/install/dwb_core:/home/agx/cthree/slam/nav2fishbot/install/nav2_core:/home/agx/cthree/slam/nav2fishbot/install/costmap_queue:/home/agx/cthree/slam/nav2fishbot/install/nav2_costmap_2d:/home/agx/cthree/slam/nav2fishbot/install/nav_2d_utils:/home/agx/cthree/slam/nav2fishbot/install/nav2_map_server:/home/agx/cthree/slam/nav2fishbot/install/nav2_lifecycle_manager:/home/agx/cthree/slam/nav2fishbot/install/nav2_util:/home/agx/cthree/slam/nav2fishbot/install/nav2_voxel_grid:/home/agx/cthree/slam/nav2fishbot/install/nav2_msgs:/home/agx/cthree/slam/nav2fishbot/install/dwb_msgs:/home/agx/cthree/slam/nav2fishbot/install/nav_2d_msgs:/home/agx/cthree/slam/nav2fishbot/install/nav2_common:${AMENT_PREFIX_PATH} CMAKE_PREFIX_PATH=/home/agx/cthree/slam/nav2fishbot/install/dwb_core:/home/agx/cthree/slam/nav2fishbot/install/nav2_core:/home/agx/cthree/slam/nav2fishbot/install/costmap_queue:/home/agx/cthree/slam/nav2fishbot/install/nav2_costmap_2d:/home/agx/cthree/slam/nav2fishbot/install/nav_2d_utils:/home/agx/cthree/slam/nav2fishbot/install/nav2_map_server:/home/agx/cthree/slam/nav2fishbot/install/nav2_lifecycle_manager:/home/agx/cthree/slam/nav2fishbot/install/nav2_util:/home/agx/cthree/slam/nav2fishbot/install/nav2_voxel_grid:/home/agx/cthree/slam/nav2fishbot/install/nav2_msgs:/home/agx/cthree/slam/nav2fishbot/install/dwb_msgs:/home/agx/cthree/slam/nav2fishbot/install/nav_2d_msgs:/home/agx/cthree/slam/nav2fishbot/install/nav2_common:/home/agx/cthree/slam/OVD-SLAM10/Examples/ros2/install/orbslam3:/home/agx/cthree/slam/cam_ws/install/realsense2_description:/home/agx/cthree/slam/cam_ws/install/realsense2_camera:/home/agx/cthree/slam/cam_ws/install/realsense2_camera_msgs:/opt/ros/humble LD_LIBRARY_PATH=/home/agx/cthree/slam/nav2fishbot/install/dwb_core/lib:/home/agx/cthree/slam/nav2fishbot/install/costmap_queue/lib:/home/agx/cthree/slam/nav2fishbot/install/nav2_costmap_2d/lib:/home/agx/cthree/slam/nav2fishbot/install/nav_2d_utils/lib:/home/agx/cthree/slam/nav2fishbot/install/nav2_map_server/lib:/home/agx/cthree/slam/nav2fishbot/install/nav2_lifecycle_manager/lib:/home/agx/cthree/slam/nav2fishbot/install/nav2_util/lib:/home/agx/cthree/slam/nav2fishbot/install/nav2_voxel_grid/lib:/home/agx/cthree/slam/nav2fishbot/install/nav2_msgs/lib:/home/agx/cthree/slam/nav2fishbot/install/dwb_msgs/lib:/home/agx/cthree/slam/nav2fishbot/install/nav_2d_msgs/lib:/home/agx/cthree/slam/cam_ws/install/realsense2_camera/lib:/home/agx/cthree/slam/cam_ws/install/realsense2_camera_msgs/lib:/opt/ros/humble/opt/rviz_ogre_vendor/lib:/opt/ros/humble/lib/aarch64-linux-gnu:/opt/ros/humble/lib:/usr/local/lib PYTHONPATH=/home/agx/cthree/slam/nav2fishbot/install/nav2_msgs/local/lib/python3.10/dist-packages:/home/agx/cthree/slam/nav2fishbot/install/dwb_msgs/local/lib/python3.10/dist-packages:/home/agx/cthree/slam/nav2fishbot/install/nav_2d_msgs/local/lib/python3.10/dist-packages:/home/agx/cthree/slam/nav2fishbot/install/nav2_common/local/lib/python3.10/dist-packages:${PYTHONPATH} /usr/bin/cmake --install /home/agx/cthree/slam/nav2fishbot/build/dwb_critics
