[0.031s] Invoking command in '/home/agx/cthree/slam/ros2esp/build/pointcloud_to_grid': CMAKE_PREFIX_PATH=${CMAKE_PREFIX_PATH}:/opt/ros/humble /usr/bin/cmake --build /home/agx/cthree/slam/ros2esp/build/pointcloud_to_grid -- -j12 -l12
[0.104s] [35m[1mConsolidate compiler generated dependencies of target pointcloud_to_grid_node[0m
[0.147s] [ 25%] [32mBuilding CXX object CMakeFiles/grid_trajectory.dir/src/grid_trajectory.cpp.o[0m
[0.163s] [ 50%] [32mBuilding CXX object CMakeFiles/pointcloud_to_grid_node.dir/src/pointcloud_to_grid_node.cpp.o[0m
[28.149s] [ 75%] [32m[1mLinking CXX executable pointcloud_to_grid_node[0m
[28.874s] [ 75%] Built target pointcloud_to_grid_node
[30.239s] [100%] [32m[1mLinking CXX executable grid_trajectory[0m
[31.726s] [100%] Built target grid_trajectory
[31.747s] Invoked command in '/home/agx/cthree/slam/ros2esp/build/pointcloud_to_grid' returned '0': CMAKE_PREFIX_PATH=${CMAKE_PREFIX_PATH}:/opt/ros/humble /usr/bin/cmake --build /home/agx/cthree/slam/ros2esp/build/pointcloud_to_grid -- -j12 -l12
[31.750s] Invoking command in '/home/agx/cthree/slam/ros2esp/build/pointcloud_to_grid': CMAKE_PREFIX_PATH=${CMAKE_PREFIX_PATH}:/opt/ros/humble /usr/bin/cmake --install /home/agx/cthree/slam/ros2esp/build/pointcloud_to_grid
[31.777s] -- Install configuration: ""
[31.777s] -- Up-to-date: /home/agx/cthree/slam/ros2esp/install/pointcloud_to_grid/share/pointcloud_to_grid/launch
[31.778s] -- Up-to-date: /home/agx/cthree/slam/ros2esp/install/pointcloud_to_grid/share/pointcloud_to_grid/launch/dual_output_example.launch.py
[31.778s] -- Up-to-date: /home/agx/cthree/slam/ros2esp/install/pointcloud_to_grid/share/pointcloud_to_grid/launch/rviz.launch.py
[31.778s] -- Up-to-date: /home/agx/cthree/slam/ros2esp/install/pointcloud_to_grid/share/pointcloud_to_grid/launch/grid_trajectory.launch.py
[31.778s] -- Up-to-date: /home/agx/cthree/slam/ros2esp/install/pointcloud_to_grid/share/pointcloud_to_grid/launch/demo.launch.py
[31.778s] -- Up-to-date: /home/agx/cthree/slam/ros2esp/install/pointcloud_to_grid/share/pointcloud_to_grid/doc
[31.778s] -- Up-to-date: /home/agx/cthree/slam/ros2esp/install/pointcloud_to_grid/share/pointcloud_to_grid/doc/default.rviz
[31.778s] -- Up-to-date: /home/agx/cthree/slam/ros2esp/install/pointcloud_to_grid/share/pointcloud_to_grid/doc/grid_map01.gif
[31.778s] -- Up-to-date: /home/agx/cthree/slam/ros2esp/install/pointcloud_to_grid/share/pointcloud_to_grid/doc/grid_map_conventions.pdf
[31.778s] -- Up-to-date: /home/agx/cthree/slam/ros2esp/install/pointcloud_to_grid/share/pointcloud_to_grid/doc/grid_map_conventions.svg
[31.778s] -- Up-to-date: /home/agx/cthree/slam/ros2esp/install/pointcloud_to_grid/share/pointcloud_to_grid/doc/grid_map_conventions.png
[31.779s] -- Installing: /home/agx/cthree/slam/ros2esp/install/pointcloud_to_grid/lib/pointcloud_to_grid/pointcloud_to_grid_node
[31.780s] -- Set runtime path of "/home/agx/cthree/slam/ros2esp/install/pointcloud_to_grid/lib/pointcloud_to_grid/pointcloud_to_grid_node" to ""
[31.780s] -- Installing: /home/agx/cthree/slam/ros2esp/install/pointcloud_to_grid/lib/pointcloud_to_grid/grid_trajectory
[31.782s] -- Set runtime path of "/home/agx/cthree/slam/ros2esp/install/pointcloud_to_grid/lib/pointcloud_to_grid/grid_trajectory" to ""
[31.783s] -- Up-to-date: /home/agx/cthree/slam/ros2esp/install/pointcloud_to_grid/share/ament_index/resource_index/package_run_dependencies/pointcloud_to_grid
[31.783s] -- Up-to-date: /home/agx/cthree/slam/ros2esp/install/pointcloud_to_grid/share/ament_index/resource_index/parent_prefix_path/pointcloud_to_grid
[31.783s] -- Up-to-date: /home/agx/cthree/slam/ros2esp/install/pointcloud_to_grid/share/pointcloud_to_grid/environment/ament_prefix_path.sh
[31.783s] -- Up-to-date: /home/agx/cthree/slam/ros2esp/install/pointcloud_to_grid/share/pointcloud_to_grid/environment/ament_prefix_path.dsv
[31.783s] -- Up-to-date: /home/agx/cthree/slam/ros2esp/install/pointcloud_to_grid/share/pointcloud_to_grid/environment/path.sh
[31.783s] -- Up-to-date: /home/agx/cthree/slam/ros2esp/install/pointcloud_to_grid/share/pointcloud_to_grid/environment/path.dsv
[31.783s] -- Up-to-date: /home/agx/cthree/slam/ros2esp/install/pointcloud_to_grid/share/pointcloud_to_grid/local_setup.bash
[31.783s] -- Up-to-date: /home/agx/cthree/slam/ros2esp/install/pointcloud_to_grid/share/pointcloud_to_grid/local_setup.sh
[31.784s] -- Up-to-date: /home/agx/cthree/slam/ros2esp/install/pointcloud_to_grid/share/pointcloud_to_grid/local_setup.zsh
[31.784s] -- Up-to-date: /home/agx/cthree/slam/ros2esp/install/pointcloud_to_grid/share/pointcloud_to_grid/local_setup.dsv
[31.784s] -- Installing: /home/agx/cthree/slam/ros2esp/install/pointcloud_to_grid/share/pointcloud_to_grid/package.dsv
[31.784s] -- Up-to-date: /home/agx/cthree/slam/ros2esp/install/pointcloud_to_grid/share/ament_index/resource_index/packages/pointcloud_to_grid
[31.784s] -- Up-to-date: /home/agx/cthree/slam/ros2esp/install/pointcloud_to_grid/share/pointcloud_to_grid/cmake/pointcloud_to_gridConfig.cmake
[31.784s] -- Up-to-date: /home/agx/cthree/slam/ros2esp/install/pointcloud_to_grid/share/pointcloud_to_grid/cmake/pointcloud_to_gridConfig-version.cmake
[31.784s] -- Up-to-date: /home/agx/cthree/slam/ros2esp/install/pointcloud_to_grid/share/pointcloud_to_grid/package.xml
[31.788s] Invoked command in '/home/agx/cthree/slam/ros2esp/build/pointcloud_to_grid' returned '0': CMAKE_PREFIX_PATH=${CMAKE_PREFIX_PATH}:/opt/ros/humble /usr/bin/cmake --install /home/agx/cthree/slam/ros2esp/build/pointcloud_to_grid
