[0.027s] Invoking command in '/home/agx/cthree/slam/ros2esp/build/serial': CMAKE_PREFIX_PATH=${CMAKE_PREFIX_PATH}:/opt/ros/humble /usr/bin/cmake /home/agx/cthree/slam/ros2esp/src/serial -DCMAKE_INSTALL_PREFIX=/home/agx/cthree/slam/ros2esp/install/serial
[0.120s] -- The C compiler identification is GNU 9.5.0
[0.211s] -- The CXX compiler identification is GNU 9.5.0
[0.231s] -- Detecting C compiler ABI info
[0.352s] -- Detecting C compiler ABI info - done
[0.376s] -- Check for working C compiler: /usr/bin/cc - skipped
[0.376s] -- Detecting C compile features
[0.378s] -- Detecting C compile features - done
[0.390s] -- Detecting CXX compiler ABI info
[0.522s] -- Detecting CXX compiler ABI info - done
[0.547s] -- Check for working CXX compiler: /usr/bin/c++ - skipped
[0.548s] -- Detecting CXX compile features
[0.549s] -- Detecting CXX compile features - done
[0.559s] -- Found ament_cmake: 1.3.12 (/opt/ros/humble/share/ament_cmake/cmake)
[0.848s] -- Found Python3: /usr/bin/python3 (found version "3.10.12") found components: Interpreter 
[1.183s] -- Configuring done
[1.199s] -- Generating done
[1.206s] -- Build files have been written to: /home/agx/cthree/slam/ros2esp/build/serial
[1.217s] Invoked command in '/home/agx/cthree/slam/ros2esp/build/serial' returned '0': CMAKE_PREFIX_PATH=${CMAKE_PREFIX_PATH}:/opt/ros/humble /usr/bin/cmake /home/agx/cthree/slam/ros2esp/src/serial -DCMAKE_INSTALL_PREFIX=/home/agx/cthree/slam/ros2esp/install/serial
[1.220s] Invoking command in '/home/agx/cthree/slam/ros2esp/build/serial': CMAKE_PREFIX_PATH=${CMAKE_PREFIX_PATH}:/opt/ros/humble /usr/bin/cmake --build /home/agx/cthree/slam/ros2esp/build/serial -- -j12 -l12
[1.295s] [ 75%] [32mBuilding CXX object CMakeFiles/serial.dir/src/impl/list_ports/list_ports_linux.cc.o[0m
[1.295s] [ 75%] [32mBuilding CXX object CMakeFiles/serial.dir/src/impl/unix.cc.o[0m
[1.295s] [ 75%] [32mBuilding CXX object CMakeFiles/serial.dir/src/serial.cc.o[0m
[1.891s] [100%] [32m[1mLinking CXX shared library libserial.so[0m
[2.017s] [100%] Built target serial
[2.040s] Invoked command in '/home/agx/cthree/slam/ros2esp/build/serial' returned '0': CMAKE_PREFIX_PATH=${CMAKE_PREFIX_PATH}:/opt/ros/humble /usr/bin/cmake --build /home/agx/cthree/slam/ros2esp/build/serial -- -j12 -l12
[2.059s] Invoking command in '/home/agx/cthree/slam/ros2esp/build/serial': CMAKE_PREFIX_PATH=${CMAKE_PREFIX_PATH}:/opt/ros/humble /usr/bin/cmake --install /home/agx/cthree/slam/ros2esp/build/serial
[2.073s] -- Install configuration: ""
[2.073s] -- Installing: /home/agx/cthree/slam/ros2esp/install/serial/share/serial/environment/library_path.sh
[2.073s] -- Installing: /home/agx/cthree/slam/ros2esp/install/serial/share/serial/environment/library_path.dsv
[2.074s] -- Installing: /home/agx/cthree/slam/ros2esp/install/serial/lib/libserial.so
[2.075s] -- Installing: /home/agx/cthree/slam/ros2esp/install/serial/include/serial/serial.h
[2.075s] -- Installing: /home/agx/cthree/slam/ros2esp/install/serial/include/serial/v8stdint.h
[2.075s] -- Installing: /home/agx/cthree/slam/ros2esp/install/serial/share/ament_index/resource_index/package_run_dependencies/serial
[2.076s] -- Installing: /home/agx/cthree/slam/ros2esp/install/serial/share/ament_index/resource_index/parent_prefix_path/serial
[2.076s] -- Installing: /home/agx/cthree/slam/ros2esp/install/serial/share/serial/environment/ament_prefix_path.sh
[2.076s] -- Installing: /home/agx/cthree/slam/ros2esp/install/serial/share/serial/environment/ament_prefix_path.dsv
[2.076s] -- Installing: /home/agx/cthree/slam/ros2esp/install/serial/share/serial/environment/path.sh
[2.077s] -- Installing: /home/agx/cthree/slam/ros2esp/install/serial/share/serial/environment/path.dsv
[2.077s] -- Installing: /home/agx/cthree/slam/ros2esp/install/serial/share/serial/local_setup.bash
[2.077s] -- Installing: /home/agx/cthree/slam/ros2esp/install/serial/share/serial/local_setup.sh
[2.078s] -- Installing: /home/agx/cthree/slam/ros2esp/install/serial/share/serial/local_setup.zsh
[2.078s] -- Installing: /home/agx/cthree/slam/ros2esp/install/serial/share/serial/local_setup.dsv
[2.078s] -- Installing: /home/agx/cthree/slam/ros2esp/install/serial/share/serial/package.dsv
[2.079s] -- Installing: /home/agx/cthree/slam/ros2esp/install/serial/share/ament_index/resource_index/packages/serial
[2.079s] -- Installing: /home/agx/cthree/slam/ros2esp/install/serial/share/serial/cmake/ament_cmake_export_include_directories-extras.cmake
[2.079s] -- Installing: /home/agx/cthree/slam/ros2esp/install/serial/share/serial/cmake/ament_cmake_export_libraries-extras.cmake
[2.079s] -- Installing: /home/agx/cthree/slam/ros2esp/install/serial/share/serial/cmake/serialConfig.cmake
[2.079s] -- Installing: /home/agx/cthree/slam/ros2esp/install/serial/share/serial/cmake/serialConfig-version.cmake
[2.080s] -- Installing: /home/agx/cthree/slam/ros2esp/install/serial/share/serial/package.xml
[2.083s] Invoked command in '/home/agx/cthree/slam/ros2esp/build/serial' returned '0': CMAKE_PREFIX_PATH=${CMAKE_PREFIX_PATH}:/opt/ros/humble /usr/bin/cmake --install /home/agx/cthree/slam/ros2esp/build/serial
