[0.082s] Invoking command in '/home/agx/cthree/slam/nav2fishbot/build/dwb_msgs': AMENT_PREFIX_PATH=/home/agx/cthree/slam/nav2fishbot/install/nav_2d_msgs:${AMENT_PREFIX_PATH} CMAKE_PREFIX_PATH=/home/agx/cthree/slam/nav2fishbot/install/nav_2d_msgs:/home/agx/cthree/slam/OVD-SLAM10/Examples/ros2/install/orbslam3:/home/agx/cthree/slam/cam_ws/install/realsense2_description:/home/agx/cthree/slam/cam_ws/install/realsense2_camera:/home/agx/cthree/slam/cam_ws/install/realsense2_camera_msgs:/opt/ros/humble LD_LIBRARY_PATH=/home/agx/cthree/slam/nav2fishbot/install/nav_2d_msgs/lib:/home/agx/cthree/slam/cam_ws/install/realsense2_camera/lib:/home/agx/cthree/slam/cam_ws/install/realsense2_camera_msgs/lib:/opt/ros/humble/opt/rviz_ogre_vendor/lib:/opt/ros/humble/lib/aarch64-linux-gnu:/opt/ros/humble/lib:/usr/local/lib PYTHONPATH=/home/agx/cthree/slam/nav2fishbot/install/nav_2d_msgs/local/lib/python3.10/dist-packages:${PYTHONPATH} /usr/bin/cmake /home/agx/cthree/slam/nav2fishbot/src/fishbot/src/navigation/nav2_dwb_controller/dwb_msgs -DCMAKE_INSTALL_PREFIX=/home/agx/cthree/slam/nav2fishbot/install/dwb_msgs
[0.365s] -- The C compiler identification is GNU 9.5.0
[0.566s] -- The CXX compiler identification is GNU 9.5.0
[0.592s] -- Detecting C compiler ABI info
[0.925s] -- Detecting C compiler ABI info - done
[0.934s] -- Check for working C compiler: /usr/bin/cc - skipped
[0.935s] -- Detecting C compile features
[0.936s] -- Detecting C compile features - done
[0.941s] -- Detecting CXX compiler ABI info
[1.182s] -- Detecting CXX compiler ABI info - done
[1.192s] -- Check for working CXX compiler: /usr/bin/c++ - skipped
[1.193s] -- Detecting CXX compile features
[1.194s] -- Detecting CXX compile features - done
[1.206s] -- Found builtin_interfaces: 1.2.2 (/opt/ros/humble/share/builtin_interfaces/cmake)
[1.886s] -- Found Python3: /usr/bin/python3 (found version "3.10.12") found components: Interpreter 
[2.396s] -- Found rosidl_generator_c: 3.1.7 (/opt/ros/humble/share/rosidl_generator_c/cmake)
[2.407s] -- Found rosidl_adapter: 3.1.7 (/opt/ros/humble/share/rosidl_adapter/cmake)
[2.449s] -- Found rosidl_generator_cpp: 3.1.7 (/opt/ros/humble/share/rosidl_generator_cpp/cmake)
[2.478s] -- Using all available rosidl_typesupport_c: rosidl_typesupport_fastrtps_c;rosidl_typesupport_introspection_c
[2.561s] -- Using all available rosidl_typesupport_cpp: rosidl_typesupport_fastrtps_cpp;rosidl_typesupport_introspection_cpp
[2.624s] -- Found geometry_msgs: 4.9.0 (/opt/ros/humble/share/geometry_msgs/cmake)
[2.732s] -- Found nav_2d_msgs: 1.1.0 (/home/agx/cthree/slam/nav2fishbot/install/nav_2d_msgs/share/nav_2d_msgs/cmake)
[2.811s] -- Found nav_msgs: 4.9.0 (/opt/ros/humble/share/nav_msgs/cmake)
[2.870s] -- Found rosidl_default_generators: 1.2.0 (/opt/ros/humble/share/rosidl_default_generators/cmake)
[4.767s] -- Found ament_cmake_ros: 0.10.0 (/opt/ros/humble/share/ament_cmake_ros/cmake)
[6.980s] -- Using all available rosidl_typesupport_c: rosidl_typesupport_fastrtps_c;rosidl_typesupport_introspection_c
[7.936s] -- Using all available rosidl_typesupport_cpp: rosidl_typesupport_fastrtps_cpp;rosidl_typesupport_introspection_cpp
[8.056s] -- Found PythonInterp: /usr/bin/python3 (found suitable version "3.10.12", minimum required is "3.6") 
[8.059s] -- Found python_cmake_module: 0.10.0 (/opt/ros/humble/share/python_cmake_module/cmake)
[8.257s] -- Found PythonLibs: /usr/lib/aarch64-linux-gnu/libpython3.10.so (found suitable version "3.10.12", minimum required is "3.5") 
[8.258s] -- Using PYTHON_EXECUTABLE: /usr/bin/python3
[8.258s] -- Using PYTHON_INCLUDE_DIRS: /usr/include/python3.10
[8.259s] -- Using PYTHON_LIBRARIES: /usr/lib/aarch64-linux-gnu/libpython3.10.so
[8.360s] -- Found PythonExtra: .so  
[8.716s] -- Configuring done
[8.980s] -- Generating done
[9.058s] -- Build files have been written to: /home/agx/cthree/slam/nav2fishbot/build/dwb_msgs
[9.149s] Invoked command in '/home/agx/cthree/slam/nav2fishbot/build/dwb_msgs' returned '0': AMENT_PREFIX_PATH=/home/agx/cthree/slam/nav2fishbot/install/nav_2d_msgs:${AMENT_PREFIX_PATH} CMAKE_PREFIX_PATH=/home/agx/cthree/slam/nav2fishbot/install/nav_2d_msgs:/home/agx/cthree/slam/OVD-SLAM10/Examples/ros2/install/orbslam3:/home/agx/cthree/slam/cam_ws/install/realsense2_description:/home/agx/cthree/slam/cam_ws/install/realsense2_camera:/home/agx/cthree/slam/cam_ws/install/realsense2_camera_msgs:/opt/ros/humble LD_LIBRARY_PATH=/home/agx/cthree/slam/nav2fishbot/install/nav_2d_msgs/lib:/home/agx/cthree/slam/cam_ws/install/realsense2_camera/lib:/home/agx/cthree/slam/cam_ws/install/realsense2_camera_msgs/lib:/opt/ros/humble/opt/rviz_ogre_vendor/lib:/opt/ros/humble/lib/aarch64-linux-gnu:/opt/ros/humble/lib:/usr/local/lib PYTHONPATH=/home/agx/cthree/slam/nav2fishbot/install/nav_2d_msgs/local/lib/python3.10/dist-packages:${PYTHONPATH} /usr/bin/cmake /home/agx/cthree/slam/nav2fishbot/src/fishbot/src/navigation/nav2_dwb_controller/dwb_msgs -DCMAKE_INSTALL_PREFIX=/home/agx/cthree/slam/nav2fishbot/install/dwb_msgs
[9.149s] Invoking command in '/home/agx/cthree/slam/nav2fishbot/build/dwb_msgs': AMENT_PREFIX_PATH=/home/agx/cthree/slam/nav2fishbot/install/nav_2d_msgs:${AMENT_PREFIX_PATH} CMAKE_PREFIX_PATH=/home/agx/cthree/slam/nav2fishbot/install/nav_2d_msgs:/home/agx/cthree/slam/OVD-SLAM10/Examples/ros2/install/orbslam3:/home/agx/cthree/slam/cam_ws/install/realsense2_description:/home/agx/cthree/slam/cam_ws/install/realsense2_camera:/home/agx/cthree/slam/cam_ws/install/realsense2_camera_msgs:/opt/ros/humble LD_LIBRARY_PATH=/home/agx/cthree/slam/nav2fishbot/install/nav_2d_msgs/lib:/home/agx/cthree/slam/cam_ws/install/realsense2_camera/lib:/home/agx/cthree/slam/cam_ws/install/realsense2_camera_msgs/lib:/opt/ros/humble/opt/rviz_ogre_vendor/lib:/opt/ros/humble/lib/aarch64-linux-gnu:/opt/ros/humble/lib:/usr/local/lib PYTHONPATH=/home/agx/cthree/slam/nav2fishbot/install/nav_2d_msgs/local/lib/python3.10/dist-packages:${PYTHONPATH} /usr/bin/cmake --build /home/agx/cthree/slam/nav2fishbot/build/dwb_msgs -- -j12 -l12
[9.427s] [  1%] [34m[1mGenerating C code for ROS interfaces[0m
[9.494s] [  2%] [34m[1mGenerating C++ code for ROS interfaces[0m
[9.529s] [  2%] Built target ament_cmake_python_copy_dwb_msgs
[11.111s] running egg_info
[11.120s] creating dwb_msgs.egg-info
[11.121s] writing dwb_msgs.egg-info/PKG-INFO
[11.122s] writing dependency_links to dwb_msgs.egg-info/dependency_links.txt
[11.122s] writing top-level names to dwb_msgs.egg-info/top_level.txt
[11.123s] writing manifest file 'dwb_msgs.egg-info/SOURCES.txt'
[11.128s] reading manifest file 'dwb_msgs.egg-info/SOURCES.txt'
[11.135s] writing manifest file 'dwb_msgs.egg-info/SOURCES.txt'
[11.272s] [  2%] Built target ament_cmake_python_build_dwb_msgs_egg
[13.827s] [  2%] Built target dwb_msgs__cpp
[13.952s] [  3%] [32mBuilding C object CMakeFiles/dwb_msgs__rosidl_generator_c.dir/rosidl_generator_c/dwb_msgs/msg/detail/critic_score__functions.c.o[0m
[14.059s] [  4%] [32mBuilding C object CMakeFiles/dwb_msgs__rosidl_generator_c.dir/rosidl_generator_c/dwb_msgs/srv/detail/score_trajectory__functions.c.o[0m
[14.175s] [  5%] [32mBuilding C object CMakeFiles/dwb_msgs__rosidl_generator_c.dir/rosidl_generator_c/dwb_msgs/srv/detail/get_critic_score__functions.c.o[0m
[14.315s] [  6%] [32mBuilding C object CMakeFiles/dwb_msgs__rosidl_generator_c.dir/rosidl_generator_c/dwb_msgs/srv/detail/generate_twists__functions.c.o[0m
[14.431s] [  7%] [32mBuilding C object CMakeFiles/dwb_msgs__rosidl_generator_c.dir/rosidl_generator_c/dwb_msgs/srv/detail/generate_trajectory__functions.c.o[0m
[14.543s] [  8%] [32mBuilding C object CMakeFiles/dwb_msgs__rosidl_generator_c.dir/rosidl_generator_c/dwb_msgs/srv/detail/debug_local_plan__functions.c.o[0m
[14.669s] [  9%] [32mBuilding C object CMakeFiles/dwb_msgs__rosidl_generator_c.dir/rosidl_generator_c/dwb_msgs/msg/detail/trajectory_score__functions.c.o[0m
[14.759s] [ 10%] [32mBuilding C object CMakeFiles/dwb_msgs__rosidl_generator_c.dir/rosidl_generator_c/dwb_msgs/msg/detail/trajectory2_d__functions.c.o[0m
[14.840s] [ 11%] [32mBuilding C object CMakeFiles/dwb_msgs__rosidl_generator_c.dir/rosidl_generator_c/dwb_msgs/msg/detail/local_plan_evaluation__functions.c.o[0m
[14.928s] [ 12%] [32m[1mLinking C shared library libdwb_msgs__rosidl_generator_c.so[0m
[14.995s] [ 12%] Built target dwb_msgs__rosidl_generator_c
[15.011s] [ 13%] [34m[1mGenerating C++ introspection for ROS interfaces[0m
[16.375s] [ 14%] [32mBuilding CXX object CMakeFiles/dwb_msgs__rosidl_typesupport_introspection_cpp.dir/rosidl_typesupport_introspection_cpp/dwb_msgs/msg/detail/critic_score__type_support.cpp.o[0m
[16.984s] [ 15%] [32mBuilding CXX object CMakeFiles/dwb_msgs__rosidl_typesupport_introspection_cpp.dir/rosidl_typesupport_introspection_cpp/dwb_msgs/srv/detail/generate_twists__type_support.cpp.o[0m
[17.626s] [ 16%] [32mBuilding CXX object CMakeFiles/dwb_msgs__rosidl_typesupport_introspection_cpp.dir/rosidl_typesupport_introspection_cpp/dwb_msgs/srv/detail/get_critic_score__type_support.cpp.o[0m
[18.268s] [ 17%] [32mBuilding CXX object CMakeFiles/dwb_msgs__rosidl_typesupport_introspection_cpp.dir/rosidl_typesupport_introspection_cpp/dwb_msgs/srv/detail/score_trajectory__type_support.cpp.o[0m
[18.910s] [ 18%] [32mBuilding CXX object CMakeFiles/dwb_msgs__rosidl_typesupport_introspection_cpp.dir/rosidl_typesupport_introspection_cpp/dwb_msgs/srv/detail/generate_trajectory__type_support.cpp.o[0m
[19.515s] [ 20%] [32mBuilding CXX object CMakeFiles/dwb_msgs__rosidl_typesupport_introspection_cpp.dir/rosidl_typesupport_introspection_cpp/dwb_msgs/srv/detail/debug_local_plan__type_support.cpp.o[0m
[20.168s] [ 21%] [32mBuilding CXX object CMakeFiles/dwb_msgs__rosidl_typesupport_introspection_cpp.dir/rosidl_typesupport_introspection_cpp/dwb_msgs/msg/detail/trajectory_score__type_support.cpp.o[0m
[20.844s] [ 22%] [32mBuilding CXX object CMakeFiles/dwb_msgs__rosidl_typesupport_introspection_cpp.dir/rosidl_typesupport_introspection_cpp/dwb_msgs/msg/detail/trajectory2_d__type_support.cpp.o[0m
[21.525s] [ 23%] [32mBuilding CXX object CMakeFiles/dwb_msgs__rosidl_typesupport_introspection_cpp.dir/rosidl_typesupport_introspection_cpp/dwb_msgs/msg/detail/local_plan_evaluation__type_support.cpp.o[0m
[22.408s] [ 24%] [32m[1mLinking CXX shared library libdwb_msgs__rosidl_typesupport_introspection_cpp.so[0m
[22.549s] [ 24%] Built target dwb_msgs__rosidl_typesupport_introspection_cpp
[22.565s] [ 25%] [34m[1mGenerating C type support dispatch for ROS interfaces[0m
[23.567s] [ 26%] [32mBuilding CXX object CMakeFiles/dwb_msgs__rosidl_typesupport_c.dir/rosidl_typesupport_c/dwb_msgs/msg/critic_score__type_support.cpp.o[0m
[23.611s] [ 27%] [32mBuilding CXX object CMakeFiles/dwb_msgs__rosidl_typesupport_c.dir/rosidl_typesupport_c/dwb_msgs/srv/get_critic_score__type_support.cpp.o[0m
[23.657s] [ 28%] [32mBuilding CXX object CMakeFiles/dwb_msgs__rosidl_typesupport_c.dir/rosidl_typesupport_c/dwb_msgs/srv/score_trajectory__type_support.cpp.o[0m
[23.706s] [ 29%] [32mBuilding CXX object CMakeFiles/dwb_msgs__rosidl_typesupport_c.dir/rosidl_typesupport_c/dwb_msgs/srv/generate_twists__type_support.cpp.o[0m
[23.752s] [ 30%] [32mBuilding CXX object CMakeFiles/dwb_msgs__rosidl_typesupport_c.dir/rosidl_typesupport_c/dwb_msgs/srv/generate_trajectory__type_support.cpp.o[0m
[23.799s] [ 31%] [32mBuilding CXX object CMakeFiles/dwb_msgs__rosidl_typesupport_c.dir/rosidl_typesupport_c/dwb_msgs/srv/debug_local_plan__type_support.cpp.o[0m
[23.848s] [ 32%] [32mBuilding CXX object CMakeFiles/dwb_msgs__rosidl_typesupport_c.dir/rosidl_typesupport_c/dwb_msgs/msg/trajectory_score__type_support.cpp.o[0m
[23.892s] [ 33%] [32mBuilding CXX object CMakeFiles/dwb_msgs__rosidl_typesupport_c.dir/rosidl_typesupport_c/dwb_msgs/msg/trajectory2_d__type_support.cpp.o[0m
[23.935s] [ 34%] [32mBuilding CXX object CMakeFiles/dwb_msgs__rosidl_typesupport_c.dir/rosidl_typesupport_c/dwb_msgs/msg/local_plan_evaluation__type_support.cpp.o[0m
[23.980s] [ 35%] [32m[1mLinking CXX shared library libdwb_msgs__rosidl_typesupport_c.so[0m
[24.043s] [ 35%] Built target dwb_msgs__rosidl_typesupport_c
[24.058s] [ 36%] [34m[1mGenerating C introspection for ROS interfaces[0m
[25.387s] [ 37%] [32mBuilding C object CMakeFiles/dwb_msgs__rosidl_typesupport_introspection_c.dir/rosidl_typesupport_introspection_c/dwb_msgs/msg/detail/critic_score__type_support.c.o[0m
[25.435s] [ 38%] [32mBuilding C object CMakeFiles/dwb_msgs__rosidl_typesupport_introspection_c.dir/rosidl_typesupport_introspection_c/dwb_msgs/srv/detail/score_trajectory__type_support.c.o[0m
[25.492s] [ 40%] [32mBuilding C object CMakeFiles/dwb_msgs__rosidl_typesupport_introspection_c.dir/rosidl_typesupport_introspection_c/dwb_msgs/srv/detail/get_critic_score__type_support.c.o[0m
[25.550s] [ 41%] [32mBuilding C object CMakeFiles/dwb_msgs__rosidl_typesupport_introspection_c.dir/rosidl_typesupport_introspection_c/dwb_msgs/srv/detail/generate_twists__type_support.c.o[0m
[25.605s] [ 42%] [32mBuilding C object CMakeFiles/dwb_msgs__rosidl_typesupport_introspection_c.dir/rosidl_typesupport_introspection_c/dwb_msgs/srv/detail/generate_trajectory__type_support.c.o[0m
[25.660s] [ 43%] [32mBuilding C object CMakeFiles/dwb_msgs__rosidl_typesupport_introspection_c.dir/rosidl_typesupport_introspection_c/dwb_msgs/srv/detail/debug_local_plan__type_support.c.o[0m
[25.716s] [ 44%] [32mBuilding C object CMakeFiles/dwb_msgs__rosidl_typesupport_introspection_c.dir/rosidl_typesupport_introspection_c/dwb_msgs/msg/detail/trajectory_score__type_support.c.o[0m
[25.771s] [ 45%] [32mBuilding C object CMakeFiles/dwb_msgs__rosidl_typesupport_introspection_c.dir/rosidl_typesupport_introspection_c/dwb_msgs/msg/detail/trajectory2_d__type_support.c.o[0m
[25.827s] [ 46%] [32mBuilding C object CMakeFiles/dwb_msgs__rosidl_typesupport_introspection_c.dir/rosidl_typesupport_introspection_c/dwb_msgs/msg/detail/local_plan_evaluation__type_support.c.o[0m
[25.883s] [ 47%] [32m[1mLinking C shared library libdwb_msgs__rosidl_typesupport_introspection_c.so[0m
[25.935s] [ 47%] Built target dwb_msgs__rosidl_typesupport_introspection_c
[25.950s] [ 50%] [34m[1mGenerating C++ type support for eProsima Fast-RTPS[0m
[25.951s] [ 50%] [34m[1mGenerating C++ type support dispatch for ROS interfaces[0m
[25.951s] [ 50%] [34m[1mGenerating C type support for eProsima Fast-RTPS[0m
[26.929s] [ 51%] [32mBuilding CXX object CMakeFiles/dwb_msgs__rosidl_typesupport_cpp.dir/rosidl_typesupport_cpp/dwb_msgs/msg/trajectory2_d__type_support.cpp.o[0m
[26.931s] [ 52%] [32mBuilding CXX object CMakeFiles/dwb_msgs__rosidl_typesupport_cpp.dir/rosidl_typesupport_cpp/dwb_msgs/msg/trajectory_score__type_support.cpp.o[0m
[26.931s] [ 53%] [32mBuilding CXX object CMakeFiles/dwb_msgs__rosidl_typesupport_cpp.dir/rosidl_typesupport_cpp/dwb_msgs/msg/local_plan_evaluation__type_support.cpp.o[0m
[26.934s] [ 54%] [32mBuilding CXX object CMakeFiles/dwb_msgs__rosidl_typesupport_cpp.dir/rosidl_typesupport_cpp/dwb_msgs/msg/critic_score__type_support.cpp.o[0m
[27.347s] [ 55%] [32mBuilding CXX object CMakeFiles/dwb_msgs__rosidl_typesupport_cpp.dir/rosidl_typesupport_cpp/dwb_msgs/srv/score_trajectory__type_support.cpp.o[0m
[27.418s] [ 56%] [32mBuilding CXX object CMakeFiles/dwb_msgs__rosidl_typesupport_fastrtps_cpp.dir/rosidl_typesupport_fastrtps_cpp/dwb_msgs/msg/detail/dds_fastrtps/critic_score__type_support.cpp.o[0m
[27.433s] [ 57%] [32mBuilding CXX object CMakeFiles/dwb_msgs__rosidl_typesupport_fastrtps_cpp.dir/rosidl_typesupport_fastrtps_cpp/dwb_msgs/msg/detail/dds_fastrtps/local_plan_evaluation__type_support.cpp.o[0m
[27.438s] [ 58%] [32mBuilding CXX object CMakeFiles/dwb_msgs__rosidl_typesupport_fastrtps_cpp.dir/rosidl_typesupport_fastrtps_cpp/dwb_msgs/msg/detail/dds_fastrtps/trajectory2_d__type_support.cpp.o[0m
[27.444s] [ 60%] [32mBuilding CXX object CMakeFiles/dwb_msgs__rosidl_typesupport_cpp.dir/rosidl_typesupport_cpp/dwb_msgs/srv/get_critic_score__type_support.cpp.o[0m
[27.476s] [ 61%] [32mBuilding CXX object CMakeFiles/dwb_msgs__rosidl_typesupport_fastrtps_cpp.dir/rosidl_typesupport_fastrtps_cpp/dwb_msgs/msg/detail/dds_fastrtps/trajectory_score__type_support.cpp.o[0m
[27.486s] [ 62%] [32mBuilding CXX object CMakeFiles/dwb_msgs__rosidl_typesupport_cpp.dir/rosidl_typesupport_cpp/dwb_msgs/srv/generate_twists__type_support.cpp.o[0m
[27.548s] [ 63%] [32mBuilding CXX object CMakeFiles/dwb_msgs__rosidl_typesupport_cpp.dir/rosidl_typesupport_cpp/dwb_msgs/srv/generate_trajectory__type_support.cpp.o[0m
[27.583s] [ 64%] [32mBuilding CXX object CMakeFiles/dwb_msgs__rosidl_typesupport_fastrtps_c.dir/rosidl_typesupport_fastrtps_c/dwb_msgs/msg/detail/critic_score__type_support_c.cpp.o[0m
[27.880s] [ 65%] [32mBuilding CXX object CMakeFiles/dwb_msgs__rosidl_typesupport_cpp.dir/rosidl_typesupport_cpp/dwb_msgs/srv/debug_local_plan__type_support.cpp.o[0m
[27.895s] [ 66%] [32mBuilding CXX object CMakeFiles/dwb_msgs__rosidl_typesupport_fastrtps_cpp.dir/rosidl_typesupport_fastrtps_cpp/dwb_msgs/srv/detail/dds_fastrtps/generate_twists__type_support.cpp.o[0m
[27.905s] [ 67%] [32mBuilding CXX object CMakeFiles/dwb_msgs__rosidl_typesupport_fastrtps_cpp.dir/rosidl_typesupport_fastrtps_cpp/dwb_msgs/srv/detail/dds_fastrtps/generate_trajectory__type_support.cpp.o[0m
[28.101s] [ 68%] [32mBuilding CXX object CMakeFiles/dwb_msgs__rosidl_typesupport_fastrtps_c.dir/rosidl_typesupport_fastrtps_c/dwb_msgs/msg/detail/local_plan_evaluation__type_support_c.cpp.o[0m
[28.193s] [ 69%] [32mBuilding CXX object CMakeFiles/dwb_msgs__rosidl_typesupport_fastrtps_c.dir/rosidl_typesupport_fastrtps_c/dwb_msgs/msg/detail/trajectory2_d__type_support_c.cpp.o[0m
[28.399s] [ 70%] [32mBuilding CXX object CMakeFiles/dwb_msgs__rosidl_typesupport_fastrtps_c.dir/rosidl_typesupport_fastrtps_c/dwb_msgs/msg/detail/trajectory_score__type_support_c.cpp.o[0m
[28.530s] [ 71%] [32mBuilding CXX object CMakeFiles/dwb_msgs__rosidl_typesupport_fastrtps_cpp.dir/rosidl_typesupport_fastrtps_cpp/dwb_msgs/srv/detail/dds_fastrtps/debug_local_plan__type_support.cpp.o[0m
[28.597s] [ 72%] [32m[1mLinking CXX shared library libdwb_msgs__rosidl_typesupport_cpp.so[0m
[28.620s] [ 73%] [32mBuilding CXX object CMakeFiles/dwb_msgs__rosidl_typesupport_fastrtps_cpp.dir/rosidl_typesupport_fastrtps_cpp/dwb_msgs/srv/detail/dds_fastrtps/get_critic_score__type_support.cpp.o[0m
[28.644s] [ 74%] [32mBuilding CXX object CMakeFiles/dwb_msgs__rosidl_typesupport_fastrtps_cpp.dir/rosidl_typesupport_fastrtps_cpp/dwb_msgs/srv/detail/dds_fastrtps/score_trajectory__type_support.cpp.o[0m
[28.657s] [ 75%] [32mBuilding CXX object CMakeFiles/dwb_msgs__rosidl_typesupport_fastrtps_c.dir/rosidl_typesupport_fastrtps_c/dwb_msgs/srv/detail/debug_local_plan__type_support_c.cpp.o[0m
[28.680s] [ 76%] [32mBuilding CXX object CMakeFiles/dwb_msgs__rosidl_typesupport_fastrtps_c.dir/rosidl_typesupport_fastrtps_c/dwb_msgs/srv/detail/generate_trajectory__type_support_c.cpp.o[0m
[28.813s] [ 76%] Built target dwb_msgs__rosidl_typesupport_cpp
[29.082s] [ 77%] [32mBuilding CXX object CMakeFiles/dwb_msgs__rosidl_typesupport_fastrtps_c.dir/rosidl_typesupport_fastrtps_c/dwb_msgs/srv/detail/score_trajectory__type_support_c.cpp.o[0m
[29.208s] [ 78%] [32mBuilding CXX object CMakeFiles/dwb_msgs__rosidl_typesupport_fastrtps_c.dir/rosidl_typesupport_fastrtps_c/dwb_msgs/srv/detail/get_critic_score__type_support_c.cpp.o[0m
[29.333s] [ 80%] [32mBuilding CXX object CMakeFiles/dwb_msgs__rosidl_typesupport_fastrtps_c.dir/rosidl_typesupport_fastrtps_c/dwb_msgs/srv/detail/generate_twists__type_support_c.cpp.o[0m
[29.744s] [ 81%] [32m[1mLinking CXX shared library libdwb_msgs__rosidl_typesupport_fastrtps_cpp.so[0m
[29.998s] [ 81%] Built target dwb_msgs__rosidl_typesupport_fastrtps_cpp
[30.059s] [ 82%] [32m[1mLinking CXX shared library libdwb_msgs__rosidl_typesupport_fastrtps_c.so[0m
[30.272s] [ 82%] Built target dwb_msgs__rosidl_typesupport_fastrtps_c
[30.421s] [ 82%] Built target dwb_msgs
[30.548s] [ 83%] [34m[1mGenerating Python code for ROS interfaces[0m
[33.849s] [ 83%] Built target dwb_msgs__py
[33.965s] [ 84%] [32mBuilding C object CMakeFiles/dwb_msgs__rosidl_generator_py.dir/rosidl_generator_py/dwb_msgs/msg/_critic_score_s.c.o[0m
[33.988s] [ 85%] [32mBuilding C object CMakeFiles/dwb_msgs__rosidl_generator_py.dir/rosidl_generator_py/dwb_msgs/msg/_local_plan_evaluation_s.c.o[0m
[34.241s] [ 86%] [32mBuilding C object CMakeFiles/dwb_msgs__rosidl_generator_py.dir/rosidl_generator_py/dwb_msgs/srv/_score_trajectory_s.c.o[0m
[34.276s] [ 87%] [32mBuilding C object CMakeFiles/dwb_msgs__rosidl_generator_py.dir/rosidl_generator_py/dwb_msgs/srv/_get_critic_score_s.c.o[0m
[34.457s] [ 88%] [32mBuilding C object CMakeFiles/dwb_msgs__rosidl_generator_py.dir/rosidl_generator_py/dwb_msgs/srv/_generate_twists_s.c.o[0m
[34.620s] [ 89%] [32mBuilding C object CMakeFiles/dwb_msgs__rosidl_generator_py.dir/rosidl_generator_py/dwb_msgs/srv/_generate_trajectory_s.c.o[0m
[34.716s] [ 90%] [32mBuilding C object CMakeFiles/dwb_msgs__rosidl_generator_py.dir/rosidl_generator_py/dwb_msgs/srv/_debug_local_plan_s.c.o[0m
[34.860s] [ 91%] [32mBuilding C object CMakeFiles/dwb_msgs__rosidl_generator_py.dir/rosidl_generator_py/dwb_msgs/msg/_trajectory_score_s.c.o[0m
[35.004s] [ 92%] [32mBuilding C object CMakeFiles/dwb_msgs__rosidl_generator_py.dir/rosidl_generator_py/dwb_msgs/msg/_trajectory2_d_s.c.o[0m
[35.318s] [ 93%] [32m[1mLinking C shared library rosidl_generator_py/dwb_msgs/libdwb_msgs__rosidl_generator_py.so[0m
[35.417s] [ 93%] Built target dwb_msgs__rosidl_generator_py
[35.552s] [ 94%] [32mBuilding C object CMakeFiles/dwb_msgs__rosidl_typesupport_introspection_c__pyext.dir/rosidl_generator_py/dwb_msgs/_dwb_msgs_s.ep.rosidl_typesupport_introspection_c.c.o[0m
[35.577s] [ 95%] [32mBuilding C object CMakeFiles/dwb_msgs__rosidl_typesupport_fastrtps_c__pyext.dir/rosidl_generator_py/dwb_msgs/_dwb_msgs_s.ep.rosidl_typesupport_fastrtps_c.c.o[0m
[35.932s] [ 96%] [32m[1mLinking C shared library rosidl_generator_py/dwb_msgs/dwb_msgs_s__rosidl_typesupport_introspection_c.cpython-310-aarch64-linux-gnu.so[0m
[35.977s] [ 97%] [32m[1mLinking C shared library rosidl_generator_py/dwb_msgs/dwb_msgs_s__rosidl_typesupport_fastrtps_c.cpython-310-aarch64-linux-gnu.so[0m
[36.022s] [ 97%] Built target dwb_msgs__rosidl_typesupport_introspection_c__pyext
[36.099s] [ 97%] Built target dwb_msgs__rosidl_typesupport_fastrtps_c__pyext
[36.140s] [ 98%] [32mBuilding C object CMakeFiles/dwb_msgs__rosidl_typesupport_c__pyext.dir/rosidl_generator_py/dwb_msgs/_dwb_msgs_s.ep.rosidl_typesupport_c.c.o[0m
[36.400s] [100%] [32m[1mLinking C shared library rosidl_generator_py/dwb_msgs/dwb_msgs_s__rosidl_typesupport_c.cpython-310-aarch64-linux-gnu.so[0m
[36.497s] [100%] Built target dwb_msgs__rosidl_typesupport_c__pyext
[36.521s] Invoked command in '/home/agx/cthree/slam/nav2fishbot/build/dwb_msgs' returned '0': AMENT_PREFIX_PATH=/home/agx/cthree/slam/nav2fishbot/install/nav_2d_msgs:${AMENT_PREFIX_PATH} CMAKE_PREFIX_PATH=/home/agx/cthree/slam/nav2fishbot/install/nav_2d_msgs:/home/agx/cthree/slam/OVD-SLAM10/Examples/ros2/install/orbslam3:/home/agx/cthree/slam/cam_ws/install/realsense2_description:/home/agx/cthree/slam/cam_ws/install/realsense2_camera:/home/agx/cthree/slam/cam_ws/install/realsense2_camera_msgs:/opt/ros/humble LD_LIBRARY_PATH=/home/agx/cthree/slam/nav2fishbot/install/nav_2d_msgs/lib:/home/agx/cthree/slam/cam_ws/install/realsense2_camera/lib:/home/agx/cthree/slam/cam_ws/install/realsense2_camera_msgs/lib:/opt/ros/humble/opt/rviz_ogre_vendor/lib:/opt/ros/humble/lib/aarch64-linux-gnu:/opt/ros/humble/lib:/usr/local/lib PYTHONPATH=/home/agx/cthree/slam/nav2fishbot/install/nav_2d_msgs/local/lib/python3.10/dist-packages:${PYTHONPATH} /usr/bin/cmake --build /home/agx/cthree/slam/nav2fishbot/build/dwb_msgs -- -j12 -l12
[36.522s] Invoking command in '/home/agx/cthree/slam/nav2fishbot/build/dwb_msgs': AMENT_PREFIX_PATH=/home/agx/cthree/slam/nav2fishbot/install/nav_2d_msgs:${AMENT_PREFIX_PATH} CMAKE_PREFIX_PATH=/home/agx/cthree/slam/nav2fishbot/install/nav_2d_msgs:/home/agx/cthree/slam/OVD-SLAM10/Examples/ros2/install/orbslam3:/home/agx/cthree/slam/cam_ws/install/realsense2_description:/home/agx/cthree/slam/cam_ws/install/realsense2_camera:/home/agx/cthree/slam/cam_ws/install/realsense2_camera_msgs:/opt/ros/humble LD_LIBRARY_PATH=/home/agx/cthree/slam/nav2fishbot/install/nav_2d_msgs/lib:/home/agx/cthree/slam/cam_ws/install/realsense2_camera/lib:/home/agx/cthree/slam/cam_ws/install/realsense2_camera_msgs/lib:/opt/ros/humble/opt/rviz_ogre_vendor/lib:/opt/ros/humble/lib/aarch64-linux-gnu:/opt/ros/humble/lib:/usr/local/lib PYTHONPATH=/home/agx/cthree/slam/nav2fishbot/install/nav_2d_msgs/local/lib/python3.10/dist-packages:${PYTHONPATH} /usr/bin/cmake --install /home/agx/cthree/slam/nav2fishbot/build/dwb_msgs
[36.535s] -- Install configuration: ""
[36.535s] -- Installing: /home/agx/cthree/slam/nav2fishbot/install/dwb_msgs/share/ament_index/resource_index/rosidl_interfaces/dwb_msgs
[36.536s] -- Installing: /home/agx/cthree/slam/nav2fishbot/install/dwb_msgs/include/dwb_msgs/dwb_msgs
[36.536s] -- Installing: /home/agx/cthree/slam/nav2fishbot/install/dwb_msgs/include/dwb_msgs/dwb_msgs/msg
[36.536s] -- Installing: /home/agx/cthree/slam/nav2fishbot/install/dwb_msgs/include/dwb_msgs/dwb_msgs/msg/rosidl_generator_c__visibility_control.h
[36.537s] -- Installing: /home/agx/cthree/slam/nav2fishbot/install/dwb_msgs/include/dwb_msgs/dwb_msgs/msg/local_plan_evaluation.h
[36.537s] -- Installing: /home/agx/cthree/slam/nav2fishbot/install/dwb_msgs/include/dwb_msgs/dwb_msgs/msg/trajectory2_d.h
[36.537s] -- Installing: /home/agx/cthree/slam/nav2fishbot/install/dwb_msgs/include/dwb_msgs/dwb_msgs/msg/trajectory_score.h
[36.538s] -- Installing: /home/agx/cthree/slam/nav2fishbot/install/dwb_msgs/include/dwb_msgs/dwb_msgs/msg/detail
[36.538s] -- Installing: /home/agx/cthree/slam/nav2fishbot/install/dwb_msgs/include/dwb_msgs/dwb_msgs/msg/detail/trajectory2_d__type_support.h
[36.538s] -- Installing: /home/agx/cthree/slam/nav2fishbot/install/dwb_msgs/include/dwb_msgs/dwb_msgs/msg/detail/trajectory_score__functions.c
[36.539s] -- Installing: /home/agx/cthree/slam/nav2fishbot/install/dwb_msgs/include/dwb_msgs/dwb_msgs/msg/detail/trajectory2_d__functions.h
[36.539s] -- Installing: /home/agx/cthree/slam/nav2fishbot/install/dwb_msgs/include/dwb_msgs/dwb_msgs/msg/detail/trajectory_score__type_support.h
[36.539s] -- Installing: /home/agx/cthree/slam/nav2fishbot/install/dwb_msgs/include/dwb_msgs/dwb_msgs/msg/detail/critic_score__functions.c
[36.539s] -- Installing: /home/agx/cthree/slam/nav2fishbot/install/dwb_msgs/include/dwb_msgs/dwb_msgs/msg/detail/local_plan_evaluation__functions.c
[36.540s] -- Installing: /home/agx/cthree/slam/nav2fishbot/install/dwb_msgs/include/dwb_msgs/dwb_msgs/msg/detail/trajectory_score__struct.h
[36.540s] -- Installing: /home/agx/cthree/slam/nav2fishbot/install/dwb_msgs/include/dwb_msgs/dwb_msgs/msg/detail/critic_score__functions.h
[36.541s] -- Installing: /home/agx/cthree/slam/nav2fishbot/install/dwb_msgs/include/dwb_msgs/dwb_msgs/msg/detail/trajectory2_d__struct.h
[36.541s] -- Installing: /home/agx/cthree/slam/nav2fishbot/install/dwb_msgs/include/dwb_msgs/dwb_msgs/msg/detail/local_plan_evaluation__struct.h
[36.541s] -- Installing: /home/agx/cthree/slam/nav2fishbot/install/dwb_msgs/include/dwb_msgs/dwb_msgs/msg/detail/critic_score__struct.h
[36.542s] -- Installing: /home/agx/cthree/slam/nav2fishbot/install/dwb_msgs/include/dwb_msgs/dwb_msgs/msg/detail/local_plan_evaluation__functions.h
[36.542s] -- Installing: /home/agx/cthree/slam/nav2fishbot/install/dwb_msgs/include/dwb_msgs/dwb_msgs/msg/detail/trajectory_score__functions.h
[36.542s] -- Installing: /home/agx/cthree/slam/nav2fishbot/install/dwb_msgs/include/dwb_msgs/dwb_msgs/msg/detail/trajectory2_d__functions.c
[36.543s] -- Installing: /home/agx/cthree/slam/nav2fishbot/install/dwb_msgs/include/dwb_msgs/dwb_msgs/msg/detail/critic_score__type_support.h
[36.543s] -- Installing: /home/agx/cthree/slam/nav2fishbot/install/dwb_msgs/include/dwb_msgs/dwb_msgs/msg/detail/local_plan_evaluation__type_support.h
[36.543s] -- Installing: /home/agx/cthree/slam/nav2fishbot/install/dwb_msgs/include/dwb_msgs/dwb_msgs/msg/critic_score.h
[36.543s] -- Installing: /home/agx/cthree/slam/nav2fishbot/install/dwb_msgs/include/dwb_msgs/dwb_msgs/srv
[36.544s] -- Installing: /home/agx/cthree/slam/nav2fishbot/install/dwb_msgs/include/dwb_msgs/dwb_msgs/srv/generate_trajectory.h
[36.544s] -- Installing: /home/agx/cthree/slam/nav2fishbot/install/dwb_msgs/include/dwb_msgs/dwb_msgs/srv/get_critic_score.h
[36.544s] -- Installing: /home/agx/cthree/slam/nav2fishbot/install/dwb_msgs/include/dwb_msgs/dwb_msgs/srv/debug_local_plan.h
[36.545s] -- Installing: /home/agx/cthree/slam/nav2fishbot/install/dwb_msgs/include/dwb_msgs/dwb_msgs/srv/score_trajectory.h
[36.545s] -- Installing: /home/agx/cthree/slam/nav2fishbot/install/dwb_msgs/include/dwb_msgs/dwb_msgs/srv/detail
[36.545s] -- Installing: /home/agx/cthree/slam/nav2fishbot/install/dwb_msgs/include/dwb_msgs/dwb_msgs/srv/detail/score_trajectory__type_support.h
[36.545s] -- Installing: /home/agx/cthree/slam/nav2fishbot/install/dwb_msgs/include/dwb_msgs/dwb_msgs/srv/detail/generate_twists__struct.h
[36.546s] -- Installing: /home/agx/cthree/slam/nav2fishbot/install/dwb_msgs/include/dwb_msgs/dwb_msgs/srv/detail/debug_local_plan__functions.h
[36.546s] -- Installing: /home/agx/cthree/slam/nav2fishbot/install/dwb_msgs/include/dwb_msgs/dwb_msgs/srv/detail/generate_trajectory__functions.h
[36.546s] -- Installing: /home/agx/cthree/slam/nav2fishbot/install/dwb_msgs/include/dwb_msgs/dwb_msgs/srv/detail/generate_trajectory__type_support.h
[36.547s] -- Installing: /home/agx/cthree/slam/nav2fishbot/install/dwb_msgs/include/dwb_msgs/dwb_msgs/srv/detail/get_critic_score__functions.h
[36.547s] -- Installing: /home/agx/cthree/slam/nav2fishbot/install/dwb_msgs/include/dwb_msgs/dwb_msgs/srv/detail/generate_trajectory__struct.h
[36.547s] -- Installing: /home/agx/cthree/slam/nav2fishbot/install/dwb_msgs/include/dwb_msgs/dwb_msgs/srv/detail/get_critic_score__functions.c
[36.548s] -- Installing: /home/agx/cthree/slam/nav2fishbot/install/dwb_msgs/include/dwb_msgs/dwb_msgs/srv/detail/score_trajectory__functions.c
[36.548s] -- Installing: /home/agx/cthree/slam/nav2fishbot/install/dwb_msgs/include/dwb_msgs/dwb_msgs/srv/detail/generate_twists__functions.c
[36.548s] -- Installing: /home/agx/cthree/slam/nav2fishbot/install/dwb_msgs/include/dwb_msgs/dwb_msgs/srv/detail/debug_local_plan__struct.h
[36.548s] -- Installing: /home/agx/cthree/slam/nav2fishbot/install/dwb_msgs/include/dwb_msgs/dwb_msgs/srv/detail/debug_local_plan__functions.c
[36.549s] -- Installing: /home/agx/cthree/slam/nav2fishbot/install/dwb_msgs/include/dwb_msgs/dwb_msgs/srv/detail/score_trajectory__struct.h
[36.549s] -- Installing: /home/agx/cthree/slam/nav2fishbot/install/dwb_msgs/include/dwb_msgs/dwb_msgs/srv/detail/generate_trajectory__functions.c
[36.549s] -- Installing: /home/agx/cthree/slam/nav2fishbot/install/dwb_msgs/include/dwb_msgs/dwb_msgs/srv/detail/debug_local_plan__type_support.h
[36.550s] -- Installing: /home/agx/cthree/slam/nav2fishbot/install/dwb_msgs/include/dwb_msgs/dwb_msgs/srv/detail/score_trajectory__functions.h
[36.550s] -- Installing: /home/agx/cthree/slam/nav2fishbot/install/dwb_msgs/include/dwb_msgs/dwb_msgs/srv/detail/get_critic_score__struct.h
[36.550s] -- Installing: /home/agx/cthree/slam/nav2fishbot/install/dwb_msgs/include/dwb_msgs/dwb_msgs/srv/detail/generate_twists__type_support.h
[36.551s] -- Installing: /home/agx/cthree/slam/nav2fishbot/install/dwb_msgs/include/dwb_msgs/dwb_msgs/srv/detail/generate_twists__functions.h
[36.551s] -- Installing: /home/agx/cthree/slam/nav2fishbot/install/dwb_msgs/include/dwb_msgs/dwb_msgs/srv/detail/get_critic_score__type_support.h
[36.551s] -- Installing: /home/agx/cthree/slam/nav2fishbot/install/dwb_msgs/include/dwb_msgs/dwb_msgs/srv/generate_twists.h
[36.552s] -- Installing: /home/agx/cthree/slam/nav2fishbot/install/dwb_msgs/share/dwb_msgs/environment/library_path.sh
[36.552s] -- Installing: /home/agx/cthree/slam/nav2fishbot/install/dwb_msgs/share/dwb_msgs/environment/library_path.dsv
[36.553s] -- Installing: /home/agx/cthree/slam/nav2fishbot/install/dwb_msgs/lib/libdwb_msgs__rosidl_generator_c.so
[36.554s] -- Set runtime path of "/home/agx/cthree/slam/nav2fishbot/install/dwb_msgs/lib/libdwb_msgs__rosidl_generator_c.so" to ""
[36.554s] -- Up-to-date: /home/agx/cthree/slam/nav2fishbot/install/dwb_msgs/include/dwb_msgs/dwb_msgs
[36.554s] -- Up-to-date: /home/agx/cthree/slam/nav2fishbot/install/dwb_msgs/include/dwb_msgs/dwb_msgs/msg
[36.554s] -- Up-to-date: /home/agx/cthree/slam/nav2fishbot/install/dwb_msgs/include/dwb_msgs/dwb_msgs/msg/detail
[36.554s] -- Installing: /home/agx/cthree/slam/nav2fishbot/install/dwb_msgs/include/dwb_msgs/dwb_msgs/msg/detail/critic_score__rosidl_typesupport_fastrtps_c.h
[36.555s] -- Installing: /home/agx/cthree/slam/nav2fishbot/install/dwb_msgs/include/dwb_msgs/dwb_msgs/msg/detail/trajectory_score__rosidl_typesupport_fastrtps_c.h
[36.555s] -- Installing: /home/agx/cthree/slam/nav2fishbot/install/dwb_msgs/include/dwb_msgs/dwb_msgs/msg/detail/local_plan_evaluation__rosidl_typesupport_fastrtps_c.h
[36.555s] -- Installing: /home/agx/cthree/slam/nav2fishbot/install/dwb_msgs/include/dwb_msgs/dwb_msgs/msg/detail/trajectory2_d__rosidl_typesupport_fastrtps_c.h
[36.555s] -- Installing: /home/agx/cthree/slam/nav2fishbot/install/dwb_msgs/include/dwb_msgs/dwb_msgs/msg/rosidl_typesupport_fastrtps_c__visibility_control.h
[36.556s] -- Up-to-date: /home/agx/cthree/slam/nav2fishbot/install/dwb_msgs/include/dwb_msgs/dwb_msgs/srv
[36.556s] -- Up-to-date: /home/agx/cthree/slam/nav2fishbot/install/dwb_msgs/include/dwb_msgs/dwb_msgs/srv/detail
[36.556s] -- Installing: /home/agx/cthree/slam/nav2fishbot/install/dwb_msgs/include/dwb_msgs/dwb_msgs/srv/detail/generate_twists__rosidl_typesupport_fastrtps_c.h
[36.556s] -- Installing: /home/agx/cthree/slam/nav2fishbot/install/dwb_msgs/include/dwb_msgs/dwb_msgs/srv/detail/get_critic_score__rosidl_typesupport_fastrtps_c.h
[36.557s] -- Installing: /home/agx/cthree/slam/nav2fishbot/install/dwb_msgs/include/dwb_msgs/dwb_msgs/srv/detail/score_trajectory__rosidl_typesupport_fastrtps_c.h
[36.557s] -- Installing: /home/agx/cthree/slam/nav2fishbot/install/dwb_msgs/include/dwb_msgs/dwb_msgs/srv/detail/generate_trajectory__rosidl_typesupport_fastrtps_c.h
[36.557s] -- Installing: /home/agx/cthree/slam/nav2fishbot/install/dwb_msgs/include/dwb_msgs/dwb_msgs/srv/detail/debug_local_plan__rosidl_typesupport_fastrtps_c.h
[36.558s] -- Installing: /home/agx/cthree/slam/nav2fishbot/install/dwb_msgs/lib/libdwb_msgs__rosidl_typesupport_fastrtps_c.so
[36.559s] -- Set runtime path of "/home/agx/cthree/slam/nav2fishbot/install/dwb_msgs/lib/libdwb_msgs__rosidl_typesupport_fastrtps_c.so" to ""
[36.559s] -- Up-to-date: /home/agx/cthree/slam/nav2fishbot/install/dwb_msgs/include/dwb_msgs/dwb_msgs
[36.559s] -- Up-to-date: /home/agx/cthree/slam/nav2fishbot/install/dwb_msgs/include/dwb_msgs/dwb_msgs/msg
[36.559s] -- Installing: /home/agx/cthree/slam/nav2fishbot/install/dwb_msgs/include/dwb_msgs/dwb_msgs/msg/local_plan_evaluation.hpp
[36.559s] -- Installing: /home/agx/cthree/slam/nav2fishbot/install/dwb_msgs/include/dwb_msgs/dwb_msgs/msg/critic_score.hpp
[36.560s] -- Up-to-date: /home/agx/cthree/slam/nav2fishbot/install/dwb_msgs/include/dwb_msgs/dwb_msgs/msg/detail
[36.560s] -- Installing: /home/agx/cthree/slam/nav2fishbot/install/dwb_msgs/include/dwb_msgs/dwb_msgs/msg/detail/trajectory_score__type_support.hpp
[36.560s] -- Installing: /home/agx/cthree/slam/nav2fishbot/install/dwb_msgs/include/dwb_msgs/dwb_msgs/msg/detail/critic_score__traits.hpp
[36.560s] -- Installing: /home/agx/cthree/slam/nav2fishbot/install/dwb_msgs/include/dwb_msgs/dwb_msgs/msg/detail/trajectory2_d__type_support.hpp
[36.561s] -- Installing: /home/agx/cthree/slam/nav2fishbot/install/dwb_msgs/include/dwb_msgs/dwb_msgs/msg/detail/local_plan_evaluation__type_support.hpp
[36.561s] -- Installing: /home/agx/cthree/slam/nav2fishbot/install/dwb_msgs/include/dwb_msgs/dwb_msgs/msg/detail/critic_score__builder.hpp
[36.562s] -- Installing: /home/agx/cthree/slam/nav2fishbot/install/dwb_msgs/include/dwb_msgs/dwb_msgs/msg/detail/trajectory_score__traits.hpp
[36.562s] -- Installing: /home/agx/cthree/slam/nav2fishbot/install/dwb_msgs/include/dwb_msgs/dwb_msgs/msg/detail/local_plan_evaluation__builder.hpp
[36.562s] -- Installing: /home/agx/cthree/slam/nav2fishbot/install/dwb_msgs/include/dwb_msgs/dwb_msgs/msg/detail/trajectory2_d__traits.hpp
[36.563s] -- Installing: /home/agx/cthree/slam/nav2fishbot/install/dwb_msgs/include/dwb_msgs/dwb_msgs/msg/detail/trajectory_score__struct.hpp
[36.563s] -- Installing: /home/agx/cthree/slam/nav2fishbot/install/dwb_msgs/include/dwb_msgs/dwb_msgs/msg/detail/trajectory_score__builder.hpp
[36.563s] -- Installing: /home/agx/cthree/slam/nav2fishbot/install/dwb_msgs/include/dwb_msgs/dwb_msgs/msg/detail/local_plan_evaluation__traits.hpp
[36.563s] -- Installing: /home/agx/cthree/slam/nav2fishbot/install/dwb_msgs/include/dwb_msgs/dwb_msgs/msg/detail/trajectory2_d__builder.hpp
[36.564s] -- Installing: /home/agx/cthree/slam/nav2fishbot/install/dwb_msgs/include/dwb_msgs/dwb_msgs/msg/detail/critic_score__struct.hpp
[36.564s] -- Installing: /home/agx/cthree/slam/nav2fishbot/install/dwb_msgs/include/dwb_msgs/dwb_msgs/msg/detail/trajectory2_d__struct.hpp
[36.564s] -- Installing: /home/agx/cthree/slam/nav2fishbot/install/dwb_msgs/include/dwb_msgs/dwb_msgs/msg/detail/local_plan_evaluation__struct.hpp
[36.564s] -- Installing: /home/agx/cthree/slam/nav2fishbot/install/dwb_msgs/include/dwb_msgs/dwb_msgs/msg/detail/critic_score__type_support.hpp
[36.565s] -- Installing: /home/agx/cthree/slam/nav2fishbot/install/dwb_msgs/include/dwb_msgs/dwb_msgs/msg/trajectory2_d.hpp
[36.565s] -- Installing: /home/agx/cthree/slam/nav2fishbot/install/dwb_msgs/include/dwb_msgs/dwb_msgs/msg/trajectory_score.hpp
[36.565s] -- Installing: /home/agx/cthree/slam/nav2fishbot/install/dwb_msgs/include/dwb_msgs/dwb_msgs/msg/rosidl_generator_cpp__visibility_control.hpp
[36.566s] -- Up-to-date: /home/agx/cthree/slam/nav2fishbot/install/dwb_msgs/include/dwb_msgs/dwb_msgs/srv
[36.566s] -- Installing: /home/agx/cthree/slam/nav2fishbot/install/dwb_msgs/include/dwb_msgs/dwb_msgs/srv/get_critic_score.hpp
[36.566s] -- Up-to-date: /home/agx/cthree/slam/nav2fishbot/install/dwb_msgs/include/dwb_msgs/dwb_msgs/srv/detail
[36.566s] -- Installing: /home/agx/cthree/slam/nav2fishbot/install/dwb_msgs/include/dwb_msgs/dwb_msgs/srv/detail/debug_local_plan__traits.hpp
[36.567s] -- Installing: /home/agx/cthree/slam/nav2fishbot/install/dwb_msgs/include/dwb_msgs/dwb_msgs/srv/detail/generate_twists__type_support.hpp
[36.567s] -- Installing: /home/agx/cthree/slam/nav2fishbot/install/dwb_msgs/include/dwb_msgs/dwb_msgs/srv/detail/debug_local_plan__struct.hpp
[36.567s] -- Installing: /home/agx/cthree/slam/nav2fishbot/install/dwb_msgs/include/dwb_msgs/dwb_msgs/srv/detail/get_critic_score__traits.hpp
[36.567s] -- Installing: /home/agx/cthree/slam/nav2fishbot/install/dwb_msgs/include/dwb_msgs/dwb_msgs/srv/detail/generate_twists__struct.hpp
[36.568s] -- Installing: /home/agx/cthree/slam/nav2fishbot/install/dwb_msgs/include/dwb_msgs/dwb_msgs/srv/detail/generate_trajectory__traits.hpp
[36.568s] -- Installing: /home/agx/cthree/slam/nav2fishbot/install/dwb_msgs/include/dwb_msgs/dwb_msgs/srv/detail/generate_twists__traits.hpp
[36.568s] -- Installing: /home/agx/cthree/slam/nav2fishbot/install/dwb_msgs/include/dwb_msgs/dwb_msgs/srv/detail/score_trajectory__struct.hpp
[36.569s] -- Installing: /home/agx/cthree/slam/nav2fishbot/install/dwb_msgs/include/dwb_msgs/dwb_msgs/srv/detail/score_trajectory__builder.hpp
[36.569s] -- Installing: /home/agx/cthree/slam/nav2fishbot/install/dwb_msgs/include/dwb_msgs/dwb_msgs/srv/detail/generate_trajectory__struct.hpp
[36.569s] -- Installing: /home/agx/cthree/slam/nav2fishbot/install/dwb_msgs/include/dwb_msgs/dwb_msgs/srv/detail/score_trajectory__traits.hpp
[36.569s] -- Installing: /home/agx/cthree/slam/nav2fishbot/install/dwb_msgs/include/dwb_msgs/dwb_msgs/srv/detail/score_trajectory__type_support.hpp
[36.570s] -- Installing: /home/agx/cthree/slam/nav2fishbot/install/dwb_msgs/include/dwb_msgs/dwb_msgs/srv/detail/generate_trajectory__type_support.hpp
[36.570s] -- Installing: /home/agx/cthree/slam/nav2fishbot/install/dwb_msgs/include/dwb_msgs/dwb_msgs/srv/detail/get_critic_score__builder.hpp
[36.570s] -- Installing: /home/agx/cthree/slam/nav2fishbot/install/dwb_msgs/include/dwb_msgs/dwb_msgs/srv/detail/generate_twists__builder.hpp
[36.571s] -- Installing: /home/agx/cthree/slam/nav2fishbot/install/dwb_msgs/include/dwb_msgs/dwb_msgs/srv/detail/debug_local_plan__builder.hpp
[36.571s] -- Installing: /home/agx/cthree/slam/nav2fishbot/install/dwb_msgs/include/dwb_msgs/dwb_msgs/srv/detail/get_critic_score__struct.hpp
[36.571s] -- Installing: /home/agx/cthree/slam/nav2fishbot/install/dwb_msgs/include/dwb_msgs/dwb_msgs/srv/detail/debug_local_plan__type_support.hpp
[36.572s] -- Installing: /home/agx/cthree/slam/nav2fishbot/install/dwb_msgs/include/dwb_msgs/dwb_msgs/srv/detail/generate_trajectory__builder.hpp
[36.572s] -- Installing: /home/agx/cthree/slam/nav2fishbot/install/dwb_msgs/include/dwb_msgs/dwb_msgs/srv/detail/get_critic_score__type_support.hpp
[36.572s] -- Installing: /home/agx/cthree/slam/nav2fishbot/install/dwb_msgs/include/dwb_msgs/dwb_msgs/srv/generate_trajectory.hpp
[36.573s] -- Installing: /home/agx/cthree/slam/nav2fishbot/install/dwb_msgs/include/dwb_msgs/dwb_msgs/srv/debug_local_plan.hpp
[36.573s] -- Installing: /home/agx/cthree/slam/nav2fishbot/install/dwb_msgs/include/dwb_msgs/dwb_msgs/srv/score_trajectory.hpp
[36.573s] -- Installing: /home/agx/cthree/slam/nav2fishbot/install/dwb_msgs/include/dwb_msgs/dwb_msgs/srv/generate_twists.hpp
[36.574s] -- Up-to-date: /home/agx/cthree/slam/nav2fishbot/install/dwb_msgs/include/dwb_msgs/dwb_msgs
[36.574s] -- Up-to-date: /home/agx/cthree/slam/nav2fishbot/install/dwb_msgs/include/dwb_msgs/dwb_msgs/msg
[36.574s] -- Up-to-date: /home/agx/cthree/slam/nav2fishbot/install/dwb_msgs/include/dwb_msgs/dwb_msgs/msg/detail
[36.574s] -- Installing: /home/agx/cthree/slam/nav2fishbot/install/dwb_msgs/include/dwb_msgs/dwb_msgs/msg/detail/local_plan_evaluation__rosidl_typesupport_fastrtps_cpp.hpp
[36.575s] -- Installing: /home/agx/cthree/slam/nav2fishbot/install/dwb_msgs/include/dwb_msgs/dwb_msgs/msg/detail/dds_fastrtps
[36.575s] -- Installing: /home/agx/cthree/slam/nav2fishbot/install/dwb_msgs/include/dwb_msgs/dwb_msgs/msg/detail/trajectory_score__rosidl_typesupport_fastrtps_cpp.hpp
[36.575s] -- Installing: /home/agx/cthree/slam/nav2fishbot/install/dwb_msgs/include/dwb_msgs/dwb_msgs/msg/detail/critic_score__rosidl_typesupport_fastrtps_cpp.hpp
[36.575s] -- Installing: /home/agx/cthree/slam/nav2fishbot/install/dwb_msgs/include/dwb_msgs/dwb_msgs/msg/detail/trajectory2_d__rosidl_typesupport_fastrtps_cpp.hpp
[36.576s] -- Installing: /home/agx/cthree/slam/nav2fishbot/install/dwb_msgs/include/dwb_msgs/dwb_msgs/msg/rosidl_typesupport_fastrtps_cpp__visibility_control.h
[36.576s] -- Up-to-date: /home/agx/cthree/slam/nav2fishbot/install/dwb_msgs/include/dwb_msgs/dwb_msgs/srv
[36.576s] -- Up-to-date: /home/agx/cthree/slam/nav2fishbot/install/dwb_msgs/include/dwb_msgs/dwb_msgs/srv/detail
[36.577s] -- Installing: /home/agx/cthree/slam/nav2fishbot/install/dwb_msgs/include/dwb_msgs/dwb_msgs/srv/detail/debug_local_plan__rosidl_typesupport_fastrtps_cpp.hpp
[36.577s] -- Installing: /home/agx/cthree/slam/nav2fishbot/install/dwb_msgs/include/dwb_msgs/dwb_msgs/srv/detail/dds_fastrtps
[36.577s] -- Installing: /home/agx/cthree/slam/nav2fishbot/install/dwb_msgs/include/dwb_msgs/dwb_msgs/srv/detail/score_trajectory__rosidl_typesupport_fastrtps_cpp.hpp
[36.578s] -- Installing: /home/agx/cthree/slam/nav2fishbot/install/dwb_msgs/include/dwb_msgs/dwb_msgs/srv/detail/generate_twists__rosidl_typesupport_fastrtps_cpp.hpp
[36.578s] -- Installing: /home/agx/cthree/slam/nav2fishbot/install/dwb_msgs/include/dwb_msgs/dwb_msgs/srv/detail/generate_trajectory__rosidl_typesupport_fastrtps_cpp.hpp
[36.578s] -- Installing: /home/agx/cthree/slam/nav2fishbot/install/dwb_msgs/include/dwb_msgs/dwb_msgs/srv/detail/get_critic_score__rosidl_typesupport_fastrtps_cpp.hpp
[36.579s] -- Installing: /home/agx/cthree/slam/nav2fishbot/install/dwb_msgs/lib/libdwb_msgs__rosidl_typesupport_fastrtps_cpp.so
[36.581s] -- Set runtime path of "/home/agx/cthree/slam/nav2fishbot/install/dwb_msgs/lib/libdwb_msgs__rosidl_typesupport_fastrtps_cpp.so" to ""
[36.581s] -- Up-to-date: /home/agx/cthree/slam/nav2fishbot/install/dwb_msgs/include/dwb_msgs/dwb_msgs
[36.581s] -- Up-to-date: /home/agx/cthree/slam/nav2fishbot/install/dwb_msgs/include/dwb_msgs/dwb_msgs/msg
[36.582s] -- Installing: /home/agx/cthree/slam/nav2fishbot/install/dwb_msgs/include/dwb_msgs/dwb_msgs/msg/rosidl_typesupport_introspection_c__visibility_control.h
[36.582s] -- Up-to-date: /home/agx/cthree/slam/nav2fishbot/install/dwb_msgs/include/dwb_msgs/dwb_msgs/msg/detail
[36.582s] -- Installing: /home/agx/cthree/slam/nav2fishbot/install/dwb_msgs/include/dwb_msgs/dwb_msgs/msg/detail/trajectory_score__type_support.c
[36.582s] -- Installing: /home/agx/cthree/slam/nav2fishbot/install/dwb_msgs/include/dwb_msgs/dwb_msgs/msg/detail/trajectory2_d__type_support.c
[36.583s] -- Installing: /home/agx/cthree/slam/nav2fishbot/install/dwb_msgs/include/dwb_msgs/dwb_msgs/msg/detail/critic_score__rosidl_typesupport_introspection_c.h
[36.583s] -- Installing: /home/agx/cthree/slam/nav2fishbot/install/dwb_msgs/include/dwb_msgs/dwb_msgs/msg/detail/trajectory_score__rosidl_typesupport_introspection_c.h
[36.583s] -- Installing: /home/agx/cthree/slam/nav2fishbot/install/dwb_msgs/include/dwb_msgs/dwb_msgs/msg/detail/critic_score__type_support.c
[36.583s] -- Installing: /home/agx/cthree/slam/nav2fishbot/install/dwb_msgs/include/dwb_msgs/dwb_msgs/msg/detail/trajectory2_d__rosidl_typesupport_introspection_c.h
[36.584s] -- Installing: /home/agx/cthree/slam/nav2fishbot/install/dwb_msgs/include/dwb_msgs/dwb_msgs/msg/detail/local_plan_evaluation__rosidl_typesupport_introspection_c.h
[36.584s] -- Installing: /home/agx/cthree/slam/nav2fishbot/install/dwb_msgs/include/dwb_msgs/dwb_msgs/msg/detail/local_plan_evaluation__type_support.c
[36.584s] -- Up-to-date: /home/agx/cthree/slam/nav2fishbot/install/dwb_msgs/include/dwb_msgs/dwb_msgs/srv
[36.584s] -- Up-to-date: /home/agx/cthree/slam/nav2fishbot/install/dwb_msgs/include/dwb_msgs/dwb_msgs/srv/detail
[36.585s] -- Installing: /home/agx/cthree/slam/nav2fishbot/install/dwb_msgs/include/dwb_msgs/dwb_msgs/srv/detail/generate_trajectory__rosidl_typesupport_introspection_c.h
[36.585s] -- Installing: /home/agx/cthree/slam/nav2fishbot/install/dwb_msgs/include/dwb_msgs/dwb_msgs/srv/detail/score_trajectory__type_support.c
[36.585s] -- Installing: /home/agx/cthree/slam/nav2fishbot/install/dwb_msgs/include/dwb_msgs/dwb_msgs/srv/detail/score_trajectory__rosidl_typesupport_introspection_c.h
[36.585s] -- Installing: /home/agx/cthree/slam/nav2fishbot/install/dwb_msgs/include/dwb_msgs/dwb_msgs/srv/detail/get_critic_score__rosidl_typesupport_introspection_c.h
[36.586s] -- Installing: /home/agx/cthree/slam/nav2fishbot/install/dwb_msgs/include/dwb_msgs/dwb_msgs/srv/detail/debug_local_plan__rosidl_typesupport_introspection_c.h
[36.586s] -- Installing: /home/agx/cthree/slam/nav2fishbot/install/dwb_msgs/include/dwb_msgs/dwb_msgs/srv/detail/generate_twists__rosidl_typesupport_introspection_c.h
[36.586s] -- Installing: /home/agx/cthree/slam/nav2fishbot/install/dwb_msgs/include/dwb_msgs/dwb_msgs/srv/detail/debug_local_plan__type_support.c
[36.587s] -- Installing: /home/agx/cthree/slam/nav2fishbot/install/dwb_msgs/include/dwb_msgs/dwb_msgs/srv/detail/generate_twists__type_support.c
[36.587s] -- Installing: /home/agx/cthree/slam/nav2fishbot/install/dwb_msgs/include/dwb_msgs/dwb_msgs/srv/detail/generate_trajectory__type_support.c
[36.587s] -- Installing: /home/agx/cthree/slam/nav2fishbot/install/dwb_msgs/include/dwb_msgs/dwb_msgs/srv/detail/get_critic_score__type_support.c
[36.588s] -- Installing: /home/agx/cthree/slam/nav2fishbot/install/dwb_msgs/lib/libdwb_msgs__rosidl_typesupport_introspection_c.so
[36.589s] -- Set runtime path of "/home/agx/cthree/slam/nav2fishbot/install/dwb_msgs/lib/libdwb_msgs__rosidl_typesupport_introspection_c.so" to ""
[36.589s] -- Installing: /home/agx/cthree/slam/nav2fishbot/install/dwb_msgs/lib/libdwb_msgs__rosidl_typesupport_c.so
[36.590s] -- Set runtime path of "/home/agx/cthree/slam/nav2fishbot/install/dwb_msgs/lib/libdwb_msgs__rosidl_typesupport_c.so" to ""
[36.590s] -- Up-to-date: /home/agx/cthree/slam/nav2fishbot/install/dwb_msgs/include/dwb_msgs/dwb_msgs
[36.590s] -- Up-to-date: /home/agx/cthree/slam/nav2fishbot/install/dwb_msgs/include/dwb_msgs/dwb_msgs/msg
[36.590s] -- Up-to-date: /home/agx/cthree/slam/nav2fishbot/install/dwb_msgs/include/dwb_msgs/dwb_msgs/msg/detail
[36.590s] -- Installing: /home/agx/cthree/slam/nav2fishbot/install/dwb_msgs/include/dwb_msgs/dwb_msgs/msg/detail/critic_score__rosidl_typesupport_introspection_cpp.hpp
[36.591s] -- Installing: /home/agx/cthree/slam/nav2fishbot/install/dwb_msgs/include/dwb_msgs/dwb_msgs/msg/detail/local_plan_evaluation__type_support.cpp
[36.591s] -- Installing: /home/agx/cthree/slam/nav2fishbot/install/dwb_msgs/include/dwb_msgs/dwb_msgs/msg/detail/trajectory_score__rosidl_typesupport_introspection_cpp.hpp
[36.591s] -- Installing: /home/agx/cthree/slam/nav2fishbot/install/dwb_msgs/include/dwb_msgs/dwb_msgs/msg/detail/local_plan_evaluation__rosidl_typesupport_introspection_cpp.hpp
[36.591s] -- Installing: /home/agx/cthree/slam/nav2fishbot/install/dwb_msgs/include/dwb_msgs/dwb_msgs/msg/detail/critic_score__type_support.cpp
[36.592s] -- Installing: /home/agx/cthree/slam/nav2fishbot/install/dwb_msgs/include/dwb_msgs/dwb_msgs/msg/detail/trajectory2_d__type_support.cpp
[36.592s] -- Installing: /home/agx/cthree/slam/nav2fishbot/install/dwb_msgs/include/dwb_msgs/dwb_msgs/msg/detail/trajectory_score__type_support.cpp
[36.592s] -- Installing: /home/agx/cthree/slam/nav2fishbot/install/dwb_msgs/include/dwb_msgs/dwb_msgs/msg/detail/trajectory2_d__rosidl_typesupport_introspection_cpp.hpp
[36.593s] -- Up-to-date: /home/agx/cthree/slam/nav2fishbot/install/dwb_msgs/include/dwb_msgs/dwb_msgs/srv
[36.593s] -- Up-to-date: /home/agx/cthree/slam/nav2fishbot/install/dwb_msgs/include/dwb_msgs/dwb_msgs/srv/detail
[36.593s] -- Installing: /home/agx/cthree/slam/nav2fishbot/install/dwb_msgs/include/dwb_msgs/dwb_msgs/srv/detail/score_trajectory__rosidl_typesupport_introspection_cpp.hpp
[36.593s] -- Installing: /home/agx/cthree/slam/nav2fishbot/install/dwb_msgs/include/dwb_msgs/dwb_msgs/srv/detail/generate_trajectory__type_support.cpp
[36.594s] -- Installing: /home/agx/cthree/slam/nav2fishbot/install/dwb_msgs/include/dwb_msgs/dwb_msgs/srv/detail/score_trajectory__type_support.cpp
[36.594s] -- Installing: /home/agx/cthree/slam/nav2fishbot/install/dwb_msgs/include/dwb_msgs/dwb_msgs/srv/detail/generate_twists__rosidl_typesupport_introspection_cpp.hpp
[36.595s] -- Installing: /home/agx/cthree/slam/nav2fishbot/install/dwb_msgs/include/dwb_msgs/dwb_msgs/srv/detail/get_critic_score__type_support.cpp
[36.595s] -- Installing: /home/agx/cthree/slam/nav2fishbot/install/dwb_msgs/include/dwb_msgs/dwb_msgs/srv/detail/generate_twists__type_support.cpp
[36.595s] -- Installing: /home/agx/cthree/slam/nav2fishbot/install/dwb_msgs/include/dwb_msgs/dwb_msgs/srv/detail/debug_local_plan__type_support.cpp
[36.596s] -- Installing: /home/agx/cthree/slam/nav2fishbot/install/dwb_msgs/include/dwb_msgs/dwb_msgs/srv/detail/generate_trajectory__rosidl_typesupport_introspection_cpp.hpp
[36.596s] -- Installing: /home/agx/cthree/slam/nav2fishbot/install/dwb_msgs/include/dwb_msgs/dwb_msgs/srv/detail/debug_local_plan__rosidl_typesupport_introspection_cpp.hpp
[36.596s] -- Installing: /home/agx/cthree/slam/nav2fishbot/install/dwb_msgs/include/dwb_msgs/dwb_msgs/srv/detail/get_critic_score__rosidl_typesupport_introspection_cpp.hpp
[36.597s] -- Installing: /home/agx/cthree/slam/nav2fishbot/install/dwb_msgs/lib/libdwb_msgs__rosidl_typesupport_introspection_cpp.so
[36.598s] -- Set runtime path of "/home/agx/cthree/slam/nav2fishbot/install/dwb_msgs/lib/libdwb_msgs__rosidl_typesupport_introspection_cpp.so" to ""
[36.598s] -- Installing: /home/agx/cthree/slam/nav2fishbot/install/dwb_msgs/lib/libdwb_msgs__rosidl_typesupport_cpp.so
[36.599s] -- Set runtime path of "/home/agx/cthree/slam/nav2fishbot/install/dwb_msgs/lib/libdwb_msgs__rosidl_typesupport_cpp.so" to ""
[36.599s] -- Installing: /home/agx/cthree/slam/nav2fishbot/install/dwb_msgs/share/dwb_msgs/environment/pythonpath.sh
[36.599s] -- Installing: /home/agx/cthree/slam/nav2fishbot/install/dwb_msgs/share/dwb_msgs/environment/pythonpath.dsv
[36.600s] -- Installing: /home/agx/cthree/slam/nav2fishbot/install/dwb_msgs/local/lib/python3.10/dist-packages/dwb_msgs-1.1.0-py3.10.egg-info
[36.600s] -- Installing: /home/agx/cthree/slam/nav2fishbot/install/dwb_msgs/local/lib/python3.10/dist-packages/dwb_msgs-1.1.0-py3.10.egg-info/dependency_links.txt
[36.600s] -- Installing: /home/agx/cthree/slam/nav2fishbot/install/dwb_msgs/local/lib/python3.10/dist-packages/dwb_msgs-1.1.0-py3.10.egg-info/SOURCES.txt
[36.601s] -- Installing: /home/agx/cthree/slam/nav2fishbot/install/dwb_msgs/local/lib/python3.10/dist-packages/dwb_msgs-1.1.0-py3.10.egg-info/top_level.txt
[36.601s] -- Installing: /home/agx/cthree/slam/nav2fishbot/install/dwb_msgs/local/lib/python3.10/dist-packages/dwb_msgs-1.1.0-py3.10.egg-info/PKG-INFO
[36.601s] -- Installing: /home/agx/cthree/slam/nav2fishbot/install/dwb_msgs/local/lib/python3.10/dist-packages/dwb_msgs
[36.602s] -- Installing: /home/agx/cthree/slam/nav2fishbot/install/dwb_msgs/local/lib/python3.10/dist-packages/dwb_msgs/__init__.py
[36.602s] -- Installing: /home/agx/cthree/slam/nav2fishbot/install/dwb_msgs/local/lib/python3.10/dist-packages/dwb_msgs/_dwb_msgs_s.ep.rosidl_typesupport_c.c
[36.602s] -- Installing: /home/agx/cthree/slam/nav2fishbot/install/dwb_msgs/local/lib/python3.10/dist-packages/dwb_msgs/dwb_msgs_s__rosidl_typesupport_c.cpython-310-aarch64-linux-gnu.so
[36.603s] -- Installing: /home/agx/cthree/slam/nav2fishbot/install/dwb_msgs/local/lib/python3.10/dist-packages/dwb_msgs/dwb_msgs_s__rosidl_typesupport_fastrtps_c.cpython-310-aarch64-linux-gnu.so
[36.603s] -- Installing: /home/agx/cthree/slam/nav2fishbot/install/dwb_msgs/local/lib/python3.10/dist-packages/dwb_msgs/libdwb_msgs__rosidl_generator_py.so
[36.603s] -- Installing: /home/agx/cthree/slam/nav2fishbot/install/dwb_msgs/local/lib/python3.10/dist-packages/dwb_msgs/dwb_msgs_s__rosidl_typesupport_introspection_c.cpython-310-aarch64-linux-gnu.so
[36.604s] -- Installing: /home/agx/cthree/slam/nav2fishbot/install/dwb_msgs/local/lib/python3.10/dist-packages/dwb_msgs/msg
[36.604s] -- Installing: /home/agx/cthree/slam/nav2fishbot/install/dwb_msgs/local/lib/python3.10/dist-packages/dwb_msgs/msg/__init__.py
[36.604s] -- Installing: /home/agx/cthree/slam/nav2fishbot/install/dwb_msgs/local/lib/python3.10/dist-packages/dwb_msgs/msg/_trajectory_score_s.c
[36.605s] -- Installing: /home/agx/cthree/slam/nav2fishbot/install/dwb_msgs/local/lib/python3.10/dist-packages/dwb_msgs/msg/_critic_score_s.c
[36.605s] -- Installing: /home/agx/cthree/slam/nav2fishbot/install/dwb_msgs/local/lib/python3.10/dist-packages/dwb_msgs/msg/_trajectory2_d_s.c
[36.606s] -- Installing: /home/agx/cthree/slam/nav2fishbot/install/dwb_msgs/local/lib/python3.10/dist-packages/dwb_msgs/msg/_critic_score.py
[36.606s] -- Installing: /home/agx/cthree/slam/nav2fishbot/install/dwb_msgs/local/lib/python3.10/dist-packages/dwb_msgs/msg/_trajectory2_d.py
[36.606s] -- Installing: /home/agx/cthree/slam/nav2fishbot/install/dwb_msgs/local/lib/python3.10/dist-packages/dwb_msgs/msg/_local_plan_evaluation_s.c
[36.607s] -- Installing: /home/agx/cthree/slam/nav2fishbot/install/dwb_msgs/local/lib/python3.10/dist-packages/dwb_msgs/msg/_local_plan_evaluation.py
[36.607s] -- Installing: /home/agx/cthree/slam/nav2fishbot/install/dwb_msgs/local/lib/python3.10/dist-packages/dwb_msgs/msg/_trajectory_score.py
[36.607s] -- Installing: /home/agx/cthree/slam/nav2fishbot/install/dwb_msgs/local/lib/python3.10/dist-packages/dwb_msgs/_dwb_msgs_s.ep.rosidl_typesupport_fastrtps_c.c
[36.608s] -- Installing: /home/agx/cthree/slam/nav2fishbot/install/dwb_msgs/local/lib/python3.10/dist-packages/dwb_msgs/srv
[36.608s] -- Installing: /home/agx/cthree/slam/nav2fishbot/install/dwb_msgs/local/lib/python3.10/dist-packages/dwb_msgs/srv/__init__.py
[36.608s] -- Installing: /home/agx/cthree/slam/nav2fishbot/install/dwb_msgs/local/lib/python3.10/dist-packages/dwb_msgs/srv/_debug_local_plan_s.c
[36.609s] -- Installing: /home/agx/cthree/slam/nav2fishbot/install/dwb_msgs/local/lib/python3.10/dist-packages/dwb_msgs/srv/_debug_local_plan.py
[36.609s] -- Installing: /home/agx/cthree/slam/nav2fishbot/install/dwb_msgs/local/lib/python3.10/dist-packages/dwb_msgs/srv/_generate_twists_s.c
[36.609s] -- Installing: /home/agx/cthree/slam/nav2fishbot/install/dwb_msgs/local/lib/python3.10/dist-packages/dwb_msgs/srv/_score_trajectory_s.c
[36.610s] -- Installing: /home/agx/cthree/slam/nav2fishbot/install/dwb_msgs/local/lib/python3.10/dist-packages/dwb_msgs/srv/_generate_trajectory.py
[36.610s] -- Installing: /home/agx/cthree/slam/nav2fishbot/install/dwb_msgs/local/lib/python3.10/dist-packages/dwb_msgs/srv/_get_critic_score_s.c
[36.610s] -- Installing: /home/agx/cthree/slam/nav2fishbot/install/dwb_msgs/local/lib/python3.10/dist-packages/dwb_msgs/srv/_get_critic_score.py
[36.611s] -- Installing: /home/agx/cthree/slam/nav2fishbot/install/dwb_msgs/local/lib/python3.10/dist-packages/dwb_msgs/srv/_score_trajectory.py
[36.611s] -- Installing: /home/agx/cthree/slam/nav2fishbot/install/dwb_msgs/local/lib/python3.10/dist-packages/dwb_msgs/srv/_generate_trajectory_s.c
[36.611s] -- Installing: /home/agx/cthree/slam/nav2fishbot/install/dwb_msgs/local/lib/python3.10/dist-packages/dwb_msgs/srv/_generate_twists.py
[36.612s] -- Installing: /home/agx/cthree/slam/nav2fishbot/install/dwb_msgs/local/lib/python3.10/dist-packages/dwb_msgs/_dwb_msgs_s.ep.rosidl_typesupport_introspection_c.c
[36.734s] Listing '/home/agx/cthree/slam/nav2fishbot/install/dwb_msgs/local/lib/python3.10/dist-packages/dwb_msgs'...
[36.735s] Compiling '/home/agx/cthree/slam/nav2fishbot/install/dwb_msgs/local/lib/python3.10/dist-packages/dwb_msgs/__init__.py'...
[36.735s] Listing '/home/agx/cthree/slam/nav2fishbot/install/dwb_msgs/local/lib/python3.10/dist-packages/dwb_msgs/msg'...
[36.735s] Compiling '/home/agx/cthree/slam/nav2fishbot/install/dwb_msgs/local/lib/python3.10/dist-packages/dwb_msgs/msg/__init__.py'...
[36.735s] Compiling '/home/agx/cthree/slam/nav2fishbot/install/dwb_msgs/local/lib/python3.10/dist-packages/dwb_msgs/msg/_critic_score.py'...
[36.735s] Compiling '/home/agx/cthree/slam/nav2fishbot/install/dwb_msgs/local/lib/python3.10/dist-packages/dwb_msgs/msg/_local_plan_evaluation.py'...
[36.735s] Compiling '/home/agx/cthree/slam/nav2fishbot/install/dwb_msgs/local/lib/python3.10/dist-packages/dwb_msgs/msg/_trajectory2_d.py'...
[36.735s] Compiling '/home/agx/cthree/slam/nav2fishbot/install/dwb_msgs/local/lib/python3.10/dist-packages/dwb_msgs/msg/_trajectory_score.py'...
[36.735s] Listing '/home/agx/cthree/slam/nav2fishbot/install/dwb_msgs/local/lib/python3.10/dist-packages/dwb_msgs/srv'...
[36.735s] Compiling '/home/agx/cthree/slam/nav2fishbot/install/dwb_msgs/local/lib/python3.10/dist-packages/dwb_msgs/srv/__init__.py'...
[36.736s] Compiling '/home/agx/cthree/slam/nav2fishbot/install/dwb_msgs/local/lib/python3.10/dist-packages/dwb_msgs/srv/_debug_local_plan.py'...
[36.736s] Compiling '/home/agx/cthree/slam/nav2fishbot/install/dwb_msgs/local/lib/python3.10/dist-packages/dwb_msgs/srv/_generate_trajectory.py'...
[36.736s] Compiling '/home/agx/cthree/slam/nav2fishbot/install/dwb_msgs/local/lib/python3.10/dist-packages/dwb_msgs/srv/_generate_twists.py'...
[36.736s] Compiling '/home/agx/cthree/slam/nav2fishbot/install/dwb_msgs/local/lib/python3.10/dist-packages/dwb_msgs/srv/_get_critic_score.py'...
[36.736s] Compiling '/home/agx/cthree/slam/nav2fishbot/install/dwb_msgs/local/lib/python3.10/dist-packages/dwb_msgs/srv/_score_trajectory.py'...
[36.751s] -- Installing: /home/agx/cthree/slam/nav2fishbot/install/dwb_msgs/local/lib/python3.10/dist-packages/dwb_msgs/dwb_msgs_s__rosidl_typesupport_fastrtps_c.cpython-310-aarch64-linux-gnu.so
[36.752s] -- Set runtime path of "/home/agx/cthree/slam/nav2fishbot/install/dwb_msgs/local/lib/python3.10/dist-packages/dwb_msgs/dwb_msgs_s__rosidl_typesupport_fastrtps_c.cpython-310-aarch64-linux-gnu.so" to ""
[36.752s] -- Installing: /home/agx/cthree/slam/nav2fishbot/install/dwb_msgs/local/lib/python3.10/dist-packages/dwb_msgs/dwb_msgs_s__rosidl_typesupport_introspection_c.cpython-310-aarch64-linux-gnu.so
[36.753s] -- Set runtime path of "/home/agx/cthree/slam/nav2fishbot/install/dwb_msgs/local/lib/python3.10/dist-packages/dwb_msgs/dwb_msgs_s__rosidl_typesupport_introspection_c.cpython-310-aarch64-linux-gnu.so" to ""
[36.753s] -- Installing: /home/agx/cthree/slam/nav2fishbot/install/dwb_msgs/local/lib/python3.10/dist-packages/dwb_msgs/dwb_msgs_s__rosidl_typesupport_c.cpython-310-aarch64-linux-gnu.so
[36.754s] -- Set runtime path of "/home/agx/cthree/slam/nav2fishbot/install/dwb_msgs/local/lib/python3.10/dist-packages/dwb_msgs/dwb_msgs_s__rosidl_typesupport_c.cpython-310-aarch64-linux-gnu.so" to ""
[36.754s] -- Installing: /home/agx/cthree/slam/nav2fishbot/install/dwb_msgs/lib/libdwb_msgs__rosidl_generator_py.so
[36.754s] -- Set runtime path of "/home/agx/cthree/slam/nav2fishbot/install/dwb_msgs/lib/libdwb_msgs__rosidl_generator_py.so" to ""
[36.758s] -- Installing: /home/agx/cthree/slam/nav2fishbot/install/dwb_msgs/share/dwb_msgs/msg/CriticScore.idl
[36.758s] -- Installing: /home/agx/cthree/slam/nav2fishbot/install/dwb_msgs/share/dwb_msgs/msg/LocalPlanEvaluation.idl
[36.758s] -- Installing: /home/agx/cthree/slam/nav2fishbot/install/dwb_msgs/share/dwb_msgs/msg/Trajectory2D.idl
[36.758s] -- Installing: /home/agx/cthree/slam/nav2fishbot/install/dwb_msgs/share/dwb_msgs/msg/TrajectoryScore.idl
[36.759s] -- Installing: /home/agx/cthree/slam/nav2fishbot/install/dwb_msgs/share/dwb_msgs/srv/DebugLocalPlan.idl
[36.759s] -- Installing: /home/agx/cthree/slam/nav2fishbot/install/dwb_msgs/share/dwb_msgs/srv/GenerateTrajectory.idl
[36.759s] -- Installing: /home/agx/cthree/slam/nav2fishbot/install/dwb_msgs/share/dwb_msgs/srv/GenerateTwists.idl
[36.759s] -- Installing: /home/agx/cthree/slam/nav2fishbot/install/dwb_msgs/share/dwb_msgs/srv/GetCriticScore.idl
[36.760s] -- Installing: /home/agx/cthree/slam/nav2fishbot/install/dwb_msgs/share/dwb_msgs/srv/ScoreTrajectory.idl
[36.760s] -- Installing: /home/agx/cthree/slam/nav2fishbot/install/dwb_msgs/share/dwb_msgs/msg/CriticScore.msg
[36.760s] -- Installing: /home/agx/cthree/slam/nav2fishbot/install/dwb_msgs/share/dwb_msgs/msg/LocalPlanEvaluation.msg
[36.760s] -- Installing: /home/agx/cthree/slam/nav2fishbot/install/dwb_msgs/share/dwb_msgs/msg/Trajectory2D.msg
[36.761s] -- Installing: /home/agx/cthree/slam/nav2fishbot/install/dwb_msgs/share/dwb_msgs/msg/TrajectoryScore.msg
[36.761s] -- Installing: /home/agx/cthree/slam/nav2fishbot/install/dwb_msgs/share/dwb_msgs/srv/DebugLocalPlan.srv
[36.761s] -- Installing: /home/agx/cthree/slam/nav2fishbot/install/dwb_msgs/share/dwb_msgs/srv/DebugLocalPlan_Request.msg
[36.761s] -- Installing: /home/agx/cthree/slam/nav2fishbot/install/dwb_msgs/share/dwb_msgs/srv/DebugLocalPlan_Response.msg
[36.762s] -- Installing: /home/agx/cthree/slam/nav2fishbot/install/dwb_msgs/share/dwb_msgs/srv/GenerateTrajectory.srv
[36.762s] -- Installing: /home/agx/cthree/slam/nav2fishbot/install/dwb_msgs/share/dwb_msgs/srv/GenerateTrajectory_Request.msg
[36.762s] -- Installing: /home/agx/cthree/slam/nav2fishbot/install/dwb_msgs/share/dwb_msgs/srv/GenerateTrajectory_Response.msg
[36.762s] -- Installing: /home/agx/cthree/slam/nav2fishbot/install/dwb_msgs/share/dwb_msgs/srv/GenerateTwists.srv
[36.762s] -- Installing: /home/agx/cthree/slam/nav2fishbot/install/dwb_msgs/share/dwb_msgs/srv/GenerateTwists_Request.msg
[36.763s] -- Installing: /home/agx/cthree/slam/nav2fishbot/install/dwb_msgs/share/dwb_msgs/srv/GenerateTwists_Response.msg
[36.763s] -- Installing: /home/agx/cthree/slam/nav2fishbot/install/dwb_msgs/share/dwb_msgs/srv/GetCriticScore.srv
[36.763s] -- Installing: /home/agx/cthree/slam/nav2fishbot/install/dwb_msgs/share/dwb_msgs/srv/GetCriticScore_Request.msg
[36.763s] -- Installing: /home/agx/cthree/slam/nav2fishbot/install/dwb_msgs/share/dwb_msgs/srv/GetCriticScore_Response.msg
[36.763s] -- Installing: /home/agx/cthree/slam/nav2fishbot/install/dwb_msgs/share/dwb_msgs/srv/ScoreTrajectory.srv
[36.764s] -- Installing: /home/agx/cthree/slam/nav2fishbot/install/dwb_msgs/share/dwb_msgs/srv/ScoreTrajectory_Request.msg
[36.764s] -- Installing: /home/agx/cthree/slam/nav2fishbot/install/dwb_msgs/share/dwb_msgs/srv/ScoreTrajectory_Response.msg
[36.764s] -- Installing: /home/agx/cthree/slam/nav2fishbot/install/dwb_msgs/share/ament_index/resource_index/package_run_dependencies/dwb_msgs
[36.765s] -- Installing: /home/agx/cthree/slam/nav2fishbot/install/dwb_msgs/share/ament_index/resource_index/parent_prefix_path/dwb_msgs
[36.765s] -- Installing: /home/agx/cthree/slam/nav2fishbot/install/dwb_msgs/share/dwb_msgs/environment/ament_prefix_path.sh
[36.765s] -- Installing: /home/agx/cthree/slam/nav2fishbot/install/dwb_msgs/share/dwb_msgs/environment/ament_prefix_path.dsv
[36.765s] -- Installing: /home/agx/cthree/slam/nav2fishbot/install/dwb_msgs/share/dwb_msgs/environment/path.sh
[36.766s] -- Installing: /home/agx/cthree/slam/nav2fishbot/install/dwb_msgs/share/dwb_msgs/environment/path.dsv
[36.766s] -- Installing: /home/agx/cthree/slam/nav2fishbot/install/dwb_msgs/share/dwb_msgs/local_setup.bash
[36.766s] -- Installing: /home/agx/cthree/slam/nav2fishbot/install/dwb_msgs/share/dwb_msgs/local_setup.sh
[36.766s] -- Installing: /home/agx/cthree/slam/nav2fishbot/install/dwb_msgs/share/dwb_msgs/local_setup.zsh
[36.767s] -- Installing: /home/agx/cthree/slam/nav2fishbot/install/dwb_msgs/share/dwb_msgs/local_setup.dsv
[36.767s] -- Installing: /home/agx/cthree/slam/nav2fishbot/install/dwb_msgs/share/dwb_msgs/package.dsv
[36.768s] -- Installing: /home/agx/cthree/slam/nav2fishbot/install/dwb_msgs/share/ament_index/resource_index/packages/dwb_msgs
[36.768s] -- Installing: /home/agx/cthree/slam/nav2fishbot/install/dwb_msgs/share/dwb_msgs/cmake/export_dwb_msgs__rosidl_generator_cExport.cmake
[36.769s] -- Installing: /home/agx/cthree/slam/nav2fishbot/install/dwb_msgs/share/dwb_msgs/cmake/export_dwb_msgs__rosidl_generator_cExport-noconfig.cmake
[36.769s] -- Installing: /home/agx/cthree/slam/nav2fishbot/install/dwb_msgs/share/dwb_msgs/cmake/export_dwb_msgs__rosidl_typesupport_fastrtps_cExport.cmake
[36.770s] -- Installing: /home/agx/cthree/slam/nav2fishbot/install/dwb_msgs/share/dwb_msgs/cmake/export_dwb_msgs__rosidl_typesupport_fastrtps_cExport-noconfig.cmake
[36.770s] -- Installing: /home/agx/cthree/slam/nav2fishbot/install/dwb_msgs/share/dwb_msgs/cmake/export_dwb_msgs__rosidl_generator_cppExport.cmake
[36.770s] -- Installing: /home/agx/cthree/slam/nav2fishbot/install/dwb_msgs/share/dwb_msgs/cmake/export_dwb_msgs__rosidl_typesupport_fastrtps_cppExport.cmake
[36.771s] -- Installing: /home/agx/cthree/slam/nav2fishbot/install/dwb_msgs/share/dwb_msgs/cmake/export_dwb_msgs__rosidl_typesupport_fastrtps_cppExport-noconfig.cmake
[36.774s] -- Installing: /home/agx/cthree/slam/nav2fishbot/install/dwb_msgs/share/dwb_msgs/cmake/dwb_msgs__rosidl_typesupport_introspection_cExport.cmake
[36.775s] -- Installing: /home/agx/cthree/slam/nav2fishbot/install/dwb_msgs/share/dwb_msgs/cmake/dwb_msgs__rosidl_typesupport_introspection_cExport-noconfig.cmake
[36.775s] -- Installing: /home/agx/cthree/slam/nav2fishbot/install/dwb_msgs/share/dwb_msgs/cmake/dwb_msgs__rosidl_typesupport_cExport.cmake
[36.776s] -- Installing: /home/agx/cthree/slam/nav2fishbot/install/dwb_msgs/share/dwb_msgs/cmake/dwb_msgs__rosidl_typesupport_cExport-noconfig.cmake
[36.776s] -- Installing: /home/agx/cthree/slam/nav2fishbot/install/dwb_msgs/share/dwb_msgs/cmake/dwb_msgs__rosidl_typesupport_introspection_cppExport.cmake
[36.780s] -- Installing: /home/agx/cthree/slam/nav2fishbot/install/dwb_msgs/share/dwb_msgs/cmake/dwb_msgs__rosidl_typesupport_introspection_cppExport-noconfig.cmake
[36.780s] -- Installing: /home/agx/cthree/slam/nav2fishbot/install/dwb_msgs/share/dwb_msgs/cmake/dwb_msgs__rosidl_typesupport_cppExport.cmake
[36.780s] -- Installing: /home/agx/cthree/slam/nav2fishbot/install/dwb_msgs/share/dwb_msgs/cmake/dwb_msgs__rosidl_typesupport_cppExport-noconfig.cmake
[36.781s] -- Installing: /home/agx/cthree/slam/nav2fishbot/install/dwb_msgs/share/dwb_msgs/cmake/export_dwb_msgs__rosidl_generator_pyExport.cmake
[36.781s] -- Installing: /home/agx/cthree/slam/nav2fishbot/install/dwb_msgs/share/dwb_msgs/cmake/export_dwb_msgs__rosidl_generator_pyExport-noconfig.cmake
[36.782s] -- Installing: /home/agx/cthree/slam/nav2fishbot/install/dwb_msgs/share/dwb_msgs/cmake/rosidl_cmake-extras.cmake
[36.782s] -- Installing: /home/agx/cthree/slam/nav2fishbot/install/dwb_msgs/share/dwb_msgs/cmake/ament_cmake_export_dependencies-extras.cmake
[36.782s] -- Installing: /home/agx/cthree/slam/nav2fishbot/install/dwb_msgs/share/dwb_msgs/cmake/ament_cmake_export_include_directories-extras.cmake
[36.783s] -- Installing: /home/agx/cthree/slam/nav2fishbot/install/dwb_msgs/share/dwb_msgs/cmake/ament_cmake_export_libraries-extras.cmake
[36.783s] -- Installing: /home/agx/cthree/slam/nav2fishbot/install/dwb_msgs/share/dwb_msgs/cmake/ament_cmake_export_targets-extras.cmake
[36.784s] -- Installing: /home/agx/cthree/slam/nav2fishbot/install/dwb_msgs/share/dwb_msgs/cmake/rosidl_cmake_export_typesupport_targets-extras.cmake
[36.784s] -- Installing: /home/agx/cthree/slam/nav2fishbot/install/dwb_msgs/share/dwb_msgs/cmake/rosidl_cmake_export_typesupport_libraries-extras.cmake
[36.784s] -- Installing: /home/agx/cthree/slam/nav2fishbot/install/dwb_msgs/share/dwb_msgs/cmake/dwb_msgsConfig.cmake
[36.785s] -- Installing: /home/agx/cthree/slam/nav2fishbot/install/dwb_msgs/share/dwb_msgs/cmake/dwb_msgsConfig-version.cmake
[36.785s] -- Installing: /home/agx/cthree/slam/nav2fishbot/install/dwb_msgs/share/dwb_msgs/package.xml
[36.794s] Invoked command in '/home/agx/cthree/slam/nav2fishbot/build/dwb_msgs' returned '0': AMENT_PREFIX_PATH=/home/agx/cthree/slam/nav2fishbot/install/nav_2d_msgs:${AMENT_PREFIX_PATH} CMAKE_PREFIX_PATH=/home/agx/cthree/slam/nav2fishbot/install/nav_2d_msgs:/home/agx/cthree/slam/OVD-SLAM10/Examples/ros2/install/orbslam3:/home/agx/cthree/slam/cam_ws/install/realsense2_description:/home/agx/cthree/slam/cam_ws/install/realsense2_camera:/home/agx/cthree/slam/cam_ws/install/realsense2_camera_msgs:/opt/ros/humble LD_LIBRARY_PATH=/home/agx/cthree/slam/nav2fishbot/install/nav_2d_msgs/lib:/home/agx/cthree/slam/cam_ws/install/realsense2_camera/lib:/home/agx/cthree/slam/cam_ws/install/realsense2_camera_msgs/lib:/opt/ros/humble/opt/rviz_ogre_vendor/lib:/opt/ros/humble/lib/aarch64-linux-gnu:/opt/ros/humble/lib:/usr/local/lib PYTHONPATH=/home/agx/cthree/slam/nav2fishbot/install/nav_2d_msgs/local/lib/python3.10/dist-packages:${PYTHONPATH} /usr/bin/cmake --install /home/agx/cthree/slam/nav2fishbot/build/dwb_msgs
