[0.025s] Invoking command in '/home/agx/cthree/slam/ros2esp/build/pointcloud_to_grid': CMAKE_PREFIX_PATH=${CMAKE_PREFIX_PATH}:/opt/ros/humble /usr/bin/cmake --build /home/agx/cthree/slam/ros2esp/build/pointcloud_to_grid -- -j12 -l12
[0.123s] [ 50%] Built target grid_trajectory
[0.128s] [100%] Built target pointcloud_to_grid_node
[0.155s] Invoked command in '/home/agx/cthree/slam/ros2esp/build/pointcloud_to_grid' returned '0': CMAKE_PREFIX_PATH=${CMAKE_PREFIX_PATH}:/opt/ros/humble /usr/bin/cmake --build /home/agx/cthree/slam/ros2esp/build/pointcloud_to_grid -- -j12 -l12
[0.156s] Invoking command in '/home/agx/cthree/slam/ros2esp/build/pointcloud_to_grid': CMAKE_PREFIX_PATH=${CMAKE_PREFIX_PATH}:/opt/ros/humble /usr/bin/cmake --install /home/agx/cthree/slam/ros2esp/build/pointcloud_to_grid
[0.170s] -- Install configuration: ""
[0.170s] -- Up-to-date: /home/agx/cthree/slam/ros2esp/install/pointcloud_to_grid/share/pointcloud_to_grid/launch
[0.171s] -- Installing: /home/agx/cthree/slam/ros2esp/install/pointcloud_to_grid/share/pointcloud_to_grid/launch/dual_output_example.launch.py
[0.172s] -- Up-to-date: /home/agx/cthree/slam/ros2esp/install/pointcloud_to_grid/share/pointcloud_to_grid/launch/rviz.launch.py
[0.172s] -- Up-to-date: /home/agx/cthree/slam/ros2esp/install/pointcloud_to_grid/share/pointcloud_to_grid/launch/grid_trajectory.launch.py
[0.172s] -- Up-to-date: /home/agx/cthree/slam/ros2esp/install/pointcloud_to_grid/share/pointcloud_to_grid/launch/demo.launch.py
[0.172s] -- Up-to-date: /home/agx/cthree/slam/ros2esp/install/pointcloud_to_grid/share/pointcloud_to_grid/doc
[0.172s] -- Up-to-date: /home/agx/cthree/slam/ros2esp/install/pointcloud_to_grid/share/pointcloud_to_grid/doc/default.rviz
[0.173s] -- Up-to-date: /home/agx/cthree/slam/ros2esp/install/pointcloud_to_grid/share/pointcloud_to_grid/doc/grid_map01.gif
[0.173s] -- Up-to-date: /home/agx/cthree/slam/ros2esp/install/pointcloud_to_grid/share/pointcloud_to_grid/doc/grid_map_conventions.pdf
[0.174s] -- Up-to-date: /home/agx/cthree/slam/ros2esp/install/pointcloud_to_grid/share/pointcloud_to_grid/doc/grid_map_conventions.svg
[0.174s] -- Up-to-date: /home/agx/cthree/slam/ros2esp/install/pointcloud_to_grid/share/pointcloud_to_grid/doc/grid_map_conventions.png
[0.176s] -- Up-to-date: /home/agx/cthree/slam/ros2esp/install/pointcloud_to_grid/lib/pointcloud_to_grid/pointcloud_to_grid_node
[0.176s] -- Up-to-date: /home/agx/cthree/slam/ros2esp/install/pointcloud_to_grid/lib/pointcloud_to_grid/grid_trajectory
[0.177s] -- Up-to-date: /home/agx/cthree/slam/ros2esp/install/pointcloud_to_grid/share/ament_index/resource_index/package_run_dependencies/pointcloud_to_grid
[0.177s] -- Up-to-date: /home/agx/cthree/slam/ros2esp/install/pointcloud_to_grid/share/ament_index/resource_index/parent_prefix_path/pointcloud_to_grid
[0.178s] -- Up-to-date: /home/agx/cthree/slam/ros2esp/install/pointcloud_to_grid/share/pointcloud_to_grid/environment/ament_prefix_path.sh
[0.180s] -- Up-to-date: /home/agx/cthree/slam/ros2esp/install/pointcloud_to_grid/share/pointcloud_to_grid/environment/ament_prefix_path.dsv
[0.180s] -- Up-to-date: /home/agx/cthree/slam/ros2esp/install/pointcloud_to_grid/share/pointcloud_to_grid/environment/path.sh
[0.181s] -- Up-to-date: /home/agx/cthree/slam/ros2esp/install/pointcloud_to_grid/share/pointcloud_to_grid/environment/path.dsv
[0.182s] -- Up-to-date: /home/agx/cthree/slam/ros2esp/install/pointcloud_to_grid/share/pointcloud_to_grid/local_setup.bash
[0.182s] -- Up-to-date: /home/agx/cthree/slam/ros2esp/install/pointcloud_to_grid/share/pointcloud_to_grid/local_setup.sh
[0.183s] -- Up-to-date: /home/agx/cthree/slam/ros2esp/install/pointcloud_to_grid/share/pointcloud_to_grid/local_setup.zsh
[0.183s] -- Up-to-date: /home/agx/cthree/slam/ros2esp/install/pointcloud_to_grid/share/pointcloud_to_grid/local_setup.dsv
[0.184s] -- Installing: /home/agx/cthree/slam/ros2esp/install/pointcloud_to_grid/share/pointcloud_to_grid/package.dsv
[0.185s] -- Up-to-date: /home/agx/cthree/slam/ros2esp/install/pointcloud_to_grid/share/ament_index/resource_index/packages/pointcloud_to_grid
[0.185s] -- Up-to-date: /home/agx/cthree/slam/ros2esp/install/pointcloud_to_grid/share/pointcloud_to_grid/cmake/pointcloud_to_gridConfig.cmake
[0.186s] -- Up-to-date: /home/agx/cthree/slam/ros2esp/install/pointcloud_to_grid/share/pointcloud_to_grid/cmake/pointcloud_to_gridConfig-version.cmake
[0.187s] -- Up-to-date: /home/agx/cthree/slam/ros2esp/install/pointcloud_to_grid/share/pointcloud_to_grid/package.xml
[0.271s] Invoked command in '/home/agx/cthree/slam/ros2esp/build/pointcloud_to_grid' returned '0': CMAKE_PREFIX_PATH=${CMAKE_PREFIX_PATH}:/opt/ros/humble /usr/bin/cmake --install /home/agx/cthree/slam/ros2esp/build/pointcloud_to_grid
