-- The C compiler identification is GNU 9.5.0
-- The CXX compiler identification is GNU 9.5.0
-- Detecting C compiler ABI info
-- Detecting C compiler ABI info - done
-- Check for working C compiler: /usr/bin/cc - skipped
-- Detecting C compile features
-- Detecting C compile features - done
-- Detecting CXX compiler ABI info
-- Detecting CXX compiler ABI info - done
-- Check for working CXX compiler: /usr/bin/c++ - skipped
-- Detecting CXX compile features
-- Detecting CXX compile features - done
-- Found ament_cmake: 1.3.12 (/opt/ros/humble/share/ament_cmake/cmake)
-- Found Python3: /usr/bin/python3 (found version "3.10.12") found components: Interpreter 
-- Found rclcpp: 16.0.16 (/opt/ros/humble/share/rclcpp/cmake)
-- Found rosidl_generator_c: 3.1.7 (/opt/ros/humble/share/rosidl_generator_c/cmake)
-- Found rosidl_adapter: 3.1.7 (/opt/ros/humble/share/rosidl_adapter/cmake)
-- Found rosidl_generator_cpp: 3.1.7 (/opt/ros/humble/share/rosidl_generator_cpp/cmake)
-- Using all available rosidl_typesupport_c: rosidl_typesupport_fastrtps_c;rosidl_typesupport_introspection_c
-- Using all available rosidl_typesupport_cpp: rosidl_typesupport_fastrtps_cpp;rosidl_typesupport_introspection_cpp
-- Found rmw_implementation_cmake: 6.1.2 (/opt/ros/humble/share/rmw_implementation_cmake/cmake)
-- Found rmw_fastrtps_cpp: 6.2.9 (/opt/ros/humble/share/rmw_fastrtps_cpp/cmake)
-- Found OpenSSL: /usr/lib/aarch64-linux-gnu/libcrypto.so (found version "3.0.2")  
-- Found FastRTPS: /opt/ros/humble/include  
-- Using RMW implementation 'rmw_fastrtps_cpp' as default
-- Looking for pthread.h
-- Looking for pthread.h - found
-- Performing Test CMAKE_HAVE_LIBC_PTHREAD
-- Performing Test CMAKE_HAVE_LIBC_PTHREAD - Success
-- Found Threads: TRUE  
-- Found geometry_msgs: 4.9.0 (/opt/ros/humble/share/geometry_msgs/cmake)
-- Found nav_msgs: 4.9.0 (/opt/ros/humble/share/nav_msgs/cmake)
-- Found sensor_msgs: 4.9.0 (/opt/ros/humble/share/sensor_msgs/cmake)
-- Found tf2: 0.25.17 (/opt/ros/humble/share/tf2/cmake)
-- Found tf2_geometry_msgs: 0.25.17 (/opt/ros/humble/share/tf2_geometry_msgs/cmake)
-- Found eigen3_cmake_module: 0.1.1 (/opt/ros/humble/share/eigen3_cmake_module/cmake)
-- Found Eigen3: TRUE (found version "3.4.0") 
-- Ensuring Eigen3 include directory is part of orocos-kdl CMake target
-- Found serial: 1.2.1 (/home/agx/cthree/slam/ros2esp/install/serial/share/serial/cmake)
-- Configuring done
-- Generating done
-- Build files have been written to: /home/agx/cthree/slam/ros2esp/build/serial2esp
[ 50%] [32mBuilding CXX object CMakeFiles/pubcmd_node.dir/src/pubcmd.cpp.o[0m
[ 50%] [32mBuilding CXX object CMakeFiles/serial_odom_node.dir/src/serialPort_odom_ros2.cpp.o[0m
[ 75%] [32m[1mLinking CXX executable pubcmd_node[0m
[ 75%] Built target pubcmd_node
[100%] [32m[1mLinking CXX executable serial_odom_node[0m
[100%] Built target serial_odom_node
-- Install configuration: ""
-- Installing: /home/agx/cthree/slam/ros2esp/install/serial2esp/lib/serial2esp/serial_odom_node
-- Set runtime path of "/home/agx/cthree/slam/ros2esp/install/serial2esp/lib/serial2esp/serial_odom_node" to ""
-- Installing: /home/agx/cthree/slam/ros2esp/install/serial2esp/lib/serial2esp/pubcmd_node
-- Set runtime path of "/home/agx/cthree/slam/ros2esp/install/serial2esp/lib/serial2esp/pubcmd_node" to ""
-- Installing: /home/agx/cthree/slam/ros2esp/install/serial2esp/share/serial2esp//launch
-- Installing: /home/agx/cthree/slam/ros2esp/install/serial2esp/share/serial2esp//launch/ex.launch.py
-- Installing: /home/agx/cthree/slam/ros2esp/install/serial2esp/share/serial2esp//launch/use.launch.py
-- Installing: /home/agx/cthree/slam/ros2esp/install/serial2esp/share/ament_index/resource_index/package_run_dependencies/serial2esp
-- Installing: /home/agx/cthree/slam/ros2esp/install/serial2esp/share/ament_index/resource_index/parent_prefix_path/serial2esp
-- Installing: /home/agx/cthree/slam/ros2esp/install/serial2esp/share/serial2esp/environment/ament_prefix_path.sh
-- Installing: /home/agx/cthree/slam/ros2esp/install/serial2esp/share/serial2esp/environment/ament_prefix_path.dsv
-- Installing: /home/agx/cthree/slam/ros2esp/install/serial2esp/share/serial2esp/environment/path.sh
-- Installing: /home/agx/cthree/slam/ros2esp/install/serial2esp/share/serial2esp/environment/path.dsv
-- Installing: /home/agx/cthree/slam/ros2esp/install/serial2esp/share/serial2esp/local_setup.bash
-- Installing: /home/agx/cthree/slam/ros2esp/install/serial2esp/share/serial2esp/local_setup.sh
-- Installing: /home/agx/cthree/slam/ros2esp/install/serial2esp/share/serial2esp/local_setup.zsh
-- Installing: /home/agx/cthree/slam/ros2esp/install/serial2esp/share/serial2esp/local_setup.dsv
-- Installing: /home/agx/cthree/slam/ros2esp/install/serial2esp/share/serial2esp/package.dsv
-- Installing: /home/agx/cthree/slam/ros2esp/install/serial2esp/share/ament_index/resource_index/packages/serial2esp
-- Installing: /home/agx/cthree/slam/ros2esp/install/serial2esp/share/serial2esp/cmake/serial2espConfig.cmake
-- Installing: /home/agx/cthree/slam/ros2esp/install/serial2esp/share/serial2esp/cmake/serial2espConfig-version.cmake
-- Installing: /home/agx/cthree/slam/ros2esp/install/serial2esp/share/serial2esp/package.xml
