[0.025s] Invoking command in '/home/agx/cthree/slam/ros2esp/build/serial2esp': CMAKE_PREFIX_PATH=/home/agx/cthree/slam/ros2esp/install/serial:/home/agx/cthree/slam/ros2esp/install/sllidar_ros2:/home/agx/cthree/slam/ros2esp/install/serial2esp:/home/agx/cthree/slam/ros2esp/install/pointcloud_to_grid:/home/agx/cthree/slam/ros2esp/install/octomap_mapping:/home/agx/cthree/slam/ros2esp/install/octomap_server:/home/agx/cthree/slam/ros2esp/install/octomap_ros:/home/agx/cthree/slam/ros2esp/install/octomap_msgs:/home/agx/cthree/slam/OVD-SLAM10/Examples/ros2/install/orbslam3:/home/agx/cthree/slam/cam_ws/install/realsense2_description:/home/agx/cthree/slam/cam_ws/install/realsense2_camera:/home/agx/cthree/slam/cam_ws/install/realsense2_camera_msgs:/opt/ros/humble LD_LIBRARY_PATH=/home/agx/cthree/slam/ros2esp/install/serial/lib:/home/agx/cthree/slam/ros2esp/install/octomap_server/lib:/home/agx/cthree/slam/ros2esp/install/octomap_ros/lib:/home/agx/cthree/slam/ros2esp/install/octomap_msgs/lib:/home/agx/cthree/slam/cam_ws/install/realsense2_camera/lib:/home/agx/cthree/slam/cam_ws/install/realsense2_camera_msgs/lib:/opt/ros/humble/opt/rviz_ogre_vendor/lib:/opt/ros/humble/lib/aarch64-linux-gnu:/opt/ros/humble/lib:/usr/local/lib /usr/bin/cmake /home/agx/cthree/slam/ros2esp/src/serial2esp -DCMAKE_INSTALL_PREFIX=/home/agx/cthree/slam/ros2esp/install/serial2esp
[0.105s] -- The C compiler identification is GNU 9.5.0
[0.180s] -- The CXX compiler identification is GNU 9.5.0
[0.190s] -- Detecting C compiler ABI info
[0.339s] -- Detecting C compiler ABI info - done
[0.348s] -- Check for working C compiler: /usr/bin/cc - skipped
[0.348s] -- Detecting C compile features
[0.349s] -- Detecting C compile features - done
[0.354s] -- Detecting CXX compiler ABI info
[0.494s] -- Detecting CXX compiler ABI info - done
[0.504s] -- Check for working CXX compiler: /usr/bin/c++ - skipped
[0.504s] -- Detecting CXX compile features
[0.504s] -- Detecting CXX compile features - done
[0.510s] -- Found ament_cmake: 1.3.12 (/opt/ros/humble/share/ament_cmake/cmake)
[0.850s] -- Found Python3: /usr/bin/python3 (found version "3.10.12") found components: Interpreter 
[1.062s] -- Found rclcpp: 16.0.16 (/opt/ros/humble/share/rclcpp/cmake)
[1.174s] -- Found rosidl_generator_c: 3.1.7 (/opt/ros/humble/share/rosidl_generator_c/cmake)
[1.200s] -- Found rosidl_adapter: 3.1.7 (/opt/ros/humble/share/rosidl_adapter/cmake)
[1.215s] -- Found rosidl_generator_cpp: 3.1.7 (/opt/ros/humble/share/rosidl_generator_cpp/cmake)
[1.237s] -- Using all available rosidl_typesupport_c: rosidl_typesupport_fastrtps_c;rosidl_typesupport_introspection_c
[1.267s] -- Using all available rosidl_typesupport_cpp: rosidl_typesupport_fastrtps_cpp;rosidl_typesupport_introspection_cpp
[1.342s] -- Found rmw_implementation_cmake: 6.1.2 (/opt/ros/humble/share/rmw_implementation_cmake/cmake)
[1.348s] -- Found rmw_fastrtps_cpp: 6.2.9 (/opt/ros/humble/share/rmw_fastrtps_cpp/cmake)
[1.491s] -- Found OpenSSL: /usr/lib/aarch64-linux-gnu/libcrypto.so (found version "3.0.2")  
[1.538s] -- Found FastRTPS: /opt/ros/humble/include  
[1.608s] -- Using RMW implementation 'rmw_fastrtps_cpp' as default
[1.624s] -- Looking for pthread.h
[1.724s] -- Looking for pthread.h - found
[1.725s] -- Performing Test CMAKE_HAVE_LIBC_PTHREAD
[1.830s] -- Performing Test CMAKE_HAVE_LIBC_PTHREAD - Success
[1.832s] -- Found Threads: TRUE  
[1.925s] -- Found geometry_msgs: 4.9.0 (/opt/ros/humble/share/geometry_msgs/cmake)
[1.944s] -- Found nav_msgs: 4.9.0 (/opt/ros/humble/share/nav_msgs/cmake)
[1.970s] -- Found sensor_msgs: 4.9.0 (/opt/ros/humble/share/sensor_msgs/cmake)
[1.996s] -- Found tf2: 0.25.17 (/opt/ros/humble/share/tf2/cmake)
[2.013s] -- Found tf2_geometry_msgs: 0.25.17 (/opt/ros/humble/share/tf2_geometry_msgs/cmake)
[2.038s] -- Found eigen3_cmake_module: 0.1.1 (/opt/ros/humble/share/eigen3_cmake_module/cmake)
[2.039s] -- Found Eigen3: TRUE (found version "3.4.0") 
[2.039s] -- Ensuring Eigen3 include directory is part of orocos-kdl CMake target
[2.170s] -- Found serial: 1.2.1 (/home/agx/cthree/slam/ros2esp/install/serial/share/serial/cmake)
[2.311s] -- Configuring done
[2.335s] -- Generating done
[2.343s] -- Build files have been written to: /home/agx/cthree/slam/ros2esp/build/serial2esp
[2.366s] Invoked command in '/home/agx/cthree/slam/ros2esp/build/serial2esp' returned '0': CMAKE_PREFIX_PATH=/home/agx/cthree/slam/ros2esp/install/serial:/home/agx/cthree/slam/ros2esp/install/sllidar_ros2:/home/agx/cthree/slam/ros2esp/install/serial2esp:/home/agx/cthree/slam/ros2esp/install/pointcloud_to_grid:/home/agx/cthree/slam/ros2esp/install/octomap_mapping:/home/agx/cthree/slam/ros2esp/install/octomap_server:/home/agx/cthree/slam/ros2esp/install/octomap_ros:/home/agx/cthree/slam/ros2esp/install/octomap_msgs:/home/agx/cthree/slam/OVD-SLAM10/Examples/ros2/install/orbslam3:/home/agx/cthree/slam/cam_ws/install/realsense2_description:/home/agx/cthree/slam/cam_ws/install/realsense2_camera:/home/agx/cthree/slam/cam_ws/install/realsense2_camera_msgs:/opt/ros/humble LD_LIBRARY_PATH=/home/agx/cthree/slam/ros2esp/install/serial/lib:/home/agx/cthree/slam/ros2esp/install/octomap_server/lib:/home/agx/cthree/slam/ros2esp/install/octomap_ros/lib:/home/agx/cthree/slam/ros2esp/install/octomap_msgs/lib:/home/agx/cthree/slam/cam_ws/install/realsense2_camera/lib:/home/agx/cthree/slam/cam_ws/install/realsense2_camera_msgs/lib:/opt/ros/humble/opt/rviz_ogre_vendor/lib:/opt/ros/humble/lib/aarch64-linux-gnu:/opt/ros/humble/lib:/usr/local/lib /usr/bin/cmake /home/agx/cthree/slam/ros2esp/src/serial2esp -DCMAKE_INSTALL_PREFIX=/home/agx/cthree/slam/ros2esp/install/serial2esp
[2.368s] Invoking command in '/home/agx/cthree/slam/ros2esp/build/serial2esp': CMAKE_PREFIX_PATH=/home/agx/cthree/slam/ros2esp/install/serial:/home/agx/cthree/slam/ros2esp/install/sllidar_ros2:/home/agx/cthree/slam/ros2esp/install/serial2esp:/home/agx/cthree/slam/ros2esp/install/pointcloud_to_grid:/home/agx/cthree/slam/ros2esp/install/octomap_mapping:/home/agx/cthree/slam/ros2esp/install/octomap_server:/home/agx/cthree/slam/ros2esp/install/octomap_ros:/home/agx/cthree/slam/ros2esp/install/octomap_msgs:/home/agx/cthree/slam/OVD-SLAM10/Examples/ros2/install/orbslam3:/home/agx/cthree/slam/cam_ws/install/realsense2_description:/home/agx/cthree/slam/cam_ws/install/realsense2_camera:/home/agx/cthree/slam/cam_ws/install/realsense2_camera_msgs:/opt/ros/humble LD_LIBRARY_PATH=/home/agx/cthree/slam/ros2esp/install/serial/lib:/home/agx/cthree/slam/ros2esp/install/octomap_server/lib:/home/agx/cthree/slam/ros2esp/install/octomap_ros/lib:/home/agx/cthree/slam/ros2esp/install/octomap_msgs/lib:/home/agx/cthree/slam/cam_ws/install/realsense2_camera/lib:/home/agx/cthree/slam/cam_ws/install/realsense2_camera_msgs/lib:/opt/ros/humble/opt/rviz_ogre_vendor/lib:/opt/ros/humble/lib/aarch64-linux-gnu:/opt/ros/humble/lib:/usr/local/lib /usr/bin/cmake --build /home/agx/cthree/slam/ros2esp/build/serial2esp -- -j12 -l12
[2.449s] [ 50%] [32mBuilding CXX object CMakeFiles/pubcmd_node.dir/src/pubcmd.cpp.o[0m
[2.449s] [ 50%] [32mBuilding CXX object CMakeFiles/serial_odom_node.dir/src/serialPort_odom_ros2.cpp.o[0m
[9.083s] [ 75%] [32m[1mLinking CXX executable pubcmd_node[0m
[9.371s] [ 75%] Built target pubcmd_node
[16.783s] [100%] [32m[1mLinking CXX executable serial_odom_node[0m
[17.541s] [100%] Built target serial_odom_node
[17.560s] Invoked command in '/home/agx/cthree/slam/ros2esp/build/serial2esp' returned '0': CMAKE_PREFIX_PATH=/home/agx/cthree/slam/ros2esp/install/serial:/home/agx/cthree/slam/ros2esp/install/sllidar_ros2:/home/agx/cthree/slam/ros2esp/install/serial2esp:/home/agx/cthree/slam/ros2esp/install/pointcloud_to_grid:/home/agx/cthree/slam/ros2esp/install/octomap_mapping:/home/agx/cthree/slam/ros2esp/install/octomap_server:/home/agx/cthree/slam/ros2esp/install/octomap_ros:/home/agx/cthree/slam/ros2esp/install/octomap_msgs:/home/agx/cthree/slam/OVD-SLAM10/Examples/ros2/install/orbslam3:/home/agx/cthree/slam/cam_ws/install/realsense2_description:/home/agx/cthree/slam/cam_ws/install/realsense2_camera:/home/agx/cthree/slam/cam_ws/install/realsense2_camera_msgs:/opt/ros/humble LD_LIBRARY_PATH=/home/agx/cthree/slam/ros2esp/install/serial/lib:/home/agx/cthree/slam/ros2esp/install/octomap_server/lib:/home/agx/cthree/slam/ros2esp/install/octomap_ros/lib:/home/agx/cthree/slam/ros2esp/install/octomap_msgs/lib:/home/agx/cthree/slam/cam_ws/install/realsense2_camera/lib:/home/agx/cthree/slam/cam_ws/install/realsense2_camera_msgs/lib:/opt/ros/humble/opt/rviz_ogre_vendor/lib:/opt/ros/humble/lib/aarch64-linux-gnu:/opt/ros/humble/lib:/usr/local/lib /usr/bin/cmake --build /home/agx/cthree/slam/ros2esp/build/serial2esp -- -j12 -l12
[17.564s] Invoking command in '/home/agx/cthree/slam/ros2esp/build/serial2esp': CMAKE_PREFIX_PATH=/home/agx/cthree/slam/ros2esp/install/serial:/home/agx/cthree/slam/ros2esp/install/sllidar_ros2:/home/agx/cthree/slam/ros2esp/install/serial2esp:/home/agx/cthree/slam/ros2esp/install/pointcloud_to_grid:/home/agx/cthree/slam/ros2esp/install/octomap_mapping:/home/agx/cthree/slam/ros2esp/install/octomap_server:/home/agx/cthree/slam/ros2esp/install/octomap_ros:/home/agx/cthree/slam/ros2esp/install/octomap_msgs:/home/agx/cthree/slam/OVD-SLAM10/Examples/ros2/install/orbslam3:/home/agx/cthree/slam/cam_ws/install/realsense2_description:/home/agx/cthree/slam/cam_ws/install/realsense2_camera:/home/agx/cthree/slam/cam_ws/install/realsense2_camera_msgs:/opt/ros/humble LD_LIBRARY_PATH=/home/agx/cthree/slam/ros2esp/install/serial/lib:/home/agx/cthree/slam/ros2esp/install/octomap_server/lib:/home/agx/cthree/slam/ros2esp/install/octomap_ros/lib:/home/agx/cthree/slam/ros2esp/install/octomap_msgs/lib:/home/agx/cthree/slam/cam_ws/install/realsense2_camera/lib:/home/agx/cthree/slam/cam_ws/install/realsense2_camera_msgs/lib:/opt/ros/humble/opt/rviz_ogre_vendor/lib:/opt/ros/humble/lib/aarch64-linux-gnu:/opt/ros/humble/lib:/usr/local/lib /usr/bin/cmake --install /home/agx/cthree/slam/ros2esp/build/serial2esp
[17.577s] -- Install configuration: ""
[17.577s] -- Installing: /home/agx/cthree/slam/ros2esp/install/serial2esp/lib/serial2esp/serial_odom_node
[17.585s] -- Set runtime path of "/home/agx/cthree/slam/ros2esp/install/serial2esp/lib/serial2esp/serial_odom_node" to ""
[17.585s] -- Installing: /home/agx/cthree/slam/ros2esp/install/serial2esp/lib/serial2esp/pubcmd_node
[17.587s] -- Set runtime path of "/home/agx/cthree/slam/ros2esp/install/serial2esp/lib/serial2esp/pubcmd_node" to ""
[17.587s] -- Installing: /home/agx/cthree/slam/ros2esp/install/serial2esp/share/serial2esp//launch
[17.587s] -- Installing: /home/agx/cthree/slam/ros2esp/install/serial2esp/share/serial2esp//launch/ex.launch.py
[17.588s] -- Installing: /home/agx/cthree/slam/ros2esp/install/serial2esp/share/serial2esp//launch/use.launch.py
[17.588s] -- Installing: /home/agx/cthree/slam/ros2esp/install/serial2esp/share/ament_index/resource_index/package_run_dependencies/serial2esp
[17.588s] -- Installing: /home/agx/cthree/slam/ros2esp/install/serial2esp/share/ament_index/resource_index/parent_prefix_path/serial2esp
[17.589s] -- Installing: /home/agx/cthree/slam/ros2esp/install/serial2esp/share/serial2esp/environment/ament_prefix_path.sh
[17.589s] -- Installing: /home/agx/cthree/slam/ros2esp/install/serial2esp/share/serial2esp/environment/ament_prefix_path.dsv
[17.589s] -- Installing: /home/agx/cthree/slam/ros2esp/install/serial2esp/share/serial2esp/environment/path.sh
[17.589s] -- Installing: /home/agx/cthree/slam/ros2esp/install/serial2esp/share/serial2esp/environment/path.dsv
[17.590s] -- Installing: /home/agx/cthree/slam/ros2esp/install/serial2esp/share/serial2esp/local_setup.bash
[17.590s] -- Installing: /home/agx/cthree/slam/ros2esp/install/serial2esp/share/serial2esp/local_setup.sh
[17.590s] -- Installing: /home/agx/cthree/slam/ros2esp/install/serial2esp/share/serial2esp/local_setup.zsh
[17.590s] -- Installing: /home/agx/cthree/slam/ros2esp/install/serial2esp/share/serial2esp/local_setup.dsv
[17.590s] -- Installing: /home/agx/cthree/slam/ros2esp/install/serial2esp/share/serial2esp/package.dsv
[17.591s] -- Installing: /home/agx/cthree/slam/ros2esp/install/serial2esp/share/ament_index/resource_index/packages/serial2esp
[17.591s] -- Installing: /home/agx/cthree/slam/ros2esp/install/serial2esp/share/serial2esp/cmake/serial2espConfig.cmake
[17.591s] -- Installing: /home/agx/cthree/slam/ros2esp/install/serial2esp/share/serial2esp/cmake/serial2espConfig-version.cmake
[17.591s] -- Installing: /home/agx/cthree/slam/ros2esp/install/serial2esp/share/serial2esp/package.xml
[17.595s] Invoked command in '/home/agx/cthree/slam/ros2esp/build/serial2esp' returned '0': CMAKE_PREFIX_PATH=/home/agx/cthree/slam/ros2esp/install/serial:/home/agx/cthree/slam/ros2esp/install/sllidar_ros2:/home/agx/cthree/slam/ros2esp/install/serial2esp:/home/agx/cthree/slam/ros2esp/install/pointcloud_to_grid:/home/agx/cthree/slam/ros2esp/install/octomap_mapping:/home/agx/cthree/slam/ros2esp/install/octomap_server:/home/agx/cthree/slam/ros2esp/install/octomap_ros:/home/agx/cthree/slam/ros2esp/install/octomap_msgs:/home/agx/cthree/slam/OVD-SLAM10/Examples/ros2/install/orbslam3:/home/agx/cthree/slam/cam_ws/install/realsense2_description:/home/agx/cthree/slam/cam_ws/install/realsense2_camera:/home/agx/cthree/slam/cam_ws/install/realsense2_camera_msgs:/opt/ros/humble LD_LIBRARY_PATH=/home/agx/cthree/slam/ros2esp/install/serial/lib:/home/agx/cthree/slam/ros2esp/install/octomap_server/lib:/home/agx/cthree/slam/ros2esp/install/octomap_ros/lib:/home/agx/cthree/slam/ros2esp/install/octomap_msgs/lib:/home/agx/cthree/slam/cam_ws/install/realsense2_camera/lib:/home/agx/cthree/slam/cam_ws/install/realsense2_camera_msgs/lib:/opt/ros/humble/opt/rviz_ogre_vendor/lib:/opt/ros/humble/lib/aarch64-linux-gnu:/opt/ros/humble/lib:/usr/local/lib /usr/bin/cmake --install /home/agx/cthree/slam/ros2esp/build/serial2esp
