[0.093s] Invoking command in '/home/agx/cthree/slam/nav2fishbot/build/nav2_pure_pursuit_controller': AMENT_PREFIX_PATH=/home/agx/cthree/slam/nav2fishbot/install/nav2_core:/home/agx/cthree/slam/nav2fishbot/install/nav2_costmap_2d:/home/agx/cthree/slam/nav2fishbot/install/nav2_map_server:/home/agx/cthree/slam/nav2fishbot/install/nav2_lifecycle_manager:/home/agx/cthree/slam/nav2fishbot/install/nav2_util:/home/agx/cthree/slam/nav2fishbot/install/nav2_voxel_grid:/home/agx/cthree/slam/nav2fishbot/install/nav2_msgs:/home/agx/cthree/slam/nav2fishbot/install/nav2_common:${AMENT_PREFIX_PATH} CMAKE_PREFIX_PATH=/home/agx/cthree/slam/nav2fishbot/install/nav2_core:/home/agx/cthree/slam/nav2fishbot/install/nav2_costmap_2d:/home/agx/cthree/slam/nav2fishbot/install/nav2_map_server:/home/agx/cthree/slam/nav2fishbot/install/nav2_lifecycle_manager:/home/agx/cthree/slam/nav2fishbot/install/nav2_util:/home/agx/cthree/slam/nav2fishbot/install/nav2_voxel_grid:/home/agx/cthree/slam/nav2fishbot/install/nav2_msgs:/home/agx/cthree/slam/nav2fishbot/install/nav2_common:/home/agx/cthree/slam/OVD-SLAM10/Examples/ros2/install/orbslam3:/home/agx/cthree/slam/cam_ws/install/realsense2_description:/home/agx/cthree/slam/cam_ws/install/realsense2_camera:/home/agx/cthree/slam/cam_ws/install/realsense2_camera_msgs:/opt/ros/humble LD_LIBRARY_PATH=/home/agx/cthree/slam/nav2fishbot/install/nav2_costmap_2d/lib:/home/agx/cthree/slam/nav2fishbot/install/nav2_map_server/lib:/home/agx/cthree/slam/nav2fishbot/install/nav2_lifecycle_manager/lib:/home/agx/cthree/slam/nav2fishbot/install/nav2_util/lib:/home/agx/cthree/slam/nav2fishbot/install/nav2_voxel_grid/lib:/home/agx/cthree/slam/nav2fishbot/install/nav2_msgs/lib:/home/agx/cthree/slam/cam_ws/install/realsense2_camera/lib:/home/agx/cthree/slam/cam_ws/install/realsense2_camera_msgs/lib:/opt/ros/humble/opt/rviz_ogre_vendor/lib:/opt/ros/humble/lib/aarch64-linux-gnu:/opt/ros/humble/lib:/usr/local/lib PYTHONPATH=/home/agx/cthree/slam/nav2fishbot/install/nav2_msgs/local/lib/python3.10/dist-packages:/home/agx/cthree/slam/nav2fishbot/install/nav2_common/local/lib/python3.10/dist-packages:${PYTHONPATH} /usr/bin/cmake /home/agx/cthree/slam/nav2fishbot/src/fishbot/src/nav2_pure_pursuit_controller -DCMAKE_INSTALL_PREFIX=/home/agx/cthree/slam/nav2fishbot/install/nav2_pure_pursuit_controller
[0.186s] -- The C compiler identification is GNU 9.5.0
[0.274s] -- The CXX compiler identification is GNU 9.5.0
[0.287s] -- Detecting C compiler ABI info
[0.407s] -- Detecting C compiler ABI info - done
[0.416s] -- Check for working C compiler: /usr/bin/cc - skipped
[0.416s] -- Detecting C compile features
[0.417s] -- Detecting C compile features - done
[0.421s] -- Detecting CXX compiler ABI info
[0.539s] -- Detecting CXX compiler ABI info - done
[0.548s] -- Check for working CXX compiler: /usr/bin/c++ - skipped
[0.549s] -- Detecting CXX compile features
[0.549s] -- Detecting CXX compile features - done
[0.555s] -- Found ament_cmake: 1.3.12 (/opt/ros/humble/share/ament_cmake/cmake)
[0.823s] -- Found Python3: /usr/bin/python3 (found version "3.10.12") found components: Interpreter 
[1.032s] -- Found nav2_common: 1.1.0 (/home/agx/cthree/slam/nav2fishbot/install/nav2_common/share/nav2_common/cmake)
[1.032s] -- Found nav2_core: 1.1.0 (/home/agx/cthree/slam/nav2fishbot/install/nav2_core/share/nav2_core/cmake)
[1.134s] -- Found rosidl_generator_c: 3.1.7 (/opt/ros/humble/share/rosidl_generator_c/cmake)
[1.146s] -- Found rosidl_adapter: 3.1.7 (/opt/ros/humble/share/rosidl_adapter/cmake)
[1.165s] -- Found rosidl_generator_cpp: 3.1.7 (/opt/ros/humble/share/rosidl_generator_cpp/cmake)
[1.190s] -- Using all available rosidl_typesupport_c: rosidl_typesupport_fastrtps_c;rosidl_typesupport_introspection_c
[1.223s] -- Using all available rosidl_typesupport_cpp: rosidl_typesupport_fastrtps_cpp;rosidl_typesupport_introspection_cpp
[1.311s] -- Found rmw_implementation_cmake: 6.1.2 (/opt/ros/humble/share/rmw_implementation_cmake/cmake)
[1.317s] -- Found rmw_fastrtps_cpp: 6.2.9 (/opt/ros/humble/share/rmw_fastrtps_cpp/cmake)
[1.482s] -- Found OpenSSL: /usr/lib/aarch64-linux-gnu/libcrypto.so (found version "3.0.2")  
[1.533s] -- Found FastRTPS: /opt/ros/humble/include  
[1.605s] -- Using RMW implementation 'rmw_fastrtps_cpp' as default
[1.625s] -- Looking for pthread.h
[1.742s] -- Looking for pthread.h - found
[1.742s] -- Performing Test CMAKE_HAVE_LIBC_PTHREAD
[1.856s] -- Performing Test CMAKE_HAVE_LIBC_PTHREAD - Success
[1.858s] -- Found Threads: TRUE  
[2.351s] -- Found Eigen3: TRUE (found version "3.4.0") 
[2.351s] -- Ensuring Eigen3 include directory is part of orocos-kdl CMake target
[2.517s] -- Setting build type to Release as none was specified.
[2.832s] -- Found ament_lint_auto: 0.12.14 (/opt/ros/humble/share/ament_lint_auto/cmake)
[3.050s] -- Added test 'cppcheck' to perform static code analysis on C / C++ code
[3.050s] -- Configured cppcheck include dirs: /home/agx/cthree/slam/nav2fishbot/src/fishbot/src/nav2_pure_pursuit_controller/include
[3.050s] -- Configured cppcheck exclude dirs and/or files: 
[3.052s] -- Added test 'cpplint' to check C / C++ code against the Google style
[3.052s] -- Configured cpplint exclude dirs and/or files: 
[3.054s] -- Added test 'lint_cmake' to check CMake code style
[3.055s] -- Added test 'uncrustify' to check C / C++ code style
[3.056s] -- Configured uncrustify additional arguments: 
[3.057s] -- Added test 'xmllint' to check XML markup files
[3.062s] -- Configuring done
[3.125s] -- Generating done
[3.136s] -- Build files have been written to: /home/agx/cthree/slam/nav2fishbot/build/nav2_pure_pursuit_controller
[3.172s] Invoked command in '/home/agx/cthree/slam/nav2fishbot/build/nav2_pure_pursuit_controller' returned '0': AMENT_PREFIX_PATH=/home/agx/cthree/slam/nav2fishbot/install/nav2_core:/home/agx/cthree/slam/nav2fishbot/install/nav2_costmap_2d:/home/agx/cthree/slam/nav2fishbot/install/nav2_map_server:/home/agx/cthree/slam/nav2fishbot/install/nav2_lifecycle_manager:/home/agx/cthree/slam/nav2fishbot/install/nav2_util:/home/agx/cthree/slam/nav2fishbot/install/nav2_voxel_grid:/home/agx/cthree/slam/nav2fishbot/install/nav2_msgs:/home/agx/cthree/slam/nav2fishbot/install/nav2_common:${AMENT_PREFIX_PATH} CMAKE_PREFIX_PATH=/home/agx/cthree/slam/nav2fishbot/install/nav2_core:/home/agx/cthree/slam/nav2fishbot/install/nav2_costmap_2d:/home/agx/cthree/slam/nav2fishbot/install/nav2_map_server:/home/agx/cthree/slam/nav2fishbot/install/nav2_lifecycle_manager:/home/agx/cthree/slam/nav2fishbot/install/nav2_util:/home/agx/cthree/slam/nav2fishbot/install/nav2_voxel_grid:/home/agx/cthree/slam/nav2fishbot/install/nav2_msgs:/home/agx/cthree/slam/nav2fishbot/install/nav2_common:/home/agx/cthree/slam/OVD-SLAM10/Examples/ros2/install/orbslam3:/home/agx/cthree/slam/cam_ws/install/realsense2_description:/home/agx/cthree/slam/cam_ws/install/realsense2_camera:/home/agx/cthree/slam/cam_ws/install/realsense2_camera_msgs:/opt/ros/humble LD_LIBRARY_PATH=/home/agx/cthree/slam/nav2fishbot/install/nav2_costmap_2d/lib:/home/agx/cthree/slam/nav2fishbot/install/nav2_map_server/lib:/home/agx/cthree/slam/nav2fishbot/install/nav2_lifecycle_manager/lib:/home/agx/cthree/slam/nav2fishbot/install/nav2_util/lib:/home/agx/cthree/slam/nav2fishbot/install/nav2_voxel_grid/lib:/home/agx/cthree/slam/nav2fishbot/install/nav2_msgs/lib:/home/agx/cthree/slam/cam_ws/install/realsense2_camera/lib:/home/agx/cthree/slam/cam_ws/install/realsense2_camera_msgs/lib:/opt/ros/humble/opt/rviz_ogre_vendor/lib:/opt/ros/humble/lib/aarch64-linux-gnu:/opt/ros/humble/lib:/usr/local/lib PYTHONPATH=/home/agx/cthree/slam/nav2fishbot/install/nav2_msgs/local/lib/python3.10/dist-packages:/home/agx/cthree/slam/nav2fishbot/install/nav2_common/local/lib/python3.10/dist-packages:${PYTHONPATH} /usr/bin/cmake /home/agx/cthree/slam/nav2fishbot/src/fishbot/src/nav2_pure_pursuit_controller -DCMAKE_INSTALL_PREFIX=/home/agx/cthree/slam/nav2fishbot/install/nav2_pure_pursuit_controller
[3.173s] Invoking command in '/home/agx/cthree/slam/nav2fishbot/build/nav2_pure_pursuit_controller': AMENT_PREFIX_PATH=/home/agx/cthree/slam/nav2fishbot/install/nav2_core:/home/agx/cthree/slam/nav2fishbot/install/nav2_costmap_2d:/home/agx/cthree/slam/nav2fishbot/install/nav2_map_server:/home/agx/cthree/slam/nav2fishbot/install/nav2_lifecycle_manager:/home/agx/cthree/slam/nav2fishbot/install/nav2_util:/home/agx/cthree/slam/nav2fishbot/install/nav2_voxel_grid:/home/agx/cthree/slam/nav2fishbot/install/nav2_msgs:/home/agx/cthree/slam/nav2fishbot/install/nav2_common:${AMENT_PREFIX_PATH} CMAKE_PREFIX_PATH=/home/agx/cthree/slam/nav2fishbot/install/nav2_core:/home/agx/cthree/slam/nav2fishbot/install/nav2_costmap_2d:/home/agx/cthree/slam/nav2fishbot/install/nav2_map_server:/home/agx/cthree/slam/nav2fishbot/install/nav2_lifecycle_manager:/home/agx/cthree/slam/nav2fishbot/install/nav2_util:/home/agx/cthree/slam/nav2fishbot/install/nav2_voxel_grid:/home/agx/cthree/slam/nav2fishbot/install/nav2_msgs:/home/agx/cthree/slam/nav2fishbot/install/nav2_common:/home/agx/cthree/slam/OVD-SLAM10/Examples/ros2/install/orbslam3:/home/agx/cthree/slam/cam_ws/install/realsense2_description:/home/agx/cthree/slam/cam_ws/install/realsense2_camera:/home/agx/cthree/slam/cam_ws/install/realsense2_camera_msgs:/opt/ros/humble LD_LIBRARY_PATH=/home/agx/cthree/slam/nav2fishbot/install/nav2_costmap_2d/lib:/home/agx/cthree/slam/nav2fishbot/install/nav2_map_server/lib:/home/agx/cthree/slam/nav2fishbot/install/nav2_lifecycle_manager/lib:/home/agx/cthree/slam/nav2fishbot/install/nav2_util/lib:/home/agx/cthree/slam/nav2fishbot/install/nav2_voxel_grid/lib:/home/agx/cthree/slam/nav2fishbot/install/nav2_msgs/lib:/home/agx/cthree/slam/cam_ws/install/realsense2_camera/lib:/home/agx/cthree/slam/cam_ws/install/realsense2_camera_msgs/lib:/opt/ros/humble/opt/rviz_ogre_vendor/lib:/opt/ros/humble/lib/aarch64-linux-gnu:/opt/ros/humble/lib:/usr/local/lib PYTHONPATH=/home/agx/cthree/slam/nav2fishbot/install/nav2_msgs/local/lib/python3.10/dist-packages:/home/agx/cthree/slam/nav2fishbot/install/nav2_common/local/lib/python3.10/dist-packages:${PYTHONPATH} /usr/bin/cmake --build /home/agx/cthree/slam/nav2fishbot/build/nav2_pure_pursuit_controller -- -j12 -l12
[3.261s] [ 50%] [32mBuilding CXX object CMakeFiles/nav2_pure_pursuit_controller.dir/src/pure_pursuit_controller.cpp.o[0m
[17.226s] [100%] [32m[1mLinking CXX shared library libnav2_pure_pursuit_controller.so[0m
[17.807s] [100%] Built target nav2_pure_pursuit_controller
[17.836s] Invoked command in '/home/agx/cthree/slam/nav2fishbot/build/nav2_pure_pursuit_controller' returned '0': AMENT_PREFIX_PATH=/home/agx/cthree/slam/nav2fishbot/install/nav2_core:/home/agx/cthree/slam/nav2fishbot/install/nav2_costmap_2d:/home/agx/cthree/slam/nav2fishbot/install/nav2_map_server:/home/agx/cthree/slam/nav2fishbot/install/nav2_lifecycle_manager:/home/agx/cthree/slam/nav2fishbot/install/nav2_util:/home/agx/cthree/slam/nav2fishbot/install/nav2_voxel_grid:/home/agx/cthree/slam/nav2fishbot/install/nav2_msgs:/home/agx/cthree/slam/nav2fishbot/install/nav2_common:${AMENT_PREFIX_PATH} CMAKE_PREFIX_PATH=/home/agx/cthree/slam/nav2fishbot/install/nav2_core:/home/agx/cthree/slam/nav2fishbot/install/nav2_costmap_2d:/home/agx/cthree/slam/nav2fishbot/install/nav2_map_server:/home/agx/cthree/slam/nav2fishbot/install/nav2_lifecycle_manager:/home/agx/cthree/slam/nav2fishbot/install/nav2_util:/home/agx/cthree/slam/nav2fishbot/install/nav2_voxel_grid:/home/agx/cthree/slam/nav2fishbot/install/nav2_msgs:/home/agx/cthree/slam/nav2fishbot/install/nav2_common:/home/agx/cthree/slam/OVD-SLAM10/Examples/ros2/install/orbslam3:/home/agx/cthree/slam/cam_ws/install/realsense2_description:/home/agx/cthree/slam/cam_ws/install/realsense2_camera:/home/agx/cthree/slam/cam_ws/install/realsense2_camera_msgs:/opt/ros/humble LD_LIBRARY_PATH=/home/agx/cthree/slam/nav2fishbot/install/nav2_costmap_2d/lib:/home/agx/cthree/slam/nav2fishbot/install/nav2_map_server/lib:/home/agx/cthree/slam/nav2fishbot/install/nav2_lifecycle_manager/lib:/home/agx/cthree/slam/nav2fishbot/install/nav2_util/lib:/home/agx/cthree/slam/nav2fishbot/install/nav2_voxel_grid/lib:/home/agx/cthree/slam/nav2fishbot/install/nav2_msgs/lib:/home/agx/cthree/slam/cam_ws/install/realsense2_camera/lib:/home/agx/cthree/slam/cam_ws/install/realsense2_camera_msgs/lib:/opt/ros/humble/opt/rviz_ogre_vendor/lib:/opt/ros/humble/lib/aarch64-linux-gnu:/opt/ros/humble/lib:/usr/local/lib PYTHONPATH=/home/agx/cthree/slam/nav2fishbot/install/nav2_msgs/local/lib/python3.10/dist-packages:/home/agx/cthree/slam/nav2fishbot/install/nav2_common/local/lib/python3.10/dist-packages:${PYTHONPATH} /usr/bin/cmake --build /home/agx/cthree/slam/nav2fishbot/build/nav2_pure_pursuit_controller -- -j12 -l12
[17.851s] Invoking command in '/home/agx/cthree/slam/nav2fishbot/build/nav2_pure_pursuit_controller': AMENT_PREFIX_PATH=/home/agx/cthree/slam/nav2fishbot/install/nav2_core:/home/agx/cthree/slam/nav2fishbot/install/nav2_costmap_2d:/home/agx/cthree/slam/nav2fishbot/install/nav2_map_server:/home/agx/cthree/slam/nav2fishbot/install/nav2_lifecycle_manager:/home/agx/cthree/slam/nav2fishbot/install/nav2_util:/home/agx/cthree/slam/nav2fishbot/install/nav2_voxel_grid:/home/agx/cthree/slam/nav2fishbot/install/nav2_msgs:/home/agx/cthree/slam/nav2fishbot/install/nav2_common:${AMENT_PREFIX_PATH} CMAKE_PREFIX_PATH=/home/agx/cthree/slam/nav2fishbot/install/nav2_core:/home/agx/cthree/slam/nav2fishbot/install/nav2_costmap_2d:/home/agx/cthree/slam/nav2fishbot/install/nav2_map_server:/home/agx/cthree/slam/nav2fishbot/install/nav2_lifecycle_manager:/home/agx/cthree/slam/nav2fishbot/install/nav2_util:/home/agx/cthree/slam/nav2fishbot/install/nav2_voxel_grid:/home/agx/cthree/slam/nav2fishbot/install/nav2_msgs:/home/agx/cthree/slam/nav2fishbot/install/nav2_common:/home/agx/cthree/slam/OVD-SLAM10/Examples/ros2/install/orbslam3:/home/agx/cthree/slam/cam_ws/install/realsense2_description:/home/agx/cthree/slam/cam_ws/install/realsense2_camera:/home/agx/cthree/slam/cam_ws/install/realsense2_camera_msgs:/opt/ros/humble LD_LIBRARY_PATH=/home/agx/cthree/slam/nav2fishbot/install/nav2_costmap_2d/lib:/home/agx/cthree/slam/nav2fishbot/install/nav2_map_server/lib:/home/agx/cthree/slam/nav2fishbot/install/nav2_lifecycle_manager/lib:/home/agx/cthree/slam/nav2fishbot/install/nav2_util/lib:/home/agx/cthree/slam/nav2fishbot/install/nav2_voxel_grid/lib:/home/agx/cthree/slam/nav2fishbot/install/nav2_msgs/lib:/home/agx/cthree/slam/cam_ws/install/realsense2_camera/lib:/home/agx/cthree/slam/cam_ws/install/realsense2_camera_msgs/lib:/opt/ros/humble/opt/rviz_ogre_vendor/lib:/opt/ros/humble/lib/aarch64-linux-gnu:/opt/ros/humble/lib:/usr/local/lib PYTHONPATH=/home/agx/cthree/slam/nav2fishbot/install/nav2_msgs/local/lib/python3.10/dist-packages:/home/agx/cthree/slam/nav2fishbot/install/nav2_common/local/lib/python3.10/dist-packages:${PYTHONPATH} /usr/bin/cmake --install /home/agx/cthree/slam/nav2fishbot/build/nav2_pure_pursuit_controller
[17.867s] -- Install configuration: "Release"
[17.868s] -- Installing: /home/agx/cthree/slam/nav2fishbot/install/nav2_pure_pursuit_controller/lib/libnav2_pure_pursuit_controller.so
[17.879s] -- Set runtime path of "/home/agx/cthree/slam/nav2fishbot/install/nav2_pure_pursuit_controller/lib/libnav2_pure_pursuit_controller.so" to ""
[17.894s] -- Installing: /home/agx/cthree/slam/nav2fishbot/install/nav2_pure_pursuit_controller/include/
[17.895s] -- Installing: /home/agx/cthree/slam/nav2fishbot/install/nav2_pure_pursuit_controller/include//nav2_pure_pursuit_controller
[17.896s] -- Installing: /home/agx/cthree/slam/nav2fishbot/install/nav2_pure_pursuit_controller/include//nav2_pure_pursuit_controller/pure_pursuit_controller.hpp
[17.897s] -- Installing: /home/agx/cthree/slam/nav2fishbot/install/nav2_pure_pursuit_controller/share/nav2_pure_pursuit_controller/environment/library_path.sh
[17.897s] -- Installing: /home/agx/cthree/slam/nav2fishbot/install/nav2_pure_pursuit_controller/share/nav2_pure_pursuit_controller/environment/library_path.dsv
[17.899s] -- Installing: /home/agx/cthree/slam/nav2fishbot/install/nav2_pure_pursuit_controller/share/nav2_pure_pursuit_controller/nav2_pure_pursuit_controller.xml
[17.900s] -- Installing: /home/agx/cthree/slam/nav2fishbot/install/nav2_pure_pursuit_controller/share/ament_index/resource_index/package_run_dependencies/nav2_pure_pursuit_controller
[17.901s] -- Installing: /home/agx/cthree/slam/nav2fishbot/install/nav2_pure_pursuit_controller/share/ament_index/resource_index/parent_prefix_path/nav2_pure_pursuit_controller
[17.902s] -- Installing: /home/agx/cthree/slam/nav2fishbot/install/nav2_pure_pursuit_controller/share/nav2_pure_pursuit_controller/environment/ament_prefix_path.sh
[17.902s] -- Installing: /home/agx/cthree/slam/nav2fishbot/install/nav2_pure_pursuit_controller/share/nav2_pure_pursuit_controller/environment/ament_prefix_path.dsv
[17.903s] -- Installing: /home/agx/cthree/slam/nav2fishbot/install/nav2_pure_pursuit_controller/share/nav2_pure_pursuit_controller/environment/path.sh
[17.904s] -- Installing: /home/agx/cthree/slam/nav2fishbot/install/nav2_pure_pursuit_controller/share/nav2_pure_pursuit_controller/environment/path.dsv
[17.905s] -- Installing: /home/agx/cthree/slam/nav2fishbot/install/nav2_pure_pursuit_controller/share/nav2_pure_pursuit_controller/local_setup.bash
[17.905s] -- Installing: /home/agx/cthree/slam/nav2fishbot/install/nav2_pure_pursuit_controller/share/nav2_pure_pursuit_controller/local_setup.sh
[17.906s] -- Installing: /home/agx/cthree/slam/nav2fishbot/install/nav2_pure_pursuit_controller/share/nav2_pure_pursuit_controller/local_setup.zsh
[17.906s] -- Installing: /home/agx/cthree/slam/nav2fishbot/install/nav2_pure_pursuit_controller/share/nav2_pure_pursuit_controller/local_setup.dsv
[17.907s] -- Installing: /home/agx/cthree/slam/nav2fishbot/install/nav2_pure_pursuit_controller/share/nav2_pure_pursuit_controller/package.dsv
[17.908s] -- Installing: /home/agx/cthree/slam/nav2fishbot/install/nav2_pure_pursuit_controller/share/ament_index/resource_index/packages/nav2_pure_pursuit_controller
[17.908s] -- Installing: /home/agx/cthree/slam/nav2fishbot/install/nav2_pure_pursuit_controller/share/ament_index/resource_index/nav2_core__pluginlib__plugin/nav2_pure_pursuit_controller
[17.909s] -- Installing: /home/agx/cthree/slam/nav2fishbot/install/nav2_pure_pursuit_controller/share/nav2_pure_pursuit_controller/cmake/ament_cmake_export_include_directories-extras.cmake
[17.909s] -- Installing: /home/agx/cthree/slam/nav2fishbot/install/nav2_pure_pursuit_controller/share/nav2_pure_pursuit_controller/cmake/ament_cmake_export_libraries-extras.cmake
[17.910s] -- Installing: /home/agx/cthree/slam/nav2fishbot/install/nav2_pure_pursuit_controller/share/nav2_pure_pursuit_controller/cmake/ament_cmake_export_dependencies-extras.cmake
[17.911s] -- Installing: /home/agx/cthree/slam/nav2fishbot/install/nav2_pure_pursuit_controller/share/nav2_pure_pursuit_controller/cmake/nav2_pure_pursuit_controllerConfig.cmake
[17.911s] -- Installing: /home/agx/cthree/slam/nav2fishbot/install/nav2_pure_pursuit_controller/share/nav2_pure_pursuit_controller/cmake/nav2_pure_pursuit_controllerConfig-version.cmake
[17.912s] -- Installing: /home/agx/cthree/slam/nav2fishbot/install/nav2_pure_pursuit_controller/share/nav2_pure_pursuit_controller/package.xml
[17.919s] Invoked command in '/home/agx/cthree/slam/nav2fishbot/build/nav2_pure_pursuit_controller' returned '0': AMENT_PREFIX_PATH=/home/agx/cthree/slam/nav2fishbot/install/nav2_core:/home/agx/cthree/slam/nav2fishbot/install/nav2_costmap_2d:/home/agx/cthree/slam/nav2fishbot/install/nav2_map_server:/home/agx/cthree/slam/nav2fishbot/install/nav2_lifecycle_manager:/home/agx/cthree/slam/nav2fishbot/install/nav2_util:/home/agx/cthree/slam/nav2fishbot/install/nav2_voxel_grid:/home/agx/cthree/slam/nav2fishbot/install/nav2_msgs:/home/agx/cthree/slam/nav2fishbot/install/nav2_common:${AMENT_PREFIX_PATH} CMAKE_PREFIX_PATH=/home/agx/cthree/slam/nav2fishbot/install/nav2_core:/home/agx/cthree/slam/nav2fishbot/install/nav2_costmap_2d:/home/agx/cthree/slam/nav2fishbot/install/nav2_map_server:/home/agx/cthree/slam/nav2fishbot/install/nav2_lifecycle_manager:/home/agx/cthree/slam/nav2fishbot/install/nav2_util:/home/agx/cthree/slam/nav2fishbot/install/nav2_voxel_grid:/home/agx/cthree/slam/nav2fishbot/install/nav2_msgs:/home/agx/cthree/slam/nav2fishbot/install/nav2_common:/home/agx/cthree/slam/OVD-SLAM10/Examples/ros2/install/orbslam3:/home/agx/cthree/slam/cam_ws/install/realsense2_description:/home/agx/cthree/slam/cam_ws/install/realsense2_camera:/home/agx/cthree/slam/cam_ws/install/realsense2_camera_msgs:/opt/ros/humble LD_LIBRARY_PATH=/home/agx/cthree/slam/nav2fishbot/install/nav2_costmap_2d/lib:/home/agx/cthree/slam/nav2fishbot/install/nav2_map_server/lib:/home/agx/cthree/slam/nav2fishbot/install/nav2_lifecycle_manager/lib:/home/agx/cthree/slam/nav2fishbot/install/nav2_util/lib:/home/agx/cthree/slam/nav2fishbot/install/nav2_voxel_grid/lib:/home/agx/cthree/slam/nav2fishbot/install/nav2_msgs/lib:/home/agx/cthree/slam/cam_ws/install/realsense2_camera/lib:/home/agx/cthree/slam/cam_ws/install/realsense2_camera_msgs/lib:/opt/ros/humble/opt/rviz_ogre_vendor/lib:/opt/ros/humble/lib/aarch64-linux-gnu:/opt/ros/humble/lib:/usr/local/lib PYTHONPATH=/home/agx/cthree/slam/nav2fishbot/install/nav2_msgs/local/lib/python3.10/dist-packages:/home/agx/cthree/slam/nav2fishbot/install/nav2_common/local/lib/python3.10/dist-packages:${PYTHONPATH} /usr/bin/cmake --install /home/agx/cthree/slam/nav2fishbot/build/nav2_pure_pursuit_controller
