[0.017s] Invoking command in '/home/agx/cthree/slam/nav2fishbot/build/nav2_voxel_grid': AMENT_PREFIX_PATH=/home/agx/cthree/slam/nav2fishbot/install/nav2_common:${AMENT_PREFIX_PATH} CMAKE_PREFIX_PATH=/home/agx/cthree/slam/nav2fishbot/install/nav2_common:/home/agx/cthree/slam/OVD-SLAM10/Examples/ros2/install/orbslam3:/home/agx/cthree/slam/cam_ws/install/realsense2_description:/home/agx/cthree/slam/cam_ws/install/realsense2_camera:/home/agx/cthree/slam/cam_ws/install/realsense2_camera_msgs:/opt/ros/humble PYTHONPATH=/home/agx/cthree/slam/nav2fishbot/install/nav2_common/local/lib/python3.10/dist-packages:${PYTHONPATH} /usr/bin/cmake /home/agx/cthree/slam/nav2fishbot/src/fishbot/src/navigation/nav2_voxel_grid -DCMAKE_INSTALL_PREFIX=/home/agx/cthree/slam/nav2fishbot/install/nav2_voxel_grid
[0.089s] -- The C compiler identification is GNU 9.5.0
[0.170s] -- The CXX compiler identification is GNU 9.5.0
[0.180s] -- Detecting C compiler ABI info
[0.281s] -- Detecting C compiler ABI info - done
[0.290s] -- Check for working C compiler: /usr/bin/cc - skipped
[0.290s] -- Detecting C compile features
[0.290s] -- Detecting C compile features - done
[0.296s] -- Detecting CXX compiler ABI info
[0.420s] -- Detecting CXX compiler ABI info - done
[0.433s] -- Check for working CXX compiler: /usr/bin/c++ - skipped
[0.433s] -- Detecting CXX compile features
[0.434s] -- Detecting CXX compile features - done
[0.439s] -- Found ament_cmake: 1.3.12 (/opt/ros/humble/share/ament_cmake/cmake)
[0.735s] -- Found Python3: /usr/bin/python3 (found version "3.10.12") found components: Interpreter 
[0.937s] -- Found nav2_common: 1.1.0 (/home/agx/cthree/slam/nav2fishbot/install/nav2_common/share/nav2_common/cmake)
[0.941s] -- Found rclcpp: 16.0.16 (/opt/ros/humble/share/rclcpp/cmake)
[1.018s] -- Found rosidl_generator_c: 3.1.7 (/opt/ros/humble/share/rosidl_generator_c/cmake)
[1.028s] -- Found rosidl_adapter: 3.1.7 (/opt/ros/humble/share/rosidl_adapter/cmake)
[1.044s] -- Found rosidl_generator_cpp: 3.1.7 (/opt/ros/humble/share/rosidl_generator_cpp/cmake)
[1.065s] -- Using all available rosidl_typesupport_c: rosidl_typesupport_fastrtps_c;rosidl_typesupport_introspection_c
[1.094s] -- Using all available rosidl_typesupport_cpp: rosidl_typesupport_fastrtps_cpp;rosidl_typesupport_introspection_cpp
[1.187s] -- Found rmw_implementation_cmake: 6.1.2 (/opt/ros/humble/share/rmw_implementation_cmake/cmake)
[1.193s] -- Found rmw_fastrtps_cpp: 6.2.9 (/opt/ros/humble/share/rmw_fastrtps_cpp/cmake)
[1.554s] -- Found OpenSSL: /usr/lib/aarch64-linux-gnu/libcrypto.so (found version "3.0.2")  
[1.644s] -- Found FastRTPS: /opt/ros/humble/include  
[1.754s] -- Using RMW implementation 'rmw_fastrtps_cpp' as default
[1.780s] -- Looking for pthread.h
[2.172s] -- Looking for pthread.h - found
[2.172s] -- Performing Test CMAKE_HAVE_LIBC_PTHREAD
[2.566s] -- Performing Test CMAKE_HAVE_LIBC_PTHREAD - Success
[2.569s] -- Found Threads: TRUE  
[2.729s] -- Setting build type to Release as none was specified.
[2.734s] -- Found ament_lint_auto: 0.12.14 (/opt/ros/humble/share/ament_lint_auto/cmake)
[3.138s] -- Found gtest sources under '/opt/ros/humble/src/gtest_vendor': C++ tests using 'Google Test' will be built
[3.177s] -- Added test 'cppcheck' to perform static code analysis on C / C++ code
[3.178s] -- Configured cppcheck include dirs: /home/agx/cthree/slam/nav2fishbot/src/fishbot/src/navigation/nav2_voxel_grid/include
[3.178s] -- Configured cppcheck exclude dirs and/or files: 
[3.180s] -- Added test 'cpplint' to check C / C++ code against the Google style
[3.181s] -- Configured cpplint exclude dirs and/or files: 
[3.183s] -- Added test 'lint_cmake' to check CMake code style
[3.185s] -- Added test 'uncrustify' to check C / C++ code style
[3.186s] -- Configured uncrustify additional arguments: 
[3.188s] -- Added test 'xmllint' to check XML markup files
[3.222s] -- Configuring done
[3.267s] -- Generating done
[3.313s] -- Build files have been written to: /home/agx/cthree/slam/nav2fishbot/build/nav2_voxel_grid
[3.391s] Invoked command in '/home/agx/cthree/slam/nav2fishbot/build/nav2_voxel_grid' returned '0': AMENT_PREFIX_PATH=/home/agx/cthree/slam/nav2fishbot/install/nav2_common:${AMENT_PREFIX_PATH} CMAKE_PREFIX_PATH=/home/agx/cthree/slam/nav2fishbot/install/nav2_common:/home/agx/cthree/slam/OVD-SLAM10/Examples/ros2/install/orbslam3:/home/agx/cthree/slam/cam_ws/install/realsense2_description:/home/agx/cthree/slam/cam_ws/install/realsense2_camera:/home/agx/cthree/slam/cam_ws/install/realsense2_camera_msgs:/opt/ros/humble PYTHONPATH=/home/agx/cthree/slam/nav2fishbot/install/nav2_common/local/lib/python3.10/dist-packages:${PYTHONPATH} /usr/bin/cmake /home/agx/cthree/slam/nav2fishbot/src/fishbot/src/navigation/nav2_voxel_grid -DCMAKE_INSTALL_PREFIX=/home/agx/cthree/slam/nav2fishbot/install/nav2_voxel_grid
[3.391s] Invoking command in '/home/agx/cthree/slam/nav2fishbot/build/nav2_voxel_grid': AMENT_PREFIX_PATH=/home/agx/cthree/slam/nav2fishbot/install/nav2_common:${AMENT_PREFIX_PATH} CMAKE_PREFIX_PATH=/home/agx/cthree/slam/nav2fishbot/install/nav2_common:/home/agx/cthree/slam/OVD-SLAM10/Examples/ros2/install/orbslam3:/home/agx/cthree/slam/cam_ws/install/realsense2_description:/home/agx/cthree/slam/cam_ws/install/realsense2_camera:/home/agx/cthree/slam/cam_ws/install/realsense2_camera_msgs:/opt/ros/humble PYTHONPATH=/home/agx/cthree/slam/nav2fishbot/install/nav2_common/local/lib/python3.10/dist-packages:${PYTHONPATH} /usr/bin/cmake --build /home/agx/cthree/slam/nav2fishbot/build/nav2_voxel_grid -- -j12 -l12
[3.673s] [ 10%] [32mBuilding CXX object gtest/CMakeFiles/gtest_main.dir/src/gtest_main.cc.o[0m
[3.693s] [ 20%] [32mBuilding CXX object CMakeFiles/voxel_grid.dir/src/voxel_grid.cpp.o[0m
[3.742s] [ 30%] [32mBuilding CXX object gtest/CMakeFiles/gtest.dir/src/gtest-all.cc.o[0m
[7.857s] [ 40%] [32m[1mLinking CXX static library libgtest_main.a[0m
[8.170s] [ 40%] Built target gtest_main
[16.172s] [ 50%] [32m[1mLinking CXX shared library libvoxel_grid.so[0m
[16.639s] [ 50%] Built target voxel_grid
[31.664s] [ 60%] [32m[1mLinking CXX static library libgtest.a[0m
[31.729s] [ 60%] Built target gtest
[31.766s] [ 70%] [32mBuilding CXX object test/CMakeFiles/voxel_grid_tests.dir/voxel_grid_tests.cpp.o[0m
[37.850s] [ 80%] [32m[1mLinking CXX executable voxel_grid_tests[0m
[38.028s] [ 80%] Built target voxel_grid_tests
[38.059s] [ 90%] [32mBuilding CXX object test/CMakeFiles/voxel_grid_bresenham_3d.dir/voxel_grid_bresenham_3d.cpp.o[0m
[44.772s] [100%] [32m[1mLinking CXX executable voxel_grid_bresenham_3d[0m
[45.225s] [100%] Built target voxel_grid_bresenham_3d
[45.256s] Invoked command in '/home/agx/cthree/slam/nav2fishbot/build/nav2_voxel_grid' returned '0': AMENT_PREFIX_PATH=/home/agx/cthree/slam/nav2fishbot/install/nav2_common:${AMENT_PREFIX_PATH} CMAKE_PREFIX_PATH=/home/agx/cthree/slam/nav2fishbot/install/nav2_common:/home/agx/cthree/slam/OVD-SLAM10/Examples/ros2/install/orbslam3:/home/agx/cthree/slam/cam_ws/install/realsense2_description:/home/agx/cthree/slam/cam_ws/install/realsense2_camera:/home/agx/cthree/slam/cam_ws/install/realsense2_camera_msgs:/opt/ros/humble PYTHONPATH=/home/agx/cthree/slam/nav2fishbot/install/nav2_common/local/lib/python3.10/dist-packages:${PYTHONPATH} /usr/bin/cmake --build /home/agx/cthree/slam/nav2fishbot/build/nav2_voxel_grid -- -j12 -l12
[45.264s] Invoking command in '/home/agx/cthree/slam/nav2fishbot/build/nav2_voxel_grid': AMENT_PREFIX_PATH=/home/agx/cthree/slam/nav2fishbot/install/nav2_common:${AMENT_PREFIX_PATH} CMAKE_PREFIX_PATH=/home/agx/cthree/slam/nav2fishbot/install/nav2_common:/home/agx/cthree/slam/OVD-SLAM10/Examples/ros2/install/orbslam3:/home/agx/cthree/slam/cam_ws/install/realsense2_description:/home/agx/cthree/slam/cam_ws/install/realsense2_camera:/home/agx/cthree/slam/cam_ws/install/realsense2_camera_msgs:/opt/ros/humble PYTHONPATH=/home/agx/cthree/slam/nav2fishbot/install/nav2_common/local/lib/python3.10/dist-packages:${PYTHONPATH} /usr/bin/cmake --install /home/agx/cthree/slam/nav2fishbot/build/nav2_voxel_grid
[45.279s] -- Install configuration: "Release"
[45.279s] -- Installing: /home/agx/cthree/slam/nav2fishbot/install/nav2_voxel_grid/lib/libvoxel_grid.so
[45.279s] -- Set runtime path of "/home/agx/cthree/slam/nav2fishbot/install/nav2_voxel_grid/lib/libvoxel_grid.so" to ""
[45.279s] -- Installing: /home/agx/cthree/slam/nav2fishbot/install/nav2_voxel_grid/include
[45.279s] -- Installing: /home/agx/cthree/slam/nav2fishbot/install/nav2_voxel_grid/include/nav2_voxel_grid
[45.279s] -- Installing: /home/agx/cthree/slam/nav2fishbot/install/nav2_voxel_grid/include/nav2_voxel_grid/voxel_grid.hpp
[45.280s] -- Installing: /home/agx/cthree/slam/nav2fishbot/install/nav2_voxel_grid/share/nav2_voxel_grid/environment/library_path.sh
[45.280s] -- Installing: /home/agx/cthree/slam/nav2fishbot/install/nav2_voxel_grid/share/nav2_voxel_grid/environment/library_path.dsv
[45.280s] -- Installing: /home/agx/cthree/slam/nav2fishbot/install/nav2_voxel_grid/share/ament_index/resource_index/package_run_dependencies/nav2_voxel_grid
[45.280s] -- Installing: /home/agx/cthree/slam/nav2fishbot/install/nav2_voxel_grid/share/ament_index/resource_index/parent_prefix_path/nav2_voxel_grid
[45.280s] -- Installing: /home/agx/cthree/slam/nav2fishbot/install/nav2_voxel_grid/share/nav2_voxel_grid/environment/ament_prefix_path.sh
[45.280s] -- Installing: /home/agx/cthree/slam/nav2fishbot/install/nav2_voxel_grid/share/nav2_voxel_grid/environment/ament_prefix_path.dsv
[45.280s] -- Installing: /home/agx/cthree/slam/nav2fishbot/install/nav2_voxel_grid/share/nav2_voxel_grid/environment/path.sh
[45.280s] -- Installing: /home/agx/cthree/slam/nav2fishbot/install/nav2_voxel_grid/share/nav2_voxel_grid/environment/path.dsv
[45.281s] -- Installing: /home/agx/cthree/slam/nav2fishbot/install/nav2_voxel_grid/share/nav2_voxel_grid/local_setup.bash
[45.281s] -- Installing: /home/agx/cthree/slam/nav2fishbot/install/nav2_voxel_grid/share/nav2_voxel_grid/local_setup.sh
[45.281s] -- Installing: /home/agx/cthree/slam/nav2fishbot/install/nav2_voxel_grid/share/nav2_voxel_grid/local_setup.zsh
[45.281s] -- Installing: /home/agx/cthree/slam/nav2fishbot/install/nav2_voxel_grid/share/nav2_voxel_grid/local_setup.dsv
[45.282s] -- Installing: /home/agx/cthree/slam/nav2fishbot/install/nav2_voxel_grid/share/nav2_voxel_grid/package.dsv
[45.282s] -- Installing: /home/agx/cthree/slam/nav2fishbot/install/nav2_voxel_grid/share/ament_index/resource_index/packages/nav2_voxel_grid
[45.282s] -- Installing: /home/agx/cthree/slam/nav2fishbot/install/nav2_voxel_grid/share/nav2_voxel_grid/cmake/ament_cmake_export_dependencies-extras.cmake
[45.282s] -- Installing: /home/agx/cthree/slam/nav2fishbot/install/nav2_voxel_grid/share/nav2_voxel_grid/cmake/ament_cmake_export_include_directories-extras.cmake
[45.285s] -- Installing: /home/agx/cthree/slam/nav2fishbot/install/nav2_voxel_grid/share/nav2_voxel_grid/cmake/ament_cmake_export_libraries-extras.cmake
[45.287s] -- Installing: /home/agx/cthree/slam/nav2fishbot/install/nav2_voxel_grid/share/nav2_voxel_grid/cmake/nav2_voxel_gridConfig.cmake
[45.287s] -- Installing: /home/agx/cthree/slam/nav2fishbot/install/nav2_voxel_grid/share/nav2_voxel_grid/cmake/nav2_voxel_gridConfig-version.cmake
[45.287s] -- Installing: /home/agx/cthree/slam/nav2fishbot/install/nav2_voxel_grid/share/nav2_voxel_grid/package.xml
[45.298s] Invoked command in '/home/agx/cthree/slam/nav2fishbot/build/nav2_voxel_grid' returned '0': AMENT_PREFIX_PATH=/home/agx/cthree/slam/nav2fishbot/install/nav2_common:${AMENT_PREFIX_PATH} CMAKE_PREFIX_PATH=/home/agx/cthree/slam/nav2fishbot/install/nav2_common:/home/agx/cthree/slam/OVD-SLAM10/Examples/ros2/install/orbslam3:/home/agx/cthree/slam/cam_ws/install/realsense2_description:/home/agx/cthree/slam/cam_ws/install/realsense2_camera:/home/agx/cthree/slam/cam_ws/install/realsense2_camera_msgs:/opt/ros/humble PYTHONPATH=/home/agx/cthree/slam/nav2fishbot/install/nav2_common/local/lib/python3.10/dist-packages:${PYTHONPATH} /usr/bin/cmake --install /home/agx/cthree/slam/nav2fishbot/build/nav2_voxel_grid
