[0.026s] Invoking command in '/home/agx/cthree/slam/ros2esp/build/pointcloud_to_grid': CMAKE_PREFIX_PATH=${CMAKE_PREFIX_PATH}:/opt/ros/humble /usr/bin/cmake --build /home/agx/cthree/slam/ros2esp/build/pointcloud_to_grid -- -j12 -l12
[0.122s] [ 25%] [32mBuilding CXX object CMakeFiles/grid_trajectory.dir/src/grid_trajectory.cpp.o[0m
[0.123s] [ 50%] [32mBuilding CXX object CMakeFiles/pointcloud_to_grid_node.dir/src/pointcloud_to_grid_node.cpp.o[0m
[23.916s] [ 75%] [32m[1mLinking CXX executable pointcloud_to_grid_node[0m
[24.523s] [ 75%] Built target pointcloud_to_grid_node
[25.662s] [100%] [32m[1mLinking CXX executable grid_trajectory[0m
[26.947s] [100%] Built target grid_trajectory
[26.971s] Invoked command in '/home/agx/cthree/slam/ros2esp/build/pointcloud_to_grid' returned '0': CMAKE_PREFIX_PATH=${CMAKE_PREFIX_PATH}:/opt/ros/humble /usr/bin/cmake --build /home/agx/cthree/slam/ros2esp/build/pointcloud_to_grid -- -j12 -l12
[26.976s] Invoking command in '/home/agx/cthree/slam/ros2esp/build/pointcloud_to_grid': CMAKE_PREFIX_PATH=${CMAKE_PREFIX_PATH}:/opt/ros/humble /usr/bin/cmake --install /home/agx/cthree/slam/ros2esp/build/pointcloud_to_grid
[26.992s] -- Install configuration: ""
[26.992s] -- Up-to-date: /home/agx/cthree/slam/ros2esp/install/pointcloud_to_grid/share/pointcloud_to_grid/launch
[26.993s] -- Up-to-date: /home/agx/cthree/slam/ros2esp/install/pointcloud_to_grid/share/pointcloud_to_grid/launch/dual_output_example.launch.py
[26.993s] -- Up-to-date: /home/agx/cthree/slam/ros2esp/install/pointcloud_to_grid/share/pointcloud_to_grid/launch/rviz.launch.py
[26.993s] -- Up-to-date: /home/agx/cthree/slam/ros2esp/install/pointcloud_to_grid/share/pointcloud_to_grid/launch/grid_trajectory.launch.py
[26.993s] -- Up-to-date: /home/agx/cthree/slam/ros2esp/install/pointcloud_to_grid/share/pointcloud_to_grid/launch/demo.launch.py
[26.994s] -- Up-to-date: /home/agx/cthree/slam/ros2esp/install/pointcloud_to_grid/share/pointcloud_to_grid/doc
[26.994s] -- Up-to-date: /home/agx/cthree/slam/ros2esp/install/pointcloud_to_grid/share/pointcloud_to_grid/doc/default.rviz
[26.994s] -- Up-to-date: /home/agx/cthree/slam/ros2esp/install/pointcloud_to_grid/share/pointcloud_to_grid/doc/grid_map01.gif
[26.994s] -- Up-to-date: /home/agx/cthree/slam/ros2esp/install/pointcloud_to_grid/share/pointcloud_to_grid/doc/grid_map_conventions.pdf
[26.995s] -- Up-to-date: /home/agx/cthree/slam/ros2esp/install/pointcloud_to_grid/share/pointcloud_to_grid/doc/grid_map_conventions.svg
[26.995s] -- Up-to-date: /home/agx/cthree/slam/ros2esp/install/pointcloud_to_grid/share/pointcloud_to_grid/doc/grid_map_conventions.png
[26.995s] -- Installing: /home/agx/cthree/slam/ros2esp/install/pointcloud_to_grid/lib/pointcloud_to_grid/pointcloud_to_grid_node
[26.995s] -- Set runtime path of "/home/agx/cthree/slam/ros2esp/install/pointcloud_to_grid/lib/pointcloud_to_grid/pointcloud_to_grid_node" to ""
[26.996s] -- Installing: /home/agx/cthree/slam/ros2esp/install/pointcloud_to_grid/lib/pointcloud_to_grid/grid_trajectory
[26.998s] -- Set runtime path of "/home/agx/cthree/slam/ros2esp/install/pointcloud_to_grid/lib/pointcloud_to_grid/grid_trajectory" to ""
[26.999s] -- Up-to-date: /home/agx/cthree/slam/ros2esp/install/pointcloud_to_grid/share/ament_index/resource_index/package_run_dependencies/pointcloud_to_grid
[26.999s] -- Up-to-date: /home/agx/cthree/slam/ros2esp/install/pointcloud_to_grid/share/ament_index/resource_index/parent_prefix_path/pointcloud_to_grid
[27.000s] -- Up-to-date: /home/agx/cthree/slam/ros2esp/install/pointcloud_to_grid/share/pointcloud_to_grid/environment/ament_prefix_path.sh
[27.000s] -- Up-to-date: /home/agx/cthree/slam/ros2esp/install/pointcloud_to_grid/share/pointcloud_to_grid/environment/ament_prefix_path.dsv
[27.000s] -- Up-to-date: /home/agx/cthree/slam/ros2esp/install/pointcloud_to_grid/share/pointcloud_to_grid/environment/path.sh
[27.000s] -- Up-to-date: /home/agx/cthree/slam/ros2esp/install/pointcloud_to_grid/share/pointcloud_to_grid/environment/path.dsv
[27.000s] -- Up-to-date: /home/agx/cthree/slam/ros2esp/install/pointcloud_to_grid/share/pointcloud_to_grid/local_setup.bash
[27.001s] -- Up-to-date: /home/agx/cthree/slam/ros2esp/install/pointcloud_to_grid/share/pointcloud_to_grid/local_setup.sh
[27.001s] -- Up-to-date: /home/agx/cthree/slam/ros2esp/install/pointcloud_to_grid/share/pointcloud_to_grid/local_setup.zsh
[27.001s] -- Up-to-date: /home/agx/cthree/slam/ros2esp/install/pointcloud_to_grid/share/pointcloud_to_grid/local_setup.dsv
[27.001s] -- Installing: /home/agx/cthree/slam/ros2esp/install/pointcloud_to_grid/share/pointcloud_to_grid/package.dsv
[27.002s] -- Up-to-date: /home/agx/cthree/slam/ros2esp/install/pointcloud_to_grid/share/ament_index/resource_index/packages/pointcloud_to_grid
[27.002s] -- Up-to-date: /home/agx/cthree/slam/ros2esp/install/pointcloud_to_grid/share/pointcloud_to_grid/cmake/pointcloud_to_gridConfig.cmake
[27.003s] -- Up-to-date: /home/agx/cthree/slam/ros2esp/install/pointcloud_to_grid/share/pointcloud_to_grid/cmake/pointcloud_to_gridConfig-version.cmake
[27.005s] -- Up-to-date: /home/agx/cthree/slam/ros2esp/install/pointcloud_to_grid/share/pointcloud_to_grid/package.xml
[27.006s] Invoked command in '/home/agx/cthree/slam/ros2esp/build/pointcloud_to_grid' returned '0': CMAKE_PREFIX_PATH=${CMAKE_PREFIX_PATH}:/opt/ros/humble /usr/bin/cmake --install /home/agx/cthree/slam/ros2esp/build/pointcloud_to_grid
