[0.185s] Invoking command in '/home/agx/cthree/slam/nav2fishbot/build/nav2_behavior_tree': AMENT_PREFIX_PATH=/home/agx/cthree/slam/nav2fishbot/install/nav2_util:/home/agx/cthree/slam/nav2fishbot/install/nav2_msgs:/home/agx/cthree/slam/nav2fishbot/install/nav2_common:${AMENT_PREFIX_PATH} CMAKE_PREFIX_PATH=/home/agx/cthree/slam/nav2fishbot/install/nav2_util:/home/agx/cthree/slam/nav2fishbot/install/nav2_msgs:/home/agx/cthree/slam/nav2fishbot/install/nav2_common:/home/agx/cthree/slam/OVD-SLAM10/Examples/ros2/install/orbslam3:/home/agx/cthree/slam/cam_ws/install/realsense2_description:/home/agx/cthree/slam/cam_ws/install/realsense2_camera:/home/agx/cthree/slam/cam_ws/install/realsense2_camera_msgs:/opt/ros/humble LD_LIBRARY_PATH=/home/agx/cthree/slam/nav2fishbot/install/nav2_util/lib:/home/agx/cthree/slam/nav2fishbot/install/nav2_msgs/lib:/home/agx/cthree/slam/cam_ws/install/realsense2_camera/lib:/home/agx/cthree/slam/cam_ws/install/realsense2_camera_msgs/lib:/opt/ros/humble/opt/rviz_ogre_vendor/lib:/opt/ros/humble/lib/aarch64-linux-gnu:/opt/ros/humble/lib:/usr/local/lib PYTHONPATH=/home/agx/cthree/slam/nav2fishbot/install/nav2_msgs/local/lib/python3.10/dist-packages:/home/agx/cthree/slam/nav2fishbot/install/nav2_common/local/lib/python3.10/dist-packages:${PYTHONPATH} /usr/bin/cmake /home/agx/cthree/slam/nav2fishbot/src/fishbot/src/navigation/nav2_behavior_tree -DCMAKE_INSTALL_PREFIX=/home/agx/cthree/slam/nav2fishbot/install/nav2_behavior_tree
[0.474s] -- The CXX compiler identification is GNU 9.5.0
[0.494s] -- Detecting CXX compiler ABI info
[0.875s] -- Detecting CXX compiler ABI info - done
[0.884s] -- Check for working CXX compiler: /usr/bin/c++ - skipped
[0.885s] -- Detecting CXX compile features
[0.885s] -- Detecting CXX compile features - done
[0.897s] -- Found ament_cmake: 1.3.12 (/opt/ros/humble/share/ament_cmake/cmake)
[1.391s] -- Found Python3: /usr/bin/python3 (found version "3.10.12") found components: Interpreter 
[1.721s] -- Found nav2_common: 1.1.0 (/home/agx/cthree/slam/nav2fishbot/install/nav2_common/share/nav2_common/cmake)
[1.725s] -- Found rclcpp: 16.0.16 (/opt/ros/humble/share/rclcpp/cmake)
[1.872s] -- Found rosidl_generator_c: 3.1.7 (/opt/ros/humble/share/rosidl_generator_c/cmake)
[1.887s] -- Found rosidl_adapter: 3.1.7 (/opt/ros/humble/share/rosidl_adapter/cmake)
[1.921s] -- Found rosidl_generator_cpp: 3.1.7 (/opt/ros/humble/share/rosidl_generator_cpp/cmake)
[1.958s] -- Using all available rosidl_typesupport_c: rosidl_typesupport_fastrtps_c;rosidl_typesupport_introspection_c
[1.989s] -- Using all available rosidl_typesupport_cpp: rosidl_typesupport_fastrtps_cpp;rosidl_typesupport_introspection_cpp
[2.075s] -- Found rmw_implementation_cmake: 6.1.2 (/opt/ros/humble/share/rmw_implementation_cmake/cmake)
[2.081s] -- Found rmw_fastrtps_cpp: 6.2.9 (/opt/ros/humble/share/rmw_fastrtps_cpp/cmake)
[2.510s] -- Found OpenSSL: /usr/lib/aarch64-linux-gnu/libcrypto.so (found version "3.0.2")  
[2.610s] -- Found FastRTPS: /opt/ros/humble/include  
[2.749s] -- Using RMW implementation 'rmw_fastrtps_cpp' as default
[2.783s] -- Looking for C++ include pthread.h
[3.131s] -- Looking for C++ include pthread.h - found
[3.131s] -- Performing Test CMAKE_HAVE_LIBC_PTHREAD
[3.373s] -- Performing Test CMAKE_HAVE_LIBC_PTHREAD - Success
[3.375s] -- Found Threads: TRUE  
[3.466s] -- Found rclcpp_action: 16.0.16 (/opt/ros/humble/share/rclcpp_action/cmake)
[3.525s] -- Found rclcpp_lifecycle: 16.0.16 (/opt/ros/humble/share/rclcpp_lifecycle/cmake)
[3.573s] -- Found geometry_msgs: 4.9.0 (/opt/ros/humble/share/geometry_msgs/cmake)
[3.597s] -- Found sensor_msgs: 4.9.0 (/opt/ros/humble/share/sensor_msgs/cmake)
[3.622s] -- Found nav2_msgs: 1.1.0 (/home/agx/cthree/slam/nav2fishbot/install/nav2_msgs/share/nav2_msgs/cmake)
[3.696s] -- Found tf2_ros: 0.25.17 (/opt/ros/humble/share/tf2_ros/cmake)
[3.858s] -- Found tf2_geometry_msgs: 0.25.17 (/opt/ros/humble/share/tf2_geometry_msgs/cmake)
[3.886s] -- Found eigen3_cmake_module: 0.1.1 (/opt/ros/humble/share/eigen3_cmake_module/cmake)
[3.890s] -- Found Eigen3: TRUE (found version "3.4.0") 
[3.890s] -- Ensuring Eigen3 include directory is part of orocos-kdl CMake target
[3.897s] -- Found std_srvs: 4.9.0 (/opt/ros/humble/share/std_srvs/cmake)
[3.913s] -- Found nav2_util: 1.1.0 (/home/agx/cthree/slam/nav2fishbot/install/nav2_util/share/nav2_util/cmake)
[3.971s] -- Setting build type to Release as none was specified.
[5.666s] -- Found ament_lint_auto: 0.12.14 (/opt/ros/humble/share/ament_lint_auto/cmake)
[5.906s] -- Found gtest sources under '/opt/ros/humble/src/gtest_vendor': C++ tests using 'Google Test' will be built
[5.974s] -- The C compiler identification is GNU 9.5.0
[5.988s] -- Detecting C compiler ABI info
[6.108s] -- Detecting C compiler ABI info - done
[6.118s] -- Check for working C compiler: /usr/bin/cc - skipped
[6.119s] -- Detecting C compile features
[6.121s] -- Detecting C compile features - done
[7.867s] -- Added test 'copyright' to check source files copyright and LICENSE
[7.879s] -- Added test 'cppcheck' to perform static code analysis on C / C++ code
[7.892s] -- Configured cppcheck include dirs: /home/agx/cthree/slam/nav2fishbot/src/fishbot/src/navigation/nav2_behavior_tree/include
[7.892s] -- Configured cppcheck exclude dirs and/or files: 
[7.904s] -- Added test 'cpplint' to check C / C++ code against the Google style
[7.904s] -- Configured cpplint exclude dirs and/or files: 
[7.909s] -- Added test 'lint_cmake' to check CMake code style
[7.923s] -- Added test 'uncrustify' to check C / C++ code style
[7.923s] -- Configured uncrustify additional arguments: 
[7.925s] -- Added test 'xmllint' to check XML markup files
[7.931s] -- Configuring done
[10.808s] -- Generating done
[11.323s] -- Build files have been written to: /home/agx/cthree/slam/nav2fishbot/build/nav2_behavior_tree
[11.398s] Invoked command in '/home/agx/cthree/slam/nav2fishbot/build/nav2_behavior_tree' returned '0': AMENT_PREFIX_PATH=/home/agx/cthree/slam/nav2fishbot/install/nav2_util:/home/agx/cthree/slam/nav2fishbot/install/nav2_msgs:/home/agx/cthree/slam/nav2fishbot/install/nav2_common:${AMENT_PREFIX_PATH} CMAKE_PREFIX_PATH=/home/agx/cthree/slam/nav2fishbot/install/nav2_util:/home/agx/cthree/slam/nav2fishbot/install/nav2_msgs:/home/agx/cthree/slam/nav2fishbot/install/nav2_common:/home/agx/cthree/slam/OVD-SLAM10/Examples/ros2/install/orbslam3:/home/agx/cthree/slam/cam_ws/install/realsense2_description:/home/agx/cthree/slam/cam_ws/install/realsense2_camera:/home/agx/cthree/slam/cam_ws/install/realsense2_camera_msgs:/opt/ros/humble LD_LIBRARY_PATH=/home/agx/cthree/slam/nav2fishbot/install/nav2_util/lib:/home/agx/cthree/slam/nav2fishbot/install/nav2_msgs/lib:/home/agx/cthree/slam/cam_ws/install/realsense2_camera/lib:/home/agx/cthree/slam/cam_ws/install/realsense2_camera_msgs/lib:/opt/ros/humble/opt/rviz_ogre_vendor/lib:/opt/ros/humble/lib/aarch64-linux-gnu:/opt/ros/humble/lib:/usr/local/lib PYTHONPATH=/home/agx/cthree/slam/nav2fishbot/install/nav2_msgs/local/lib/python3.10/dist-packages:/home/agx/cthree/slam/nav2fishbot/install/nav2_common/local/lib/python3.10/dist-packages:${PYTHONPATH} /usr/bin/cmake /home/agx/cthree/slam/nav2fishbot/src/fishbot/src/navigation/nav2_behavior_tree -DCMAKE_INSTALL_PREFIX=/home/agx/cthree/slam/nav2fishbot/install/nav2_behavior_tree
[11.402s] Invoking command in '/home/agx/cthree/slam/nav2fishbot/build/nav2_behavior_tree': AMENT_PREFIX_PATH=/home/agx/cthree/slam/nav2fishbot/install/nav2_util:/home/agx/cthree/slam/nav2fishbot/install/nav2_msgs:/home/agx/cthree/slam/nav2fishbot/install/nav2_common:${AMENT_PREFIX_PATH} CMAKE_PREFIX_PATH=/home/agx/cthree/slam/nav2fishbot/install/nav2_util:/home/agx/cthree/slam/nav2fishbot/install/nav2_msgs:/home/agx/cthree/slam/nav2fishbot/install/nav2_common:/home/agx/cthree/slam/OVD-SLAM10/Examples/ros2/install/orbslam3:/home/agx/cthree/slam/cam_ws/install/realsense2_description:/home/agx/cthree/slam/cam_ws/install/realsense2_camera:/home/agx/cthree/slam/cam_ws/install/realsense2_camera_msgs:/opt/ros/humble LD_LIBRARY_PATH=/home/agx/cthree/slam/nav2fishbot/install/nav2_util/lib:/home/agx/cthree/slam/nav2fishbot/install/nav2_msgs/lib:/home/agx/cthree/slam/cam_ws/install/realsense2_camera/lib:/home/agx/cthree/slam/cam_ws/install/realsense2_camera_msgs/lib:/opt/ros/humble/opt/rviz_ogre_vendor/lib:/opt/ros/humble/lib/aarch64-linux-gnu:/opt/ros/humble/lib:/usr/local/lib PYTHONPATH=/home/agx/cthree/slam/nav2fishbot/install/nav2_msgs/local/lib/python3.10/dist-packages:/home/agx/cthree/slam/nav2fishbot/install/nav2_common/local/lib/python3.10/dist-packages:${PYTHONPATH} /usr/bin/cmake --build /home/agx/cthree/slam/nav2fishbot/build/nav2_behavior_tree -- -j12 -l12
[11.493s] [  0%] [32mBuilding CXX object CMakeFiles/nav2_behavior_tree.dir/src/behavior_tree_engine.cpp.o[0m
[13.514s] [  0%] [32mBuilding CXX object CMakeFiles/nav2_back_up_action_bt_node.dir/plugins/action/back_up_action.cpp.o[0m
[13.516s] [  1%] [32mBuilding CXX object CMakeFiles/nav2_follow_path_action_bt_node.dir/plugins/action/follow_path_action.cpp.o[0m
[14.546s] [  1%] [32mBuilding CXX object CMakeFiles/nav2_smooth_path_action_bt_node.dir/plugins/action/smooth_path_action.cpp.o[0m
[15.655s] [  1%] [32mBuilding CXX object CMakeFiles/nav2_drive_on_heading_cancel_bt_node.dir/plugins/action/drive_on_heading_cancel_node.cpp.o[0m
[16.739s] [  1%] [32mBuilding CXX object CMakeFiles/nav2_assisted_teleop_cancel_bt_node.dir/plugins/action/assisted_teleop_cancel_node.cpp.o[0m
[20.910s] [  2%] [32m[1mLinking CXX shared library libnav2_behavior_tree.so[0m
[21.595s] [  2%] Built target nav2_behavior_tree
[31.555s] [  2%] [32m[1mLinking CXX shared library libnav2_follow_path_action_bt_node.so[0m
[31.899s] [  3%] [32m[1mLinking CXX shared library libnav2_drive_on_heading_cancel_bt_node.so[0m
[32.064s] [  3%] Built target nav2_follow_path_action_bt_node
[32.192s] [  4%] [32m[1mLinking CXX shared library libnav2_back_up_action_bt_node.so[0m
[32.397s] [  4%] Built target nav2_drive_on_heading_cancel_bt_node
[32.646s] [  4%] Built target nav2_back_up_action_bt_node
[33.696s] [  5%] [32m[1mLinking CXX shared library libnav2_assisted_teleop_cancel_bt_node.so[0m
[33.987s] [  6%] [32m[1mLinking CXX shared library libnav2_smooth_path_action_bt_node.so[0m
[34.001s] [  6%] Built target nav2_assisted_teleop_cancel_bt_node
[34.307s] [  6%] Built target nav2_smooth_path_action_bt_node
[34.340s] [  6%] [32mBuilding CXX object CMakeFiles/nav2_clear_costmap_service_bt_node.dir/plugins/action/clear_costmap_service.cpp.o[0m
[47.299s] [  7%] [32m[1mLinking CXX shared library libnav2_clear_costmap_service_bt_node.so[0m
[47.604s] [  7%] Built target nav2_clear_costmap_service_bt_node
[47.638s] [  8%] [32mBuilding CXX object CMakeFiles/nav2_is_stuck_condition_bt_node.dir/plugins/condition/is_stuck_condition.cpp.o[0m
[52.660s] [  8%] [32mBuilding CXX object CMakeFiles/nav2_transform_available_condition_bt_node.dir/plugins/condition/transform_available_condition.cpp.o[0m
[53.697s] [  8%] [32mBuilding CXX object CMakeFiles/nav2_assisted_teleop_action_bt_node.dir/plugins/action/assisted_teleop_action.cpp.o[0m
[54.782s] [  8%] [32mBuilding CXX object CMakeFiles/nav2_wait_action_bt_node.dir/plugins/action/wait_action.cpp.o[0m
[55.852s] [  8%] [32mBuilding CXX object CMakeFiles/nav2_spin_action_bt_node.dir/plugins/action/spin_action.cpp.o[0m
[56.907s] [  8%] [32mBuilding CXX object CMakeFiles/nav2_drive_on_heading_bt_node.dir/plugins/action/drive_on_heading_action.cpp.o[0m
[62.955s] [  9%] [32m[1mLinking CXX shared library libnav2_transform_available_condition_bt_node.so[0m
[63.440s] [  9%] Built target nav2_transform_available_condition_bt_node
[67.508s] [ 10%] [32m[1mLinking CXX shared library libnav2_assisted_teleop_action_bt_node.so[0m
[67.912s] [ 10%] Built target nav2_assisted_teleop_action_bt_node
[70.721s] [ 11%] [32m[1mLinking CXX shared library libnav2_wait_action_bt_node.so[0m
[71.036s] [ 11%] Built target nav2_wait_action_bt_node
[72.186s] [ 12%] [32m[1mLinking CXX shared library libnav2_spin_action_bt_node.so[0m
[72.467s] [ 12%] [32m[1mLinking CXX shared library libnav2_is_stuck_condition_bt_node.so[0m
[72.503s] [ 12%] Built target nav2_spin_action_bt_node
[72.825s] [ 12%] Built target nav2_is_stuck_condition_bt_node
[73.571s] [ 13%] [32m[1mLinking CXX shared library libnav2_drive_on_heading_bt_node.so[0m
[73.870s] [ 13%] Built target nav2_drive_on_heading_bt_node
[73.904s] [ 13%] [32mBuilding CXX object CMakeFiles/nav2_time_expired_condition_bt_node.dir/plugins/condition/time_expired_condition.cpp.o[0m
[80.820s] [ 14%] [32m[1mLinking CXX shared library libnav2_time_expired_condition_bt_node.so[0m
[81.093s] [ 14%] Built target nav2_time_expired_condition_bt_node
[81.123s] [ 15%] [32mBuilding CXX object CMakeFiles/nav2_path_expiring_timer_condition.dir/plugins/condition/path_expiring_timer_condition.cpp.o[0m
[83.144s] [ 16%] [32mBuilding CXX object CMakeFiles/nav2_is_path_valid_condition_bt_node.dir/plugins/condition/is_path_valid_condition.cpp.o[0m
[83.145s] [ 16%] [32mBuilding CXX object CMakeFiles/nav2_distance_traveled_condition_bt_node.dir/plugins/condition/distance_traveled_condition.cpp.o[0m
[84.262s] [ 17%] [32mBuilding CXX object CMakeFiles/nav2_goal_updated_condition_bt_node.dir/plugins/condition/goal_updated_condition.cpp.o[0m
[85.328s] [ 18%] [32mBuilding CXX object CMakeFiles/nav2_globally_updated_goal_condition_bt_node.dir/plugins/condition/globally_updated_goal_condition.cpp.o[0m
[85.391s] [ 19%] [32mBuilding CXX object CMakeFiles/nav2_goal_reached_condition_bt_node.dir/plugins/condition/goal_reached_condition.cpp.o[0m
[86.451s] [ 19%] [32mBuilding CXX object CMakeFiles/nav2_back_up_cancel_bt_node.dir/plugins/action/back_up_cancel_node.cpp.o[0m
[87.564s] [ 19%] [32mBuilding CXX object CMakeFiles/nav2_spin_cancel_bt_node.dir/plugins/action/spin_cancel_node.cpp.o[0m
[87.595s] [ 20%] [32mBuilding CXX object CMakeFiles/nav2_wait_cancel_bt_node.dir/plugins/action/wait_cancel_node.cpp.o[0m
[89.000s] [ 20%] [32m[1mLinking CXX shared library libnav2_goal_updated_condition_bt_node.so[0m
[89.695s] [ 20%] Built target nav2_goal_updated_condition_bt_node
[91.887s] [ 20%] [32m[1mLinking CXX shared library libnav2_path_expiring_timer_condition.so[0m
[92.615s] [ 20%] Built target nav2_path_expiring_timer_condition
[97.543s] [ 20%] [32m[1mLinking CXX shared library libnav2_is_path_valid_condition_bt_node.so[0m
[98.046s] [ 20%] Built target nav2_is_path_valid_condition_bt_node
[98.680s] [ 20%] [32m[1mLinking CXX shared library libnav2_globally_updated_goal_condition_bt_node.so[0m
[99.115s] [ 20%] Built target nav2_globally_updated_goal_condition_bt_node
[99.315s] [ 21%] [32m[1mLinking CXX shared library libnav2_distance_traveled_condition_bt_node.so[0m
[99.667s] [ 21%] Built target nav2_distance_traveled_condition_bt_node
[100.792s] [ 22%] [32m[1mLinking CXX shared library libnav2_back_up_cancel_bt_node.so[0m
[101.105s] [ 22%] Built target nav2_back_up_cancel_bt_node
[101.232s] [ 22%] [32m[1mLinking CXX shared library libnav2_goal_reached_condition_bt_node.so[0m
[101.525s] [ 22%] Built target nav2_goal_reached_condition_bt_node
[103.056s] [ 22%] [32m[1mLinking CXX shared library libnav2_wait_cancel_bt_node.so[0m
[103.246s] [ 23%] [32m[1mLinking CXX shared library libnav2_spin_cancel_bt_node.so[0m
[103.345s] [ 23%] Built target nav2_wait_cancel_bt_node
[103.538s] [ 23%] Built target nav2_spin_cancel_bt_node
[103.568s] [ 23%] [32mBuilding CXX object CMakeFiles/nav2_truncate_path_local_action_bt_node.dir/plugins/action/truncate_path_local_action.cpp.o[0m
[112.666s] [ 24%] [32m[1mLinking CXX shared library libnav2_truncate_path_local_action_bt_node.so[0m
[112.960s] [ 24%] Built target nav2_truncate_path_local_action_bt_node
[112.992s] [ 25%] [32mBuilding CXX object CMakeFiles/nav2_goal_updater_node_bt_node.dir/plugins/decorator/goal_updater_node.cpp.o[0m
[118.013s] [ 26%] [32mBuilding CXX object CMakeFiles/nav2_path_longer_on_approach_bt_node.dir/plugins/decorator/path_longer_on_approach.cpp.o[0m
[119.034s] [ 26%] [32mBuilding CXX object CMakeFiles/nav2_truncate_path_action_bt_node.dir/plugins/action/truncate_path_action.cpp.o[0m
[120.080s] [ 26%] [32mBuilding CXX object CMakeFiles/nav2_speed_controller_bt_node.dir/plugins/decorator/speed_controller.cpp.o[0m
[121.168s] [ 26%] [32mBuilding CXX object CMakeFiles/nav2_distance_controller_bt_node.dir/plugins/decorator/distance_controller.cpp.o[0m
[121.243s] [ 26%] [32mBuilding CXX object CMakeFiles/nav2_rate_controller_bt_node.dir/plugins/decorator/rate_controller.cpp.o[0m
[122.332s] [ 26%] [32mBuilding CXX object CMakeFiles/nav2_reinitialize_global_localization_service_bt_node.dir/plugins/action/reinitialize_global_localization_service.cpp.o[0m
[125.984s] [ 27%] [32m[1mLinking CXX shared library libnav2_rate_controller_bt_node.so[0m
[126.409s] [ 27%] Built target nav2_rate_controller_bt_node
[128.841s] [ 27%] [32m[1mLinking CXX shared library libnav2_path_longer_on_approach_bt_node.so[0m
[129.134s] [ 27%] Built target nav2_path_longer_on_approach_bt_node
[130.502s] [ 28%] [32m[1mLinking CXX shared library libnav2_truncate_path_action_bt_node.so[0m
[130.790s] [ 28%] Built target nav2_truncate_path_action_bt_node
[131.544s] [ 29%] [32m[1mLinking CXX shared library libnav2_distance_controller_bt_node.so[0m
[131.656s] [ 30%] [32m[1mLinking CXX shared library libnav2_speed_controller_bt_node.so[0m
[131.859s] [ 30%] Built target nav2_distance_controller_bt_node
[131.978s] [ 30%] Built target nav2_speed_controller_bt_node
[133.649s] [ 31%] [32m[1mLinking CXX shared library libnav2_reinitialize_global_localization_service_bt_node.so[0m
[133.944s] [ 31%] Built target nav2_reinitialize_global_localization_service_bt_node
[135.620s] [ 31%] [32m[1mLinking CXX shared library libnav2_goal_updater_node_bt_node.so[0m
[135.950s] [ 31%] Built target nav2_goal_updater_node_bt_node
[135.987s] [ 31%] [32mBuilding CXX object CMakeFiles/nav2_round_robin_node_bt_node.dir/plugins/control/round_robin_node.cpp.o[0m
[138.003s] [ 32%] [32mBuilding CXX object CMakeFiles/nav2_single_trigger_bt_node.dir/plugins/decorator/single_trigger_node.cpp.o[0m
[138.004s] [ 32%] [32mBuilding CXX object CMakeFiles/nav2_pipeline_sequence_bt_node.dir/plugins/control/pipeline_sequence.cpp.o[0m
[138.169s] [ 33%] [32m[1mLinking CXX shared library libnav2_round_robin_node_bt_node.so[0m
[138.374s] [ 33%] Built target nav2_round_robin_node_bt_node
[138.395s] [ 33%] [32mBuilding CXX object CMakeFiles/nav2_remove_passed_goals_action_bt_node.dir/plugins/action/remove_passed_goals_action.cpp.o[0m
[138.405s] [ 34%] [32mBuilding CXX object CMakeFiles/nav2_navigate_through_poses_action_bt_node.dir/plugins/action/navigate_through_poses_action.cpp.o[0m
[139.424s] [ 35%] [32mBuilding CXX object CMakeFiles/nav2_planner_selector_bt_node.dir/plugins/action/planner_selector_node.cpp.o[0m
[140.286s] [ 36%] [32m[1mLinking CXX shared library libnav2_single_trigger_bt_node.so[0m
[140.402s] [ 36%] [32m[1mLinking CXX shared library libnav2_pipeline_sequence_bt_node.so[0m
[140.443s] [ 37%] [32mBuilding CXX object CMakeFiles/nav2_navigate_to_pose_action_bt_node.dir/plugins/action/navigate_to_pose_action.cpp.o[0m
[140.504s] [ 37%] Built target nav2_single_trigger_bt_node
[140.542s] [ 37%] [32mBuilding CXX object CMakeFiles/nav2_recovery_node_bt_node.dir/plugins/control/recovery_node.cpp.o[0m
[140.619s] [ 37%] Built target nav2_pipeline_sequence_bt_node
[140.652s] [ 37%] [32mBuilding CXX object CMakeFiles/nav2_controller_selector_bt_node.dir/plugins/action/controller_selector_node.cpp.o[0m
[141.677s] [ 38%] [32mBuilding CXX object CMakeFiles/nav2_goal_checker_selector_bt_node.dir/plugins/action/goal_checker_selector_node.cpp.o[0m
[142.696s] [ 39%] [32mBuilding CXX object CMakeFiles/nav2_is_battery_low_condition_bt_node.dir/plugins/condition/is_battery_low_condition.cpp.o[0m
[142.730s] [ 40%] [32mBuilding CXX object CMakeFiles/nav2_initial_pose_received_condition_bt_node.dir/plugins/condition/initial_pose_received_condition.cpp.o[0m
[143.796s] [ 40%] [32mBuilding CXX object CMakeFiles/nav2_compute_path_through_poses_action_bt_node.dir/plugins/action/compute_path_through_poses_action.cpp.o[0m
[143.852s] [ 40%] [32mBuilding CXX object CMakeFiles/nav2_controller_cancel_bt_node.dir/plugins/action/controller_cancel_node.cpp.o[0m
[143.869s] [ 41%] [32m[1mLinking CXX shared library libnav2_recovery_node_bt_node.so[0m
[144.199s] [ 41%] Built target nav2_recovery_node_bt_node
[144.244s] [ 42%] [32mBuilding CXX object CMakeFiles/nav2_goal_updated_controller_bt_node.dir/plugins/decorator/goal_updated_controller.cpp.o[0m
[144.260s] [ 42%] [32mBuilding CXX object CMakeFiles/nav2_compute_path_to_pose_action_bt_node.dir/plugins/action/compute_path_to_pose_action.cpp.o[0m
[146.015s] [ 42%] [32m[1mLinking CXX shared library libnav2_initial_pose_received_condition_bt_node.so[0m
[146.437s] [ 42%] Built target nav2_initial_pose_received_condition_bt_node
[146.567s] [ 42%] [32mBuilding CXX object gtest/CMakeFiles/gtest_main.dir/src/gtest_main.cc.o[0m
[149.503s] [ 43%] [32m[1mLinking CXX static library libgtest_main.a[0m
[149.677s] [ 43%] Built target gtest_main
[149.799s] [ 44%] [32m[1mLinking CXX shared library libnav2_remove_passed_goals_action_bt_node.so[0m
[150.460s] [ 44%] Built target nav2_remove_passed_goals_action_bt_node
[153.477s] [ 44%] [32m[1mLinking CXX shared library libnav2_navigate_through_poses_action_bt_node.so[0m
[154.047s] [ 44%] [32m[1mLinking CXX shared library libnav2_goal_updated_controller_bt_node.so[0m
[154.154s] [ 44%] Built target nav2_navigate_through_poses_action_bt_node
[154.514s] [ 44%] Built target nav2_goal_updated_controller_bt_node
[156.458s] [ 44%] [32m[1mLinking CXX shared library libnav2_navigate_to_pose_action_bt_node.so[0m
[156.551s] [ 45%] [32m[1mLinking CXX shared library libnav2_controller_cancel_bt_node.so[0m
[156.861s] [ 45%] Built target nav2_navigate_to_pose_action_bt_node
[156.901s] [ 45%] Built target nav2_controller_cancel_bt_node
[159.594s] [ 46%] [32m[1mLinking CXX shared library libnav2_compute_path_to_pose_action_bt_node.so[0m
[159.777s] [ 47%] [32m[1mLinking CXX shared library libnav2_compute_path_through_poses_action_bt_node.so[0m
[159.953s] [ 47%] Built target nav2_compute_path_to_pose_action_bt_node
[160.110s] [ 47%] Built target nav2_compute_path_through_poses_action_bt_node
[163.923s] [ 48%] [32m[1mLinking CXX shared library libnav2_planner_selector_bt_node.so[0m
[164.053s] [ 49%] [32m[1mLinking CXX shared library libnav2_controller_selector_bt_node.so[0m
[164.290s] [ 49%] Built target nav2_planner_selector_bt_node
[164.321s] [ 49%] [32mBuilding CXX object gtest/CMakeFiles/gtest.dir/src/gtest-all.cc.o[0m
[164.428s] [ 49%] Built target nav2_controller_selector_bt_node
[166.068s] [ 49%] [32m[1mLinking CXX shared library libnav2_is_battery_low_condition_bt_node.so[0m
[166.097s] [ 49%] [32m[1mLinking CXX shared library libnav2_goal_checker_selector_bt_node.so[0m
[166.469s] [ 49%] Built target nav2_is_battery_low_condition_bt_node
[166.512s] [ 49%] Built target nav2_goal_checker_selector_bt_node
[177.169s] [ 50%] [32m[1mLinking CXX static library libgtest.a[0m
[177.231s] [ 50%] Built target gtest
[177.263s] [ 50%] [32mBuilding CXX object test/CMakeFiles/test_bt_conversions.dir/test_bt_conversions.cpp.o[0m
[177.263s] [ 50%] [32mBuilding CXX object test/plugins/condition/CMakeFiles/test_condition_distance_traveled.dir/test_distance_traveled.cpp.o[0m
[177.265s] [ 50%] [32mBuilding CXX object test/plugins/condition/CMakeFiles/test_condition_time_expired.dir/test_time_expired.cpp.o[0m
[178.283s] [ 50%] [32mBuilding CXX object test/plugins/condition/CMakeFiles/test_condition_is_stuck.dir/test_is_stuck.cpp.o[0m
[178.283s] [ 50%] [32mBuilding CXX object test/plugins/condition/CMakeFiles/test_condition_is_path_valid.dir/test_is_path_valid.cpp.o[0m
[178.283s] [ 50%] [32mBuilding CXX object test/plugins/condition/CMakeFiles/test_condition_is_battery_low.dir/test_is_battery_low.cpp.o[0m
[179.307s] [ 50%] [32mBuilding CXX object test/plugins/condition/CMakeFiles/test_condition_initial_pose_received.dir/test_initial_pose_received.cpp.o[0m
[179.318s] [ 50%] [32mBuilding CXX object test/plugins/condition/CMakeFiles/test_condition_transform_available.dir/test_transform_available.cpp.o[0m
[179.318s] [ 50%] [32mBuilding CXX object test/plugins/condition/CMakeFiles/test_condition_globally_updated_goal.dir/test_globally_updated_goal.cpp.o[0m
[180.418s] [ 50%] [32mBuilding CXX object test/plugins/condition/CMakeFiles/test_condition_goal_updated.dir/test_goal_updated.cpp.o[0m
[180.437s] [ 50%] [32mBuilding CXX object test/plugins/condition/CMakeFiles/test_condition_goal_reached.dir/test_goal_reached.cpp.o[0m
[180.448s] [ 50%] [32mBuilding CXX object test/plugins/condition/CMakeFiles/test_condition_path_expiring_timer.dir/test_path_expiring_timer.cpp.o[0m
[189.399s] [ 51%] [32m[1mLinking CXX executable test_bt_conversions[0m
[190.388s] [ 51%] Built target test_bt_conversions
[200.323s] [ 52%] [32m[1mLinking CXX executable test_condition_distance_traveled[0m
[200.340s] [ 53%] [32m[1mLinking CXX executable test_condition_time_expired[0m
[201.451s] [ 53%] Built target test_condition_distance_traveled
[201.803s] [ 53%] Built target test_condition_time_expired
[202.336s] [ 54%] [32m[1mLinking CXX executable test_condition_transform_available[0m
[202.471s] [ 55%] [32m[1mLinking CXX executable test_condition_is_path_valid[0m
[203.244s] [ 55%] Built target test_condition_is_path_valid
[203.476s] [ 55%] Built target test_condition_transform_available
[203.484s] [ 56%] [32m[1mLinking CXX executable test_condition_globally_updated_goal[0m
[204.173s] [ 56%] Built target test_condition_globally_updated_goal
[204.189s] [ 57%] [32m[1mLinking CXX executable test_condition_path_expiring_timer[0m
[204.314s] [ 58%] [32m[1mLinking CXX executable test_condition_initial_pose_received[0m
[204.466s] [ 59%] [32m[1mLinking CXX executable test_condition_is_battery_low[0m
[204.784s] [ 59%] Built target test_condition_path_expiring_timer
[204.942s] [ 59%] Built target test_condition_initial_pose_received
[204.948s] [ 60%] [32m[1mLinking CXX executable test_condition_is_stuck[0m
[205.023s] [ 60%] Built target test_condition_is_battery_low
[205.264s] [ 61%] [32m[1mLinking CXX executable test_condition_goal_updated[0m
[205.506s] [ 61%] Built target test_condition_is_stuck
[205.812s] [ 61%] Built target test_condition_goal_updated
[205.815s] [ 62%] [32m[1mLinking CXX executable test_condition_goal_reached[0m
[206.270s] [ 62%] Built target test_condition_goal_reached
[206.304s] [ 62%] [32mBuilding CXX object test/plugins/action/CMakeFiles/test_bt_action_node.dir/test_bt_action_node.cpp.o[0m
[222.135s] [ 63%] [32m[1mLinking CXX executable test_bt_action_node[0m
[222.532s] [ 63%] Built target test_bt_action_node
[222.571s] [ 64%] [32mBuilding CXX object test/plugins/action/CMakeFiles/test_action_spin_action.dir/test_spin_action.cpp.o[0m
[223.587s] [ 66%] [32mBuilding CXX object test/plugins/control/CMakeFiles/test_control_round_robin_node.dir/test_round_robin_node.cpp.o[0m
[223.587s] [ 66%] [32mBuilding CXX object test/plugins/action/CMakeFiles/test_action_back_up_action.dir/test_back_up_action.cpp.o[0m
[224.609s] [ 67%] [32mBuilding CXX object test/plugins/control/CMakeFiles/test_control_recovery_node.dir/test_recovery_node.cpp.o[0m
[224.612s] [ 68%] [32mBuilding CXX object test/plugins/control/CMakeFiles/test_control_pipeline_sequence.dir/test_pipeline_sequence.cpp.o[0m
[225.657s] [ 69%] [32mBuilding CXX object test/plugins/decorator/CMakeFiles/test_decorator_path_longer_on_approach.dir/test_path_longer_on_approach.cpp.o[0m
[225.699s] [ 70%] [32mBuilding CXX object test/plugins/decorator/CMakeFiles/test_goal_updated_controller.dir/test_goal_updated_controller.cpp.o[0m
[226.779s] [ 71%] [32mBuilding CXX object test/plugins/decorator/CMakeFiles/test_single_trigger_node.dir/test_single_trigger_node.cpp.o[0m
[226.801s] [ 72%] [32mBuilding CXX object test/plugins/decorator/CMakeFiles/test_goal_updater_node.dir/test_goal_updater_node.cpp.o[0m
[228.840s] [ 73%] [32mBuilding CXX object test/plugins/decorator/CMakeFiles/test_decorator_rate_controller.dir/test_rate_controller.cpp.o[0m
[230.941s] [ 74%] [32mBuilding CXX object test/plugins/decorator/CMakeFiles/test_decorator_speed_controller.dir/test_speed_controller.cpp.o[0m
[241.115s] [ 74%] [32m[1mLinking CXX executable test_control_recovery_node[0m
[241.283s] [ 74%] [32m[1mLinking CXX executable test_decorator_path_longer_on_approach[0m
[241.883s] [ 74%] [32m[1mLinking CXX executable test_control_round_robin_node[0m
[241.896s] [ 74%] Built target test_decorator_path_longer_on_approach
[241.968s] [ 74%] Built target test_control_recovery_node
[242.599s] [ 74%] Built target test_control_round_robin_node
[242.615s] [ 75%] [32m[1mLinking CXX executable test_action_spin_action[0m
[243.260s] [ 75%] Built target test_action_spin_action
[243.987s] [ 75%] [32m[1mLinking CXX executable test_action_back_up_action[0m
[244.011s] [ 75%] [32m[1mLinking CXX executable test_control_pipeline_sequence[0m
[244.138s] [ 75%] [32m[1mLinking CXX executable test_goal_updater_node[0m
[244.293s] [ 75%] [32m[1mLinking CXX executable test_single_trigger_node[0m
[244.477s] [ 75%] Built target test_action_back_up_action
[244.618s] [ 75%] Built target test_control_pipeline_sequence
[244.641s] [ 75%] Built target test_goal_updater_node
[244.846s] [ 75%] Built target test_single_trigger_node
[245.457s] [ 75%] [32m[1mLinking CXX executable test_goal_updated_controller[0m
[245.929s] [ 75%] Built target test_goal_updated_controller
[247.171s] [ 75%] [32m[1mLinking CXX executable test_decorator_rate_controller[0m
[247.623s] [ 75%] Built target test_decorator_rate_controller
[251.660s] [ 75%] [32m[1mLinking CXX executable test_decorator_speed_controller[0m
[252.072s] [ 75%] Built target test_decorator_speed_controller
[252.109s] [ 76%] [32mBuilding CXX object test/plugins/action/CMakeFiles/test_action_clear_costmap_service.dir/test_clear_costmap_service.cpp.o[0m
[253.126s] [ 78%] [32mBuilding CXX object test/plugins/action/CMakeFiles/test_action_drive_on_heading_cancel_action.dir/test_drive_on_heading_cancel_node.cpp.o[0m
[253.126s] [ 78%] [32mBuilding CXX object test/plugins/action/CMakeFiles/test_action_reinitialize_global_localization_service.dir/test_reinitialize_global_localization_service.cpp.o[0m
[254.146s] [ 80%] [32mBuilding CXX object test/plugins/action/CMakeFiles/test_action_back_up_cancel_action.dir/test_back_up_cancel_node.cpp.o[0m
[254.146s] [ 80%] [32mBuilding CXX object test/plugins/action/CMakeFiles/test_action_assisted_teleop_cancel_action.dir/test_assisted_teleop_cancel_node.cpp.o[0m
[255.166s] [ 80%] [32mBuilding CXX object test/plugins/action/CMakeFiles/test_action_spin_cancel_action.dir/test_spin_cancel_node.cpp.o[0m
[255.167s] [ 80%] [32mBuilding CXX object test/plugins/action/CMakeFiles/test_action_wait_cancel_action.dir/test_wait_cancel_node.cpp.o[0m
[256.195s] [ 82%] [32mBuilding CXX object test/plugins/action/CMakeFiles/test_action_controller_cancel_action.dir/test_controller_cancel_node.cpp.o[0m
[256.195s] [ 82%] [32mBuilding CXX object test/plugins/action/CMakeFiles/test_action_assisted_teleop_action.dir/test_assisted_teleop_action.cpp.o[0m
[257.227s] [ 83%] [32mBuilding CXX object test/plugins/action/CMakeFiles/test_action_drive_on_heading.dir/test_drive_on_heading_action.cpp.o[0m
[257.252s] [ 83%] [32mBuilding CXX object test/plugins/action/CMakeFiles/test_action_wait_action.dir/test_wait_action.cpp.o[0m
[259.364s] [ 84%] [32mBuilding CXX object test/plugins/decorator/CMakeFiles/test_decorator_distance_controller.dir/test_distance_controller.cpp.o[0m
[266.667s] [ 84%] [32m[1mLinking CXX executable test_action_reinitialize_global_localization_service[0m
[267.315s] [ 84%] Built target test_action_reinitialize_global_localization_service
[269.013s] [ 84%] [32m[1mLinking CXX executable test_action_clear_costmap_service[0m
[269.671s] [ 84%] Built target test_action_clear_costmap_service
[270.237s] [ 84%] [32m[1mLinking CXX executable test_action_drive_on_heading_cancel_action[0m
[270.789s] [ 84%] [32m[1mLinking CXX executable test_action_assisted_teleop_cancel_action[0m
[270.870s] [ 84%] Built target test_action_drive_on_heading_cancel_action
[271.247s] [ 84%] Built target test_action_assisted_teleop_cancel_action
[271.584s] [ 84%] [32m[1mLinking CXX executable test_action_back_up_cancel_action[0m
[272.068s] [ 84%] Built target test_action_back_up_cancel_action
[272.184s] [ 85%] [32m[1mLinking CXX executable test_action_wait_cancel_action[0m
[272.476s] [ 86%] [32m[1mLinking CXX executable test_action_spin_cancel_action[0m
[272.630s] [ 86%] Built target test_action_wait_cancel_action
[272.876s] [ 86%] Built target test_action_spin_cancel_action
[272.909s] [ 87%] [32mBuilding CXX object test/plugins/action/CMakeFiles/test_action_navigate_through_poses_action.dir/test_navigate_through_poses_action.cpp.o[0m
[272.995s] [ 88%] [32m[1mLinking CXX executable test_action_wait_action[0m
[273.264s] [ 88%] [32m[1mLinking CXX executable test_action_controller_cancel_action[0m
[273.397s] [ 88%] Built target test_action_wait_action
[273.415s] [ 89%] [32mBuilding CXX object test/plugins/action/CMakeFiles/test_truncate_path_action.dir/test_truncate_path_action.cpp.o[0m
[273.434s] [ 90%] [32mBuilding CXX object test/plugins/action/CMakeFiles/test_action_navigate_to_pose_action.dir/test_navigate_to_pose_action.cpp.o[0m
[273.459s] [ 90%] [32m[1mLinking CXX executable test_action_assisted_teleop_action[0m
[273.693s] [ 90%] [32m[1mLinking CXX executable test_action_drive_on_heading[0m
[273.703s] [ 90%] Built target test_action_controller_cancel_action
[273.743s] [ 91%] [32mBuilding CXX object test/plugins/action/CMakeFiles/test_truncate_path_local_action.dir/test_truncate_path_local_action.cpp.o[0m
[273.887s] [ 91%] Built target test_action_assisted_teleop_action
[273.932s] [ 92%] [32mBuilding CXX object test/plugins/action/CMakeFiles/test_remove_passed_goals_action.dir/test_remove_passed_goals_action.cpp.o[0m
[274.098s] [ 92%] Built target test_action_drive_on_heading
[274.121s] [ 93%] [32mBuilding CXX object test/plugins/action/CMakeFiles/test_planner_selector_node.dir/test_planner_selector_node.cpp.o[0m
[274.131s] [ 94%] [32mBuilding CXX object test/plugins/action/CMakeFiles/test_action_follow_path_action.dir/test_follow_path_action.cpp.o[0m
[274.550s] [ 94%] [32m[1mLinking CXX executable test_decorator_distance_controller[0m
[275.165s] [ 95%] [32mBuilding CXX object test/plugins/action/CMakeFiles/test_controller_selector_node.dir/test_controller_selector_node.cpp.o[0m
[275.250s] [ 95%] Built target test_decorator_distance_controller
[275.307s] [ 96%] [32mBuilding CXX object test/plugins/action/CMakeFiles/test_action_smooth_path_action.dir/test_smooth_path_action.cpp.o[0m
[285.343s] [ 96%] [32m[1mLinking CXX executable test_truncate_path_action[0m
[285.797s] [ 96%] Built target test_truncate_path_action
[287.703s] [ 96%] [32m[1mLinking CXX executable test_action_navigate_through_poses_action[0m
[288.106s] [ 96%] Built target test_action_navigate_through_poses_action
[288.139s] [ 97%] [32mBuilding CXX object test/plugins/action/CMakeFiles/test_goal_checker_selector_node.dir/test_goal_checker_selector_node.cpp.o[0m
[288.277s] [ 97%] [32m[1mLinking CXX executable test_planner_selector_node[0m
[288.516s] [ 97%] [32m[1mLinking CXX executable test_action_navigate_to_pose_action[0m
[288.635s] [ 97%] [32m[1mLinking CXX executable test_action_follow_path_action[0m
[288.747s] [ 97%] Built target test_planner_selector_node
[288.791s] [ 98%] [32mBuilding CXX object test/plugins/action/CMakeFiles/test_action_compute_path_through_poses_action.dir/test_compute_path_through_poses_action.cpp.o[0m
[288.800s] [ 98%] [32m[1mLinking CXX executable test_remove_passed_goals_action[0m
[289.008s] [ 98%] Built target test_action_navigate_to_pose_action
[289.056s] [ 99%] [32mBuilding CXX object test/plugins/action/CMakeFiles/test_action_compute_path_to_pose_action.dir/test_compute_path_to_pose_action.cpp.o[0m
[289.093s] [ 99%] Built target test_action_follow_path_action
[289.294s] [ 99%] Built target test_remove_passed_goals_action
[290.266s] [ 99%] [32m[1mLinking CXX executable test_controller_selector_node[0m
[290.643s] [100%] [32m[1mLinking CXX executable test_truncate_path_local_action[0m
[290.667s] [100%] Built target test_controller_selector_node
[291.096s] [100%] Built target test_truncate_path_local_action
[291.773s] [100%] [32m[1mLinking CXX executable test_action_smooth_path_action[0m
[292.179s] [100%] Built target test_action_smooth_path_action
[300.960s] [100%] [32m[1mLinking CXX executable test_goal_checker_selector_node[0m
[301.364s] [100%] Built target test_goal_checker_selector_node
[303.637s] [100%] [32m[1mLinking CXX executable test_action_compute_path_through_poses_action[0m
[303.682s] [100%] [32m[1mLinking CXX executable test_action_compute_path_to_pose_action[0m
[304.052s] [100%] Built target test_action_compute_path_through_poses_action
[304.092s] [100%] Built target test_action_compute_path_to_pose_action
[304.114s] Invoked command in '/home/agx/cthree/slam/nav2fishbot/build/nav2_behavior_tree' returned '0': AMENT_PREFIX_PATH=/home/agx/cthree/slam/nav2fishbot/install/nav2_util:/home/agx/cthree/slam/nav2fishbot/install/nav2_msgs:/home/agx/cthree/slam/nav2fishbot/install/nav2_common:${AMENT_PREFIX_PATH} CMAKE_PREFIX_PATH=/home/agx/cthree/slam/nav2fishbot/install/nav2_util:/home/agx/cthree/slam/nav2fishbot/install/nav2_msgs:/home/agx/cthree/slam/nav2fishbot/install/nav2_common:/home/agx/cthree/slam/OVD-SLAM10/Examples/ros2/install/orbslam3:/home/agx/cthree/slam/cam_ws/install/realsense2_description:/home/agx/cthree/slam/cam_ws/install/realsense2_camera:/home/agx/cthree/slam/cam_ws/install/realsense2_camera_msgs:/opt/ros/humble LD_LIBRARY_PATH=/home/agx/cthree/slam/nav2fishbot/install/nav2_util/lib:/home/agx/cthree/slam/nav2fishbot/install/nav2_msgs/lib:/home/agx/cthree/slam/cam_ws/install/realsense2_camera/lib:/home/agx/cthree/slam/cam_ws/install/realsense2_camera_msgs/lib:/opt/ros/humble/opt/rviz_ogre_vendor/lib:/opt/ros/humble/lib/aarch64-linux-gnu:/opt/ros/humble/lib:/usr/local/lib PYTHONPATH=/home/agx/cthree/slam/nav2fishbot/install/nav2_msgs/local/lib/python3.10/dist-packages:/home/agx/cthree/slam/nav2fishbot/install/nav2_common/local/lib/python3.10/dist-packages:${PYTHONPATH} /usr/bin/cmake --build /home/agx/cthree/slam/nav2fishbot/build/nav2_behavior_tree -- -j12 -l12
[304.118s] Invoking command in '/home/agx/cthree/slam/nav2fishbot/build/nav2_behavior_tree': AMENT_PREFIX_PATH=/home/agx/cthree/slam/nav2fishbot/install/nav2_util:/home/agx/cthree/slam/nav2fishbot/install/nav2_msgs:/home/agx/cthree/slam/nav2fishbot/install/nav2_common:${AMENT_PREFIX_PATH} CMAKE_PREFIX_PATH=/home/agx/cthree/slam/nav2fishbot/install/nav2_util:/home/agx/cthree/slam/nav2fishbot/install/nav2_msgs:/home/agx/cthree/slam/nav2fishbot/install/nav2_common:/home/agx/cthree/slam/OVD-SLAM10/Examples/ros2/install/orbslam3:/home/agx/cthree/slam/cam_ws/install/realsense2_description:/home/agx/cthree/slam/cam_ws/install/realsense2_camera:/home/agx/cthree/slam/cam_ws/install/realsense2_camera_msgs:/opt/ros/humble LD_LIBRARY_PATH=/home/agx/cthree/slam/nav2fishbot/install/nav2_util/lib:/home/agx/cthree/slam/nav2fishbot/install/nav2_msgs/lib:/home/agx/cthree/slam/cam_ws/install/realsense2_camera/lib:/home/agx/cthree/slam/cam_ws/install/realsense2_camera_msgs/lib:/opt/ros/humble/opt/rviz_ogre_vendor/lib:/opt/ros/humble/lib/aarch64-linux-gnu:/opt/ros/humble/lib:/usr/local/lib PYTHONPATH=/home/agx/cthree/slam/nav2fishbot/install/nav2_msgs/local/lib/python3.10/dist-packages:/home/agx/cthree/slam/nav2fishbot/install/nav2_common/local/lib/python3.10/dist-packages:${PYTHONPATH} /usr/bin/cmake --install /home/agx/cthree/slam/nav2fishbot/build/nav2_behavior_tree
[304.131s] -- Install configuration: "Release"
[304.131s] -- Installing: /home/agx/cthree/slam/nav2fishbot/install/nav2_behavior_tree/lib/libnav2_behavior_tree.so
[304.131s] -- Set runtime path of "/home/agx/cthree/slam/nav2fishbot/install/nav2_behavior_tree/lib/libnav2_behavior_tree.so" to ""
[304.131s] -- Installing: /home/agx/cthree/slam/nav2fishbot/install/nav2_behavior_tree/lib/libnav2_compute_path_to_pose_action_bt_node.so
[304.133s] -- Set runtime path of "/home/agx/cthree/slam/nav2fishbot/install/nav2_behavior_tree/lib/libnav2_compute_path_to_pose_action_bt_node.so" to ""
[304.133s] -- Installing: /home/agx/cthree/slam/nav2fishbot/install/nav2_behavior_tree/lib/libnav2_compute_path_through_poses_action_bt_node.so
[304.134s] -- Set runtime path of "/home/agx/cthree/slam/nav2fishbot/install/nav2_behavior_tree/lib/libnav2_compute_path_through_poses_action_bt_node.so" to ""
[304.134s] -- Installing: /home/agx/cthree/slam/nav2fishbot/install/nav2_behavior_tree/lib/libnav2_controller_cancel_bt_node.so
[304.135s] -- Set runtime path of "/home/agx/cthree/slam/nav2fishbot/install/nav2_behavior_tree/lib/libnav2_controller_cancel_bt_node.so" to ""
[304.135s] -- Installing: /home/agx/cthree/slam/nav2fishbot/install/nav2_behavior_tree/lib/libnav2_wait_cancel_bt_node.so
[304.136s] -- Set runtime path of "/home/agx/cthree/slam/nav2fishbot/install/nav2_behavior_tree/lib/libnav2_wait_cancel_bt_node.so" to ""
[304.136s] -- Installing: /home/agx/cthree/slam/nav2fishbot/install/nav2_behavior_tree/lib/libnav2_spin_cancel_bt_node.so
[304.137s] -- Set runtime path of "/home/agx/cthree/slam/nav2fishbot/install/nav2_behavior_tree/lib/libnav2_spin_cancel_bt_node.so" to ""
[304.137s] -- Installing: /home/agx/cthree/slam/nav2fishbot/install/nav2_behavior_tree/lib/libnav2_back_up_cancel_bt_node.so
[304.138s] -- Set runtime path of "/home/agx/cthree/slam/nav2fishbot/install/nav2_behavior_tree/lib/libnav2_back_up_cancel_bt_node.so" to ""
[304.138s] -- Installing: /home/agx/cthree/slam/nav2fishbot/install/nav2_behavior_tree/lib/libnav2_assisted_teleop_cancel_bt_node.so
[304.138s] -- Set runtime path of "/home/agx/cthree/slam/nav2fishbot/install/nav2_behavior_tree/lib/libnav2_assisted_teleop_cancel_bt_node.so" to ""
[304.139s] -- Installing: /home/agx/cthree/slam/nav2fishbot/install/nav2_behavior_tree/lib/libnav2_drive_on_heading_cancel_bt_node.so
[304.139s] -- Set runtime path of "/home/agx/cthree/slam/nav2fishbot/install/nav2_behavior_tree/lib/libnav2_drive_on_heading_cancel_bt_node.so" to ""
[304.140s] -- Installing: /home/agx/cthree/slam/nav2fishbot/install/nav2_behavior_tree/lib/libnav2_smooth_path_action_bt_node.so
[304.141s] -- Set runtime path of "/home/agx/cthree/slam/nav2fishbot/install/nav2_behavior_tree/lib/libnav2_smooth_path_action_bt_node.so" to ""
[304.141s] -- Installing: /home/agx/cthree/slam/nav2fishbot/install/nav2_behavior_tree/lib/libnav2_follow_path_action_bt_node.so
[304.142s] -- Set runtime path of "/home/agx/cthree/slam/nav2fishbot/install/nav2_behavior_tree/lib/libnav2_follow_path_action_bt_node.so" to ""
[304.142s] -- Installing: /home/agx/cthree/slam/nav2fishbot/install/nav2_behavior_tree/lib/libnav2_back_up_action_bt_node.so
[304.143s] -- Set runtime path of "/home/agx/cthree/slam/nav2fishbot/install/nav2_behavior_tree/lib/libnav2_back_up_action_bt_node.so" to ""
[304.143s] -- Installing: /home/agx/cthree/slam/nav2fishbot/install/nav2_behavior_tree/lib/libnav2_drive_on_heading_bt_node.so
[304.144s] -- Set runtime path of "/home/agx/cthree/slam/nav2fishbot/install/nav2_behavior_tree/lib/libnav2_drive_on_heading_bt_node.so" to ""
[304.144s] -- Installing: /home/agx/cthree/slam/nav2fishbot/install/nav2_behavior_tree/lib/libnav2_spin_action_bt_node.so
[304.145s] -- Set runtime path of "/home/agx/cthree/slam/nav2fishbot/install/nav2_behavior_tree/lib/libnav2_spin_action_bt_node.so" to ""
[304.145s] -- Installing: /home/agx/cthree/slam/nav2fishbot/install/nav2_behavior_tree/lib/libnav2_wait_action_bt_node.so
[304.146s] -- Set runtime path of "/home/agx/cthree/slam/nav2fishbot/install/nav2_behavior_tree/lib/libnav2_wait_action_bt_node.so" to ""
[304.146s] -- Installing: /home/agx/cthree/slam/nav2fishbot/install/nav2_behavior_tree/lib/libnav2_assisted_teleop_action_bt_node.so
[304.147s] -- Set runtime path of "/home/agx/cthree/slam/nav2fishbot/install/nav2_behavior_tree/lib/libnav2_assisted_teleop_action_bt_node.so" to ""
[304.147s] -- Installing: /home/agx/cthree/slam/nav2fishbot/install/nav2_behavior_tree/lib/libnav2_clear_costmap_service_bt_node.so
[304.148s] -- Set runtime path of "/home/agx/cthree/slam/nav2fishbot/install/nav2_behavior_tree/lib/libnav2_clear_costmap_service_bt_node.so" to ""
[304.149s] -- Installing: /home/agx/cthree/slam/nav2fishbot/install/nav2_behavior_tree/lib/libnav2_is_stuck_condition_bt_node.so
[304.150s] -- Set runtime path of "/home/agx/cthree/slam/nav2fishbot/install/nav2_behavior_tree/lib/libnav2_is_stuck_condition_bt_node.so" to ""
[304.150s] -- Installing: /home/agx/cthree/slam/nav2fishbot/install/nav2_behavior_tree/lib/libnav2_transform_available_condition_bt_node.so
[304.151s] -- Set runtime path of "/home/agx/cthree/slam/nav2fishbot/install/nav2_behavior_tree/lib/libnav2_transform_available_condition_bt_node.so" to ""
[304.151s] -- Installing: /home/agx/cthree/slam/nav2fishbot/install/nav2_behavior_tree/lib/libnav2_goal_reached_condition_bt_node.so
[304.152s] -- Set runtime path of "/home/agx/cthree/slam/nav2fishbot/install/nav2_behavior_tree/lib/libnav2_goal_reached_condition_bt_node.so" to ""
[304.152s] -- Installing: /home/agx/cthree/slam/nav2fishbot/install/nav2_behavior_tree/lib/libnav2_globally_updated_goal_condition_bt_node.so
[304.152s] -- Set runtime path of "/home/agx/cthree/slam/nav2fishbot/install/nav2_behavior_tree/lib/libnav2_globally_updated_goal_condition_bt_node.so" to ""
[304.152s] -- Installing: /home/agx/cthree/slam/nav2fishbot/install/nav2_behavior_tree/lib/libnav2_goal_updated_condition_bt_node.so
[304.153s] -- Set runtime path of "/home/agx/cthree/slam/nav2fishbot/install/nav2_behavior_tree/lib/libnav2_goal_updated_condition_bt_node.so" to ""
[304.153s] -- Installing: /home/agx/cthree/slam/nav2fishbot/install/nav2_behavior_tree/lib/libnav2_is_path_valid_condition_bt_node.so
[304.154s] -- Set runtime path of "/home/agx/cthree/slam/nav2fishbot/install/nav2_behavior_tree/lib/libnav2_is_path_valid_condition_bt_node.so" to ""
[304.154s] -- Installing: /home/agx/cthree/slam/nav2fishbot/install/nav2_behavior_tree/lib/libnav2_time_expired_condition_bt_node.so
[304.154s] -- Set runtime path of "/home/agx/cthree/slam/nav2fishbot/install/nav2_behavior_tree/lib/libnav2_time_expired_condition_bt_node.so" to ""
[304.154s] -- Installing: /home/agx/cthree/slam/nav2fishbot/install/nav2_behavior_tree/lib/libnav2_path_expiring_timer_condition.so
[304.155s] -- Set runtime path of "/home/agx/cthree/slam/nav2fishbot/install/nav2_behavior_tree/lib/libnav2_path_expiring_timer_condition.so" to ""
[304.155s] -- Installing: /home/agx/cthree/slam/nav2fishbot/install/nav2_behavior_tree/lib/libnav2_distance_traveled_condition_bt_node.so
[304.156s] -- Set runtime path of "/home/agx/cthree/slam/nav2fishbot/install/nav2_behavior_tree/lib/libnav2_distance_traveled_condition_bt_node.so" to ""
[304.156s] -- Installing: /home/agx/cthree/slam/nav2fishbot/install/nav2_behavior_tree/lib/libnav2_initial_pose_received_condition_bt_node.so
[304.156s] -- Set runtime path of "/home/agx/cthree/slam/nav2fishbot/install/nav2_behavior_tree/lib/libnav2_initial_pose_received_condition_bt_node.so" to ""
[304.157s] -- Installing: /home/agx/cthree/slam/nav2fishbot/install/nav2_behavior_tree/lib/libnav2_is_battery_low_condition_bt_node.so
[304.158s] -- Set runtime path of "/home/agx/cthree/slam/nav2fishbot/install/nav2_behavior_tree/lib/libnav2_is_battery_low_condition_bt_node.so" to ""
[304.159s] -- Installing: /home/agx/cthree/slam/nav2fishbot/install/nav2_behavior_tree/lib/libnav2_reinitialize_global_localization_service_bt_node.so
[304.159s] -- Set runtime path of "/home/agx/cthree/slam/nav2fishbot/install/nav2_behavior_tree/lib/libnav2_reinitialize_global_localization_service_bt_node.so" to ""
[304.159s] -- Installing: /home/agx/cthree/slam/nav2fishbot/install/nav2_behavior_tree/lib/libnav2_rate_controller_bt_node.so
[304.160s] -- Set runtime path of "/home/agx/cthree/slam/nav2fishbot/install/nav2_behavior_tree/lib/libnav2_rate_controller_bt_node.so" to ""
[304.160s] -- Installing: /home/agx/cthree/slam/nav2fishbot/install/nav2_behavior_tree/lib/libnav2_distance_controller_bt_node.so
[304.161s] -- Set runtime path of "/home/agx/cthree/slam/nav2fishbot/install/nav2_behavior_tree/lib/libnav2_distance_controller_bt_node.so" to ""
[304.161s] -- Installing: /home/agx/cthree/slam/nav2fishbot/install/nav2_behavior_tree/lib/libnav2_speed_controller_bt_node.so
[304.161s] -- Set runtime path of "/home/agx/cthree/slam/nav2fishbot/install/nav2_behavior_tree/lib/libnav2_speed_controller_bt_node.so" to ""
[304.161s] -- Installing: /home/agx/cthree/slam/nav2fishbot/install/nav2_behavior_tree/lib/libnav2_truncate_path_action_bt_node.so
[304.162s] -- Set runtime path of "/home/agx/cthree/slam/nav2fishbot/install/nav2_behavior_tree/lib/libnav2_truncate_path_action_bt_node.so" to ""
[304.162s] -- Installing: /home/agx/cthree/slam/nav2fishbot/install/nav2_behavior_tree/lib/libnav2_truncate_path_local_action_bt_node.so
[304.163s] -- Set runtime path of "/home/agx/cthree/slam/nav2fishbot/install/nav2_behavior_tree/lib/libnav2_truncate_path_local_action_bt_node.so" to ""
[304.163s] -- Installing: /home/agx/cthree/slam/nav2fishbot/install/nav2_behavior_tree/lib/libnav2_goal_updater_node_bt_node.so
[304.165s] -- Set runtime path of "/home/agx/cthree/slam/nav2fishbot/install/nav2_behavior_tree/lib/libnav2_goal_updater_node_bt_node.so" to ""
[304.165s] -- Installing: /home/agx/cthree/slam/nav2fishbot/install/nav2_behavior_tree/lib/libnav2_path_longer_on_approach_bt_node.so
[304.166s] -- Set runtime path of "/home/agx/cthree/slam/nav2fishbot/install/nav2_behavior_tree/lib/libnav2_path_longer_on_approach_bt_node.so" to ""
[304.166s] -- Installing: /home/agx/cthree/slam/nav2fishbot/install/nav2_behavior_tree/lib/libnav2_recovery_node_bt_node.so
[304.166s] -- Set runtime path of "/home/agx/cthree/slam/nav2fishbot/install/nav2_behavior_tree/lib/libnav2_recovery_node_bt_node.so" to ""
[304.166s] -- Installing: /home/agx/cthree/slam/nav2fishbot/install/nav2_behavior_tree/lib/libnav2_navigate_to_pose_action_bt_node.so
[304.167s] -- Set runtime path of "/home/agx/cthree/slam/nav2fishbot/install/nav2_behavior_tree/lib/libnav2_navigate_to_pose_action_bt_node.so" to ""
[304.167s] -- Installing: /home/agx/cthree/slam/nav2fishbot/install/nav2_behavior_tree/lib/libnav2_navigate_through_poses_action_bt_node.so
[304.168s] -- Set runtime path of "/home/agx/cthree/slam/nav2fishbot/install/nav2_behavior_tree/lib/libnav2_navigate_through_poses_action_bt_node.so" to ""
[304.169s] -- Installing: /home/agx/cthree/slam/nav2fishbot/install/nav2_behavior_tree/lib/libnav2_remove_passed_goals_action_bt_node.so
[304.169s] -- Set runtime path of "/home/agx/cthree/slam/nav2fishbot/install/nav2_behavior_tree/lib/libnav2_remove_passed_goals_action_bt_node.so" to ""
[304.169s] -- Installing: /home/agx/cthree/slam/nav2fishbot/install/nav2_behavior_tree/lib/libnav2_pipeline_sequence_bt_node.so
[304.170s] -- Set runtime path of "/home/agx/cthree/slam/nav2fishbot/install/nav2_behavior_tree/lib/libnav2_pipeline_sequence_bt_node.so" to ""
[304.170s] -- Installing: /home/agx/cthree/slam/nav2fishbot/install/nav2_behavior_tree/lib/libnav2_round_robin_node_bt_node.so
[304.170s] -- Set runtime path of "/home/agx/cthree/slam/nav2fishbot/install/nav2_behavior_tree/lib/libnav2_round_robin_node_bt_node.so" to ""
[304.170s] -- Installing: /home/agx/cthree/slam/nav2fishbot/install/nav2_behavior_tree/lib/libnav2_single_trigger_bt_node.so
[304.171s] -- Set runtime path of "/home/agx/cthree/slam/nav2fishbot/install/nav2_behavior_tree/lib/libnav2_single_trigger_bt_node.so" to ""
[304.171s] -- Installing: /home/agx/cthree/slam/nav2fishbot/install/nav2_behavior_tree/lib/libnav2_planner_selector_bt_node.so
[304.173s] -- Set runtime path of "/home/agx/cthree/slam/nav2fishbot/install/nav2_behavior_tree/lib/libnav2_planner_selector_bt_node.so" to ""
[304.173s] -- Installing: /home/agx/cthree/slam/nav2fishbot/install/nav2_behavior_tree/lib/libnav2_controller_selector_bt_node.so
[304.175s] -- Set runtime path of "/home/agx/cthree/slam/nav2fishbot/install/nav2_behavior_tree/lib/libnav2_controller_selector_bt_node.so" to ""
[304.175s] -- Installing: /home/agx/cthree/slam/nav2fishbot/install/nav2_behavior_tree/lib/libnav2_goal_checker_selector_bt_node.so
[304.177s] -- Set runtime path of "/home/agx/cthree/slam/nav2fishbot/install/nav2_behavior_tree/lib/libnav2_goal_checker_selector_bt_node.so" to ""
[304.177s] -- Installing: /home/agx/cthree/slam/nav2fishbot/install/nav2_behavior_tree/lib/libnav2_goal_updated_controller_bt_node.so
[304.178s] -- Set runtime path of "/home/agx/cthree/slam/nav2fishbot/install/nav2_behavior_tree/lib/libnav2_goal_updated_controller_bt_node.so" to ""
[304.178s] -- Installing: /home/agx/cthree/slam/nav2fishbot/install/nav2_behavior_tree/include/
[304.178s] -- Installing: /home/agx/cthree/slam/nav2fishbot/install/nav2_behavior_tree/include//nav2_behavior_tree
[304.178s] -- Installing: /home/agx/cthree/slam/nav2fishbot/install/nav2_behavior_tree/include//nav2_behavior_tree/behavior_tree_engine.hpp
[304.178s] -- Installing: /home/agx/cthree/slam/nav2fishbot/install/nav2_behavior_tree/include//nav2_behavior_tree/bt_conversions.hpp
[304.178s] -- Installing: /home/agx/cthree/slam/nav2fishbot/install/nav2_behavior_tree/include//nav2_behavior_tree/bt_action_server_impl.hpp
[304.179s] -- Installing: /home/agx/cthree/slam/nav2fishbot/install/nav2_behavior_tree/include//nav2_behavior_tree/plugins
[304.179s] -- Installing: /home/agx/cthree/slam/nav2fishbot/install/nav2_behavior_tree/include//nav2_behavior_tree/plugins/condition
[304.179s] -- Installing: /home/agx/cthree/slam/nav2fishbot/install/nav2_behavior_tree/include//nav2_behavior_tree/plugins/condition/distance_traveled_condition.hpp
[304.179s] -- Installing: /home/agx/cthree/slam/nav2fishbot/install/nav2_behavior_tree/include//nav2_behavior_tree/plugins/condition/is_path_valid_condition.hpp
[304.179s] -- Installing: /home/agx/cthree/slam/nav2fishbot/install/nav2_behavior_tree/include//nav2_behavior_tree/plugins/condition/is_battery_low_condition.hpp
[304.179s] -- Installing: /home/agx/cthree/slam/nav2fishbot/install/nav2_behavior_tree/include//nav2_behavior_tree/plugins/condition/path_expiring_timer_condition.hpp
[304.179s] -- Installing: /home/agx/cthree/slam/nav2fishbot/install/nav2_behavior_tree/include//nav2_behavior_tree/plugins/condition/goal_updated_condition.hpp
[304.180s] -- Installing: /home/agx/cthree/slam/nav2fishbot/install/nav2_behavior_tree/include//nav2_behavior_tree/plugins/condition/goal_reached_condition.hpp
[304.180s] -- Installing: /home/agx/cthree/slam/nav2fishbot/install/nav2_behavior_tree/include//nav2_behavior_tree/plugins/condition/time_expired_condition.hpp
[304.180s] -- Installing: /home/agx/cthree/slam/nav2fishbot/install/nav2_behavior_tree/include//nav2_behavior_tree/plugins/condition/initial_pose_received_condition.hpp
[304.180s] -- Installing: /home/agx/cthree/slam/nav2fishbot/install/nav2_behavior_tree/include//nav2_behavior_tree/plugins/condition/transform_available_condition.hpp
[304.180s] -- Installing: /home/agx/cthree/slam/nav2fishbot/install/nav2_behavior_tree/include//nav2_behavior_tree/plugins/condition/is_stuck_condition.hpp
[304.180s] -- Installing: /home/agx/cthree/slam/nav2fishbot/install/nav2_behavior_tree/include//nav2_behavior_tree/plugins/condition/globally_updated_goal_condition.hpp
[304.180s] -- Installing: /home/agx/cthree/slam/nav2fishbot/install/nav2_behavior_tree/include//nav2_behavior_tree/plugins/action
[304.181s] -- Installing: /home/agx/cthree/slam/nav2fishbot/install/nav2_behavior_tree/include//nav2_behavior_tree/plugins/action/truncate_path_action.hpp
[304.181s] -- Installing: /home/agx/cthree/slam/nav2fishbot/install/nav2_behavior_tree/include//nav2_behavior_tree/plugins/action/remove_passed_goals_action.hpp
[304.181s] -- Installing: /home/agx/cthree/slam/nav2fishbot/install/nav2_behavior_tree/include//nav2_behavior_tree/plugins/action/spin_cancel_node.hpp
[304.181s] -- Installing: /home/agx/cthree/slam/nav2fishbot/install/nav2_behavior_tree/include//nav2_behavior_tree/plugins/action/controller_cancel_node.hpp
[304.181s] -- Installing: /home/agx/cthree/slam/nav2fishbot/install/nav2_behavior_tree/include//nav2_behavior_tree/plugins/action/follow_path_action.hpp
[304.181s] -- Installing: /home/agx/cthree/slam/nav2fishbot/install/nav2_behavior_tree/include//nav2_behavior_tree/plugins/action/assisted_teleop_action.hpp
[304.182s] -- Installing: /home/agx/cthree/slam/nav2fishbot/install/nav2_behavior_tree/include//nav2_behavior_tree/plugins/action/back_up_cancel_node.hpp
[304.182s] -- Installing: /home/agx/cthree/slam/nav2fishbot/install/nav2_behavior_tree/include//nav2_behavior_tree/plugins/action/reinitialize_global_localization_service.hpp
[304.182s] -- Installing: /home/agx/cthree/slam/nav2fishbot/install/nav2_behavior_tree/include//nav2_behavior_tree/plugins/action/navigate_through_poses_action.hpp
[304.182s] -- Installing: /home/agx/cthree/slam/nav2fishbot/install/nav2_behavior_tree/include//nav2_behavior_tree/plugins/action/navigate_to_pose_action.hpp
[304.182s] -- Installing: /home/agx/cthree/slam/nav2fishbot/install/nav2_behavior_tree/include//nav2_behavior_tree/plugins/action/back_up_action.hpp
[304.182s] -- Installing: /home/agx/cthree/slam/nav2fishbot/install/nav2_behavior_tree/include//nav2_behavior_tree/plugins/action/compute_path_through_poses_action.hpp
[304.182s] -- Installing: /home/agx/cthree/slam/nav2fishbot/install/nav2_behavior_tree/include//nav2_behavior_tree/plugins/action/drive_on_heading_cancel_node.hpp
[304.183s] -- Installing: /home/agx/cthree/slam/nav2fishbot/install/nav2_behavior_tree/include//nav2_behavior_tree/plugins/action/planner_selector_node.hpp
[304.183s] -- Installing: /home/agx/cthree/slam/nav2fishbot/install/nav2_behavior_tree/include//nav2_behavior_tree/plugins/action/truncate_path_local_action.hpp
[304.183s] -- Installing: /home/agx/cthree/slam/nav2fishbot/install/nav2_behavior_tree/include//nav2_behavior_tree/plugins/action/wait_cancel_node.hpp
[304.183s] -- Installing: /home/agx/cthree/slam/nav2fishbot/install/nav2_behavior_tree/include//nav2_behavior_tree/plugins/action/smooth_path_action.hpp
[304.183s] -- Installing: /home/agx/cthree/slam/nav2fishbot/install/nav2_behavior_tree/include//nav2_behavior_tree/plugins/action/drive_on_heading_action.hpp
[304.183s] -- Installing: /home/agx/cthree/slam/nav2fishbot/install/nav2_behavior_tree/include//nav2_behavior_tree/plugins/action/spin_action.hpp
[304.183s] -- Installing: /home/agx/cthree/slam/nav2fishbot/install/nav2_behavior_tree/include//nav2_behavior_tree/plugins/action/goal_checker_selector_node.hpp
[304.184s] -- Installing: /home/agx/cthree/slam/nav2fishbot/install/nav2_behavior_tree/include//nav2_behavior_tree/plugins/action/assisted_teleop_cancel_node.hpp
[304.184s] -- Installing: /home/agx/cthree/slam/nav2fishbot/install/nav2_behavior_tree/include//nav2_behavior_tree/plugins/action/wait_action.hpp
[304.184s] -- Installing: /home/agx/cthree/slam/nav2fishbot/install/nav2_behavior_tree/include//nav2_behavior_tree/plugins/action/controller_selector_node.hpp
[304.184s] -- Installing: /home/agx/cthree/slam/nav2fishbot/install/nav2_behavior_tree/include//nav2_behavior_tree/plugins/action/clear_costmap_service.hpp
[304.184s] -- Installing: /home/agx/cthree/slam/nav2fishbot/install/nav2_behavior_tree/include//nav2_behavior_tree/plugins/action/compute_path_to_pose_action.hpp
[304.184s] -- Installing: /home/agx/cthree/slam/nav2fishbot/install/nav2_behavior_tree/include//nav2_behavior_tree/plugins/control
[304.184s] -- Installing: /home/agx/cthree/slam/nav2fishbot/install/nav2_behavior_tree/include//nav2_behavior_tree/plugins/control/pipeline_sequence.hpp
[304.185s] -- Installing: /home/agx/cthree/slam/nav2fishbot/install/nav2_behavior_tree/include//nav2_behavior_tree/plugins/control/round_robin_node.hpp
[304.185s] -- Installing: /home/agx/cthree/slam/nav2fishbot/install/nav2_behavior_tree/include//nav2_behavior_tree/plugins/control/recovery_node.hpp
[304.185s] -- Installing: /home/agx/cthree/slam/nav2fishbot/install/nav2_behavior_tree/include//nav2_behavior_tree/plugins/decorator
[304.185s] -- Installing: /home/agx/cthree/slam/nav2fishbot/install/nav2_behavior_tree/include//nav2_behavior_tree/plugins/decorator/distance_controller.hpp
[304.185s] -- Installing: /home/agx/cthree/slam/nav2fishbot/install/nav2_behavior_tree/include//nav2_behavior_tree/plugins/decorator/rate_controller.hpp
[304.185s] -- Installing: /home/agx/cthree/slam/nav2fishbot/install/nav2_behavior_tree/include//nav2_behavior_tree/plugins/decorator/goal_updated_controller.hpp
[304.185s] -- Installing: /home/agx/cthree/slam/nav2fishbot/install/nav2_behavior_tree/include//nav2_behavior_tree/plugins/decorator/path_longer_on_approach.hpp
[304.186s] -- Installing: /home/agx/cthree/slam/nav2fishbot/install/nav2_behavior_tree/include//nav2_behavior_tree/plugins/decorator/single_trigger_node.hpp
[304.186s] -- Installing: /home/agx/cthree/slam/nav2fishbot/install/nav2_behavior_tree/include//nav2_behavior_tree/plugins/decorator/speed_controller.hpp
[304.186s] -- Installing: /home/agx/cthree/slam/nav2fishbot/install/nav2_behavior_tree/include//nav2_behavior_tree/plugins/decorator/goal_updater_node.hpp
[304.186s] -- Installing: /home/agx/cthree/slam/nav2fishbot/install/nav2_behavior_tree/include//nav2_behavior_tree/bt_action_server.hpp
[304.186s] -- Installing: /home/agx/cthree/slam/nav2fishbot/install/nav2_behavior_tree/include//nav2_behavior_tree/bt_cancel_action_node.hpp
[304.186s] -- Installing: /home/agx/cthree/slam/nav2fishbot/install/nav2_behavior_tree/include//nav2_behavior_tree/bt_service_node.hpp
[304.187s] -- Installing: /home/agx/cthree/slam/nav2fishbot/install/nav2_behavior_tree/include//nav2_behavior_tree/ros_topic_logger.hpp
[304.187s] -- Installing: /home/agx/cthree/slam/nav2fishbot/install/nav2_behavior_tree/include//nav2_behavior_tree/bt_action_node.hpp
[304.187s] -- Installing: /home/agx/cthree/slam/nav2fishbot/install/nav2_behavior_tree/share/nav2_behavior_tree/nav2_tree_nodes.xml
[304.187s] -- Installing: /home/agx/cthree/slam/nav2fishbot/install/nav2_behavior_tree/share/nav2_behavior_tree/environment/library_path.sh
[304.188s] -- Installing: /home/agx/cthree/slam/nav2fishbot/install/nav2_behavior_tree/share/nav2_behavior_tree/environment/library_path.dsv
[304.188s] -- Installing: /home/agx/cthree/slam/nav2fishbot/install/nav2_behavior_tree/share/ament_index/resource_index/package_run_dependencies/nav2_behavior_tree
[304.188s] -- Installing: /home/agx/cthree/slam/nav2fishbot/install/nav2_behavior_tree/share/ament_index/resource_index/parent_prefix_path/nav2_behavior_tree
[304.188s] -- Installing: /home/agx/cthree/slam/nav2fishbot/install/nav2_behavior_tree/share/nav2_behavior_tree/environment/ament_prefix_path.sh
[304.189s] -- Installing: /home/agx/cthree/slam/nav2fishbot/install/nav2_behavior_tree/share/nav2_behavior_tree/environment/ament_prefix_path.dsv
[304.189s] -- Installing: /home/agx/cthree/slam/nav2fishbot/install/nav2_behavior_tree/share/nav2_behavior_tree/environment/path.sh
[304.189s] -- Installing: /home/agx/cthree/slam/nav2fishbot/install/nav2_behavior_tree/share/nav2_behavior_tree/environment/path.dsv
[304.189s] -- Installing: /home/agx/cthree/slam/nav2fishbot/install/nav2_behavior_tree/share/nav2_behavior_tree/local_setup.bash
[304.189s] -- Installing: /home/agx/cthree/slam/nav2fishbot/install/nav2_behavior_tree/share/nav2_behavior_tree/local_setup.sh
[304.189s] -- Installing: /home/agx/cthree/slam/nav2fishbot/install/nav2_behavior_tree/share/nav2_behavior_tree/local_setup.zsh
[304.190s] -- Installing: /home/agx/cthree/slam/nav2fishbot/install/nav2_behavior_tree/share/nav2_behavior_tree/local_setup.dsv
[304.190s] -- Installing: /home/agx/cthree/slam/nav2fishbot/install/nav2_behavior_tree/share/nav2_behavior_tree/package.dsv
[304.190s] -- Installing: /home/agx/cthree/slam/nav2fishbot/install/nav2_behavior_tree/share/ament_index/resource_index/packages/nav2_behavior_tree
[304.190s] -- Installing: /home/agx/cthree/slam/nav2fishbot/install/nav2_behavior_tree/share/nav2_behavior_tree/cmake/ament_cmake_export_include_directories-extras.cmake
[304.190s] -- Installing: /home/agx/cthree/slam/nav2fishbot/install/nav2_behavior_tree/share/nav2_behavior_tree/cmake/ament_cmake_export_libraries-extras.cmake
[304.191s] -- Installing: /home/agx/cthree/slam/nav2fishbot/install/nav2_behavior_tree/share/nav2_behavior_tree/cmake/ament_cmake_export_dependencies-extras.cmake
[304.191s] -- Installing: /home/agx/cthree/slam/nav2fishbot/install/nav2_behavior_tree/share/nav2_behavior_tree/cmake/nav2_behavior_treeConfig.cmake
[304.191s] -- Installing: /home/agx/cthree/slam/nav2fishbot/install/nav2_behavior_tree/share/nav2_behavior_tree/cmake/nav2_behavior_treeConfig-version.cmake
[304.191s] -- Installing: /home/agx/cthree/slam/nav2fishbot/install/nav2_behavior_tree/share/nav2_behavior_tree/package.xml
[304.196s] Invoked command in '/home/agx/cthree/slam/nav2fishbot/build/nav2_behavior_tree' returned '0': AMENT_PREFIX_PATH=/home/agx/cthree/slam/nav2fishbot/install/nav2_util:/home/agx/cthree/slam/nav2fishbot/install/nav2_msgs:/home/agx/cthree/slam/nav2fishbot/install/nav2_common:${AMENT_PREFIX_PATH} CMAKE_PREFIX_PATH=/home/agx/cthree/slam/nav2fishbot/install/nav2_util:/home/agx/cthree/slam/nav2fishbot/install/nav2_msgs:/home/agx/cthree/slam/nav2fishbot/install/nav2_common:/home/agx/cthree/slam/OVD-SLAM10/Examples/ros2/install/orbslam3:/home/agx/cthree/slam/cam_ws/install/realsense2_description:/home/agx/cthree/slam/cam_ws/install/realsense2_camera:/home/agx/cthree/slam/cam_ws/install/realsense2_camera_msgs:/opt/ros/humble LD_LIBRARY_PATH=/home/agx/cthree/slam/nav2fishbot/install/nav2_util/lib:/home/agx/cthree/slam/nav2fishbot/install/nav2_msgs/lib:/home/agx/cthree/slam/cam_ws/install/realsense2_camera/lib:/home/agx/cthree/slam/cam_ws/install/realsense2_camera_msgs/lib:/opt/ros/humble/opt/rviz_ogre_vendor/lib:/opt/ros/humble/lib/aarch64-linux-gnu:/opt/ros/humble/lib:/usr/local/lib PYTHONPATH=/home/agx/cthree/slam/nav2fishbot/install/nav2_msgs/local/lib/python3.10/dist-packages:/home/agx/cthree/slam/nav2fishbot/install/nav2_common/local/lib/python3.10/dist-packages:${PYTHONPATH} /usr/bin/cmake --install /home/agx/cthree/slam/nav2fishbot/build/nav2_behavior_tree
