[0.070s] Invoking command in '/home/agx/cthree/slam/nav2fishbot/build/nav2_waypoint_follower': AMENT_PREFIX_PATH=/home/agx/cthree/slam/nav2fishbot/install/nav2_core:/home/agx/cthree/slam/nav2fishbot/install/nav2_costmap_2d:/home/agx/cthree/slam/nav2fishbot/install/nav2_map_server:/home/agx/cthree/slam/nav2fishbot/install/nav2_lifecycle_manager:/home/agx/cthree/slam/nav2fishbot/install/nav2_util:/home/agx/cthree/slam/nav2fishbot/install/nav2_voxel_grid:/home/agx/cthree/slam/nav2fishbot/install/nav2_msgs:/home/agx/cthree/slam/nav2fishbot/install/nav2_common:${AMENT_PREFIX_PATH} CMAKE_PREFIX_PATH=/home/agx/cthree/slam/nav2fishbot/install/nav2_core:/home/agx/cthree/slam/nav2fishbot/install/nav2_costmap_2d:/home/agx/cthree/slam/nav2fishbot/install/nav2_map_server:/home/agx/cthree/slam/nav2fishbot/install/nav2_lifecycle_manager:/home/agx/cthree/slam/nav2fishbot/install/nav2_util:/home/agx/cthree/slam/nav2fishbot/install/nav2_voxel_grid:/home/agx/cthree/slam/nav2fishbot/install/nav2_msgs:/home/agx/cthree/slam/nav2fishbot/install/nav2_common:/home/agx/cthree/slam/OVD-SLAM10/Examples/ros2/install/orbslam3:/home/agx/cthree/slam/cam_ws/install/realsense2_description:/home/agx/cthree/slam/cam_ws/install/realsense2_camera:/home/agx/cthree/slam/cam_ws/install/realsense2_camera_msgs:/opt/ros/humble LD_LIBRARY_PATH=/home/agx/cthree/slam/nav2fishbot/install/nav2_costmap_2d/lib:/home/agx/cthree/slam/nav2fishbot/install/nav2_map_server/lib:/home/agx/cthree/slam/nav2fishbot/install/nav2_lifecycle_manager/lib:/home/agx/cthree/slam/nav2fishbot/install/nav2_util/lib:/home/agx/cthree/slam/nav2fishbot/install/nav2_voxel_grid/lib:/home/agx/cthree/slam/nav2fishbot/install/nav2_msgs/lib:/home/agx/cthree/slam/cam_ws/install/realsense2_camera/lib:/home/agx/cthree/slam/cam_ws/install/realsense2_camera_msgs/lib:/opt/ros/humble/opt/rviz_ogre_vendor/lib:/opt/ros/humble/lib/aarch64-linux-gnu:/opt/ros/humble/lib:/usr/local/lib PYTHONPATH=/home/agx/cthree/slam/nav2fishbot/install/nav2_msgs/local/lib/python3.10/dist-packages:/home/agx/cthree/slam/nav2fishbot/install/nav2_common/local/lib/python3.10/dist-packages:${PYTHONPATH} /usr/bin/cmake /home/agx/cthree/slam/nav2fishbot/src/fishbot/src/navigation/nav2_waypoint_follower -DCMAKE_INSTALL_PREFIX=/home/agx/cthree/slam/nav2fishbot/install/nav2_waypoint_follower
[4.598s] -- The C compiler identification is GNU 9.5.0
[4.598s] -- The CXX compiler identification is GNU 9.5.0
[4.599s] -- Detecting C compiler ABI info
[4.599s] -- Detecting C compiler ABI info - done
[4.599s] -- Check for working C compiler: /usr/bin/cc - skipped
[4.599s] -- Detecting C compile features
[4.599s] -- Detecting C compile features - done
[4.599s] -- Detecting CXX compiler ABI info
[4.599s] -- Detecting CXX compiler ABI info - done
[4.599s] -- Check for working CXX compiler: /usr/bin/c++ - skipped
[4.599s] -- Detecting CXX compile features
[4.599s] -- Detecting CXX compile features - done
[4.599s] -- Looking for pthread.h
[4.599s] -- Looking for pthread.h - found
[4.600s] -- Performing Test CMAKE_HAVE_LIBC_PTHREAD
[4.600s] -- Performing Test CMAKE_HAVE_LIBC_PTHREAD - Success
[4.600s] -- Found Threads: TRUE  
[4.600s] -- Found CUDA: /usr/local/cuda-12.6 (found suitable exact version "12.6") 
[4.600s] -- Found OpenCV version 4.10.0
[4.600s] -- Found image_transport: 3.1.12 (/opt/ros/humble/share/image_transport/cmake)
[4.600s] -- Found Python3: /usr/bin/python3 (found version "3.10.12") found components: Interpreter 
[4.600s] -- Found rosidl_generator_c: 3.1.7 (/opt/ros/humble/share/rosidl_generator_c/cmake)
[4.600s] -- Found rosidl_adapter: 3.1.7 (/opt/ros/humble/share/rosidl_adapter/cmake)
[4.600s] -- Found rosidl_generator_cpp: 3.1.7 (/opt/ros/humble/share/rosidl_generator_cpp/cmake)
[4.600s] -- Using all available rosidl_typesupport_c: rosidl_typesupport_fastrtps_c;rosidl_typesupport_introspection_c
[4.600s] -- Using all available rosidl_typesupport_cpp: rosidl_typesupport_fastrtps_cpp;rosidl_typesupport_introspection_cpp
[4.600s] -- Found rmw_implementation_cmake: 6.1.2 (/opt/ros/humble/share/rmw_implementation_cmake/cmake)
[4.601s] -- Found rmw_fastrtps_cpp: 6.2.9 (/opt/ros/humble/share/rmw_fastrtps_cpp/cmake)
[4.601s] -- Found OpenSSL: /usr/lib/aarch64-linux-gnu/libcrypto.so (found version "3.0.2")  
[4.601s] -- Found FastRTPS: /opt/ros/humble/include  
[4.601s] -- Using RMW implementation 'rmw_fastrtps_cpp' as default
[4.601s] -- Found cv_bridge: 3.2.1 (/usr/local/share/cv_bridge/cmake)
[4.601s] -- Found nav2_common: 1.1.0 (/home/agx/cthree/slam/nav2fishbot/install/nav2_common/share/nav2_common/cmake)
[4.601s] -- Found rclcpp_action: 16.0.16 (/opt/ros/humble/share/rclcpp_action/cmake)
[4.602s] -- Found rclcpp_lifecycle: 16.0.16 (/opt/ros/humble/share/rclcpp_lifecycle/cmake)
[4.602s] -- Found rclcpp_components: 16.0.16 (/opt/ros/humble/share/rclcpp_components/cmake)
[4.602s] -- Found nav_msgs: 4.9.0 (/opt/ros/humble/share/nav_msgs/cmake)
[4.602s] -- Found nav2_msgs: 1.1.0 (/home/agx/cthree/slam/nav2fishbot/install/nav2_msgs/share/nav2_msgs/cmake)
[4.602s] -- Found nav2_util: 1.1.0 (/home/agx/cthree/slam/nav2fishbot/install/nav2_util/share/nav2_util/cmake)
[4.602s] -- Found eigen3_cmake_module: 0.1.1 (/opt/ros/humble/share/eigen3_cmake_module/cmake)
[4.602s] -- Found Eigen3: TRUE (found version "3.4.0") 
[4.602s] -- Ensuring Eigen3 include directory is part of orocos-kdl CMake target
[4.602s] -- Found nav2_core: 1.1.0 (/home/agx/cthree/slam/nav2fishbot/install/nav2_core/share/nav2_core/cmake)
[4.602s] -- Setting build type to Release as none was specified.
[4.602s] -- Found ament_lint_auto: 0.12.14 (/opt/ros/humble/share/ament_lint_auto/cmake)
[4.603s] -- Found ament_cmake_gtest: 1.3.12 (/opt/ros/humble/share/ament_cmake_gtest/cmake)
[4.603s] -- Found gtest sources under '/opt/ros/humble/src/gtest_vendor': C++ tests using 'Google Test' will be built
[4.603s] -- Added test 'copyright' to check source files copyright and LICENSE
[4.603s] -- Added test 'cppcheck' to perform static code analysis on C / C++ code
[4.603s] -- Configured cppcheck include dirs: /home/agx/cthree/slam/nav2fishbot/src/fishbot/src/navigation/nav2_waypoint_follower/include
[4.603s] -- Configured cppcheck exclude dirs and/or files: 
[4.610s] -- Added test 'cpplint' to check C / C++ code against the Google style
[4.610s] -- Configured cpplint exclude dirs and/or files: 
[4.610s] -- Added test 'lint_cmake' to check CMake code style
[4.610s] -- Added test 'uncrustify' to check C / C++ code style
[4.610s] -- Configured uncrustify additional arguments: 
[4.610s] -- Added test 'xmllint' to check XML markup files
[4.610s] -- Configuring done
[4.610s] -- Generating done
[4.625s] -- Build files have been written to: /home/agx/cthree/slam/nav2fishbot/build/nav2_waypoint_follower
[4.674s] Invoked command in '/home/agx/cthree/slam/nav2fishbot/build/nav2_waypoint_follower' returned '0': AMENT_PREFIX_PATH=/home/agx/cthree/slam/nav2fishbot/install/nav2_core:/home/agx/cthree/slam/nav2fishbot/install/nav2_costmap_2d:/home/agx/cthree/slam/nav2fishbot/install/nav2_map_server:/home/agx/cthree/slam/nav2fishbot/install/nav2_lifecycle_manager:/home/agx/cthree/slam/nav2fishbot/install/nav2_util:/home/agx/cthree/slam/nav2fishbot/install/nav2_voxel_grid:/home/agx/cthree/slam/nav2fishbot/install/nav2_msgs:/home/agx/cthree/slam/nav2fishbot/install/nav2_common:${AMENT_PREFIX_PATH} CMAKE_PREFIX_PATH=/home/agx/cthree/slam/nav2fishbot/install/nav2_core:/home/agx/cthree/slam/nav2fishbot/install/nav2_costmap_2d:/home/agx/cthree/slam/nav2fishbot/install/nav2_map_server:/home/agx/cthree/slam/nav2fishbot/install/nav2_lifecycle_manager:/home/agx/cthree/slam/nav2fishbot/install/nav2_util:/home/agx/cthree/slam/nav2fishbot/install/nav2_voxel_grid:/home/agx/cthree/slam/nav2fishbot/install/nav2_msgs:/home/agx/cthree/slam/nav2fishbot/install/nav2_common:/home/agx/cthree/slam/OVD-SLAM10/Examples/ros2/install/orbslam3:/home/agx/cthree/slam/cam_ws/install/realsense2_description:/home/agx/cthree/slam/cam_ws/install/realsense2_camera:/home/agx/cthree/slam/cam_ws/install/realsense2_camera_msgs:/opt/ros/humble LD_LIBRARY_PATH=/home/agx/cthree/slam/nav2fishbot/install/nav2_costmap_2d/lib:/home/agx/cthree/slam/nav2fishbot/install/nav2_map_server/lib:/home/agx/cthree/slam/nav2fishbot/install/nav2_lifecycle_manager/lib:/home/agx/cthree/slam/nav2fishbot/install/nav2_util/lib:/home/agx/cthree/slam/nav2fishbot/install/nav2_voxel_grid/lib:/home/agx/cthree/slam/nav2fishbot/install/nav2_msgs/lib:/home/agx/cthree/slam/cam_ws/install/realsense2_camera/lib:/home/agx/cthree/slam/cam_ws/install/realsense2_camera_msgs/lib:/opt/ros/humble/opt/rviz_ogre_vendor/lib:/opt/ros/humble/lib/aarch64-linux-gnu:/opt/ros/humble/lib:/usr/local/lib PYTHONPATH=/home/agx/cthree/slam/nav2fishbot/install/nav2_msgs/local/lib/python3.10/dist-packages:/home/agx/cthree/slam/nav2fishbot/install/nav2_common/local/lib/python3.10/dist-packages:${PYTHONPATH} /usr/bin/cmake /home/agx/cthree/slam/nav2fishbot/src/fishbot/src/navigation/nav2_waypoint_follower -DCMAKE_INSTALL_PREFIX=/home/agx/cthree/slam/nav2fishbot/install/nav2_waypoint_follower
[4.674s] Invoking command in '/home/agx/cthree/slam/nav2fishbot/build/nav2_waypoint_follower': AMENT_PREFIX_PATH=/home/agx/cthree/slam/nav2fishbot/install/nav2_core:/home/agx/cthree/slam/nav2fishbot/install/nav2_costmap_2d:/home/agx/cthree/slam/nav2fishbot/install/nav2_map_server:/home/agx/cthree/slam/nav2fishbot/install/nav2_lifecycle_manager:/home/agx/cthree/slam/nav2fishbot/install/nav2_util:/home/agx/cthree/slam/nav2fishbot/install/nav2_voxel_grid:/home/agx/cthree/slam/nav2fishbot/install/nav2_msgs:/home/agx/cthree/slam/nav2fishbot/install/nav2_common:${AMENT_PREFIX_PATH} CMAKE_PREFIX_PATH=/home/agx/cthree/slam/nav2fishbot/install/nav2_core:/home/agx/cthree/slam/nav2fishbot/install/nav2_costmap_2d:/home/agx/cthree/slam/nav2fishbot/install/nav2_map_server:/home/agx/cthree/slam/nav2fishbot/install/nav2_lifecycle_manager:/home/agx/cthree/slam/nav2fishbot/install/nav2_util:/home/agx/cthree/slam/nav2fishbot/install/nav2_voxel_grid:/home/agx/cthree/slam/nav2fishbot/install/nav2_msgs:/home/agx/cthree/slam/nav2fishbot/install/nav2_common:/home/agx/cthree/slam/OVD-SLAM10/Examples/ros2/install/orbslam3:/home/agx/cthree/slam/cam_ws/install/realsense2_description:/home/agx/cthree/slam/cam_ws/install/realsense2_camera:/home/agx/cthree/slam/cam_ws/install/realsense2_camera_msgs:/opt/ros/humble LD_LIBRARY_PATH=/home/agx/cthree/slam/nav2fishbot/install/nav2_costmap_2d/lib:/home/agx/cthree/slam/nav2fishbot/install/nav2_map_server/lib:/home/agx/cthree/slam/nav2fishbot/install/nav2_lifecycle_manager/lib:/home/agx/cthree/slam/nav2fishbot/install/nav2_util/lib:/home/agx/cthree/slam/nav2fishbot/install/nav2_voxel_grid/lib:/home/agx/cthree/slam/nav2fishbot/install/nav2_msgs/lib:/home/agx/cthree/slam/cam_ws/install/realsense2_camera/lib:/home/agx/cthree/slam/cam_ws/install/realsense2_camera_msgs/lib:/opt/ros/humble/opt/rviz_ogre_vendor/lib:/opt/ros/humble/lib/aarch64-linux-gnu:/opt/ros/humble/lib:/usr/local/lib PYTHONPATH=/home/agx/cthree/slam/nav2fishbot/install/nav2_msgs/local/lib/python3.10/dist-packages:/home/agx/cthree/slam/nav2fishbot/install/nav2_common/local/lib/python3.10/dist-packages:${PYTHONPATH} /usr/bin/cmake --build /home/agx/cthree/slam/nav2fishbot/build/nav2_waypoint_follower -- -j12 -l12
[51.813s] [  5%] [32mBuilding CXX object CMakeFiles/waypoint_follower_core.dir/src/waypoint_follower.cpp.o[0m
[51.813s] [ 11%] [32m[1mLinking CXX shared library libwaypoint_follower_core.so[0m
[51.814s] [ 11%] Built target waypoint_follower_core
[51.814s] [ 16%] [32mBuilding CXX object gtest/CMakeFiles/gtest.dir/src/gtest-all.cc.o[0m
[51.814s] [ 22%] [32m[1mLinking CXX static library libgtest.a[0m
[51.814s] [ 22%] Built target gtest
[51.814s] [ 27%] [32mBuilding CXX object CMakeFiles/waypoint_follower.dir/src/main.cpp.o[0m
[51.814s] [ 33%] [32m[1mLinking CXX executable waypoint_follower[0m
[52.099s] [ 33%] Built target waypoint_follower
[52.138s] [ 38%] [32mBuilding CXX object gtest/CMakeFiles/gtest_main.dir/src/gtest_main.cc.o[0m
[53.671s] [ 44%] [32m[1mLinking CXX static library libgtest_main.a[0m
[53.728s] [ 44%] Built target gtest_main
[53.768s] [ 55%] [32mBuilding CXX object CMakeFiles/input_at_waypoint.dir/plugins/input_at_waypoint.cpp.o[0m
[53.768s] [ 55%] [32mBuilding CXX object CMakeFiles/photo_at_waypoint.dir/plugins/photo_at_waypoint.cpp.o[0m
[73.542s] [ 61%] [32m[1mLinking CXX shared library libinput_at_waypoint.so[0m
[74.022s] [ 61%] Built target input_at_waypoint
[74.061s] [ 66%] [32mBuilding CXX object test/CMakeFiles/test_dynamic_parameters.dir/test_dynamic_parameters.cpp.o[0m
[77.980s] [ 72%] [32m[1mLinking CXX shared library libphoto_at_waypoint.so[0m
[78.747s] [ 72%] Built target photo_at_waypoint
[78.782s] [ 77%] [32mBuilding CXX object CMakeFiles/wait_at_waypoint.dir/plugins/wait_at_waypoint.cpp.o[0m
[83.678s] [ 83%] [32m[1mLinking CXX executable test_dynamic_parameters[0m
[84.401s] [ 83%] Built target test_dynamic_parameters
[84.796s] [ 88%] [32m[1mLinking CXX shared library libwait_at_waypoint.so[0m
[85.228s] [ 88%] Built target wait_at_waypoint
[85.268s] [ 94%] [32mBuilding CXX object test/CMakeFiles/test_task_executors.dir/test_task_executors.cpp.o[0m
[106.705s] [100%] [32m[1mLinking CXX executable test_task_executors[0m
[107.623s] [100%] Built target test_task_executors
[107.643s] Invoked command in '/home/agx/cthree/slam/nav2fishbot/build/nav2_waypoint_follower' returned '0': AMENT_PREFIX_PATH=/home/agx/cthree/slam/nav2fishbot/install/nav2_core:/home/agx/cthree/slam/nav2fishbot/install/nav2_costmap_2d:/home/agx/cthree/slam/nav2fishbot/install/nav2_map_server:/home/agx/cthree/slam/nav2fishbot/install/nav2_lifecycle_manager:/home/agx/cthree/slam/nav2fishbot/install/nav2_util:/home/agx/cthree/slam/nav2fishbot/install/nav2_voxel_grid:/home/agx/cthree/slam/nav2fishbot/install/nav2_msgs:/home/agx/cthree/slam/nav2fishbot/install/nav2_common:${AMENT_PREFIX_PATH} CMAKE_PREFIX_PATH=/home/agx/cthree/slam/nav2fishbot/install/nav2_core:/home/agx/cthree/slam/nav2fishbot/install/nav2_costmap_2d:/home/agx/cthree/slam/nav2fishbot/install/nav2_map_server:/home/agx/cthree/slam/nav2fishbot/install/nav2_lifecycle_manager:/home/agx/cthree/slam/nav2fishbot/install/nav2_util:/home/agx/cthree/slam/nav2fishbot/install/nav2_voxel_grid:/home/agx/cthree/slam/nav2fishbot/install/nav2_msgs:/home/agx/cthree/slam/nav2fishbot/install/nav2_common:/home/agx/cthree/slam/OVD-SLAM10/Examples/ros2/install/orbslam3:/home/agx/cthree/slam/cam_ws/install/realsense2_description:/home/agx/cthree/slam/cam_ws/install/realsense2_camera:/home/agx/cthree/slam/cam_ws/install/realsense2_camera_msgs:/opt/ros/humble LD_LIBRARY_PATH=/home/agx/cthree/slam/nav2fishbot/install/nav2_costmap_2d/lib:/home/agx/cthree/slam/nav2fishbot/install/nav2_map_server/lib:/home/agx/cthree/slam/nav2fishbot/install/nav2_lifecycle_manager/lib:/home/agx/cthree/slam/nav2fishbot/install/nav2_util/lib:/home/agx/cthree/slam/nav2fishbot/install/nav2_voxel_grid/lib:/home/agx/cthree/slam/nav2fishbot/install/nav2_msgs/lib:/home/agx/cthree/slam/cam_ws/install/realsense2_camera/lib:/home/agx/cthree/slam/cam_ws/install/realsense2_camera_msgs/lib:/opt/ros/humble/opt/rviz_ogre_vendor/lib:/opt/ros/humble/lib/aarch64-linux-gnu:/opt/ros/humble/lib:/usr/local/lib PYTHONPATH=/home/agx/cthree/slam/nav2fishbot/install/nav2_msgs/local/lib/python3.10/dist-packages:/home/agx/cthree/slam/nav2fishbot/install/nav2_common/local/lib/python3.10/dist-packages:${PYTHONPATH} /usr/bin/cmake --build /home/agx/cthree/slam/nav2fishbot/build/nav2_waypoint_follower -- -j12 -l12
[107.646s] Invoking command in '/home/agx/cthree/slam/nav2fishbot/build/nav2_waypoint_follower': AMENT_PREFIX_PATH=/home/agx/cthree/slam/nav2fishbot/install/nav2_core:/home/agx/cthree/slam/nav2fishbot/install/nav2_costmap_2d:/home/agx/cthree/slam/nav2fishbot/install/nav2_map_server:/home/agx/cthree/slam/nav2fishbot/install/nav2_lifecycle_manager:/home/agx/cthree/slam/nav2fishbot/install/nav2_util:/home/agx/cthree/slam/nav2fishbot/install/nav2_voxel_grid:/home/agx/cthree/slam/nav2fishbot/install/nav2_msgs:/home/agx/cthree/slam/nav2fishbot/install/nav2_common:${AMENT_PREFIX_PATH} CMAKE_PREFIX_PATH=/home/agx/cthree/slam/nav2fishbot/install/nav2_core:/home/agx/cthree/slam/nav2fishbot/install/nav2_costmap_2d:/home/agx/cthree/slam/nav2fishbot/install/nav2_map_server:/home/agx/cthree/slam/nav2fishbot/install/nav2_lifecycle_manager:/home/agx/cthree/slam/nav2fishbot/install/nav2_util:/home/agx/cthree/slam/nav2fishbot/install/nav2_voxel_grid:/home/agx/cthree/slam/nav2fishbot/install/nav2_msgs:/home/agx/cthree/slam/nav2fishbot/install/nav2_common:/home/agx/cthree/slam/OVD-SLAM10/Examples/ros2/install/orbslam3:/home/agx/cthree/slam/cam_ws/install/realsense2_description:/home/agx/cthree/slam/cam_ws/install/realsense2_camera:/home/agx/cthree/slam/cam_ws/install/realsense2_camera_msgs:/opt/ros/humble LD_LIBRARY_PATH=/home/agx/cthree/slam/nav2fishbot/install/nav2_costmap_2d/lib:/home/agx/cthree/slam/nav2fishbot/install/nav2_map_server/lib:/home/agx/cthree/slam/nav2fishbot/install/nav2_lifecycle_manager/lib:/home/agx/cthree/slam/nav2fishbot/install/nav2_util/lib:/home/agx/cthree/slam/nav2fishbot/install/nav2_voxel_grid/lib:/home/agx/cthree/slam/nav2fishbot/install/nav2_msgs/lib:/home/agx/cthree/slam/cam_ws/install/realsense2_camera/lib:/home/agx/cthree/slam/cam_ws/install/realsense2_camera_msgs/lib:/opt/ros/humble/opt/rviz_ogre_vendor/lib:/opt/ros/humble/lib/aarch64-linux-gnu:/opt/ros/humble/lib:/usr/local/lib PYTHONPATH=/home/agx/cthree/slam/nav2fishbot/install/nav2_msgs/local/lib/python3.10/dist-packages:/home/agx/cthree/slam/nav2fishbot/install/nav2_common/local/lib/python3.10/dist-packages:${PYTHONPATH} /usr/bin/cmake --install /home/agx/cthree/slam/nav2fishbot/build/nav2_waypoint_follower
[107.660s] -- Install configuration: "Release"
[107.660s] -- Installing: /home/agx/cthree/slam/nav2fishbot/install/nav2_waypoint_follower/lib/libwaypoint_follower_core.so
[107.662s] -- Set runtime path of "/home/agx/cthree/slam/nav2fishbot/install/nav2_waypoint_follower/lib/libwaypoint_follower_core.so" to ""
[107.663s] -- Installing: /home/agx/cthree/slam/nav2fishbot/install/nav2_waypoint_follower/lib/libwait_at_waypoint.so
[107.663s] -- Set runtime path of "/home/agx/cthree/slam/nav2fishbot/install/nav2_waypoint_follower/lib/libwait_at_waypoint.so" to ""
[107.663s] -- Installing: /home/agx/cthree/slam/nav2fishbot/install/nav2_waypoint_follower/lib/libphoto_at_waypoint.so
[107.666s] -- Set runtime path of "/home/agx/cthree/slam/nav2fishbot/install/nav2_waypoint_follower/lib/libphoto_at_waypoint.so" to ""
[107.666s] -- Installing: /home/agx/cthree/slam/nav2fishbot/install/nav2_waypoint_follower/lib/libinput_at_waypoint.so
[107.668s] -- Set runtime path of "/home/agx/cthree/slam/nav2fishbot/install/nav2_waypoint_follower/lib/libinput_at_waypoint.so" to ""
[107.669s] -- Installing: /home/agx/cthree/slam/nav2fishbot/install/nav2_waypoint_follower/lib/nav2_waypoint_follower/waypoint_follower
[107.671s] -- Set runtime path of "/home/agx/cthree/slam/nav2fishbot/install/nav2_waypoint_follower/lib/nav2_waypoint_follower/waypoint_follower" to ""
[107.671s] -- Installing: /home/agx/cthree/slam/nav2fishbot/install/nav2_waypoint_follower/include/
[107.671s] -- Installing: /home/agx/cthree/slam/nav2fishbot/install/nav2_waypoint_follower/include//nav2_waypoint_follower
[107.672s] -- Installing: /home/agx/cthree/slam/nav2fishbot/install/nav2_waypoint_follower/include//nav2_waypoint_follower/plugins
[107.672s] -- Installing: /home/agx/cthree/slam/nav2fishbot/install/nav2_waypoint_follower/include//nav2_waypoint_follower/plugins/wait_at_waypoint.hpp
[107.672s] -- Installing: /home/agx/cthree/slam/nav2fishbot/install/nav2_waypoint_follower/include//nav2_waypoint_follower/plugins/photo_at_waypoint.hpp
[107.672s] -- Installing: /home/agx/cthree/slam/nav2fishbot/install/nav2_waypoint_follower/include//nav2_waypoint_follower/plugins/input_at_waypoint.hpp
[107.672s] -- Installing: /home/agx/cthree/slam/nav2fishbot/install/nav2_waypoint_follower/include//nav2_waypoint_follower/waypoint_follower.hpp
[107.672s] -- Installing: /home/agx/cthree/slam/nav2fishbot/install/nav2_waypoint_follower/share/nav2_waypoint_follower/environment/library_path.sh
[107.672s] -- Installing: /home/agx/cthree/slam/nav2fishbot/install/nav2_waypoint_follower/share/nav2_waypoint_follower/environment/library_path.dsv
[107.673s] -- Installing: /home/agx/cthree/slam/nav2fishbot/install/nav2_waypoint_follower/share/nav2_waypoint_follower/plugins.xml
[107.673s] -- Installing: /home/agx/cthree/slam/nav2fishbot/install/nav2_waypoint_follower/share/ament_index/resource_index/package_run_dependencies/nav2_waypoint_follower
[107.673s] -- Installing: /home/agx/cthree/slam/nav2fishbot/install/nav2_waypoint_follower/share/ament_index/resource_index/parent_prefix_path/nav2_waypoint_follower
[107.673s] -- Installing: /home/agx/cthree/slam/nav2fishbot/install/nav2_waypoint_follower/share/nav2_waypoint_follower/environment/ament_prefix_path.sh
[107.674s] -- Installing: /home/agx/cthree/slam/nav2fishbot/install/nav2_waypoint_follower/share/nav2_waypoint_follower/environment/ament_prefix_path.dsv
[107.674s] -- Installing: /home/agx/cthree/slam/nav2fishbot/install/nav2_waypoint_follower/share/nav2_waypoint_follower/environment/path.sh
[107.674s] -- Installing: /home/agx/cthree/slam/nav2fishbot/install/nav2_waypoint_follower/share/nav2_waypoint_follower/environment/path.dsv
[107.674s] -- Installing: /home/agx/cthree/slam/nav2fishbot/install/nav2_waypoint_follower/share/nav2_waypoint_follower/local_setup.bash
[107.674s] -- Installing: /home/agx/cthree/slam/nav2fishbot/install/nav2_waypoint_follower/share/nav2_waypoint_follower/local_setup.sh
[107.675s] -- Installing: /home/agx/cthree/slam/nav2fishbot/install/nav2_waypoint_follower/share/nav2_waypoint_follower/local_setup.zsh
[107.675s] -- Installing: /home/agx/cthree/slam/nav2fishbot/install/nav2_waypoint_follower/share/nav2_waypoint_follower/local_setup.dsv
[107.675s] -- Installing: /home/agx/cthree/slam/nav2fishbot/install/nav2_waypoint_follower/share/nav2_waypoint_follower/package.dsv
[107.676s] -- Installing: /home/agx/cthree/slam/nav2fishbot/install/nav2_waypoint_follower/share/ament_index/resource_index/packages/nav2_waypoint_follower
[107.676s] -- Installing: /home/agx/cthree/slam/nav2fishbot/install/nav2_waypoint_follower/share/ament_index/resource_index/nav2_waypoint_follower__pluginlib__plugin/nav2_waypoint_follower
[107.676s] -- Installing: /home/agx/cthree/slam/nav2fishbot/install/nav2_waypoint_follower/share/ament_index/resource_index/rclcpp_components/nav2_waypoint_follower
[107.676s] -- Installing: /home/agx/cthree/slam/nav2fishbot/install/nav2_waypoint_follower/share/nav2_waypoint_follower/cmake/ament_cmake_export_include_directories-extras.cmake
[107.676s] -- Installing: /home/agx/cthree/slam/nav2fishbot/install/nav2_waypoint_follower/share/nav2_waypoint_follower/cmake/ament_cmake_export_libraries-extras.cmake
[107.677s] -- Installing: /home/agx/cthree/slam/nav2fishbot/install/nav2_waypoint_follower/share/nav2_waypoint_follower/cmake/ament_cmake_export_dependencies-extras.cmake
[107.677s] -- Installing: /home/agx/cthree/slam/nav2fishbot/install/nav2_waypoint_follower/share/nav2_waypoint_follower/cmake/nav2_waypoint_followerConfig.cmake
[107.677s] -- Installing: /home/agx/cthree/slam/nav2fishbot/install/nav2_waypoint_follower/share/nav2_waypoint_follower/cmake/nav2_waypoint_followerConfig-version.cmake
[107.677s] -- Installing: /home/agx/cthree/slam/nav2fishbot/install/nav2_waypoint_follower/share/nav2_waypoint_follower/package.xml
[107.684s] Invoked command in '/home/agx/cthree/slam/nav2fishbot/build/nav2_waypoint_follower' returned '0': AMENT_PREFIX_PATH=/home/agx/cthree/slam/nav2fishbot/install/nav2_core:/home/agx/cthree/slam/nav2fishbot/install/nav2_costmap_2d:/home/agx/cthree/slam/nav2fishbot/install/nav2_map_server:/home/agx/cthree/slam/nav2fishbot/install/nav2_lifecycle_manager:/home/agx/cthree/slam/nav2fishbot/install/nav2_util:/home/agx/cthree/slam/nav2fishbot/install/nav2_voxel_grid:/home/agx/cthree/slam/nav2fishbot/install/nav2_msgs:/home/agx/cthree/slam/nav2fishbot/install/nav2_common:${AMENT_PREFIX_PATH} CMAKE_PREFIX_PATH=/home/agx/cthree/slam/nav2fishbot/install/nav2_core:/home/agx/cthree/slam/nav2fishbot/install/nav2_costmap_2d:/home/agx/cthree/slam/nav2fishbot/install/nav2_map_server:/home/agx/cthree/slam/nav2fishbot/install/nav2_lifecycle_manager:/home/agx/cthree/slam/nav2fishbot/install/nav2_util:/home/agx/cthree/slam/nav2fishbot/install/nav2_voxel_grid:/home/agx/cthree/slam/nav2fishbot/install/nav2_msgs:/home/agx/cthree/slam/nav2fishbot/install/nav2_common:/home/agx/cthree/slam/OVD-SLAM10/Examples/ros2/install/orbslam3:/home/agx/cthree/slam/cam_ws/install/realsense2_description:/home/agx/cthree/slam/cam_ws/install/realsense2_camera:/home/agx/cthree/slam/cam_ws/install/realsense2_camera_msgs:/opt/ros/humble LD_LIBRARY_PATH=/home/agx/cthree/slam/nav2fishbot/install/nav2_costmap_2d/lib:/home/agx/cthree/slam/nav2fishbot/install/nav2_map_server/lib:/home/agx/cthree/slam/nav2fishbot/install/nav2_lifecycle_manager/lib:/home/agx/cthree/slam/nav2fishbot/install/nav2_util/lib:/home/agx/cthree/slam/nav2fishbot/install/nav2_voxel_grid/lib:/home/agx/cthree/slam/nav2fishbot/install/nav2_msgs/lib:/home/agx/cthree/slam/cam_ws/install/realsense2_camera/lib:/home/agx/cthree/slam/cam_ws/install/realsense2_camera_msgs/lib:/opt/ros/humble/opt/rviz_ogre_vendor/lib:/opt/ros/humble/lib/aarch64-linux-gnu:/opt/ros/humble/lib:/usr/local/lib PYTHONPATH=/home/agx/cthree/slam/nav2fishbot/install/nav2_msgs/local/lib/python3.10/dist-packages:/home/agx/cthree/slam/nav2fishbot/install/nav2_common/local/lib/python3.10/dist-packages:${PYTHONPATH} /usr/bin/cmake --install /home/agx/cthree/slam/nav2fishbot/build/nav2_waypoint_follower
