[0.023s] Invoking command in '/home/agx/cthree/slam/nav2fishbot/build/nav2_rviz_plugins': AMENT_PREFIX_PATH=/home/agx/cthree/slam/nav2fishbot/install/nav2_lifecycle_manager:/home/agx/cthree/slam/nav2fishbot/install/nav2_util:/home/agx/cthree/slam/nav2fishbot/install/nav2_msgs:/home/agx/cthree/slam/nav2fishbot/install/nav2_common:${AMENT_PREFIX_PATH} CMAKE_PREFIX_PATH=/home/agx/cthree/slam/nav2fishbot/install/nav2_lifecycle_manager:/home/agx/cthree/slam/nav2fishbot/install/nav2_util:/home/agx/cthree/slam/nav2fishbot/install/nav2_msgs:/home/agx/cthree/slam/nav2fishbot/install/nav2_common:/home/agx/cthree/slam/OVD-SLAM10/Examples/ros2/install/orbslam3:/home/agx/cthree/slam/cam_ws/install/realsense2_description:/home/agx/cthree/slam/cam_ws/install/realsense2_camera:/home/agx/cthree/slam/cam_ws/install/realsense2_camera_msgs:/opt/ros/humble LD_LIBRARY_PATH=/home/agx/cthree/slam/nav2fishbot/install/nav2_lifecycle_manager/lib:/home/agx/cthree/slam/nav2fishbot/install/nav2_util/lib:/home/agx/cthree/slam/nav2fishbot/install/nav2_msgs/lib:/home/agx/cthree/slam/cam_ws/install/realsense2_camera/lib:/home/agx/cthree/slam/cam_ws/install/realsense2_camera_msgs/lib:/opt/ros/humble/opt/rviz_ogre_vendor/lib:/opt/ros/humble/lib/aarch64-linux-gnu:/opt/ros/humble/lib:/usr/local/lib PYTHONPATH=/home/agx/cthree/slam/nav2fishbot/install/nav2_msgs/local/lib/python3.10/dist-packages:/home/agx/cthree/slam/nav2fishbot/install/nav2_common/local/lib/python3.10/dist-packages:${PYTHONPATH} /usr/bin/cmake /home/agx/cthree/slam/nav2fishbot/src/fishbot/src/navigation/nav2_rviz_plugins -DCMAKE_INSTALL_PREFIX=/home/agx/cthree/slam/nav2fishbot/install/nav2_rviz_plugins
[0.099s] -- The C compiler identification is GNU 9.5.0
[0.173s] -- The CXX compiler identification is GNU 9.5.0
[0.182s] -- Detecting C compiler ABI info
[0.281s] -- Detecting C compiler ABI info - done
[0.290s] -- Check for working C compiler: /usr/bin/cc - skipped
[0.290s] -- Detecting C compile features
[0.290s] -- Detecting C compile features - done
[0.295s] -- Detecting CXX compiler ABI info
[0.411s] -- Detecting CXX compiler ABI info - done
[0.420s] -- Check for working CXX compiler: /usr/bin/c++ - skipped
[0.421s] -- Detecting CXX compile features
[0.421s] -- Detecting CXX compile features - done
[0.427s] -- Found ament_cmake: 1.3.12 (/opt/ros/humble/share/ament_cmake/cmake)
[0.682s] -- Found Python3: /usr/bin/python3 (found version "3.10.12") found components: Interpreter 
[0.849s] -- Found geometry_msgs: 4.9.0 (/opt/ros/humble/share/geometry_msgs/cmake)
[0.922s] -- Found rosidl_generator_c: 3.1.7 (/opt/ros/humble/share/rosidl_generator_c/cmake)
[0.932s] -- Found rosidl_adapter: 3.1.7 (/opt/ros/humble/share/rosidl_adapter/cmake)
[0.948s] -- Found rosidl_generator_cpp: 3.1.7 (/opt/ros/humble/share/rosidl_generator_cpp/cmake)
[0.968s] -- Using all available rosidl_typesupport_c: rosidl_typesupport_fastrtps_c;rosidl_typesupport_introspection_c
[0.997s] -- Using all available rosidl_typesupport_cpp: rosidl_typesupport_fastrtps_cpp;rosidl_typesupport_introspection_cpp
[1.054s] -- Found nav2_util: 1.1.0 (/home/agx/cthree/slam/nav2fishbot/install/nav2_util/share/nav2_util/cmake)
[1.275s] -- Found rmw_implementation_cmake: 6.1.2 (/opt/ros/humble/share/rmw_implementation_cmake/cmake)
[1.280s] -- Found rmw_fastrtps_cpp: 6.2.9 (/opt/ros/humble/share/rmw_fastrtps_cpp/cmake)
[1.424s] -- Found OpenSSL: /usr/lib/aarch64-linux-gnu/libcrypto.so (found version "3.0.2")  
[1.472s] -- Found FastRTPS: /opt/ros/humble/include  
[1.542s] -- Using RMW implementation 'rmw_fastrtps_cpp' as default
[1.561s] -- Looking for pthread.h
[1.670s] -- Looking for pthread.h - found
[1.670s] -- Performing Test CMAKE_HAVE_LIBC_PTHREAD
[1.773s] -- Performing Test CMAKE_HAVE_LIBC_PTHREAD - Success
[1.775s] -- Found Threads: TRUE  
[1.936s] -- Found eigen3_cmake_module: 0.1.1 (/opt/ros/humble/share/eigen3_cmake_module/cmake)
[1.938s] -- Found Eigen3: TRUE (found version "3.4.0") 
[1.938s] -- Ensuring Eigen3 include directory is part of orocos-kdl CMake target
[2.016s] -- Found nav2_lifecycle_manager: 1.1.0 (/home/agx/cthree/slam/nav2fishbot/install/nav2_lifecycle_manager/share/nav2_lifecycle_manager/cmake)
[2.085s] -- Found pluginlib: 5.1.2 (/opt/ros/humble/share/pluginlib/cmake)
[2.136s] -- Found rviz_common: 11.2.23 (/opt/ros/humble/share/rviz_common/cmake)
[2.146s] -- Setting assimp_DIR to: '/opt/ros/humble/share/rviz_assimp_vendor/cmake/../../../opt/rviz_assimp_vendor/lib/cmake/assimp-4.1'
[2.160s] -- Setting OGRE_DIR to: '/opt/ros/humble/share/rviz_ogre_vendor/cmake/../../../opt/rviz_ogre_vendor/lib/OGRE/cmake'
[2.162s] -- Found OGRE
[2.162s] --   static     : OFF
[2.162s] --   components : HLMS;MeshLodGenerator;Overlay;Paging;Property;RTShaderSystem;Terrain;Volume
[2.162s] --   plugins    : Plugin_BSPSceneManager;Plugin_OctreeSceneManager;Plugin_PCZSceneManager;Plugin_ParticleFX;RenderSystem_GL;RenderSystem_GL3Plus;Codec_STBI
[2.162s] --   media      : /opt/ros/humble/opt/rviz_ogre_vendor/share/OGRE/Media
[2.162s] -- OGRE_LIBRARIES: OgreHLMS;OgreMeshLodGenerator;OgreOverlay;OgrePaging;OgreProperty;OgreRTShaderSystem;OgreTerrain;OgreVolume;OgreMain
[2.162s] -- OGRE_LIBRARY_DIRS: /opt/ros/humble/opt/rviz_ogre_vendor/lib
[2.163s] -- OGRE_PLUGINS: Plugin_BSPSceneManager;Plugin_OctreeSceneManager;Plugin_PCZSceneManager;Plugin_ParticleFX;RenderSystem_GL;RenderSystem_GL3Plus;Codec_STBI
[2.163s] -- OGRE_PLUGIN_DIR: /opt/ros/humble/opt/rviz_ogre_vendor/lib/OGRE
[2.163s] -- rviz_ogre_vendor::OgreOverlay for IMPORTED_LOCATION_RELEASE: /opt/ros/humble/opt/rviz_ogre_vendor/lib/libOgreOverlay.so
[2.163s] -- rviz_ogre_vendor::OgreOverlay for IMPORTED_LOCATION_DEBUG: /opt/ros/humble/opt/rviz_ogre_vendor/lib/libOgreOverlay.so
[2.163s] -- rviz_ogre_vendor::OgreMain for IMPORTED_LOCATION_RELEASE: /opt/ros/humble/opt/rviz_ogre_vendor/lib/libOgreMain.so
[2.163s] -- rviz_ogre_vendor::OgreMain for IMPORTED_LOCATION_DEBUG: /opt/ros/humble/opt/rviz_ogre_vendor/lib/libOgreMain.so
[2.197s] -- Found ZLIB: /usr/lib/aarch64-linux-gnu/libz.so (found version "1.2.11") 
[2.206s] -- Found OpenGL: /usr/lib/aarch64-linux-gnu/libOpenGL.so   
[2.365s] -- Found X11: /usr/include   
[2.366s] -- Looking for XOpenDisplay in /usr/lib/aarch64-linux-gnu/libX11.so;/usr/lib/aarch64-linux-gnu/libXext.so
[2.471s] -- Looking for XOpenDisplay in /usr/lib/aarch64-linux-gnu/libX11.so;/usr/lib/aarch64-linux-gnu/libXext.so - found
[2.471s] -- Looking for gethostbyname
[2.569s] -- Looking for gethostbyname - found
[2.569s] -- Looking for connect
[2.664s] -- Looking for connect - found
[2.664s] -- Looking for remove
[2.758s] -- Looking for remove - found
[2.758s] -- Looking for shmat
[2.850s] -- Looking for shmat - found
[2.851s] -- Looking for IceConnectionNumber in ICE
[2.946s] -- Looking for IceConnectionNumber in ICE - found
[3.078s] -- library: /usr/lib/aarch64-linux-gnu/libcurl.so
[3.148s] -- Found rviz_default_plugins: 11.2.23 (/opt/ros/humble/share/rviz_default_plugins/cmake)
[3.361s] -- Found ament_lint_auto: 0.12.14 (/opt/ros/humble/share/ament_lint_auto/cmake)
[3.553s] -- Added test 'copyright' to check source files copyright and LICENSE
[3.555s] -- Added test 'cppcheck' to perform static code analysis on C / C++ code
[3.555s] -- Configured cppcheck include dirs: /home/agx/cthree/slam/nav2fishbot/src/fishbot/src/navigation/nav2_rviz_plugins/include
[3.556s] -- Configured cppcheck exclude dirs and/or files: 
[3.558s] -- Added test 'cpplint' to check C / C++ code against the Google style
[3.558s] -- Configured cpplint exclude dirs and/or files: 
[3.559s] -- Added test 'lint_cmake' to check CMake code style
[3.562s] -- Added test 'uncrustify' to check C / C++ code style
[3.562s] -- Configured uncrustify additional arguments: 
[3.563s] -- Added test 'xmllint' to check XML markup files
[3.567s] -- Configuring done
[3.650s] -- Generating done
[3.662s] -- Build files have been written to: /home/agx/cthree/slam/nav2fishbot/build/nav2_rviz_plugins
[3.698s] Invoked command in '/home/agx/cthree/slam/nav2fishbot/build/nav2_rviz_plugins' returned '0': AMENT_PREFIX_PATH=/home/agx/cthree/slam/nav2fishbot/install/nav2_lifecycle_manager:/home/agx/cthree/slam/nav2fishbot/install/nav2_util:/home/agx/cthree/slam/nav2fishbot/install/nav2_msgs:/home/agx/cthree/slam/nav2fishbot/install/nav2_common:${AMENT_PREFIX_PATH} CMAKE_PREFIX_PATH=/home/agx/cthree/slam/nav2fishbot/install/nav2_lifecycle_manager:/home/agx/cthree/slam/nav2fishbot/install/nav2_util:/home/agx/cthree/slam/nav2fishbot/install/nav2_msgs:/home/agx/cthree/slam/nav2fishbot/install/nav2_common:/home/agx/cthree/slam/OVD-SLAM10/Examples/ros2/install/orbslam3:/home/agx/cthree/slam/cam_ws/install/realsense2_description:/home/agx/cthree/slam/cam_ws/install/realsense2_camera:/home/agx/cthree/slam/cam_ws/install/realsense2_camera_msgs:/opt/ros/humble LD_LIBRARY_PATH=/home/agx/cthree/slam/nav2fishbot/install/nav2_lifecycle_manager/lib:/home/agx/cthree/slam/nav2fishbot/install/nav2_util/lib:/home/agx/cthree/slam/nav2fishbot/install/nav2_msgs/lib:/home/agx/cthree/slam/cam_ws/install/realsense2_camera/lib:/home/agx/cthree/slam/cam_ws/install/realsense2_camera_msgs/lib:/opt/ros/humble/opt/rviz_ogre_vendor/lib:/opt/ros/humble/lib/aarch64-linux-gnu:/opt/ros/humble/lib:/usr/local/lib PYTHONPATH=/home/agx/cthree/slam/nav2fishbot/install/nav2_msgs/local/lib/python3.10/dist-packages:/home/agx/cthree/slam/nav2fishbot/install/nav2_common/local/lib/python3.10/dist-packages:${PYTHONPATH} /usr/bin/cmake /home/agx/cthree/slam/nav2fishbot/src/fishbot/src/navigation/nav2_rviz_plugins -DCMAKE_INSTALL_PREFIX=/home/agx/cthree/slam/nav2fishbot/install/nav2_rviz_plugins
[3.700s] Invoking command in '/home/agx/cthree/slam/nav2fishbot/build/nav2_rviz_plugins': AMENT_PREFIX_PATH=/home/agx/cthree/slam/nav2fishbot/install/nav2_lifecycle_manager:/home/agx/cthree/slam/nav2fishbot/install/nav2_util:/home/agx/cthree/slam/nav2fishbot/install/nav2_msgs:/home/agx/cthree/slam/nav2fishbot/install/nav2_common:${AMENT_PREFIX_PATH} CMAKE_PREFIX_PATH=/home/agx/cthree/slam/nav2fishbot/install/nav2_lifecycle_manager:/home/agx/cthree/slam/nav2fishbot/install/nav2_util:/home/agx/cthree/slam/nav2fishbot/install/nav2_msgs:/home/agx/cthree/slam/nav2fishbot/install/nav2_common:/home/agx/cthree/slam/OVD-SLAM10/Examples/ros2/install/orbslam3:/home/agx/cthree/slam/cam_ws/install/realsense2_description:/home/agx/cthree/slam/cam_ws/install/realsense2_camera:/home/agx/cthree/slam/cam_ws/install/realsense2_camera_msgs:/opt/ros/humble LD_LIBRARY_PATH=/home/agx/cthree/slam/nav2fishbot/install/nav2_lifecycle_manager/lib:/home/agx/cthree/slam/nav2fishbot/install/nav2_util/lib:/home/agx/cthree/slam/nav2fishbot/install/nav2_msgs/lib:/home/agx/cthree/slam/cam_ws/install/realsense2_camera/lib:/home/agx/cthree/slam/cam_ws/install/realsense2_camera_msgs/lib:/opt/ros/humble/opt/rviz_ogre_vendor/lib:/opt/ros/humble/lib/aarch64-linux-gnu:/opt/ros/humble/lib:/usr/local/lib PYTHONPATH=/home/agx/cthree/slam/nav2fishbot/install/nav2_msgs/local/lib/python3.10/dist-packages:/home/agx/cthree/slam/nav2fishbot/install/nav2_common/local/lib/python3.10/dist-packages:${PYTHONPATH} /usr/bin/cmake --build /home/agx/cthree/slam/nav2fishbot/build/nav2_rviz_plugins -- -j12 -l12
[3.779s] [ 14%] [34m[1mAutomatic MOC for target nav2_rviz_plugins[0m
[5.316s] [ 14%] Built target nav2_rviz_plugins_autogen
[5.357s] [ 28%] [32mBuilding CXX object CMakeFiles/nav2_rviz_plugins.dir/nav2_rviz_plugins_autogen/mocs_compilation.cpp.o[0m
[5.361s] [ 42%] [32mBuilding CXX object CMakeFiles/nav2_rviz_plugins.dir/src/goal_tool.cpp.o[0m
[5.371s] [ 57%] [32mBuilding CXX object CMakeFiles/nav2_rviz_plugins.dir/src/nav2_panel.cpp.o[0m
[52.255s] [ 71%] [32mBuilding CXX object CMakeFiles/nav2_rviz_plugins.dir/src/particle_cloud_display/particle_cloud_display.cpp.o[0m
[75.815s] [ 85%] [32mBuilding CXX object CMakeFiles/nav2_rviz_plugins.dir/src/particle_cloud_display/flat_weighted_arrows_array.cpp.o[0m
[85.324s] [100%] [32m[1mLinking CXX shared library libnav2_rviz_plugins.so[0m
[95.540s] [100%] Built target nav2_rviz_plugins
[95.559s] Invoked command in '/home/agx/cthree/slam/nav2fishbot/build/nav2_rviz_plugins' returned '0': AMENT_PREFIX_PATH=/home/agx/cthree/slam/nav2fishbot/install/nav2_lifecycle_manager:/home/agx/cthree/slam/nav2fishbot/install/nav2_util:/home/agx/cthree/slam/nav2fishbot/install/nav2_msgs:/home/agx/cthree/slam/nav2fishbot/install/nav2_common:${AMENT_PREFIX_PATH} CMAKE_PREFIX_PATH=/home/agx/cthree/slam/nav2fishbot/install/nav2_lifecycle_manager:/home/agx/cthree/slam/nav2fishbot/install/nav2_util:/home/agx/cthree/slam/nav2fishbot/install/nav2_msgs:/home/agx/cthree/slam/nav2fishbot/install/nav2_common:/home/agx/cthree/slam/OVD-SLAM10/Examples/ros2/install/orbslam3:/home/agx/cthree/slam/cam_ws/install/realsense2_description:/home/agx/cthree/slam/cam_ws/install/realsense2_camera:/home/agx/cthree/slam/cam_ws/install/realsense2_camera_msgs:/opt/ros/humble LD_LIBRARY_PATH=/home/agx/cthree/slam/nav2fishbot/install/nav2_lifecycle_manager/lib:/home/agx/cthree/slam/nav2fishbot/install/nav2_util/lib:/home/agx/cthree/slam/nav2fishbot/install/nav2_msgs/lib:/home/agx/cthree/slam/cam_ws/install/realsense2_camera/lib:/home/agx/cthree/slam/cam_ws/install/realsense2_camera_msgs/lib:/opt/ros/humble/opt/rviz_ogre_vendor/lib:/opt/ros/humble/lib/aarch64-linux-gnu:/opt/ros/humble/lib:/usr/local/lib PYTHONPATH=/home/agx/cthree/slam/nav2fishbot/install/nav2_msgs/local/lib/python3.10/dist-packages:/home/agx/cthree/slam/nav2fishbot/install/nav2_common/local/lib/python3.10/dist-packages:${PYTHONPATH} /usr/bin/cmake --build /home/agx/cthree/slam/nav2fishbot/build/nav2_rviz_plugins -- -j12 -l12
[95.563s] Invoking command in '/home/agx/cthree/slam/nav2fishbot/build/nav2_rviz_plugins': AMENT_PREFIX_PATH=/home/agx/cthree/slam/nav2fishbot/install/nav2_lifecycle_manager:/home/agx/cthree/slam/nav2fishbot/install/nav2_util:/home/agx/cthree/slam/nav2fishbot/install/nav2_msgs:/home/agx/cthree/slam/nav2fishbot/install/nav2_common:${AMENT_PREFIX_PATH} CMAKE_PREFIX_PATH=/home/agx/cthree/slam/nav2fishbot/install/nav2_lifecycle_manager:/home/agx/cthree/slam/nav2fishbot/install/nav2_util:/home/agx/cthree/slam/nav2fishbot/install/nav2_msgs:/home/agx/cthree/slam/nav2fishbot/install/nav2_common:/home/agx/cthree/slam/OVD-SLAM10/Examples/ros2/install/orbslam3:/home/agx/cthree/slam/cam_ws/install/realsense2_description:/home/agx/cthree/slam/cam_ws/install/realsense2_camera:/home/agx/cthree/slam/cam_ws/install/realsense2_camera_msgs:/opt/ros/humble LD_LIBRARY_PATH=/home/agx/cthree/slam/nav2fishbot/install/nav2_lifecycle_manager/lib:/home/agx/cthree/slam/nav2fishbot/install/nav2_util/lib:/home/agx/cthree/slam/nav2fishbot/install/nav2_msgs/lib:/home/agx/cthree/slam/cam_ws/install/realsense2_camera/lib:/home/agx/cthree/slam/cam_ws/install/realsense2_camera_msgs/lib:/opt/ros/humble/opt/rviz_ogre_vendor/lib:/opt/ros/humble/lib/aarch64-linux-gnu:/opt/ros/humble/lib:/usr/local/lib PYTHONPATH=/home/agx/cthree/slam/nav2fishbot/install/nav2_msgs/local/lib/python3.10/dist-packages:/home/agx/cthree/slam/nav2fishbot/install/nav2_common/local/lib/python3.10/dist-packages:${PYTHONPATH} /usr/bin/cmake --install /home/agx/cthree/slam/nav2fishbot/build/nav2_rviz_plugins
[95.575s] -- Install configuration: ""
[95.575s] -- Installing: /home/agx/cthree/slam/nav2fishbot/install/nav2_rviz_plugins/share/nav2_rviz_plugins/plugins_description.xml
[95.575s] -- Installing: /home/agx/cthree/slam/nav2fishbot/install/nav2_rviz_plugins/lib/libnav2_rviz_plugins.so
[95.610s] -- Set runtime path of "/home/agx/cthree/slam/nav2fishbot/install/nav2_rviz_plugins/lib/libnav2_rviz_plugins.so" to ""
[95.610s] -- Installing: /home/agx/cthree/slam/nav2fishbot/install/nav2_rviz_plugins/include/
[95.611s] -- Installing: /home/agx/cthree/slam/nav2fishbot/install/nav2_rviz_plugins/include//nav2_rviz_plugins
[95.611s] -- Installing: /home/agx/cthree/slam/nav2fishbot/install/nav2_rviz_plugins/include//nav2_rviz_plugins/ros_action_qevent.hpp
[95.611s] -- Installing: /home/agx/cthree/slam/nav2fishbot/install/nav2_rviz_plugins/include//nav2_rviz_plugins/goal_pose_updater.hpp
[95.611s] -- Installing: /home/agx/cthree/slam/nav2fishbot/install/nav2_rviz_plugins/include//nav2_rviz_plugins/nav2_panel.hpp
[95.612s] -- Installing: /home/agx/cthree/slam/nav2fishbot/install/nav2_rviz_plugins/include//nav2_rviz_plugins/goal_tool.hpp
[95.612s] -- Installing: /home/agx/cthree/slam/nav2fishbot/install/nav2_rviz_plugins/include//nav2_rviz_plugins/particle_cloud_display
[95.613s] -- Installing: /home/agx/cthree/slam/nav2fishbot/install/nav2_rviz_plugins/include//nav2_rviz_plugins/particle_cloud_display/particle_cloud_display.hpp
[95.613s] -- Installing: /home/agx/cthree/slam/nav2fishbot/install/nav2_rviz_plugins/include//nav2_rviz_plugins/particle_cloud_display/flat_weighted_arrows_array.hpp
[95.613s] -- Installing: /home/agx/cthree/slam/nav2fishbot/install/nav2_rviz_plugins/include//nav2_rviz_plugins/goal_common.hpp
[95.613s] -- Installing: /home/agx/cthree/slam/nav2fishbot/install/nav2_rviz_plugins/share/nav2_rviz_plugins/environment/library_path.sh
[95.613s] -- Installing: /home/agx/cthree/slam/nav2fishbot/install/nav2_rviz_plugins/share/nav2_rviz_plugins/environment/library_path.dsv
[95.613s] -- Installing: /home/agx/cthree/slam/nav2fishbot/install/nav2_rviz_plugins/share/ament_index/resource_index/package_run_dependencies/nav2_rviz_plugins
[95.613s] -- Installing: /home/agx/cthree/slam/nav2fishbot/install/nav2_rviz_plugins/share/ament_index/resource_index/parent_prefix_path/nav2_rviz_plugins
[95.613s] -- Installing: /home/agx/cthree/slam/nav2fishbot/install/nav2_rviz_plugins/share/nav2_rviz_plugins/environment/ament_prefix_path.sh
[95.613s] -- Installing: /home/agx/cthree/slam/nav2fishbot/install/nav2_rviz_plugins/share/nav2_rviz_plugins/environment/ament_prefix_path.dsv
[95.614s] -- Installing: /home/agx/cthree/slam/nav2fishbot/install/nav2_rviz_plugins/share/nav2_rviz_plugins/environment/path.sh
[95.614s] -- Installing: /home/agx/cthree/slam/nav2fishbot/install/nav2_rviz_plugins/share/nav2_rviz_plugins/environment/path.dsv
[95.614s] -- Installing: /home/agx/cthree/slam/nav2fishbot/install/nav2_rviz_plugins/share/nav2_rviz_plugins/local_setup.bash
[95.614s] -- Installing: /home/agx/cthree/slam/nav2fishbot/install/nav2_rviz_plugins/share/nav2_rviz_plugins/local_setup.sh
[95.614s] -- Installing: /home/agx/cthree/slam/nav2fishbot/install/nav2_rviz_plugins/share/nav2_rviz_plugins/local_setup.zsh
[95.614s] -- Installing: /home/agx/cthree/slam/nav2fishbot/install/nav2_rviz_plugins/share/nav2_rviz_plugins/local_setup.dsv
[95.615s] -- Installing: /home/agx/cthree/slam/nav2fishbot/install/nav2_rviz_plugins/share/nav2_rviz_plugins/package.dsv
[95.615s] -- Installing: /home/agx/cthree/slam/nav2fishbot/install/nav2_rviz_plugins/share/ament_index/resource_index/packages/nav2_rviz_plugins
[95.615s] -- Installing: /home/agx/cthree/slam/nav2fishbot/install/nav2_rviz_plugins/share/ament_index/resource_index/rviz_common__pluginlib__plugin/nav2_rviz_plugins
[95.615s] -- Installing: /home/agx/cthree/slam/nav2fishbot/install/nav2_rviz_plugins/share/nav2_rviz_plugins/cmake/nav2_rviz_pluginsExport.cmake
[95.616s] -- Installing: /home/agx/cthree/slam/nav2fishbot/install/nav2_rviz_plugins/share/nav2_rviz_plugins/cmake/nav2_rviz_pluginsExport-noconfig.cmake
[95.616s] -- Installing: /home/agx/cthree/slam/nav2fishbot/install/nav2_rviz_plugins/share/nav2_rviz_plugins/cmake/ament_cmake_export_include_directories-extras.cmake
[95.616s] -- Installing: /home/agx/cthree/slam/nav2fishbot/install/nav2_rviz_plugins/share/nav2_rviz_plugins/cmake/ament_cmake_export_targets-extras.cmake
[95.616s] -- Installing: /home/agx/cthree/slam/nav2fishbot/install/nav2_rviz_plugins/share/nav2_rviz_plugins/cmake/ament_cmake_export_dependencies-extras.cmake
[95.616s] -- Installing: /home/agx/cthree/slam/nav2fishbot/install/nav2_rviz_plugins/share/nav2_rviz_plugins/cmake/nav2_rviz_pluginsConfig.cmake
[95.617s] -- Installing: /home/agx/cthree/slam/nav2fishbot/install/nav2_rviz_plugins/share/nav2_rviz_plugins/cmake/nav2_rviz_pluginsConfig-version.cmake
[95.617s] -- Installing: /home/agx/cthree/slam/nav2fishbot/install/nav2_rviz_plugins/share/nav2_rviz_plugins/package.xml
[95.621s] Invoked command in '/home/agx/cthree/slam/nav2fishbot/build/nav2_rviz_plugins' returned '0': AMENT_PREFIX_PATH=/home/agx/cthree/slam/nav2fishbot/install/nav2_lifecycle_manager:/home/agx/cthree/slam/nav2fishbot/install/nav2_util:/home/agx/cthree/slam/nav2fishbot/install/nav2_msgs:/home/agx/cthree/slam/nav2fishbot/install/nav2_common:${AMENT_PREFIX_PATH} CMAKE_PREFIX_PATH=/home/agx/cthree/slam/nav2fishbot/install/nav2_lifecycle_manager:/home/agx/cthree/slam/nav2fishbot/install/nav2_util:/home/agx/cthree/slam/nav2fishbot/install/nav2_msgs:/home/agx/cthree/slam/nav2fishbot/install/nav2_common:/home/agx/cthree/slam/OVD-SLAM10/Examples/ros2/install/orbslam3:/home/agx/cthree/slam/cam_ws/install/realsense2_description:/home/agx/cthree/slam/cam_ws/install/realsense2_camera:/home/agx/cthree/slam/cam_ws/install/realsense2_camera_msgs:/opt/ros/humble LD_LIBRARY_PATH=/home/agx/cthree/slam/nav2fishbot/install/nav2_lifecycle_manager/lib:/home/agx/cthree/slam/nav2fishbot/install/nav2_util/lib:/home/agx/cthree/slam/nav2fishbot/install/nav2_msgs/lib:/home/agx/cthree/slam/cam_ws/install/realsense2_camera/lib:/home/agx/cthree/slam/cam_ws/install/realsense2_camera_msgs/lib:/opt/ros/humble/opt/rviz_ogre_vendor/lib:/opt/ros/humble/lib/aarch64-linux-gnu:/opt/ros/humble/lib:/usr/local/lib PYTHONPATH=/home/agx/cthree/slam/nav2fishbot/install/nav2_msgs/local/lib/python3.10/dist-packages:/home/agx/cthree/slam/nav2fishbot/install/nav2_common/local/lib/python3.10/dist-packages:${PYTHONPATH} /usr/bin/cmake --install /home/agx/cthree/slam/nav2fishbot/build/nav2_rviz_plugins
