[0.032s] Invoking command in '/home/agx/cthree/slam/nav2fishbot/build/nav2_common': CMAKE_PREFIX_PATH=${CMAKE_PREFIX_PATH}:/opt/ros/humble /usr/bin/cmake /home/agx/cthree/slam/nav2fishbot/src/fishbot/src/navigation/nav2_common -DCMAKE_INSTALL_PREFIX=/home/agx/cthree/slam/nav2fishbot/install/nav2_common
[0.059s] -- Found ament_cmake_core: 1.3.12 (/opt/ros/humble/share/ament_cmake_core/cmake)
[0.330s] -- Found Python3: /usr/bin/python3 (found version "3.10.12") found components: Interpreter 
[0.468s] -- Found ament_cmake_python: 1.3.12 (/opt/ros/humble/share/ament_cmake_python/cmake)
[0.797s] -- Configuring done
[0.808s] -- Generating done
[0.814s] -- Build files have been written to: /home/agx/cthree/slam/nav2fishbot/build/nav2_common
[0.820s] Invoked command in '/home/agx/cthree/slam/nav2fishbot/build/nav2_common' returned '0': CMAKE_PREFIX_PATH=${CMAKE_PREFIX_PATH}:/opt/ros/humble /usr/bin/cmake /home/agx/cthree/slam/nav2fishbot/src/fishbot/src/navigation/nav2_common -DCMAKE_INSTALL_PREFIX=/home/agx/cthree/slam/nav2fishbot/install/nav2_common
[0.824s] Invoking command in '/home/agx/cthree/slam/nav2fishbot/build/nav2_common': CMAKE_PREFIX_PATH=${CMAKE_PREFIX_PATH}:/opt/ros/humble /usr/bin/cmake --build /home/agx/cthree/slam/nav2fishbot/build/nav2_common -- -j12 -l12
[0.912s] Built target ament_cmake_python_copy_nav2_common
[1.340s] running egg_info
[1.341s] creating nav2_common.egg-info
[1.341s] writing nav2_common.egg-info/PKG-INFO
[1.342s] writing dependency_links to nav2_common.egg-info/dependency_links.txt
[1.342s] writing top-level names to nav2_common.egg-info/top_level.txt
[1.342s] writing manifest file 'nav2_common.egg-info/SOURCES.txt'
[1.346s] reading manifest file 'nav2_common.egg-info/SOURCES.txt'
[1.347s] writing manifest file 'nav2_common.egg-info/SOURCES.txt'
[1.405s] Built target ament_cmake_python_build_nav2_common_egg
[1.426s] Invoked command in '/home/agx/cthree/slam/nav2fishbot/build/nav2_common' returned '0': CMAKE_PREFIX_PATH=${CMAKE_PREFIX_PATH}:/opt/ros/humble /usr/bin/cmake --build /home/agx/cthree/slam/nav2fishbot/build/nav2_common -- -j12 -l12
[1.446s] Invoking command in '/home/agx/cthree/slam/nav2fishbot/build/nav2_common': CMAKE_PREFIX_PATH=${CMAKE_PREFIX_PATH}:/opt/ros/humble /usr/bin/cmake --install /home/agx/cthree/slam/nav2fishbot/build/nav2_common
[1.461s] -- Install configuration: ""
[1.461s] -- Installing: /home/agx/cthree/slam/nav2fishbot/install/nav2_common/share/nav2_common/environment/pythonpath.sh
[1.461s] -- Installing: /home/agx/cthree/slam/nav2fishbot/install/nav2_common/share/nav2_common/environment/pythonpath.dsv
[1.462s] -- Installing: /home/agx/cthree/slam/nav2fishbot/install/nav2_common/local/lib/python3.10/dist-packages/nav2_common-1.1.0-py3.10.egg-info
[1.462s] -- Installing: /home/agx/cthree/slam/nav2fishbot/install/nav2_common/local/lib/python3.10/dist-packages/nav2_common-1.1.0-py3.10.egg-info/dependency_links.txt
[1.462s] -- Installing: /home/agx/cthree/slam/nav2fishbot/install/nav2_common/local/lib/python3.10/dist-packages/nav2_common-1.1.0-py3.10.egg-info/SOURCES.txt
[1.462s] -- Installing: /home/agx/cthree/slam/nav2fishbot/install/nav2_common/local/lib/python3.10/dist-packages/nav2_common-1.1.0-py3.10.egg-info/top_level.txt
[1.462s] -- Installing: /home/agx/cthree/slam/nav2fishbot/install/nav2_common/local/lib/python3.10/dist-packages/nav2_common-1.1.0-py3.10.egg-info/PKG-INFO
[1.463s] -- Installing: /home/agx/cthree/slam/nav2fishbot/install/nav2_common/local/lib/python3.10/dist-packages/nav2_common
[1.463s] -- Installing: /home/agx/cthree/slam/nav2fishbot/install/nav2_common/local/lib/python3.10/dist-packages/nav2_common/__init__.py
[1.463s] -- Installing: /home/agx/cthree/slam/nav2fishbot/install/nav2_common/local/lib/python3.10/dist-packages/nav2_common/launch
[1.463s] -- Installing: /home/agx/cthree/slam/nav2fishbot/install/nav2_common/local/lib/python3.10/dist-packages/nav2_common/launch/__init__.py
[1.463s] -- Installing: /home/agx/cthree/slam/nav2fishbot/install/nav2_common/local/lib/python3.10/dist-packages/nav2_common/launch/has_node_params.py
[1.463s] -- Installing: /home/agx/cthree/slam/nav2fishbot/install/nav2_common/local/lib/python3.10/dist-packages/nav2_common/launch/replace_string.py
[1.464s] -- Installing: /home/agx/cthree/slam/nav2fishbot/install/nav2_common/local/lib/python3.10/dist-packages/nav2_common/launch/rewritten_yaml.py
[1.521s] Listing '/home/agx/cthree/slam/nav2fishbot/install/nav2_common/local/lib/python3.10/dist-packages/nav2_common'...
[1.521s] Compiling '/home/agx/cthree/slam/nav2fishbot/install/nav2_common/local/lib/python3.10/dist-packages/nav2_common/__init__.py'...
[1.521s] Listing '/home/agx/cthree/slam/nav2fishbot/install/nav2_common/local/lib/python3.10/dist-packages/nav2_common/launch'...
[1.522s] Compiling '/home/agx/cthree/slam/nav2fishbot/install/nav2_common/local/lib/python3.10/dist-packages/nav2_common/launch/__init__.py'...
[1.522s] Compiling '/home/agx/cthree/slam/nav2fishbot/install/nav2_common/local/lib/python3.10/dist-packages/nav2_common/launch/has_node_params.py'...
[1.522s] Compiling '/home/agx/cthree/slam/nav2fishbot/install/nav2_common/local/lib/python3.10/dist-packages/nav2_common/launch/replace_string.py'...
[1.522s] Compiling '/home/agx/cthree/slam/nav2fishbot/install/nav2_common/local/lib/python3.10/dist-packages/nav2_common/launch/rewritten_yaml.py'...
[1.530s] -- Installing: /home/agx/cthree/slam/nav2fishbot/install/nav2_common/share/ament_index/resource_index/package_run_dependencies/nav2_common
[1.530s] -- Installing: /home/agx/cthree/slam/nav2fishbot/install/nav2_common/share/ament_index/resource_index/parent_prefix_path/nav2_common
[1.531s] -- Installing: /home/agx/cthree/slam/nav2fishbot/install/nav2_common/share/nav2_common/environment/ament_prefix_path.sh
[1.531s] -- Installing: /home/agx/cthree/slam/nav2fishbot/install/nav2_common/share/nav2_common/environment/ament_prefix_path.dsv
[1.531s] -- Installing: /home/agx/cthree/slam/nav2fishbot/install/nav2_common/share/nav2_common/environment/path.sh
[1.531s] -- Installing: /home/agx/cthree/slam/nav2fishbot/install/nav2_common/share/nav2_common/environment/path.dsv
[1.531s] -- Installing: /home/agx/cthree/slam/nav2fishbot/install/nav2_common/share/nav2_common/local_setup.bash
[1.531s] -- Installing: /home/agx/cthree/slam/nav2fishbot/install/nav2_common/share/nav2_common/local_setup.sh
[1.532s] -- Installing: /home/agx/cthree/slam/nav2fishbot/install/nav2_common/share/nav2_common/local_setup.zsh
[1.532s] -- Installing: /home/agx/cthree/slam/nav2fishbot/install/nav2_common/share/nav2_common/local_setup.dsv
[1.532s] -- Installing: /home/agx/cthree/slam/nav2fishbot/install/nav2_common/share/nav2_common/package.dsv
[1.533s] -- Installing: /home/agx/cthree/slam/nav2fishbot/install/nav2_common/share/ament_index/resource_index/packages/nav2_common
[1.533s] -- Installing: /home/agx/cthree/slam/nav2fishbot/install/nav2_common/share/nav2_common/cmake/nav2_common-extras.cmake
[1.534s] -- Installing: /home/agx/cthree/slam/nav2fishbot/install/nav2_common/share/nav2_common/cmake/nav2_commonConfig.cmake
[1.534s] -- Installing: /home/agx/cthree/slam/nav2fishbot/install/nav2_common/share/nav2_common/cmake/nav2_commonConfig-version.cmake
[1.534s] -- Installing: /home/agx/cthree/slam/nav2fishbot/install/nav2_common/share/nav2_common/package.xml
[1.534s] -- Up-to-date: /home/agx/cthree/slam/nav2fishbot/install/nav2_common/share/nav2_common/cmake
[1.534s] -- Installing: /home/agx/cthree/slam/nav2fishbot/install/nav2_common/share/nav2_common/cmake/nav2_package.cmake
[1.538s] Invoked command in '/home/agx/cthree/slam/nav2fishbot/build/nav2_common' returned '0': CMAKE_PREFIX_PATH=${CMAKE_PREFIX_PATH}:/opt/ros/humble /usr/bin/cmake --install /home/agx/cthree/slam/nav2fishbot/build/nav2_common
