[0.088s] Invoking command in '/home/agx/cthree/slam/nav2fishbot/build/dwb_core': AMENT_PREFIX_PATH=/home/agx/cthree/slam/nav2fishbot/install/nav2_core:/home/agx/cthree/slam/nav2fishbot/install/nav2_costmap_2d:/home/agx/cthree/slam/nav2fishbot/install/nav_2d_utils:/home/agx/cthree/slam/nav2fishbot/install/nav2_map_server:/home/agx/cthree/slam/nav2fishbot/install/nav2_lifecycle_manager:/home/agx/cthree/slam/nav2fishbot/install/nav2_util:/home/agx/cthree/slam/nav2fishbot/install/nav2_voxel_grid:/home/agx/cthree/slam/nav2fishbot/install/nav2_msgs:/home/agx/cthree/slam/nav2fishbot/install/dwb_msgs:/home/agx/cthree/slam/nav2fishbot/install/nav_2d_msgs:/home/agx/cthree/slam/nav2fishbot/install/nav2_common:${AMENT_PREFIX_PATH} CMAKE_PREFIX_PATH=/home/agx/cthree/slam/nav2fishbot/install/nav2_core:/home/agx/cthree/slam/nav2fishbot/install/nav2_costmap_2d:/home/agx/cthree/slam/nav2fishbot/install/nav_2d_utils:/home/agx/cthree/slam/nav2fishbot/install/nav2_map_server:/home/agx/cthree/slam/nav2fishbot/install/nav2_lifecycle_manager:/home/agx/cthree/slam/nav2fishbot/install/nav2_util:/home/agx/cthree/slam/nav2fishbot/install/nav2_voxel_grid:/home/agx/cthree/slam/nav2fishbot/install/nav2_msgs:/home/agx/cthree/slam/nav2fishbot/install/dwb_msgs:/home/agx/cthree/slam/nav2fishbot/install/nav_2d_msgs:/home/agx/cthree/slam/nav2fishbot/install/nav2_common:/home/agx/cthree/slam/OVD-SLAM10/Examples/ros2/install/orbslam3:/home/agx/cthree/slam/cam_ws/install/realsense2_description:/home/agx/cthree/slam/cam_ws/install/realsense2_camera:/home/agx/cthree/slam/cam_ws/install/realsense2_camera_msgs:/opt/ros/humble LD_LIBRARY_PATH=/home/agx/cthree/slam/nav2fishbot/install/nav2_costmap_2d/lib:/home/agx/cthree/slam/nav2fishbot/install/nav_2d_utils/lib:/home/agx/cthree/slam/nav2fishbot/install/nav2_map_server/lib:/home/agx/cthree/slam/nav2fishbot/install/nav2_lifecycle_manager/lib:/home/agx/cthree/slam/nav2fishbot/install/nav2_util/lib:/home/agx/cthree/slam/nav2fishbot/install/nav2_voxel_grid/lib:/home/agx/cthree/slam/nav2fishbot/install/nav2_msgs/lib:/home/agx/cthree/slam/nav2fishbot/install/dwb_msgs/lib:/home/agx/cthree/slam/nav2fishbot/install/nav_2d_msgs/lib:/home/agx/cthree/slam/cam_ws/install/realsense2_camera/lib:/home/agx/cthree/slam/cam_ws/install/realsense2_camera_msgs/lib:/opt/ros/humble/opt/rviz_ogre_vendor/lib:/opt/ros/humble/lib/aarch64-linux-gnu:/opt/ros/humble/lib:/usr/local/lib PYTHONPATH=/home/agx/cthree/slam/nav2fishbot/install/nav2_msgs/local/lib/python3.10/dist-packages:/home/agx/cthree/slam/nav2fishbot/install/dwb_msgs/local/lib/python3.10/dist-packages:/home/agx/cthree/slam/nav2fishbot/install/nav_2d_msgs/local/lib/python3.10/dist-packages:/home/agx/cthree/slam/nav2fishbot/install/nav2_common/local/lib/python3.10/dist-packages:${PYTHONPATH} /usr/bin/cmake /home/agx/cthree/slam/nav2fishbot/src/fishbot/src/navigation/nav2_dwb_controller/dwb_core -DCMAKE_INSTALL_PREFIX=/home/agx/cthree/slam/nav2fishbot/install/dwb_core
[0.183s] -- The C compiler identification is GNU 9.5.0
[0.323s] -- The CXX compiler identification is GNU 9.5.0
[0.337s] -- Detecting C compiler ABI info
[0.543s] -- Detecting C compiler ABI info - done
[0.547s] -- Check for working C compiler: /usr/bin/cc - skipped
[0.547s] -- Detecting C compile features
[0.547s] -- Detecting C compile features - done
[0.552s] -- Detecting CXX compiler ABI info
[0.847s] -- Detecting CXX compiler ABI info - done
[0.857s] -- Check for working CXX compiler: /usr/bin/c++ - skipped
[0.857s] -- Detecting CXX compile features
[0.858s] -- Detecting CXX compile features - done
[0.873s] -- Found ament_cmake: 1.3.12 (/opt/ros/humble/share/ament_cmake/cmake)
[1.524s] -- Found Python3: /usr/bin/python3 (found version "3.10.12") found components: Interpreter 
[2.003s] -- Found nav2_common: 1.1.0 (/home/agx/cthree/slam/nav2fishbot/install/nav2_common/share/nav2_common/cmake)
[2.008s] -- Found rclcpp: 16.0.16 (/opt/ros/humble/share/rclcpp/cmake)
[2.261s] -- Found rosidl_generator_c: 3.1.7 (/opt/ros/humble/share/rosidl_generator_c/cmake)
[2.286s] -- Found rosidl_adapter: 3.1.7 (/opt/ros/humble/share/rosidl_adapter/cmake)
[2.317s] -- Found rosidl_generator_cpp: 3.1.7 (/opt/ros/humble/share/rosidl_generator_cpp/cmake)
[2.368s] -- Using all available rosidl_typesupport_c: rosidl_typesupport_fastrtps_c;rosidl_typesupport_introspection_c
[2.480s] -- Using all available rosidl_typesupport_cpp: rosidl_typesupport_fastrtps_cpp;rosidl_typesupport_introspection_cpp
[2.724s] -- Found rmw_implementation_cmake: 6.1.2 (/opt/ros/humble/share/rmw_implementation_cmake/cmake)
[2.747s] -- Found rmw_fastrtps_cpp: 6.2.9 (/opt/ros/humble/share/rmw_fastrtps_cpp/cmake)
[3.338s] -- Found OpenSSL: /usr/lib/aarch64-linux-gnu/libcrypto.so (found version "3.0.2")  
[3.441s] -- Found FastRTPS: /opt/ros/humble/include  
[3.594s] -- Using RMW implementation 'rmw_fastrtps_cpp' as default
[3.629s] -- Looking for pthread.h
[3.943s] -- Looking for pthread.h - found
[3.944s] -- Performing Test CMAKE_HAVE_LIBC_PTHREAD
[4.384s] -- Performing Test CMAKE_HAVE_LIBC_PTHREAD - Success
[4.387s] -- Found Threads: TRUE  
[4.533s] -- Found geometry_msgs: 4.9.0 (/opt/ros/humble/share/geometry_msgs/cmake)
[4.564s] -- Found nav_2d_msgs: 1.1.0 (/home/agx/cthree/slam/nav2fishbot/install/nav_2d_msgs/share/nav_2d_msgs/cmake)
[4.602s] -- Found dwb_msgs: 1.1.0 (/home/agx/cthree/slam/nav2fishbot/install/dwb_msgs/share/dwb_msgs/cmake)
[4.700s] -- Found nav2_costmap_2d: 1.1.0 (/home/agx/cthree/slam/nav2fishbot/install/nav2_costmap_2d/share/nav2_costmap_2d/cmake)
[5.160s] -- Found Eigen3: TRUE (found version "3.4.0") 
[5.160s] -- Ensuring Eigen3 include directory is part of orocos-kdl CMake target
[5.373s] -- Found nav_2d_utils: 1.1.0 (/home/agx/cthree/slam/nav2fishbot/install/nav_2d_utils/share/nav_2d_utils/cmake)
[5.390s] -- Found nav2_core: 1.1.0 (/home/agx/cthree/slam/nav2fishbot/install/nav2_core/share/nav2_core/cmake)
[5.410s] -- Setting build type to Release as none was specified.
[6.629s] -- Found ament_lint_auto: 0.12.14 (/opt/ros/humble/share/ament_lint_auto/cmake)
[7.180s] -- Found gtest sources under '/opt/ros/humble/src/gtest_vendor': C++ tests using 'Google Test' will be built
[7.228s] -- Added test 'cppcheck' to perform static code analysis on C / C++ code
[7.228s] -- Configured cppcheck include dirs: /home/agx/cthree/slam/nav2fishbot/src/fishbot/src/navigation/nav2_dwb_controller/dwb_core/include
[7.228s] -- Configured cppcheck exclude dirs and/or files: 
[7.231s] -- Added test 'cpplint' to check C / C++ code against the Google style
[7.232s] -- Configured cpplint exclude dirs and/or files: 
[7.234s] -- Added test 'lint_cmake' to check CMake code style
[7.237s] -- Added test 'uncrustify' to check C / C++ code style
[7.243s] -- Configured uncrustify additional arguments: 
[7.245s] -- Added test 'xmllint' to check XML markup files
[7.252s] -- Configuring done
[7.526s] -- Generating done
[7.570s] -- Build files have been written to: /home/agx/cthree/slam/nav2fishbot/build/dwb_core
[7.648s] Invoked command in '/home/agx/cthree/slam/nav2fishbot/build/dwb_core' returned '0': AMENT_PREFIX_PATH=/home/agx/cthree/slam/nav2fishbot/install/nav2_core:/home/agx/cthree/slam/nav2fishbot/install/nav2_costmap_2d:/home/agx/cthree/slam/nav2fishbot/install/nav_2d_utils:/home/agx/cthree/slam/nav2fishbot/install/nav2_map_server:/home/agx/cthree/slam/nav2fishbot/install/nav2_lifecycle_manager:/home/agx/cthree/slam/nav2fishbot/install/nav2_util:/home/agx/cthree/slam/nav2fishbot/install/nav2_voxel_grid:/home/agx/cthree/slam/nav2fishbot/install/nav2_msgs:/home/agx/cthree/slam/nav2fishbot/install/dwb_msgs:/home/agx/cthree/slam/nav2fishbot/install/nav_2d_msgs:/home/agx/cthree/slam/nav2fishbot/install/nav2_common:${AMENT_PREFIX_PATH} CMAKE_PREFIX_PATH=/home/agx/cthree/slam/nav2fishbot/install/nav2_core:/home/agx/cthree/slam/nav2fishbot/install/nav2_costmap_2d:/home/agx/cthree/slam/nav2fishbot/install/nav_2d_utils:/home/agx/cthree/slam/nav2fishbot/install/nav2_map_server:/home/agx/cthree/slam/nav2fishbot/install/nav2_lifecycle_manager:/home/agx/cthree/slam/nav2fishbot/install/nav2_util:/home/agx/cthree/slam/nav2fishbot/install/nav2_voxel_grid:/home/agx/cthree/slam/nav2fishbot/install/nav2_msgs:/home/agx/cthree/slam/nav2fishbot/install/dwb_msgs:/home/agx/cthree/slam/nav2fishbot/install/nav_2d_msgs:/home/agx/cthree/slam/nav2fishbot/install/nav2_common:/home/agx/cthree/slam/OVD-SLAM10/Examples/ros2/install/orbslam3:/home/agx/cthree/slam/cam_ws/install/realsense2_description:/home/agx/cthree/slam/cam_ws/install/realsense2_camera:/home/agx/cthree/slam/cam_ws/install/realsense2_camera_msgs:/opt/ros/humble LD_LIBRARY_PATH=/home/agx/cthree/slam/nav2fishbot/install/nav2_costmap_2d/lib:/home/agx/cthree/slam/nav2fishbot/install/nav_2d_utils/lib:/home/agx/cthree/slam/nav2fishbot/install/nav2_map_server/lib:/home/agx/cthree/slam/nav2fishbot/install/nav2_lifecycle_manager/lib:/home/agx/cthree/slam/nav2fishbot/install/nav2_util/lib:/home/agx/cthree/slam/nav2fishbot/install/nav2_voxel_grid/lib:/home/agx/cthree/slam/nav2fishbot/install/nav2_msgs/lib:/home/agx/cthree/slam/nav2fishbot/install/dwb_msgs/lib:/home/agx/cthree/slam/nav2fishbot/install/nav_2d_msgs/lib:/home/agx/cthree/slam/cam_ws/install/realsense2_camera/lib:/home/agx/cthree/slam/cam_ws/install/realsense2_camera_msgs/lib:/opt/ros/humble/opt/rviz_ogre_vendor/lib:/opt/ros/humble/lib/aarch64-linux-gnu:/opt/ros/humble/lib:/usr/local/lib PYTHONPATH=/home/agx/cthree/slam/nav2fishbot/install/nav2_msgs/local/lib/python3.10/dist-packages:/home/agx/cthree/slam/nav2fishbot/install/dwb_msgs/local/lib/python3.10/dist-packages:/home/agx/cthree/slam/nav2fishbot/install/nav_2d_msgs/local/lib/python3.10/dist-packages:/home/agx/cthree/slam/nav2fishbot/install/nav2_common/local/lib/python3.10/dist-packages:${PYTHONPATH} /usr/bin/cmake /home/agx/cthree/slam/nav2fishbot/src/fishbot/src/navigation/nav2_dwb_controller/dwb_core -DCMAKE_INSTALL_PREFIX=/home/agx/cthree/slam/nav2fishbot/install/dwb_core
[7.650s] Invoking command in '/home/agx/cthree/slam/nav2fishbot/build/dwb_core': AMENT_PREFIX_PATH=/home/agx/cthree/slam/nav2fishbot/install/nav2_core:/home/agx/cthree/slam/nav2fishbot/install/nav2_costmap_2d:/home/agx/cthree/slam/nav2fishbot/install/nav_2d_utils:/home/agx/cthree/slam/nav2fishbot/install/nav2_map_server:/home/agx/cthree/slam/nav2fishbot/install/nav2_lifecycle_manager:/home/agx/cthree/slam/nav2fishbot/install/nav2_util:/home/agx/cthree/slam/nav2fishbot/install/nav2_voxel_grid:/home/agx/cthree/slam/nav2fishbot/install/nav2_msgs:/home/agx/cthree/slam/nav2fishbot/install/dwb_msgs:/home/agx/cthree/slam/nav2fishbot/install/nav_2d_msgs:/home/agx/cthree/slam/nav2fishbot/install/nav2_common:${AMENT_PREFIX_PATH} CMAKE_PREFIX_PATH=/home/agx/cthree/slam/nav2fishbot/install/nav2_core:/home/agx/cthree/slam/nav2fishbot/install/nav2_costmap_2d:/home/agx/cthree/slam/nav2fishbot/install/nav_2d_utils:/home/agx/cthree/slam/nav2fishbot/install/nav2_map_server:/home/agx/cthree/slam/nav2fishbot/install/nav2_lifecycle_manager:/home/agx/cthree/slam/nav2fishbot/install/nav2_util:/home/agx/cthree/slam/nav2fishbot/install/nav2_voxel_grid:/home/agx/cthree/slam/nav2fishbot/install/nav2_msgs:/home/agx/cthree/slam/nav2fishbot/install/dwb_msgs:/home/agx/cthree/slam/nav2fishbot/install/nav_2d_msgs:/home/agx/cthree/slam/nav2fishbot/install/nav2_common:/home/agx/cthree/slam/OVD-SLAM10/Examples/ros2/install/orbslam3:/home/agx/cthree/slam/cam_ws/install/realsense2_description:/home/agx/cthree/slam/cam_ws/install/realsense2_camera:/home/agx/cthree/slam/cam_ws/install/realsense2_camera_msgs:/opt/ros/humble LD_LIBRARY_PATH=/home/agx/cthree/slam/nav2fishbot/install/nav2_costmap_2d/lib:/home/agx/cthree/slam/nav2fishbot/install/nav_2d_utils/lib:/home/agx/cthree/slam/nav2fishbot/install/nav2_map_server/lib:/home/agx/cthree/slam/nav2fishbot/install/nav2_lifecycle_manager/lib:/home/agx/cthree/slam/nav2fishbot/install/nav2_util/lib:/home/agx/cthree/slam/nav2fishbot/install/nav2_voxel_grid/lib:/home/agx/cthree/slam/nav2fishbot/install/nav2_msgs/lib:/home/agx/cthree/slam/nav2fishbot/install/dwb_msgs/lib:/home/agx/cthree/slam/nav2fishbot/install/nav_2d_msgs/lib:/home/agx/cthree/slam/cam_ws/install/realsense2_camera/lib:/home/agx/cthree/slam/cam_ws/install/realsense2_camera_msgs/lib:/opt/ros/humble/opt/rviz_ogre_vendor/lib:/opt/ros/humble/lib/aarch64-linux-gnu:/opt/ros/humble/lib:/usr/local/lib PYTHONPATH=/home/agx/cthree/slam/nav2fishbot/install/nav2_msgs/local/lib/python3.10/dist-packages:/home/agx/cthree/slam/nav2fishbot/install/dwb_msgs/local/lib/python3.10/dist-packages:/home/agx/cthree/slam/nav2fishbot/install/nav_2d_msgs/local/lib/python3.10/dist-packages:/home/agx/cthree/slam/nav2fishbot/install/nav2_common/local/lib/python3.10/dist-packages:${PYTHONPATH} /usr/bin/cmake --build /home/agx/cthree/slam/nav2fishbot/build/dwb_core -- -j12 -l12
[15.388s] [  9%] [32mBuilding CXX object CMakeFiles/dwb_core.dir/src/publisher.cpp.o[0m
[15.388s] [ 18%] [32mBuilding CXX object CMakeFiles/dwb_core.dir/src/dwb_local_planner.cpp.o[0m
[15.388s] [ 27%] [32mBuilding CXX object gtest/CMakeFiles/gtest_main.dir/src/gtest_main.cc.o[0m
[15.388s] [ 36%] [32mBuilding CXX object gtest/CMakeFiles/gtest.dir/src/gtest-all.cc.o[0m
[15.388s] [ 45%] [32m[1mLinking CXX static library libgtest_main.a[0m
[15.388s] [ 45%] Built target gtest_main
[35.391s] [ 54%] [32m[1mLinking CXX static library libgtest.a[0m
[35.573s] [ 54%] Built target gtest
[45.295s] [ 63%] [32mBuilding CXX object CMakeFiles/dwb_core.dir/src/trajectory_utils.cpp.o[0m
[51.264s] [ 72%] [32mBuilding CXX object CMakeFiles/dwb_core.dir/src/illegal_trajectory_tracker.cpp.o[0m
[52.609s] [ 81%] [32m[1mLinking CXX shared library libdwb_core.so[0m
[53.166s] [ 81%] Built target dwb_core
[53.206s] [ 90%] [32mBuilding CXX object test/CMakeFiles/utils_test.dir/utils_test.cpp.o[0m
[60.757s] [100%] [32m[1mLinking CXX executable utils_test[0m
[61.202s] [100%] Built target utils_test
[61.227s] Invoked command in '/home/agx/cthree/slam/nav2fishbot/build/dwb_core' returned '0': AMENT_PREFIX_PATH=/home/agx/cthree/slam/nav2fishbot/install/nav2_core:/home/agx/cthree/slam/nav2fishbot/install/nav2_costmap_2d:/home/agx/cthree/slam/nav2fishbot/install/nav_2d_utils:/home/agx/cthree/slam/nav2fishbot/install/nav2_map_server:/home/agx/cthree/slam/nav2fishbot/install/nav2_lifecycle_manager:/home/agx/cthree/slam/nav2fishbot/install/nav2_util:/home/agx/cthree/slam/nav2fishbot/install/nav2_voxel_grid:/home/agx/cthree/slam/nav2fishbot/install/nav2_msgs:/home/agx/cthree/slam/nav2fishbot/install/dwb_msgs:/home/agx/cthree/slam/nav2fishbot/install/nav_2d_msgs:/home/agx/cthree/slam/nav2fishbot/install/nav2_common:${AMENT_PREFIX_PATH} CMAKE_PREFIX_PATH=/home/agx/cthree/slam/nav2fishbot/install/nav2_core:/home/agx/cthree/slam/nav2fishbot/install/nav2_costmap_2d:/home/agx/cthree/slam/nav2fishbot/install/nav_2d_utils:/home/agx/cthree/slam/nav2fishbot/install/nav2_map_server:/home/agx/cthree/slam/nav2fishbot/install/nav2_lifecycle_manager:/home/agx/cthree/slam/nav2fishbot/install/nav2_util:/home/agx/cthree/slam/nav2fishbot/install/nav2_voxel_grid:/home/agx/cthree/slam/nav2fishbot/install/nav2_msgs:/home/agx/cthree/slam/nav2fishbot/install/dwb_msgs:/home/agx/cthree/slam/nav2fishbot/install/nav_2d_msgs:/home/agx/cthree/slam/nav2fishbot/install/nav2_common:/home/agx/cthree/slam/OVD-SLAM10/Examples/ros2/install/orbslam3:/home/agx/cthree/slam/cam_ws/install/realsense2_description:/home/agx/cthree/slam/cam_ws/install/realsense2_camera:/home/agx/cthree/slam/cam_ws/install/realsense2_camera_msgs:/opt/ros/humble LD_LIBRARY_PATH=/home/agx/cthree/slam/nav2fishbot/install/nav2_costmap_2d/lib:/home/agx/cthree/slam/nav2fishbot/install/nav_2d_utils/lib:/home/agx/cthree/slam/nav2fishbot/install/nav2_map_server/lib:/home/agx/cthree/slam/nav2fishbot/install/nav2_lifecycle_manager/lib:/home/agx/cthree/slam/nav2fishbot/install/nav2_util/lib:/home/agx/cthree/slam/nav2fishbot/install/nav2_voxel_grid/lib:/home/agx/cthree/slam/nav2fishbot/install/nav2_msgs/lib:/home/agx/cthree/slam/nav2fishbot/install/dwb_msgs/lib:/home/agx/cthree/slam/nav2fishbot/install/nav_2d_msgs/lib:/home/agx/cthree/slam/cam_ws/install/realsense2_camera/lib:/home/agx/cthree/slam/cam_ws/install/realsense2_camera_msgs/lib:/opt/ros/humble/opt/rviz_ogre_vendor/lib:/opt/ros/humble/lib/aarch64-linux-gnu:/opt/ros/humble/lib:/usr/local/lib PYTHONPATH=/home/agx/cthree/slam/nav2fishbot/install/nav2_msgs/local/lib/python3.10/dist-packages:/home/agx/cthree/slam/nav2fishbot/install/dwb_msgs/local/lib/python3.10/dist-packages:/home/agx/cthree/slam/nav2fishbot/install/nav_2d_msgs/local/lib/python3.10/dist-packages:/home/agx/cthree/slam/nav2fishbot/install/nav2_common/local/lib/python3.10/dist-packages:${PYTHONPATH} /usr/bin/cmake --build /home/agx/cthree/slam/nav2fishbot/build/dwb_core -- -j12 -l12
[61.230s] Invoking command in '/home/agx/cthree/slam/nav2fishbot/build/dwb_core': AMENT_PREFIX_PATH=/home/agx/cthree/slam/nav2fishbot/install/nav2_core:/home/agx/cthree/slam/nav2fishbot/install/nav2_costmap_2d:/home/agx/cthree/slam/nav2fishbot/install/nav_2d_utils:/home/agx/cthree/slam/nav2fishbot/install/nav2_map_server:/home/agx/cthree/slam/nav2fishbot/install/nav2_lifecycle_manager:/home/agx/cthree/slam/nav2fishbot/install/nav2_util:/home/agx/cthree/slam/nav2fishbot/install/nav2_voxel_grid:/home/agx/cthree/slam/nav2fishbot/install/nav2_msgs:/home/agx/cthree/slam/nav2fishbot/install/dwb_msgs:/home/agx/cthree/slam/nav2fishbot/install/nav_2d_msgs:/home/agx/cthree/slam/nav2fishbot/install/nav2_common:${AMENT_PREFIX_PATH} CMAKE_PREFIX_PATH=/home/agx/cthree/slam/nav2fishbot/install/nav2_core:/home/agx/cthree/slam/nav2fishbot/install/nav2_costmap_2d:/home/agx/cthree/slam/nav2fishbot/install/nav_2d_utils:/home/agx/cthree/slam/nav2fishbot/install/nav2_map_server:/home/agx/cthree/slam/nav2fishbot/install/nav2_lifecycle_manager:/home/agx/cthree/slam/nav2fishbot/install/nav2_util:/home/agx/cthree/slam/nav2fishbot/install/nav2_voxel_grid:/home/agx/cthree/slam/nav2fishbot/install/nav2_msgs:/home/agx/cthree/slam/nav2fishbot/install/dwb_msgs:/home/agx/cthree/slam/nav2fishbot/install/nav_2d_msgs:/home/agx/cthree/slam/nav2fishbot/install/nav2_common:/home/agx/cthree/slam/OVD-SLAM10/Examples/ros2/install/orbslam3:/home/agx/cthree/slam/cam_ws/install/realsense2_description:/home/agx/cthree/slam/cam_ws/install/realsense2_camera:/home/agx/cthree/slam/cam_ws/install/realsense2_camera_msgs:/opt/ros/humble LD_LIBRARY_PATH=/home/agx/cthree/slam/nav2fishbot/install/nav2_costmap_2d/lib:/home/agx/cthree/slam/nav2fishbot/install/nav_2d_utils/lib:/home/agx/cthree/slam/nav2fishbot/install/nav2_map_server/lib:/home/agx/cthree/slam/nav2fishbot/install/nav2_lifecycle_manager/lib:/home/agx/cthree/slam/nav2fishbot/install/nav2_util/lib:/home/agx/cthree/slam/nav2fishbot/install/nav2_voxel_grid/lib:/home/agx/cthree/slam/nav2fishbot/install/nav2_msgs/lib:/home/agx/cthree/slam/nav2fishbot/install/dwb_msgs/lib:/home/agx/cthree/slam/nav2fishbot/install/nav_2d_msgs/lib:/home/agx/cthree/slam/cam_ws/install/realsense2_camera/lib:/home/agx/cthree/slam/cam_ws/install/realsense2_camera_msgs/lib:/opt/ros/humble/opt/rviz_ogre_vendor/lib:/opt/ros/humble/lib/aarch64-linux-gnu:/opt/ros/humble/lib:/usr/local/lib PYTHONPATH=/home/agx/cthree/slam/nav2fishbot/install/nav2_msgs/local/lib/python3.10/dist-packages:/home/agx/cthree/slam/nav2fishbot/install/dwb_msgs/local/lib/python3.10/dist-packages:/home/agx/cthree/slam/nav2fishbot/install/nav_2d_msgs/local/lib/python3.10/dist-packages:/home/agx/cthree/slam/nav2fishbot/install/nav2_common/local/lib/python3.10/dist-packages:${PYTHONPATH} /usr/bin/cmake --install /home/agx/cthree/slam/nav2fishbot/build/dwb_core
[74.509s] -- Install configuration: "Release"
[74.509s] -- Installing: /home/agx/cthree/slam/nav2fishbot/install/dwb_core/lib/libdwb_core.so
[74.510s] -- Set runtime path of "/home/agx/cthree/slam/nav2fishbot/install/dwb_core/lib/libdwb_core.so" to ""
[74.513s] -- Installing: /home/agx/cthree/slam/nav2fishbot/install/dwb_core/include/
[74.513s] -- Installing: /home/agx/cthree/slam/nav2fishbot/install/dwb_core/include//dwb_core
[74.513s] -- Installing: /home/agx/cthree/slam/nav2fishbot/install/dwb_core/include//dwb_core/trajectory_utils.hpp
[74.513s] -- Installing: /home/agx/cthree/slam/nav2fishbot/install/dwb_core/include//dwb_core/illegal_trajectory_tracker.hpp
[74.514s] -- Installing: /home/agx/cthree/slam/nav2fishbot/install/dwb_core/include//dwb_core/exceptions.hpp
[74.514s] -- Installing: /home/agx/cthree/slam/nav2fishbot/install/dwb_core/include//dwb_core/publisher.hpp
[74.514s] -- Installing: /home/agx/cthree/slam/nav2fishbot/install/dwb_core/include//dwb_core/trajectory_generator.hpp
[74.514s] -- Installing: /home/agx/cthree/slam/nav2fishbot/install/dwb_core/include//dwb_core/trajectory_critic.hpp
[74.514s] -- Installing: /home/agx/cthree/slam/nav2fishbot/install/dwb_core/include//dwb_core/dwb_local_planner.hpp
[74.515s] -- Installing: /home/agx/cthree/slam/nav2fishbot/install/dwb_core/share/dwb_core/environment/library_path.sh
[74.515s] -- Installing: /home/agx/cthree/slam/nav2fishbot/install/dwb_core/share/dwb_core/environment/library_path.dsv
[74.515s] -- Installing: /home/agx/cthree/slam/nav2fishbot/install/dwb_core/share/dwb_core/local_planner_plugin.xml
[74.515s] -- Installing: /home/agx/cthree/slam/nav2fishbot/install/dwb_core/share/ament_index/resource_index/package_run_dependencies/dwb_core
[74.515s] -- Installing: /home/agx/cthree/slam/nav2fishbot/install/dwb_core/share/ament_index/resource_index/parent_prefix_path/dwb_core
[74.516s] -- Installing: /home/agx/cthree/slam/nav2fishbot/install/dwb_core/share/dwb_core/environment/ament_prefix_path.sh
[74.516s] -- Installing: /home/agx/cthree/slam/nav2fishbot/install/dwb_core/share/dwb_core/environment/ament_prefix_path.dsv
[74.516s] -- Installing: /home/agx/cthree/slam/nav2fishbot/install/dwb_core/share/dwb_core/environment/path.sh
[74.516s] -- Installing: /home/agx/cthree/slam/nav2fishbot/install/dwb_core/share/dwb_core/environment/path.dsv
[74.516s] -- Installing: /home/agx/cthree/slam/nav2fishbot/install/dwb_core/share/dwb_core/local_setup.bash
[74.516s] -- Installing: /home/agx/cthree/slam/nav2fishbot/install/dwb_core/share/dwb_core/local_setup.sh
[74.516s] -- Installing: /home/agx/cthree/slam/nav2fishbot/install/dwb_core/share/dwb_core/local_setup.zsh
[74.517s] -- Installing: /home/agx/cthree/slam/nav2fishbot/install/dwb_core/share/dwb_core/local_setup.dsv
[74.517s] -- Installing: /home/agx/cthree/slam/nav2fishbot/install/dwb_core/share/dwb_core/package.dsv
[74.517s] -- Installing: /home/agx/cthree/slam/nav2fishbot/install/dwb_core/share/ament_index/resource_index/packages/dwb_core
[74.517s] -- Installing: /home/agx/cthree/slam/nav2fishbot/install/dwb_core/share/ament_index/resource_index/nav2_core__pluginlib__plugin/dwb_core
[74.517s] -- Installing: /home/agx/cthree/slam/nav2fishbot/install/dwb_core/share/dwb_core/cmake/ament_cmake_export_include_directories-extras.cmake
[74.518s] -- Installing: /home/agx/cthree/slam/nav2fishbot/install/dwb_core/share/dwb_core/cmake/ament_cmake_export_libraries-extras.cmake
[74.519s] -- Installing: /home/agx/cthree/slam/nav2fishbot/install/dwb_core/share/dwb_core/cmake/ament_cmake_export_dependencies-extras.cmake
[74.519s] -- Installing: /home/agx/cthree/slam/nav2fishbot/install/dwb_core/share/dwb_core/cmake/dwb_coreConfig.cmake
[74.519s] -- Installing: /home/agx/cthree/slam/nav2fishbot/install/dwb_core/share/dwb_core/cmake/dwb_coreConfig-version.cmake
[74.519s] -- Installing: /home/agx/cthree/slam/nav2fishbot/install/dwb_core/share/dwb_core/package.xml
[74.616s] Invoked command in '/home/agx/cthree/slam/nav2fishbot/build/dwb_core' returned '0': AMENT_PREFIX_PATH=/home/agx/cthree/slam/nav2fishbot/install/nav2_core:/home/agx/cthree/slam/nav2fishbot/install/nav2_costmap_2d:/home/agx/cthree/slam/nav2fishbot/install/nav_2d_utils:/home/agx/cthree/slam/nav2fishbot/install/nav2_map_server:/home/agx/cthree/slam/nav2fishbot/install/nav2_lifecycle_manager:/home/agx/cthree/slam/nav2fishbot/install/nav2_util:/home/agx/cthree/slam/nav2fishbot/install/nav2_voxel_grid:/home/agx/cthree/slam/nav2fishbot/install/nav2_msgs:/home/agx/cthree/slam/nav2fishbot/install/dwb_msgs:/home/agx/cthree/slam/nav2fishbot/install/nav_2d_msgs:/home/agx/cthree/slam/nav2fishbot/install/nav2_common:${AMENT_PREFIX_PATH} CMAKE_PREFIX_PATH=/home/agx/cthree/slam/nav2fishbot/install/nav2_core:/home/agx/cthree/slam/nav2fishbot/install/nav2_costmap_2d:/home/agx/cthree/slam/nav2fishbot/install/nav_2d_utils:/home/agx/cthree/slam/nav2fishbot/install/nav2_map_server:/home/agx/cthree/slam/nav2fishbot/install/nav2_lifecycle_manager:/home/agx/cthree/slam/nav2fishbot/install/nav2_util:/home/agx/cthree/slam/nav2fishbot/install/nav2_voxel_grid:/home/agx/cthree/slam/nav2fishbot/install/nav2_msgs:/home/agx/cthree/slam/nav2fishbot/install/dwb_msgs:/home/agx/cthree/slam/nav2fishbot/install/nav_2d_msgs:/home/agx/cthree/slam/nav2fishbot/install/nav2_common:/home/agx/cthree/slam/OVD-SLAM10/Examples/ros2/install/orbslam3:/home/agx/cthree/slam/cam_ws/install/realsense2_description:/home/agx/cthree/slam/cam_ws/install/realsense2_camera:/home/agx/cthree/slam/cam_ws/install/realsense2_camera_msgs:/opt/ros/humble LD_LIBRARY_PATH=/home/agx/cthree/slam/nav2fishbot/install/nav2_costmap_2d/lib:/home/agx/cthree/slam/nav2fishbot/install/nav_2d_utils/lib:/home/agx/cthree/slam/nav2fishbot/install/nav2_map_server/lib:/home/agx/cthree/slam/nav2fishbot/install/nav2_lifecycle_manager/lib:/home/agx/cthree/slam/nav2fishbot/install/nav2_util/lib:/home/agx/cthree/slam/nav2fishbot/install/nav2_voxel_grid/lib:/home/agx/cthree/slam/nav2fishbot/install/nav2_msgs/lib:/home/agx/cthree/slam/nav2fishbot/install/dwb_msgs/lib:/home/agx/cthree/slam/nav2fishbot/install/nav_2d_msgs/lib:/home/agx/cthree/slam/cam_ws/install/realsense2_camera/lib:/home/agx/cthree/slam/cam_ws/install/realsense2_camera_msgs/lib:/opt/ros/humble/opt/rviz_ogre_vendor/lib:/opt/ros/humble/lib/aarch64-linux-gnu:/opt/ros/humble/lib:/usr/local/lib PYTHONPATH=/home/agx/cthree/slam/nav2fishbot/install/nav2_msgs/local/lib/python3.10/dist-packages:/home/agx/cthree/slam/nav2fishbot/install/dwb_msgs/local/lib/python3.10/dist-packages:/home/agx/cthree/slam/nav2fishbot/install/nav_2d_msgs/local/lib/python3.10/dist-packages:/home/agx/cthree/slam/nav2fishbot/install/nav2_common/local/lib/python3.10/dist-packages:${PYTHONPATH} /usr/bin/cmake --install /home/agx/cthree/slam/nav2fishbot/build/dwb_core
