[0.022s] Invoking command in '/home/agx/cthree/slam/cam_ws/build/realsense2_description': AMENT_PREFIX_PATH=/home/agx/cthree/slam/cam_ws/install/realsense2_camera_msgs:${AMENT_PREFIX_PATH} CMAKE_PREFIX_PATH=/home/agx/cthree/slam/cam_ws/install/realsense2_camera_msgs:/opt/ros/humble LD_LIBRARY_PATH=/home/agx/cthree/slam/cam_ws/install/realsense2_camera_msgs/lib:${LD_LIBRARY_PATH} PYTHONPATH=/home/agx/cthree/slam/cam_ws/install/realsense2_camera_msgs/local/lib/python3.10/dist-packages:${PYTHONPATH} /usr/bin/cmake /home/agx/cthree/slam/cam_ws/src/realsense-ros/realsense2_description -DAMENT_CMAKE_SYMLINK_INSTALL=1 -DCMAKE_INSTALL_PREFIX=/home/agx/cthree/slam/cam_ws/install/realsense2_description
[0.101s] -- The C compiler identification is GNU 9.5.0
[0.196s] -- The CXX compiler identification is GNU 9.5.0
[0.218s] -- Detecting C compiler ABI info
[0.331s] -- Detecting C compiler ABI info - done
[0.354s] -- Check for working C compiler: /usr/bin/cc - skipped
[0.355s] -- Detecting C compile features
[0.356s] -- Detecting C compile features - done
[0.367s] -- Detecting CXX compiler ABI info
[0.496s] -- Detecting CXX compiler ABI info - done
[0.520s] -- Check for working CXX compiler: /usr/bin/c++ - skipped
[0.521s] -- Detecting CXX compile features
[0.522s] -- Detecting CXX compile features - done
[0.530s] -- Found ament_cmake: 1.3.12 (/opt/ros/humble/share/ament_cmake/cmake)
[0.834s] -- Found Python3: /usr/bin/python3 (found version "3.10.12") found components: Interpreter 
[0.939s] -- Override CMake install command with custom implementation using symlinks instead of copying resources
[1.147s] -- Configuring done
[1.153s] -- Generating done
[1.156s] -- Build files have been written to: /home/agx/cthree/slam/cam_ws/build/realsense2_description
[1.167s] Invoked command in '/home/agx/cthree/slam/cam_ws/build/realsense2_description' returned '0': AMENT_PREFIX_PATH=/home/agx/cthree/slam/cam_ws/install/realsense2_camera_msgs:${AMENT_PREFIX_PATH} CMAKE_PREFIX_PATH=/home/agx/cthree/slam/cam_ws/install/realsense2_camera_msgs:/opt/ros/humble LD_LIBRARY_PATH=/home/agx/cthree/slam/cam_ws/install/realsense2_camera_msgs/lib:${LD_LIBRARY_PATH} PYTHONPATH=/home/agx/cthree/slam/cam_ws/install/realsense2_camera_msgs/local/lib/python3.10/dist-packages:${PYTHONPATH} /usr/bin/cmake /home/agx/cthree/slam/cam_ws/src/realsense-ros/realsense2_description -DAMENT_CMAKE_SYMLINK_INSTALL=1 -DCMAKE_INSTALL_PREFIX=/home/agx/cthree/slam/cam_ws/install/realsense2_description
[1.170s] Invoking command in '/home/agx/cthree/slam/cam_ws/build/realsense2_description': AMENT_PREFIX_PATH=/home/agx/cthree/slam/cam_ws/install/realsense2_camera_msgs:${AMENT_PREFIX_PATH} CMAKE_PREFIX_PATH=/home/agx/cthree/slam/cam_ws/install/realsense2_camera_msgs:/opt/ros/humble LD_LIBRARY_PATH=/home/agx/cthree/slam/cam_ws/install/realsense2_camera_msgs/lib:${LD_LIBRARY_PATH} PYTHONPATH=/home/agx/cthree/slam/cam_ws/install/realsense2_camera_msgs/local/lib/python3.10/dist-packages:${PYTHONPATH} /usr/bin/cmake --build /home/agx/cthree/slam/cam_ws/build/realsense2_description -- -j12 -l12
[1.232s] Invoked command in '/home/agx/cthree/slam/cam_ws/build/realsense2_description' returned '0': AMENT_PREFIX_PATH=/home/agx/cthree/slam/cam_ws/install/realsense2_camera_msgs:${AMENT_PREFIX_PATH} CMAKE_PREFIX_PATH=/home/agx/cthree/slam/cam_ws/install/realsense2_camera_msgs:/opt/ros/humble LD_LIBRARY_PATH=/home/agx/cthree/slam/cam_ws/install/realsense2_camera_msgs/lib:${LD_LIBRARY_PATH} PYTHONPATH=/home/agx/cthree/slam/cam_ws/install/realsense2_camera_msgs/local/lib/python3.10/dist-packages:${PYTHONPATH} /usr/bin/cmake --build /home/agx/cthree/slam/cam_ws/build/realsense2_description -- -j12 -l12
[1.235s] Invoking command in '/home/agx/cthree/slam/cam_ws/build/realsense2_description': AMENT_PREFIX_PATH=/home/agx/cthree/slam/cam_ws/install/realsense2_camera_msgs:${AMENT_PREFIX_PATH} CMAKE_PREFIX_PATH=/home/agx/cthree/slam/cam_ws/install/realsense2_camera_msgs:/opt/ros/humble LD_LIBRARY_PATH=/home/agx/cthree/slam/cam_ws/install/realsense2_camera_msgs/lib:${LD_LIBRARY_PATH} PYTHONPATH=/home/agx/cthree/slam/cam_ws/install/realsense2_camera_msgs/local/lib/python3.10/dist-packages:${PYTHONPATH} /usr/bin/cmake --install /home/agx/cthree/slam/cam_ws/build/realsense2_description
[1.248s] -- Install configuration: ""
[1.249s] -- Execute custom install script
[1.250s] -- Symlinking: /home/agx/cthree/slam/cam_ws/install/realsense2_description/share/realsense2_description/launch/launch_utils.py
[1.265s] -- Symlinking: /home/agx/cthree/slam/cam_ws/install/realsense2_description/share/realsense2_description/launch/view_model.launch.py
[1.278s] -- Symlinking: /home/agx/cthree/slam/cam_ws/install/realsense2_description/share/realsense2_description/meshes/d415.stl
[1.292s] -- Symlinking: /home/agx/cthree/slam/cam_ws/install/realsense2_description/share/realsense2_description/meshes/d435.dae
[1.306s] -- Symlinking: /home/agx/cthree/slam/cam_ws/install/realsense2_description/share/realsense2_description/meshes/d455.stl
[1.319s] -- Symlinking: /home/agx/cthree/slam/cam_ws/install/realsense2_description/share/realsense2_description/meshes/l515.dae
[1.332s] -- Symlinking: /home/agx/cthree/slam/cam_ws/install/realsense2_description/share/realsense2_description/meshes/plug.stl
[1.346s] -- Symlinking: /home/agx/cthree/slam/cam_ws/install/realsense2_description/share/realsense2_description/meshes/plug_collision.stl
[1.363s] -- Symlinking: /home/agx/cthree/slam/cam_ws/install/realsense2_description/share/realsense2_description/rviz/urdf.rviz
[1.381s] -- Symlinking: /home/agx/cthree/slam/cam_ws/install/realsense2_description/share/realsense2_description/urdf/_d415.urdf.xacro
[1.396s] -- Symlinking: /home/agx/cthree/slam/cam_ws/install/realsense2_description/share/realsense2_description/urdf/_d435.urdf.xacro
[1.410s] -- Symlinking: /home/agx/cthree/slam/cam_ws/install/realsense2_description/share/realsense2_description/urdf/_d435i.urdf.xacro
[1.431s] -- Symlinking: /home/agx/cthree/slam/cam_ws/install/realsense2_description/share/realsense2_description/urdf/_d435i_imu_modules.urdf.xacro
[1.449s] -- Symlinking: /home/agx/cthree/slam/cam_ws/install/realsense2_description/share/realsense2_description/urdf/_d455.urdf.xacro
[1.462s] -- Symlinking: /home/agx/cthree/slam/cam_ws/install/realsense2_description/share/realsense2_description/urdf/_l515.urdf.xacro
[1.478s] -- Symlinking: /home/agx/cthree/slam/cam_ws/install/realsense2_description/share/realsense2_description/urdf/_materials.urdf.xacro
[1.499s] -- Symlinking: /home/agx/cthree/slam/cam_ws/install/realsense2_description/share/realsense2_description/urdf/_r410.urdf.xacro
[1.515s] -- Symlinking: /home/agx/cthree/slam/cam_ws/install/realsense2_description/share/realsense2_description/urdf/_r430.urdf.xacro
[1.530s] -- Symlinking: /home/agx/cthree/slam/cam_ws/install/realsense2_description/share/realsense2_description/urdf/_usb_plug.urdf.xacro
[1.551s] -- Symlinking: /home/agx/cthree/slam/cam_ws/install/realsense2_description/share/realsense2_description/urdf/test_d415_camera.urdf.xacro
[1.567s] -- Symlinking: /home/agx/cthree/slam/cam_ws/install/realsense2_description/share/realsense2_description/urdf/test_d435_camera.urdf.xacro
[1.582s] -- Symlinking: /home/agx/cthree/slam/cam_ws/install/realsense2_description/share/realsense2_description/urdf/test_d435_multiple_cameras.urdf.xacro
[1.603s] -- Symlinking: /home/agx/cthree/slam/cam_ws/install/realsense2_description/share/realsense2_description/urdf/test_d435i_camera.urdf.xacro
[1.620s] -- Symlinking: /home/agx/cthree/slam/cam_ws/install/realsense2_description/share/realsense2_description/urdf/test_d455_camera.urdf.xacro
[1.635s] -- Symlinking: /home/agx/cthree/slam/cam_ws/install/realsense2_description/share/realsense2_description/urdf/test_l515_camera.urdf.xacro
[1.657s] -- Symlinking: /home/agx/cthree/slam/cam_ws/install/realsense2_description/share/realsense2_description/urdf/test_r410_camera.urdf.xacro
[1.674s] -- Symlinking: /home/agx/cthree/slam/cam_ws/install/realsense2_description/share/realsense2_description/urdf/test_r430_camera.urdf.xacro
[1.697s] -- Symlinking: /home/agx/cthree/slam/cam_ws/install/realsense2_description/share/ament_index/resource_index/package_run_dependencies/realsense2_description
[1.713s] -- Symlinking: /home/agx/cthree/slam/cam_ws/install/realsense2_description/share/ament_index/resource_index/parent_prefix_path/realsense2_description
[1.729s] -- Symlinking: /home/agx/cthree/slam/cam_ws/install/realsense2_description/share/realsense2_description/environment/ament_prefix_path.sh
[1.745s] -- Symlinking: /home/agx/cthree/slam/cam_ws/install/realsense2_description/share/realsense2_description/environment/ament_prefix_path.dsv
[1.759s] -- Symlinking: /home/agx/cthree/slam/cam_ws/install/realsense2_description/share/realsense2_description/environment/path.sh
[1.774s] -- Symlinking: /home/agx/cthree/slam/cam_ws/install/realsense2_description/share/realsense2_description/environment/path.dsv
[1.789s] -- Symlinking: /home/agx/cthree/slam/cam_ws/install/realsense2_description/share/realsense2_description/local_setup.bash
[1.804s] -- Symlinking: /home/agx/cthree/slam/cam_ws/install/realsense2_description/share/realsense2_description/local_setup.sh
[1.819s] -- Symlinking: /home/agx/cthree/slam/cam_ws/install/realsense2_description/share/realsense2_description/local_setup.zsh
[1.842s] -- Symlinking: /home/agx/cthree/slam/cam_ws/install/realsense2_description/share/realsense2_description/local_setup.dsv
[1.856s] -- Symlinking: /home/agx/cthree/slam/cam_ws/install/realsense2_description/share/realsense2_description/package.dsv
[1.871s] -- Symlinking: /home/agx/cthree/slam/cam_ws/install/realsense2_description/share/ament_index/resource_index/packages/realsense2_description
[1.892s] -- Symlinking: /home/agx/cthree/slam/cam_ws/install/realsense2_description/share/realsense2_description/cmake/realsense2_descriptionConfig.cmake
[1.908s] -- Symlinking: /home/agx/cthree/slam/cam_ws/install/realsense2_description/share/realsense2_description/cmake/realsense2_descriptionConfig-version.cmake
[1.923s] -- Symlinking: /home/agx/cthree/slam/cam_ws/install/realsense2_description/share/realsense2_description/package.xml
[1.942s] Invoked command in '/home/agx/cthree/slam/cam_ws/build/realsense2_description' returned '0': AMENT_PREFIX_PATH=/home/agx/cthree/slam/cam_ws/install/realsense2_camera_msgs:${AMENT_PREFIX_PATH} CMAKE_PREFIX_PATH=/home/agx/cthree/slam/cam_ws/install/realsense2_camera_msgs:/opt/ros/humble LD_LIBRARY_PATH=/home/agx/cthree/slam/cam_ws/install/realsense2_camera_msgs/lib:${LD_LIBRARY_PATH} PYTHONPATH=/home/agx/cthree/slam/cam_ws/install/realsense2_camera_msgs/local/lib/python3.10/dist-packages:${PYTHONPATH} /usr/bin/cmake --install /home/agx/cthree/slam/cam_ws/build/realsense2_description
