[0.022s] Invoking command in '/home/agx/cthree/slam/nav2fishbot/build/fishbot_cartographer': AMENT_PREFIX_PATH=/home/agx/cthree/slam/nav2fishbot/install/cartographer_ros:/home/agx/cthree/slam/nav2fishbot/install/cartographer_ros_msgs:${AMENT_PREFIX_PATH} CMAKE_PREFIX_PATH=/home/agx/cthree/slam/nav2fishbot/install/cartographer_ros:/home/agx/cthree/slam/nav2fishbot/install/cartographer_ros_msgs:/home/agx/cthree/slam/nav2fishbot/install/cartographer:/home/agx/cthree/slam/OVD-SLAM10/Examples/ros2/install/orbslam3:/home/agx/cthree/slam/cam_ws/install/realsense2_description:/home/agx/cthree/slam/cam_ws/install/realsense2_camera:/home/agx/cthree/slam/cam_ws/install/realsense2_camera_msgs:/opt/ros/humble LD_LIBRARY_PATH=/home/agx/cthree/slam/nav2fishbot/install/cartographer_ros/lib:/home/agx/cthree/slam/nav2fishbot/install/cartographer_ros_msgs/lib:/home/agx/cthree/slam/cam_ws/install/realsense2_camera/lib:/home/agx/cthree/slam/cam_ws/install/realsense2_camera_msgs/lib:/opt/ros/humble/opt/rviz_ogre_vendor/lib:/opt/ros/humble/lib/aarch64-linux-gnu:/opt/ros/humble/lib:/usr/local/lib PATH=/home/agx/cthree/slam/nav2fishbot/install/cartographer/bin:${PATH} PKG_CONFIG_PATH=/home/agx/cthree/slam/nav2fishbot/install/cartographer/lib/aarch64-linux-gnu/pkgconfig:/home/agx/cthree/slam/nav2fishbot/install/cartographer/lib/pkgconfig PYTHONPATH=/home/agx/cthree/slam/nav2fishbot/install/cartographer_ros_msgs/local/lib/python3.10/dist-packages:${PYTHONPATH} /usr/bin/cmake /home/agx/cthree/slam/nav2fishbot/src/fishbot/src/fishbot_cartographer -DCMAKE_INSTALL_PREFIX=/home/agx/cthree/slam/nav2fishbot/install/fishbot_cartographer
[0.099s] -- The C compiler identification is GNU 9.5.0
[0.184s] -- The CXX compiler identification is GNU 9.5.0
[0.198s] -- Detecting C compiler ABI info
[0.317s] -- Detecting C compiler ABI info - done
[0.336s] -- Check for working C compiler: /usr/bin/cc - skipped
[0.336s] -- Detecting C compile features
[0.336s] -- Detecting C compile features - done
[0.341s] -- Detecting CXX compiler ABI info
[0.455s] -- Detecting CXX compiler ABI info - done
[0.479s] -- Check for working CXX compiler: /usr/bin/c++ - skipped
[0.480s] -- Detecting CXX compile features
[0.482s] -- Detecting CXX compile features - done
[0.492s] -- Found ament_cmake: 1.3.12 (/opt/ros/humble/share/ament_cmake/cmake)
[0.779s] -- Found Python3: /usr/bin/python3 (found version "3.10.12") found components: Interpreter 
[0.970s] -- Found ament_lint_auto: 0.12.14 (/opt/ros/humble/share/ament_lint_auto/cmake)
[1.162s] -- Added test 'copyright' to check source files copyright and LICENSE
[1.166s] -- Added test 'flake8' to check Python code syntax and style conventions
[1.167s] -- Added test 'lint_cmake' to check CMake code style
[1.168s] -- Added test 'pep257' to check Python code against some of the docstring style conventions in PEP 257
[1.171s] -- Added test 'xmllint' to check XML markup files
[1.173s] -- Configuring done
[1.179s] -- Generating done
[1.182s] -- Build files have been written to: /home/agx/cthree/slam/nav2fishbot/build/fishbot_cartographer
[1.190s] Invoked command in '/home/agx/cthree/slam/nav2fishbot/build/fishbot_cartographer' returned '0': AMENT_PREFIX_PATH=/home/agx/cthree/slam/nav2fishbot/install/cartographer_ros:/home/agx/cthree/slam/nav2fishbot/install/cartographer_ros_msgs:${AMENT_PREFIX_PATH} CMAKE_PREFIX_PATH=/home/agx/cthree/slam/nav2fishbot/install/cartographer_ros:/home/agx/cthree/slam/nav2fishbot/install/cartographer_ros_msgs:/home/agx/cthree/slam/nav2fishbot/install/cartographer:/home/agx/cthree/slam/OVD-SLAM10/Examples/ros2/install/orbslam3:/home/agx/cthree/slam/cam_ws/install/realsense2_description:/home/agx/cthree/slam/cam_ws/install/realsense2_camera:/home/agx/cthree/slam/cam_ws/install/realsense2_camera_msgs:/opt/ros/humble LD_LIBRARY_PATH=/home/agx/cthree/slam/nav2fishbot/install/cartographer_ros/lib:/home/agx/cthree/slam/nav2fishbot/install/cartographer_ros_msgs/lib:/home/agx/cthree/slam/cam_ws/install/realsense2_camera/lib:/home/agx/cthree/slam/cam_ws/install/realsense2_camera_msgs/lib:/opt/ros/humble/opt/rviz_ogre_vendor/lib:/opt/ros/humble/lib/aarch64-linux-gnu:/opt/ros/humble/lib:/usr/local/lib PATH=/home/agx/cthree/slam/nav2fishbot/install/cartographer/bin:${PATH} PKG_CONFIG_PATH=/home/agx/cthree/slam/nav2fishbot/install/cartographer/lib/aarch64-linux-gnu/pkgconfig:/home/agx/cthree/slam/nav2fishbot/install/cartographer/lib/pkgconfig PYTHONPATH=/home/agx/cthree/slam/nav2fishbot/install/cartographer_ros_msgs/local/lib/python3.10/dist-packages:${PYTHONPATH} /usr/bin/cmake /home/agx/cthree/slam/nav2fishbot/src/fishbot/src/fishbot_cartographer -DCMAKE_INSTALL_PREFIX=/home/agx/cthree/slam/nav2fishbot/install/fishbot_cartographer
[1.192s] Invoking command in '/home/agx/cthree/slam/nav2fishbot/build/fishbot_cartographer': AMENT_PREFIX_PATH=/home/agx/cthree/slam/nav2fishbot/install/cartographer_ros:/home/agx/cthree/slam/nav2fishbot/install/cartographer_ros_msgs:${AMENT_PREFIX_PATH} CMAKE_PREFIX_PATH=/home/agx/cthree/slam/nav2fishbot/install/cartographer_ros:/home/agx/cthree/slam/nav2fishbot/install/cartographer_ros_msgs:/home/agx/cthree/slam/nav2fishbot/install/cartographer:/home/agx/cthree/slam/OVD-SLAM10/Examples/ros2/install/orbslam3:/home/agx/cthree/slam/cam_ws/install/realsense2_description:/home/agx/cthree/slam/cam_ws/install/realsense2_camera:/home/agx/cthree/slam/cam_ws/install/realsense2_camera_msgs:/opt/ros/humble LD_LIBRARY_PATH=/home/agx/cthree/slam/nav2fishbot/install/cartographer_ros/lib:/home/agx/cthree/slam/nav2fishbot/install/cartographer_ros_msgs/lib:/home/agx/cthree/slam/cam_ws/install/realsense2_camera/lib:/home/agx/cthree/slam/cam_ws/install/realsense2_camera_msgs/lib:/opt/ros/humble/opt/rviz_ogre_vendor/lib:/opt/ros/humble/lib/aarch64-linux-gnu:/opt/ros/humble/lib:/usr/local/lib PATH=/home/agx/cthree/slam/nav2fishbot/install/cartographer/bin:${PATH} PKG_CONFIG_PATH=/home/agx/cthree/slam/nav2fishbot/install/cartographer/lib/aarch64-linux-gnu/pkgconfig:/home/agx/cthree/slam/nav2fishbot/install/cartographer/lib/pkgconfig PYTHONPATH=/home/agx/cthree/slam/nav2fishbot/install/cartographer_ros_msgs/local/lib/python3.10/dist-packages:${PYTHONPATH} /usr/bin/cmake --build /home/agx/cthree/slam/nav2fishbot/build/fishbot_cartographer -- -j12 -l12
[1.255s] Invoked command in '/home/agx/cthree/slam/nav2fishbot/build/fishbot_cartographer' returned '0': AMENT_PREFIX_PATH=/home/agx/cthree/slam/nav2fishbot/install/cartographer_ros:/home/agx/cthree/slam/nav2fishbot/install/cartographer_ros_msgs:${AMENT_PREFIX_PATH} CMAKE_PREFIX_PATH=/home/agx/cthree/slam/nav2fishbot/install/cartographer_ros:/home/agx/cthree/slam/nav2fishbot/install/cartographer_ros_msgs:/home/agx/cthree/slam/nav2fishbot/install/cartographer:/home/agx/cthree/slam/OVD-SLAM10/Examples/ros2/install/orbslam3:/home/agx/cthree/slam/cam_ws/install/realsense2_description:/home/agx/cthree/slam/cam_ws/install/realsense2_camera:/home/agx/cthree/slam/cam_ws/install/realsense2_camera_msgs:/opt/ros/humble LD_LIBRARY_PATH=/home/agx/cthree/slam/nav2fishbot/install/cartographer_ros/lib:/home/agx/cthree/slam/nav2fishbot/install/cartographer_ros_msgs/lib:/home/agx/cthree/slam/cam_ws/install/realsense2_camera/lib:/home/agx/cthree/slam/cam_ws/install/realsense2_camera_msgs/lib:/opt/ros/humble/opt/rviz_ogre_vendor/lib:/opt/ros/humble/lib/aarch64-linux-gnu:/opt/ros/humble/lib:/usr/local/lib PATH=/home/agx/cthree/slam/nav2fishbot/install/cartographer/bin:${PATH} PKG_CONFIG_PATH=/home/agx/cthree/slam/nav2fishbot/install/cartographer/lib/aarch64-linux-gnu/pkgconfig:/home/agx/cthree/slam/nav2fishbot/install/cartographer/lib/pkgconfig PYTHONPATH=/home/agx/cthree/slam/nav2fishbot/install/cartographer_ros_msgs/local/lib/python3.10/dist-packages:${PYTHONPATH} /usr/bin/cmake --build /home/agx/cthree/slam/nav2fishbot/build/fishbot_cartographer -- -j12 -l12
[1.258s] Invoking command in '/home/agx/cthree/slam/nav2fishbot/build/fishbot_cartographer': AMENT_PREFIX_PATH=/home/agx/cthree/slam/nav2fishbot/install/cartographer_ros:/home/agx/cthree/slam/nav2fishbot/install/cartographer_ros_msgs:${AMENT_PREFIX_PATH} CMAKE_PREFIX_PATH=/home/agx/cthree/slam/nav2fishbot/install/cartographer_ros:/home/agx/cthree/slam/nav2fishbot/install/cartographer_ros_msgs:/home/agx/cthree/slam/nav2fishbot/install/cartographer:/home/agx/cthree/slam/OVD-SLAM10/Examples/ros2/install/orbslam3:/home/agx/cthree/slam/cam_ws/install/realsense2_description:/home/agx/cthree/slam/cam_ws/install/realsense2_camera:/home/agx/cthree/slam/cam_ws/install/realsense2_camera_msgs:/opt/ros/humble LD_LIBRARY_PATH=/home/agx/cthree/slam/nav2fishbot/install/cartographer_ros/lib:/home/agx/cthree/slam/nav2fishbot/install/cartographer_ros_msgs/lib:/home/agx/cthree/slam/cam_ws/install/realsense2_camera/lib:/home/agx/cthree/slam/cam_ws/install/realsense2_camera_msgs/lib:/opt/ros/humble/opt/rviz_ogre_vendor/lib:/opt/ros/humble/lib/aarch64-linux-gnu:/opt/ros/humble/lib:/usr/local/lib PATH=/home/agx/cthree/slam/nav2fishbot/install/cartographer/bin:${PATH} PKG_CONFIG_PATH=/home/agx/cthree/slam/nav2fishbot/install/cartographer/lib/aarch64-linux-gnu/pkgconfig:/home/agx/cthree/slam/nav2fishbot/install/cartographer/lib/pkgconfig PYTHONPATH=/home/agx/cthree/slam/nav2fishbot/install/cartographer_ros_msgs/local/lib/python3.10/dist-packages:${PYTHONPATH} /usr/bin/cmake --install /home/agx/cthree/slam/nav2fishbot/build/fishbot_cartographer
[1.272s] -- Install configuration: ""
[1.272s] -- Installing: /home/agx/cthree/slam/nav2fishbot/install/fishbot_cartographer/share/fishbot_cartographer/config
[1.272s] -- Installing: /home/agx/cthree/slam/nav2fishbot/install/fishbot_cartographer/share/fishbot_cartographer/config/cartographer.rviz
[1.272s] -- Installing: /home/agx/cthree/slam/nav2fishbot/install/fishbot_cartographer/share/fishbot_cartographer/config/fishbot_2d.lua
[1.272s] -- Installing: /home/agx/cthree/slam/nav2fishbot/install/fishbot_cartographer/share/fishbot_cartographer/config/fishbot_laser_2d.lua
[1.272s] -- Installing: /home/agx/cthree/slam/nav2fishbot/install/fishbot_cartographer/share/fishbot_cartographer/launch
[1.272s] -- Installing: /home/agx/cthree/slam/nav2fishbot/install/fishbot_cartographer/share/fishbot_cartographer/launch/cartographer.launch.py
[1.273s] -- Installing: /home/agx/cthree/slam/nav2fishbot/install/fishbot_cartographer/share/fishbot_cartographer/rviz
[1.273s] -- Installing: /home/agx/cthree/slam/nav2fishbot/install/fishbot_cartographer/share/fishbot_cartographer/rviz/fishbot_cartographer.rviz
[1.273s] -- Installing: /home/agx/cthree/slam/nav2fishbot/install/fishbot_cartographer/share/ament_index/resource_index/package_run_dependencies/fishbot_cartographer
[1.273s] -- Installing: /home/agx/cthree/slam/nav2fishbot/install/fishbot_cartographer/share/ament_index/resource_index/parent_prefix_path/fishbot_cartographer
[1.274s] -- Installing: /home/agx/cthree/slam/nav2fishbot/install/fishbot_cartographer/share/fishbot_cartographer/environment/ament_prefix_path.sh
[1.274s] -- Installing: /home/agx/cthree/slam/nav2fishbot/install/fishbot_cartographer/share/fishbot_cartographer/environment/ament_prefix_path.dsv
[1.274s] -- Installing: /home/agx/cthree/slam/nav2fishbot/install/fishbot_cartographer/share/fishbot_cartographer/environment/path.sh
[1.275s] -- Installing: /home/agx/cthree/slam/nav2fishbot/install/fishbot_cartographer/share/fishbot_cartographer/environment/path.dsv
[1.275s] -- Installing: /home/agx/cthree/slam/nav2fishbot/install/fishbot_cartographer/share/fishbot_cartographer/local_setup.bash
[1.275s] -- Installing: /home/agx/cthree/slam/nav2fishbot/install/fishbot_cartographer/share/fishbot_cartographer/local_setup.sh
[1.275s] -- Installing: /home/agx/cthree/slam/nav2fishbot/install/fishbot_cartographer/share/fishbot_cartographer/local_setup.zsh
[1.275s] -- Installing: /home/agx/cthree/slam/nav2fishbot/install/fishbot_cartographer/share/fishbot_cartographer/local_setup.dsv
[1.276s] -- Installing: /home/agx/cthree/slam/nav2fishbot/install/fishbot_cartographer/share/fishbot_cartographer/package.dsv
[1.276s] -- Installing: /home/agx/cthree/slam/nav2fishbot/install/fishbot_cartographer/share/ament_index/resource_index/packages/fishbot_cartographer
[1.276s] -- Installing: /home/agx/cthree/slam/nav2fishbot/install/fishbot_cartographer/share/fishbot_cartographer/cmake/fishbot_cartographerConfig.cmake
[1.277s] -- Installing: /home/agx/cthree/slam/nav2fishbot/install/fishbot_cartographer/share/fishbot_cartographer/cmake/fishbot_cartographerConfig-version.cmake
[1.277s] -- Installing: /home/agx/cthree/slam/nav2fishbot/install/fishbot_cartographer/share/fishbot_cartographer/package.xml
[1.281s] Invoked command in '/home/agx/cthree/slam/nav2fishbot/build/fishbot_cartographer' returned '0': AMENT_PREFIX_PATH=/home/agx/cthree/slam/nav2fishbot/install/cartographer_ros:/home/agx/cthree/slam/nav2fishbot/install/cartographer_ros_msgs:${AMENT_PREFIX_PATH} CMAKE_PREFIX_PATH=/home/agx/cthree/slam/nav2fishbot/install/cartographer_ros:/home/agx/cthree/slam/nav2fishbot/install/cartographer_ros_msgs:/home/agx/cthree/slam/nav2fishbot/install/cartographer:/home/agx/cthree/slam/OVD-SLAM10/Examples/ros2/install/orbslam3:/home/agx/cthree/slam/cam_ws/install/realsense2_description:/home/agx/cthree/slam/cam_ws/install/realsense2_camera:/home/agx/cthree/slam/cam_ws/install/realsense2_camera_msgs:/opt/ros/humble LD_LIBRARY_PATH=/home/agx/cthree/slam/nav2fishbot/install/cartographer_ros/lib:/home/agx/cthree/slam/nav2fishbot/install/cartographer_ros_msgs/lib:/home/agx/cthree/slam/cam_ws/install/realsense2_camera/lib:/home/agx/cthree/slam/cam_ws/install/realsense2_camera_msgs/lib:/opt/ros/humble/opt/rviz_ogre_vendor/lib:/opt/ros/humble/lib/aarch64-linux-gnu:/opt/ros/humble/lib:/usr/local/lib PATH=/home/agx/cthree/slam/nav2fishbot/install/cartographer/bin:${PATH} PKG_CONFIG_PATH=/home/agx/cthree/slam/nav2fishbot/install/cartographer/lib/aarch64-linux-gnu/pkgconfig:/home/agx/cthree/slam/nav2fishbot/install/cartographer/lib/pkgconfig PYTHONPATH=/home/agx/cthree/slam/nav2fishbot/install/cartographer_ros_msgs/local/lib/python3.10/dist-packages:${PYTHONPATH} /usr/bin/cmake --install /home/agx/cthree/slam/nav2fishbot/build/fishbot_cartographer
